#
# There is insufficient memory for the Java Runtime Environment to continue.
# Native memory allocation (malloc) failed to allocate 156762112 bytes for committing reserved memory.
# Possible reasons:
#   The system is out of physical RAM or swap space
#   In 32 bit mode, the process size limit was hit
# Possible solutions:
#   Reduce memory load on the system
#   Increase physical memory or swap space
#   Check if swap backing store is full
#   Use 64 bit Java on a 64 bit OS
#   Decrease Java heap size (-Xmx/-Xms)
#   Decrease number of Java threads
#   Decrease Java thread stack sizes (-Xss)
#   Set larger code cache with -XX:ReservedCodeCacheSize=
# This output file may be truncated or incomplete.
#
#  Out of Memory Error (os_linux.cpp:2827), pid=9055, tid=139842862774016
#
# JRE version: OpenJDK Runtime Environment (7.0_91-b02) (build 1.7.0_91-b02)
# Java VM: OpenJDK 64-Bit Server VM (24.91-b01 mixed mode linux-amd64 compressed oops)
# Derivative: IcedTea 2.6.3
# Distribution: Ubuntu 14.04 LTS, package 7u91-2.6.3-0ubuntu0.14.04.1
# Failed to write core dump. Core dumps have been disabled. To enable core dumping, try "ulimit -c unlimited" before starting Java again
#

---------------  T H R E A D  ---------------

Current thread (0x00007f2fb8081000):  VMThread [stack: 0x00007f2fb418f000,0x00007f2fb4290000] [id=9069]

Stack: [0x00007f2fb418f000,0x00007f2fb4290000],  sp=0x00007f2fb428e490,  free space=1021k
Native frames: (J=compiled Java code, j=interpreted, Vv=VM code, C=native code)
V  [libjvm.so+0x953e15]  VMError::report_and_die()+0x175
V  [libjvm.so+0x48fd94]  report_vm_out_of_memory(char const*, int, unsigned long, char const*)+0x74
V  [libjvm.so+0x7cf87b]  os::pd_commit_memory(char*, unsigned long, unsigned long, bool)+0xeb
V  [libjvm.so+0x7ca33f]  os::commit_memory(char*, unsigned long, unsigned long, bool)+0x1f
V  [libjvm.so+0x83dacb]  PSVirtualSpace::expand_by(unsigned long)+0x5b
V  [libjvm.so+0x83e930]  PSYoungGen::resize_generation(unsigned long, unsigned long)+0xb0
V  [libjvm.so+0x83f01b]  PSYoungGen::resize(unsigned long, unsigned long)+0x1b
V  [libjvm.so+0x83b258]  PSScavenge::invoke_no_policy()+0xd68
V  [libjvm.so+0x83bac8]  PSScavenge::invoke()+0x38
V  [libjvm.so+0x7f2083]  ParallelScavengeHeap::failed_mem_allocate(unsigned long)+0x63
V  [libjvm.so+0x955814]  VM_ParallelGCFailedAllocation::doit()+0x84
V  [libjvm.so+0x959917]  VM_Operation::evaluate()+0x47
V  [libjvm.so+0x9583d8]  VMThread::evaluate_operation(VM_Operation*)+0x318
V  [libjvm.so+0x958839]  VMThread::loop()+0x219
V  [libjvm.so+0x958c82]  VMThread::run()+0x72
V  [libjvm.so+0x7cc742]  java_start(Thread*)+0xf2

VM_Operation (0x00007f2fc14f3250): ParallelGCFailedAllocation, mode: safepoint, requested by thread 0x00007f2fb800d000


---------------  P R O C E S S  ---------------

Java Threads: ( => current thread )
  0x00007f2fb80ba000 JavaThread "Service Thread" daemon [_thread_blocked, id=9075, stack(0x00007f2fa12fd000,0x00007f2fa13fe000)]
  0x00007f2fb80b8000 JavaThread "C2 CompilerThread1" daemon [_thread_blocked, id=9074, stack(0x00007f2fa13fe000,0x00007f2fa14ff000)]
  0x00007f2fb80b5000 JavaThread "C2 CompilerThread0" daemon [_thread_blocked, id=9073, stack(0x00007f2fa14ff000,0x00007f2fa1600000)]
  0x00007f2fb80b3000 JavaThread "Signal Dispatcher" daemon [_thread_blocked, id=9072, stack(0x00007f2fa1600000,0x00007f2fa1701000)]
  0x00007f2fb8087800 JavaThread "Finalizer" daemon [_thread_blocked, id=9071, stack(0x00007f2fa19cf000,0x00007f2fa1ad0000)]
  0x00007f2fb8085800 JavaThread "Reference Handler" daemon [_thread_blocked, id=9070, stack(0x00007f2fb408e000,0x00007f2fb418f000)]
  0x00007f2fb800d000 JavaThread "main" [_thread_blocked, id=9060, stack(0x00007f2fc13f4000,0x00007f2fc14f5000)]

Other Threads:
=>0x00007f2fb8081000 VMThread [stack: 0x00007f2fb418f000,0x00007f2fb4290000] [id=9069]
  0x00007f2fb80c4800 WatcherThread [stack: 0x00007f2fa11fc000,0x00007f2fa12fd000] [id=9076]

VM state:at safepoint (normal execution)

VM Mutex/Monitor currently owned by a thread:  ([mutex/lock_event])
[0x00007f2fb8009510] Threads_lock - owner thread: 0x00007f2fb8081000
[0x00007f2fb8009a10] Heap_lock - owner thread: 0x00007f2fb800d000

Heap
 PSYoungGen      total 66048K, used 2557K [0x00000000eaa80000, 0x00000000eed80000, 0x0000000100000000)
  eden space 63488K, 0% used [0x00000000eaa80000,0x00000000eaa80000,0x00000000ee880000)
  from space 2560K, 99% used [0x00000000ee880000,0x00000000eeaff490,0x00000000eeb00000)
  to   space 2560K, 0% used [0x00000000eeb00000,0x00000000eeb00000,0x00000000eed80000)
 ParOldGen       total 114176K, used 29409K [0x00000000c0000000, 0x00000000c6f80000, 0x00000000eaa80000)
  object space 114176K, 25% used [0x00000000c0000000,0x00000000c1cb8468,0x00000000c6f80000)
 PSPermGen       total 21504K, used 7103K [0x00000000b5a00000, 0x00000000b6f00000, 0x00000000c0000000)
  object space 21504K, 33% used [0x00000000b5a00000,0x00000000b60efe48,0x00000000b6f00000)

Card table byte_map: [0x00007f2fbdddf000,0x00007f2fbe033000] byte_map_base: 0x00007f2fbd832000

Polling page: 0x00007f2fc151c000

Code Cache  [0x00007f2fb5000000, 0x00007f2fb5270000, 0x00007f2fb8000000)
 total_blobs=965 nmethods=721 adapters=197 free_code_cache=47201Kb largest_free_block=48287232

Compilation events (10 events):
Event: 3,178 Thread 0x00007f2fb80b8000 nmethod 727 0x00007f2fb51e6c90 code [0x00007f2fb51e6dc0, 0x00007f2fb51e6e18]
Event: 3,188 Thread 0x00007f2fb80b8000  728             com.android.dx.io.instructions.TwoRegisterDecodedInstruction::getRegisterCount (2 bytes)
Event: 3,188 Thread 0x00007f2fb80b8000 nmethod 728 0x00007f2fb51e6a90 code [0x00007f2fb51e6bc0, 0x00007f2fb51e6c18]
Event: 3,194 Thread 0x00007f2fb80b8000  729             com.android.dx.io.instructions.ZeroRegisterDecodedInstruction::<init> (14 bytes)
Event: 3,196 Thread 0x00007f2fb80b8000 nmethod 729 0x00007f2fb51ea290 code [0x00007f2fb51ea3e0, 0x00007f2fb51ea578]
Event: 3,204 Thread 0x00007f2fb80b8000  730             com.android.dex.Dex::readCode (28 bytes)
Event: 3,235 Thread 0x00007f2fb80b8000 nmethod 730 0x00007f2fb51eea90 code [0x00007f2fb51eed00, 0x00007f2fb51efa10]
Event: 3,235 Thread 0x00007f2fb80b8000  731             com.android.dex.Dex$Section::access$900 (5 bytes)
Event: 3,266 Thread 0x00007f2fb80b8000 nmethod 731 0x00007f2fb51f1010 code [0x00007f2fb51f1260, 0x00007f2fb51f1f20]
Event: 3,266 Thread 0x00007f2fb80b8000  732             com.android.dex.Dex$Section::readCode (136 bytes)

GC Heap History (10 events):
Event: 0,583 GC heap after
Heap after GC invocations=1 (full 0):
 PSYoungGen      total 18432K, used 2533K [0x00000000eaa80000, 0x00000000ece80000, 0x0000000100000000)
  eden space 15872K, 0% used [0x00000000eaa80000,0x00000000eaa80000,0x00000000eba00000)
  from space 2560K, 98% used [0x00000000eba00000,0x00000000ebc79538,0x00000000ebc80000)
  to   space 2560K, 0% used [0x00000000ecc00000,0x00000000ecc00000,0x00000000ece80000)
 ParOldGen       total 41984K, used 1935K [0x00000000c0000000, 0x00000000c2900000, 0x00000000eaa80000)
  object space 41984K, 4% used [0x00000000c0000000,0x00000000c01e3d38,0x00000000c2900000)
 PSPermGen       total 21504K, used 5364K [0x00000000b5a00000, 0x00000000b6f00000, 0x00000000c0000000)
  object space 21504K, 24% used [0x00000000b5a00000,0x00000000b5f3d078,0x00000000b6f00000)
}
Event: 0,787 GC heap before
{Heap before GC invocations=2 (full 0):
 PSYoungGen      total 18432K, used 18405K [0x00000000eaa80000, 0x00000000ece80000, 0x0000000100000000)
  eden space 15872K, 100% used [0x00000000eaa80000,0x00000000eba00000,0x00000000eba00000)
  from space 2560K, 98% used [0x00000000eba00000,0x00000000ebc79538,0x00000000ebc80000)
  to   space 2560K, 0% used [0x00000000ecc00000,0x00000000ecc00000,0x00000000ece80000)
 ParOldGen       total 41984K, used 1935K [0x00000000c0000000, 0x00000000c2900000, 0x00000000eaa80000)
  object space 41984K, 4% used [0x00000000c0000000,0x00000000c01e3d38,0x00000000c2900000)
 PSPermGen       total 21504K, used 5458K [0x00000000b5a00000, 0x00000000b6f00000, 0x00000000c0000000)
  object space 21504K, 25% used [0x00000000b5a00000,0x00000000b5f54af8,0x00000000b6f00000)
Event: 0,806 GC heap after
Heap after GC invocations=2 (full 0):
 PSYoungGen      total 34304K, used 2545K [0x00000000eaa80000, 0x00000000ece80000, 0x0000000100000000)
  eden space 31744K, 0% used [0x00000000eaa80000,0x00000000eaa80000,0x00000000ec980000)
  from space 2560K, 99% used [0x00000000ecc00000,0x00000000ece7c540,0x00000000ece80000)
  to   space 2560K, 0% used [0x00000000ec980000,0x00000000ec980000,0x00000000ecc00000)
 ParOldGen       total 41984K, used 5225K [0x00000000c0000000, 0x00000000c2900000, 0x00000000eaa80000)
  object space 41984K, 12% used [0x00000000c0000000,0x00000000c051a630,0x00000000c2900000)
 PSPermGen       total 21504K, used 5458K [0x00000000b5a00000, 0x00000000b6f00000, 0x00000000c0000000)
  object space 21504K, 25% used [0x00000000b5a00000,0x00000000b5f54af8,0x00000000b6f00000)
}
Event: 1,013 GC heap before
{Heap before GC invocations=3 (full 0):
 PSYoungGen      total 34304K, used 34166K [0x00000000eaa80000, 0x00000000ece80000, 0x0000000100000000)
  eden space 31744K, 99% used [0x00000000eaa80000,0x00000000ec9614f8,0x00000000ec980000)
  from space 2560K, 99% used [0x00000000ecc00000,0x00000000ece7c540,0x00000000ece80000)
  to   space 2560K, 0% used [0x00000000ec980000,0x00000000ec980000,0x00000000ecc00000)
 ParOldGen       total 41984K, used 5225K [0x00000000c0000000, 0x00000000c2900000, 0x00000000eaa80000)
  object space 41984K, 12% used [0x00000000c0000000,0x00000000c051a630,0x00000000c2900000)
 PSPermGen       total 21504K, used 5927K [0x00000000b5a00000, 0x00000000b6f00000, 0x00000000c0000000)
  object space 21504K, 27% used [0x00000000b5a00000,0x00000000b5fc9ff0,0x00000000b6f00000)
Event: 1,028 GC heap after
Heap after GC invocations=3 (full 0):
 PSYoungGen      total 34304K, used 2549K [0x00000000eaa80000, 0x00000000eed80000, 0x0000000100000000)
  eden space 31744K, 0% used [0x00000000eaa80000,0x00000000eaa80000,0x00000000ec980000)
  from space 2560K, 99% used [0x00000000ec980000,0x00000000ecbfd688,0x00000000ecc00000)
  to   space 2560K, 0% used [0x00000000eeb00000,0x00000000eeb00000,0x00000000eed80000)
 ParOldGen       total 41984K, used 13909K [0x00000000c0000000, 0x00000000c2900000, 0x00000000eaa80000)
  object space 41984K, 33% used [0x00000000c0000000,0x00000000c0d954a8,0x00000000c2900000)
 PSPermGen       total 21504K, used 5927K [0x00000000b5a00000, 0x00000000b6f00000, 0x00000000c0000000)
  object space 21504K, 27% used [0x00000000b5a00000,0x00000000b5fc9ff0,0x00000000b6f00000)
}
Event: 1,951 GC heap before
{Heap before GC invocations=4 (full 0):
 PSYoungGen      total 34304K, used 34293K [0x00000000eaa80000, 0x00000000eed80000, 0x0000000100000000)
  eden space 31744K, 100% used [0x00000000eaa80000,0x00000000ec980000,0x00000000ec980000)
  from space 2560K, 99% used [0x00000000ec980000,0x00000000ecbfd688,0x00000000ecc00000)
  to   space 2560K, 0% used [0x00000000eeb00000,0x00000000eeb00000,0x00000000eed80000)
 ParOldGen       total 41984K, used 13909K [0x00000000c0000000, 0x00000000c2900000, 0x00000000eaa80000)
  object space 41984K, 33% used [0x00000000c0000000,0x00000000c0d954a8,0x00000000c2900000)
 PSPermGen       total 21504K, used 6658K [0x00000000b5a00000, 0x00000000b6f00000, 0x00000000c0000000)
  object space 21504K, 30% used [0x00000000b5a00000,0x00000000b6080bd0,0x00000000b6f00000)
Event: 2,018 GC heap after
Heap after GC invocations=4 (full 0):
 PSYoungGen      total 66048K, used 2557K [0x00000000eaa80000, 0x00000000eed80000, 0x0000000100000000)
  eden space 63488K, 0% used [0x00000000eaa80000,0x00000000eaa80000,0x00000000ee880000)
  from space 2560K, 99% used [0x00000000eeb00000,0x00000000eed7f440,0x00000000eed80000)
  to   space 2560K, 0% used [0x00000000ee880000,0x00000000ee880000,0x00000000eeb00000)
 ParOldGen       total 94208K, used 85890K [0x00000000c0000000, 0x00000000c5c00000, 0x00000000eaa80000)
  object space 94208K, 91% used [0x00000000c0000000,0x00000000c53e0aa0,0x00000000c5c00000)
 PSPermGen       total 21504K, used 6658K [0x00000000b5a00000, 0x00000000b6f00000, 0x00000000c0000000)
  object space 21504K, 30% used [0x00000000b5a00000,0x00000000b6080bd0,0x00000000b6f00000)
}
Event: 2,018 GC heap before
{Heap before GC invocations=5 (full 1):
 PSYoungGen      total 66048K, used 2557K [0x00000000eaa80000, 0x00000000eed80000, 0x0000000100000000)
  eden space 63488K, 0% used [0x00000000eaa80000,0x00000000eaa80000,0x00000000ee880000)
  from space 2560K, 99% used [0x00000000eeb00000,0x00000000eed7f440,0x00000000eed80000)
  to   space 2560K, 0% used [0x00000000ee880000,0x00000000ee880000,0x00000000eeb00000)
 ParOldGen       total 94208K, used 85890K [0x00000000c0000000, 0x00000000c5c00000, 0x00000000eaa80000)
  object space 94208K, 91% used [0x00000000c0000000,0x00000000c53e0aa0,0x00000000c5c00000)
 PSPermGen       total 21504K, used 6658K [0x00000000b5a00000, 0x00000000b6f00000, 0x00000000c0000000)
  object space 21504K, 30% used [0x00000000b5a00000,0x00000000b6080bd0,0x00000000b6f00000)
Event: 2,107 GC heap after
Heap after GC invocations=5 (full 1):
 PSYoungGen      total 66048K, used 0K [0x00000000eaa80000, 0x00000000eed80000, 0x0000000100000000)
  eden space 63488K, 0% used [0x00000000eaa80000,0x00000000eaa80000,0x00000000ee880000)
  from space 2560K, 0% used [0x00000000eeb00000,0x00000000eeb00000,0x00000000eed80000)
  to   space 2560K, 0% used [0x00000000ee880000,0x00000000ee880000,0x00000000eeb00000)
 ParOldGen       total 114176K, used 27934K [0x00000000c0000000, 0x00000000c6f80000, 0x00000000eaa80000)
  object space 114176K, 24% used [0x00000000c0000000,0x00000000c1b47818,0x00000000c6f80000)
 PSPermGen       total 21504K, used 6657K [0x00000000b5a00000, 0x00000000b6f00000, 0x00000000c0000000)
  object space 21504K, 30% used [0x00000000b5a00000,0x00000000b6080490,0x00000000b6f00000)
}
Event: 3,272 GC heap before
{Heap before GC invocations=6 (full 1):
 PSYoungGen      total 66048K, used 63488K [0x00000000eaa80000, 0x00000000eed80000, 0x0000000100000000)
  eden space 63488K, 100% used [0x00000000eaa80000,0x00000000ee880000,0x00000000ee880000)
  from space 2560K, 0% used [0x00000000eeb00000,0x00000000eeb00000,0x00000000eed80000)
  to   space 2560K, 0% used [0x00000000ee880000,0x00000000ee880000,0x00000000eeb00000)
 ParOldGen       total 114176K, used 27934K [0x00000000c0000000, 0x00000000c6f80000, 0x00000000eaa80000)
  object space 114176K, 24% used [0x00000000c0000000,0x00000000c1b47818,0x00000000c6f80000)
 PSPermGen       total 21504K, used 7103K [0x00000000b5a00000, 0x00000000b6f00000, 0x00000000c0000000)
  object space 21504K, 33% used [0x00000000b5a00000,0x00000000b60efe48,0x00000000b6f00000)

Deoptimization events (10 events):
Event: 2,620 Thread 0x00007f2fb800d000 Uncommon trap: reason=class_check action=maybe_recompile pc=0x00007f2fb516bf74 method=com.android.dx.merge.DexMerger$IdMerger$UnsortedValue.compareTo(Lcom/android/dx/merge/DexMerger$IdMerger$UnsortedValue;)I @ 8
Event: 2,620 Thread 0x00007f2fb800d000 Uncommon trap: reason=class_check action=maybe_recompile pc=0x00007f2fb516bf74 method=com.android.dx.merge.DexMerger$IdMerger$UnsortedValue.compareTo(Lcom/android/dx/merge/DexMerger$IdMerger$UnsortedValue;)I @ 8
Event: 2,620 Thread 0x00007f2fb800d000 Uncommon trap: reason=predicate action=maybe_recompile pc=0x00007f2fb5164854 method=java.util.ComparableTimSort.binarySort([Ljava/lang/Object;III)V @ 79
Event: 2,620 Thread 0x00007f2fb800d000 Uncommon trap: reason=class_check action=maybe_recompile pc=0x00007f2fb516bf74 method=com.android.dx.merge.DexMerger$IdMerger$UnsortedValue.compareTo(Lcom/android/dx/merge/DexMerger$IdMerger$UnsortedValue;)I @ 8
Event: 2,620 Thread 0x00007f2fb800d000 Uncommon trap: reason=class_check action=maybe_recompile pc=0x00007f2fb516b910 method=com.android.dx.merge.DexMerger$IdMerger$UnsortedValue.compareTo(Lcom/android/dx/merge/DexMerger$IdMerger$UnsortedValue;)I @ 8
Event: 2,621 Thread 0x00007f2fb800d000 Uncommon trap: reason=class_check action=maybe_recompile pc=0x00007f2fb516d898 method=com.android.dx.merge.DexMerger$IdMerger$UnsortedValue.compareTo(Lcom/android/dx/merge/DexMerger$IdMerger$UnsortedValue;)I @ 8
Event: 2,621 Thread 0x00007f2fb800d000 Uncommon trap: reason=class_check action=maybe_recompile pc=0x00007f2fb5178300 method=com.android.dx.merge.DexMerger$IdMerger$UnsortedValue.compareTo(Lcom/android/dx/merge/DexMerger$IdMerger$UnsortedValue;)I @ 8
Event: 2,771 Thread 0x00007f2fb800d000 Uncommon trap: reason=unstable_if action=reinterpret pc=0x00007f2fb519aa90 method=com.android.dex.EncodedValueCodec.readUnsignedInt(Lcom/android/dex/util/ByteInput;IZ)I @ 3
Event: 2,771 Thread 0x00007f2fb800d000 Uncommon trap: reason=unloaded action=reinterpret pc=0x00007f2fb51a37c8 method=com.android.dx.merge.IndexMap$EncodedValueTransformer.transform(Lcom/android/dex/EncodedValueReader;)V @ 232
Event: 2,900 Thread 0x00007f2fb800d000 Uncommon trap: reason=unstable_if action=reinterpret pc=0x00007f2fb5175b84 method=com.android.dx.merge.IndexMap.adjustString(I)I @ 2

Internal exceptions (10 events):
Event: 2,891 Thread 0x00007f2fb800d000 Threw 0x00000000ed183478 at /build/openjdk-7-zaTxYK/openjdk-7-7u91-2.6.3/build/openjdk/hotspot/src/share/vm/prims/jvm.cpp:1322
Event: 2,892 Thread 0x00007f2fb800d000 Threw 0x00000000ed187110 at /build/openjdk-7-zaTxYK/openjdk-7-7u91-2.6.3/build/openjdk/hotspot/src/share/vm/prims/jvm.cpp:1322
Event: 2,892 Thread 0x00007f2fb800d000 Threw 0x00000000ed18aef8 at /build/openjdk-7-zaTxYK/openjdk-7-7u91-2.6.3/build/openjdk/hotspot/src/share/vm/prims/jvm.cpp:1322
Event: 2,893 Thread 0x00007f2fb800d000 Threw 0x00000000ed190f00 at /build/openjdk-7-zaTxYK/openjdk-7-7u91-2.6.3/build/openjdk/hotspot/src/share/vm/prims/jvm.cpp:1322
Event: 2,894 Thread 0x00007f2fb800d000 Threw 0x00000000ed194a18 at /build/openjdk-7-zaTxYK/openjdk-7-7u91-2.6.3/build/openjdk/hotspot/src/share/vm/prims/jvm.cpp:1322
Event: 2,894 Thread 0x00007f2fb800d000 Threw 0x00000000ed198728 at /build/openjdk-7-zaTxYK/openjdk-7-7u91-2.6.3/build/openjdk/hotspot/src/share/vm/prims/jvm.cpp:1322
Event: 2,894 Thread 0x00007f2fb800d000 Threw 0x00000000ed19c1a8 at /build/openjdk-7-zaTxYK/openjdk-7-7u91-2.6.3/build/openjdk/hotspot/src/share/vm/prims/jvm.cpp:1322
Event: 2,896 Thread 0x00007f2fb800d000 Threw 0x00000000ed1e3988 at /build/openjdk-7-zaTxYK/openjdk-7-7u91-2.6.3/build/openjdk/hotspot/src/share/vm/prims/jvm.cpp:1322
Event: 2,897 Thread 0x00007f2fb800d000 Threw 0x00000000ed1e6548 at /build/openjdk-7-zaTxYK/openjdk-7-7u91-2.6.3/build/openjdk/hotspot/src/share/vm/prims/jvm.cpp:1322
Event: 3,026 Thread 0x00007f2fb800d000 Threw 0x00000000ed54c558 at /build/openjdk-7-zaTxYK/openjdk-7-7u91-2.6.3/build/openjdk/hotspot/src/share/vm/prims/jvm.cpp:1322

Events (10 events):
Event: 2,896 loading class 0x00007f2fb81eb770 done
Event: 2,897 loading class 0x00007f2fb81eb180
Event: 2,897 loading class 0x00007f2fb81eb180 done
Event: 2,900 Thread 0x00007f2fb800d000 Uncommon trap: trap_request=0xffffff75 fr.pc=0x00007f2fb5175b84
Event: 2,900 Thread 0x00007f2fb800d000 DEOPT PACKING pc=0x00007f2fb5175b84 sp=0x00007f2fc14f3300
Event: 2,900 Thread 0x00007f2fb800d000 DEOPT UNPACKING pc=0x00007f2fb5039045 sp=0x00007f2fc14f32c0 mode 2
Event: 3,026 loading class 0x00007f2fb81dd240
Event: 3,026 loading class 0x00007f2fb81dd240 done
Event: 3,151 Thread 0x00007f2fb80b8000 flushing nmethod 0x00007f2fb509ab90
Event: 3,272 Executing VM operation: ParallelGCFailedAllocation


Dynamic libraries:
00400000-00401000 r-xp 00000000 08:06 401267                             /usr/lib/jvm/java-7-openjdk-amd64/jre/bin/java
00600000-00601000 r--p 00000000 08:06 401267                             /usr/lib/jvm/java-7-openjdk-amd64/jre/bin/java
00601000-00602000 rw-p 00001000 08:06 401267                             /usr/lib/jvm/java-7-openjdk-amd64/jre/bin/java
024a8000-024c9000 rw-p 00000000 00:00 0                                  [heap]
b5a00000-b6f00000 rw-p 00000000 00:00 0 
b6f00000-c0000000 rw-p 00000000 00:00 0 
c0000000-c6f80000 rw-p 00000000 00:00 0 
c6f80000-eaa80000 rw-p 00000000 00:00 0 
eaa80000-eed80000 rw-p 00000000 00:00 0 
f8300000-100000000 rw-p 00000000 00:00 0 
7f2f54000000-7f2f54021000 rw-p 00000000 00:00 0 
7f2f54021000-7f2f58000000 ---p 00000000 00:00 0 
7f2f58000000-7f2f5802f000 rw-p 00000000 00:00 0 
7f2f5802f000-7f2f5c000000 ---p 00000000 00:00 0 
7f2f5c000000-7f2f5c021000 rw-p 00000000 00:00 0 
7f2f5c021000-7f2f60000000 ---p 00000000 00:00 0 
7f2f60000000-7f2f60021000 rw-p 00000000 00:00 0 
7f2f60021000-7f2f64000000 ---p 00000000 00:00 0 
7f2f64000000-7f2f64021000 rw-p 00000000 00:00 0 
7f2f64021000-7f2f68000000 ---p 00000000 00:00 0 
7f2f68000000-7f2f6803d000 rw-p 00000000 00:00 0 
7f2f6803d000-7f2f6c000000 ---p 00000000 00:00 0 
7f2f6c000000-7f2f6c6a7000 rw-p 00000000 00:00 0 
7f2f6c6a7000-7f2f70000000 ---p 00000000 00:00 0 
7f2f70000000-7f2f70021000 rw-p 00000000 00:00 0 
7f2f70021000-7f2f74000000 ---p 00000000 00:00 0 
7f2f74000000-7f2f74021000 rw-p 00000000 00:00 0 
7f2f74021000-7f2f78000000 ---p 00000000 00:00 0 
7f2f78000000-7f2f78919000 rw-p 00000000 00:00 0 
7f2f78919000-7f2f7c000000 ---p 00000000 00:00 0 
7f2f7c000000-7f2f7c021000 rw-p 00000000 00:00 0 
7f2f7c021000-7f2f80000000 ---p 00000000 00:00 0 
7f2f80000000-7f2f80021000 rw-p 00000000 00:00 0 
7f2f80021000-7f2f84000000 ---p 00000000 00:00 0 
7f2f84000000-7f2f84021000 rw-p 00000000 00:00 0 
7f2f84021000-7f2f88000000 ---p 00000000 00:00 0 
7f2f88000000-7f2f880e4000 rw-p 00000000 00:00 0 
7f2f880e4000-7f2f8c000000 ---p 00000000 00:00 0 
7f2f8c000000-7f2f8c021000 rw-p 00000000 00:00 0 
7f2f8c021000-7f2f90000000 ---p 00000000 00:00 0 
7f2f94000000-7f2f94021000 rw-p 00000000 00:00 0 
7f2f94021000-7f2f98000000 ---p 00000000 00:00 0 
7f2f9b417000-7f2f9b578000 rw-p 00000000 00:00 0 
7f2f9b578000-7f2f9b5b5000 r-xp 00000000 08:06 660072                     /lib/x86_64-linux-gnu/libpcre.so.3.13.1
7f2f9b5b5000-7f2f9b7b4000 ---p 0003d000 08:06 660072                     /lib/x86_64-linux-gnu/libpcre.so.3.13.1
7f2f9b7b4000-7f2f9b7b5000 r--p 0003c000 08:06 660072                     /lib/x86_64-linux-gnu/libpcre.so.3.13.1
7f2f9b7b5000-7f2f9b7b6000 rw-p 0003d000 08:06 660072                     /lib/x86_64-linux-gnu/libpcre.so.3.13.1
7f2f9b7b6000-7f2f9b7bd000 r-xp 00000000 08:06 287713                     /usr/lib/x86_64-linux-gnu/libffi.so.6.0.1
7f2f9b7bd000-7f2f9b9bc000 ---p 00007000 08:06 287713                     /usr/lib/x86_64-linux-gnu/libffi.so.6.0.1
7f2f9b9bc000-7f2f9b9bd000 r--p 00006000 08:06 287713                     /usr/lib/x86_64-linux-gnu/libffi.so.6.0.1
7f2f9b9bd000-7f2f9b9be000 rw-p 00007000 08:06 287713                     /usr/lib/x86_64-linux-gnu/libffi.so.6.0.1
7f2f9b9be000-7f2f9b9d5000 r-xp 00000000 08:06 660145                     /lib/x86_64-linux-gnu/libresolv-2.19.so
7f2f9b9d5000-7f2f9bbd5000 ---p 00017000 08:06 660145                     /lib/x86_64-linux-gnu/libresolv-2.19.so
7f2f9bbd5000-7f2f9bbd6000 r--p 00017000 08:06 660145                     /lib/x86_64-linux-gnu/libresolv-2.19.so
7f2f9bbd6000-7f2f9bbd7000 rw-p 00018000 08:06 660145                     /lib/x86_64-linux-gnu/libresolv-2.19.so
7f2f9bbd7000-7f2f9bbd9000 rw-p 00000000 00:00 0 
7f2f9bbd9000-7f2f9bbf9000 r-xp 00000000 08:06 660149                     /lib/x86_64-linux-gnu/libselinux.so.1
7f2f9bbf9000-7f2f9bdf8000 ---p 00020000 08:06 660149                     /lib/x86_64-linux-gnu/libselinux.so.1
7f2f9bdf8000-7f2f9bdf9000 r--p 0001f000 08:06 660149                     /lib/x86_64-linux-gnu/libselinux.so.1
7f2f9bdf9000-7f2f9bdfa000 rw-p 00020000 08:06 660149                     /lib/x86_64-linux-gnu/libselinux.so.1
7f2f9bdfa000-7f2f9bdfc000 rw-p 00000000 00:00 0 
7f2f9bdfc000-7f2f9bdff000 r-xp 00000000 08:06 273921                     /usr/lib/x86_64-linux-gnu/libgmodule-2.0.so.0.4002.0
7f2f9bdff000-7f2f9bffe000 ---p 00003000 08:06 273921                     /usr/lib/x86_64-linux-gnu/libgmodule-2.0.so.0.4002.0
7f2f9bffe000-7f2f9bfff000 r--p 00002000 08:06 273921                     /usr/lib/x86_64-linux-gnu/libgmodule-2.0.so.0.4002.0
7f2f9bfff000-7f2f9c000000 rw-p 00003000 08:06 273921                     /usr/lib/x86_64-linux-gnu/libgmodule-2.0.so.0.4002.0
7f2f9c000000-7f2f9c021000 rw-p 00000000 00:00 0 
7f2f9c021000-7f2fa0000000 ---p 00000000 00:00 0 
7f2fa0001000-7f2fa0107000 r-xp 00000000 08:06 660049                     /lib/x86_64-linux-gnu/libglib-2.0.so.0.4002.0
7f2fa0107000-7f2fa0306000 ---p 00106000 08:06 660049                     /lib/x86_64-linux-gnu/libglib-2.0.so.0.4002.0
7f2fa0306000-7f2fa0307000 r--p 00105000 08:06 660049                     /lib/x86_64-linux-gnu/libglib-2.0.so.0.4002.0
7f2fa0307000-7f2fa0308000 rw-p 00106000 08:06 660049                     /lib/x86_64-linux-gnu/libglib-2.0.so.0.4002.0
7f2fa0308000-7f2fa0309000 rw-p 00000000 00:00 0 
7f2fa0309000-7f2fa0358000 r-xp 00000000 08:06 273945                     /usr/lib/x86_64-linux-gnu/libgobject-2.0.so.0.4002.0
7f2fa0358000-7f2fa0558000 ---p 0004f000 08:06 273945                     /usr/lib/x86_64-linux-gnu/libgobject-2.0.so.0.4002.0
7f2fa0558000-7f2fa0559000 r--p 0004f000 08:06 273945                     /usr/lib/x86_64-linux-gnu/libgobject-2.0.so.0.4002.0
7f2fa0559000-7f2fa055a000 rw-p 00050000 08:06 273945                     /usr/lib/x86_64-linux-gnu/libgobject-2.0.so.0.4002.0
7f2fa055a000-7f2fa06c6000 r-xp 00000000 08:06 273905                     /usr/lib/x86_64-linux-gnu/libgio-2.0.so.0.4002.0
7f2fa06c6000-7f2fa08c5000 ---p 0016c000 08:06 273905                     /usr/lib/x86_64-linux-gnu/libgio-2.0.so.0.4002.0
7f2fa08c5000-7f2fa08c9000 r--p 0016b000 08:06 273905                     /usr/lib/x86_64-linux-gnu/libgio-2.0.so.0.4002.0
7f2fa08c9000-7f2fa08cb000 rw-p 0016f000 08:06 273905                     /usr/lib/x86_64-linux-gnu/libgio-2.0.so.0.4002.0
7f2fa08cb000-7f2fa08cd000 rw-p 00000000 00:00 0 
7f2fa08cd000-7f2fa08e4000 r-xp 00000000 08:06 401326                     /usr/lib/jvm/java-7-openjdk-amd64/jre/lib/amd64/libnet.so
7f2fa08e4000-7f2fa0ae3000 ---p 00017000 08:06 401326                     /usr/lib/jvm/java-7-openjdk-amd64/jre/lib/amd64/libnet.so
7f2fa0ae3000-7f2fa0ae4000 r--p 00016000 08:06 401326                     /usr/lib/jvm/java-7-openjdk-amd64/jre/lib/amd64/libnet.so
7f2fa0ae4000-7f2fa0ae5000 rw-p 00017000 08:06 401326                     /usr/lib/jvm/java-7-openjdk-amd64/jre/lib/amd64/libnet.so
7f2fa0ae5000-7f2fa0af5000 r-xp 00000000 08:06 401292                     /usr/lib/jvm/java-7-openjdk-amd64/jre/lib/amd64/libnio.so
7f2fa0af5000-7f2fa0cf5000 ---p 00010000 08:06 401292                     /usr/lib/jvm/java-7-openjdk-amd64/jre/lib/amd64/libnio.so
7f2fa0cf5000-7f2fa0cf6000 r--p 00010000 08:06 401292                     /usr/lib/jvm/java-7-openjdk-amd64/jre/lib/amd64/libnio.so
7f2fa0cf6000-7f2fa0cf7000 rw-p 00011000 08:06 401292                     /usr/lib/jvm/java-7-openjdk-amd64/jre/lib/amd64/libnio.so
7f2fa0cf7000-7f2fa0cfa000 ---p 00000000 00:00 0 
7f2fa0cfa000-7f2fa0df8000 rw-p 00000000 00:00 0 
7f2fa0df8000-7f2fa0dfb000 ---p 00000000 00:00 0 
7f2fa0dfb000-7f2fa0ef9000 rw-p 00000000 00:00 0 
7f2fa0ef9000-7f2fa0efc000 ---p 00000000 00:00 0 
7f2fa0efc000-7f2fa0ffa000 rw-p 00000000 00:00 0 
7f2fa0ffa000-7f2fa0ffd000 ---p 00000000 00:00 0 
7f2fa0ffd000-7f2fa10fb000 rw-p 00000000 00:00 0 
7f2fa10fb000-7f2fa10fe000 ---p 00000000 00:00 0 
7f2fa10fe000-7f2fa11fc000 rw-p 00000000 00:00 0 
7f2fa11fc000-7f2fa11fd000 ---p 00000000 00:00 0 
7f2fa11fd000-7f2fa12fd000 rw-p 00000000 00:00 0                          [stack:9076]
7f2fa12fd000-7f2fa1300000 ---p 00000000 00:00 0 
7f2fa1300000-7f2fa13fe000 rw-p 00000000 00:00 0                          [stack:9075]
7f2fa13fe000-7f2fa1401000 ---p 00000000 00:00 0 
7f2fa1401000-7f2fa14ff000 rw-p 00000000 00:00 0                          [stack:9074]
7f2fa14ff000-7f2fa1502000 ---p 00000000 00:00 0 
7f2fa1502000-7f2fa1600000 rw-p 00000000 00:00 0                          [stack:9073]
7f2fa1600000-7f2fa1603000 ---p 00000000 00:00 0 
7f2fa1603000-7f2fa1701000 rw-p 00000000 00:00 0                          [stack:9072]
7f2fa1701000-7f2fa19cf000 r--p 00000000 08:06 271328                     /usr/lib/locale/locale-archive
7f2fa19cf000-7f2fa19d2000 ---p 00000000 00:00 0 
7f2fa19d2000-7f2fa4000000 rw-p 00000000 00:00 0                          [stack:9071]
7f2fa4000000-7f2fa4021000 rw-p 00000000 00:00 0 
7f2fa4021000-7f2fa8000000 ---p 00000000 00:00 0 
7f2fa8000000-7f2fa8021000 rw-p 00000000 00:00 0 
7f2fa8021000-7f2fac000000 ---p 00000000 00:00 0 
7f2fac000000-7f2fac021000 rw-p 00000000 00:00 0 
7f2fac021000-7f2fb0000000 ---p 00000000 00:00 0 
7f2fb0000000-7f2fb0021000 rw-p 00000000 00:00 0 
7f2fb0021000-7f2fb4000000 ---p 00000000 00:00 0 
7f2fb405c000-7f2fb4063000 r--s 00000000 08:06 533820                     /usr/lib/x86_64-linux-gnu/gconv/gconv-modules.cache
7f2fb4063000-7f2fb4089000 r--p 00000000 08:06 804047                     /usr/share/locale-langpack/fr/LC_MESSAGES/libc.mo
7f2fb4089000-7f2fb408e000 r--s 0004e000 08:06 401337                     /usr/lib/jvm/java-7-openjdk-amd64/jre/lib/jsse.jar
7f2fb408e000-7f2fb4091000 ---p 00000000 00:00 0 
7f2fb4091000-7f2fb418f000 rw-p 00000000 00:00 0                          [stack:9070]
7f2fb418f000-7f2fb4190000 ---p 00000000 00:00 0 
7f2fb4190000-7f2fb5000000 rw-p 00000000 00:00 0                          [stack:9069]
7f2fb5000000-7f2fb5270000 rwxp 00000000 00:00 0 
7f2fb5270000-7f2fb81fd000 rw-p 00000000 00:00 0 
7f2fb81fd000-7f2fbc000000 ---p 00000000 00:00 0 
7f2fbc004000-7f2fbc013000 r--s 000df000 08:05 3150221                    /home/florent/Android/Sdk/build-tools/23.0.2/lib/dx.jar
7f2fbc013000-7f2fbcf30000 rw-p 00000000 00:00 0 
7f2fbcf30000-7f2fbd0e2000 r--s 01d2e000 08:06 401286                     /usr/lib/jvm/java-7-openjdk-amd64/jre/lib/rt.jar
7f2fbd0e2000-7f2fbd42e000 rw-p 00000000 00:00 0 
7f2fbd42e000-7f2fbd42f000 ---p 00000000 00:00 0 
7f2fbd42f000-7f2fbd52f000 rw-p 00000000 00:00 0                          [stack:9068]
7f2fbd52f000-7f2fbd530000 ---p 00000000 00:00 0 
7f2fbd530000-7f2fbd630000 rw-p 00000000 00:00 0                          [stack:9067]
7f2fbd630000-7f2fbd631000 ---p 00000000 00:00 0 
7f2fbd631000-7f2fbd731000 rw-p 00000000 00:00 0                          [stack:9066]
7f2fbd731000-7f2fbd732000 ---p 00000000 00:00 0 
7f2fbd732000-7f2fbd832000 rw-p 00000000 00:00 0                          [stack:9065]
7f2fbd832000-7f2fbd833000 ---p 00000000 00:00 0 
7f2fbd833000-7f2fbd933000 rw-p 00000000 00:00 0                          [stack:9064]
7f2fbd933000-7f2fbd934000 ---p 00000000 00:00 0 
7f2fbd934000-7f2fbda34000 rw-p 00000000 00:00 0                          [stack:9063]
7f2fbda34000-7f2fbda35000 ---p 00000000 00:00 0 
7f2fbda35000-7f2fbdb35000 rw-p 00000000 00:00 0                          [stack:9062]
7f2fbdb35000-7f2fbdb36000 ---p 00000000 00:00 0 
7f2fbdb36000-7f2fbdc41000 rw-p 00000000 00:00 0                          [stack:9061]
7f2fbdc41000-7f2fbdc89000 rw-p 00000000 00:00 0 
7f2fbdc89000-7f2fbdcc1000 rw-p 00000000 00:00 0 
7f2fbdcc1000-7f2fbdddf000 rw-p 00000000 00:00 0 
7f2fbdddf000-7f2fbddea000 rw-p 00000000 00:00 0 
7f2fbddea000-7f2fbde32000 rw-p 00000000 00:00 0 
7f2fbde32000-7f2fbde6a000 rw-p 00000000 00:00 0 
7f2fbde6a000-7f2fbdf87000 rw-p 00000000 00:00 0 
7f2fbdf87000-7f2fbdfa9000 rw-p 00000000 00:00 0 
7f2fbdfa9000-7f2fbe032000 rw-p 00000000 00:00 0 
7f2fbe032000-7f2fbe033000 rw-p 00000000 00:00 0 
7f2fbe033000-7f2fbe03b000 r-xp 00000000 08:06 401296                     /usr/lib/jvm/java-7-openjdk-amd64/jre/lib/amd64/libzip.so
7f2fbe03b000-7f2fbe23a000 ---p 00008000 08:06 401296                     /usr/lib/jvm/java-7-openjdk-amd64/jre/lib/amd64/libzip.so
7f2fbe23a000-7f2fbe23b000 r--p 00007000 08:06 401296                     /usr/lib/jvm/java-7-openjdk-amd64/jre/lib/amd64/libzip.so
7f2fbe23b000-7f2fbe23c000 rw-p 00008000 08:06 401296                     /usr/lib/jvm/java-7-openjdk-amd64/jre/lib/amd64/libzip.so
7f2fbe23c000-7f2fbe247000 r-xp 00000000 08:06 660094                     /lib/x86_64-linux-gnu/libnss_files-2.19.so
7f2fbe247000-7f2fbe446000 ---p 0000b000 08:06 660094                     /lib/x86_64-linux-gnu/libnss_files-2.19.so
7f2fbe446000-7f2fbe447000 r--p 0000a000 08:06 660094                     /lib/x86_64-linux-gnu/libnss_files-2.19.so
7f2fbe447000-7f2fbe448000 rw-p 0000b000 08:06 660094                     /lib/x86_64-linux-gnu/libnss_files-2.19.so
7f2fbe448000-7f2fbe453000 r-xp 00000000 08:06 660104                     /lib/x86_64-linux-gnu/libnss_nis-2.19.so
7f2fbe453000-7f2fbe652000 ---p 0000b000 08:06 660104                     /lib/x86_64-linux-gnu/libnss_nis-2.19.so
7f2fbe652000-7f2fbe653000 r--p 0000a000 08:06 660104                     /lib/x86_64-linux-gnu/libnss_nis-2.19.so
7f2fbe653000-7f2fbe654000 rw-p 0000b000 08:06 660104                     /lib/x86_64-linux-gnu/libnss_nis-2.19.so
7f2fbe654000-7f2fbe66b000 r-xp 00000000 08:06 660088                     /lib/x86_64-linux-gnu/libnsl-2.19.so
7f2fbe66b000-7f2fbe86a000 ---p 00017000 08:06 660088                     /lib/x86_64-linux-gnu/libnsl-2.19.so
7f2fbe86a000-7f2fbe86b000 r--p 00016000 08:06 660088                     /lib/x86_64-linux-gnu/libnsl-2.19.so
7f2fbe86b000-7f2fbe86c000 rw-p 00017000 08:06 660088                     /lib/x86_64-linux-gnu/libnsl-2.19.so
7f2fbe86c000-7f2fbe86e000 rw-p 00000000 00:00 0 
7f2fbe86e000-7f2fbe877000 r-xp 00000000 08:06 660090                     /lib/x86_64-linux-gnu/libnss_compat-2.19.so
7f2fbe877000-7f2fbea76000 ---p 00009000 08:06 660090                     /lib/x86_64-linux-gnu/libnss_compat-2.19.so
7f2fbea76000-7f2fbea77000 r--p 00008000 08:06 660090                     /lib/x86_64-linux-gnu/libnss_compat-2.19.so
7f2fbea77000-7f2fbea78000 rw-p 00009000 08:06 660090                     /lib/x86_64-linux-gnu/libnss_compat-2.19.so
7f2fbea78000-7f2fbeaa3000 r-xp 00000000 08:06 401308                     /usr/lib/jvm/java-7-openjdk-amd64/jre/lib/amd64/libjava.so
7f2fbeaa3000-7f2fbeca3000 ---p 0002b000 08:06 401308                     /usr/lib/jvm/java-7-openjdk-amd64/jre/lib/amd64/libjava.so
7f2fbeca3000-7f2fbeca4000 r--p 0002b000 08:06 401308                     /usr/lib/jvm/java-7-openjdk-amd64/jre/lib/amd64/libjava.so
7f2fbeca4000-7f2fbeca6000 rw-p 0002c000 08:06 401308                     /usr/lib/jvm/java-7-openjdk-amd64/jre/lib/amd64/libjava.so
7f2fbeca6000-7f2fbecb6000 r-xp 00000000 08:06 401322                     /usr/lib/jvm/java-7-openjdk-amd64/jre/lib/amd64/libverify.so
7f2fbecb6000-7f2fbeeb5000 ---p 00010000 08:06 401322                     /usr/lib/jvm/java-7-openjdk-amd64/jre/lib/amd64/libverify.so
7f2fbeeb5000-7f2fbeeb7000 r--p 0000f000 08:06 401322                     /usr/lib/jvm/java-7-openjdk-amd64/jre/lib/amd64/libverify.so
7f2fbeeb7000-7f2fbeeb8000 rw-p 00011000 08:06 401322                     /usr/lib/jvm/java-7-openjdk-amd64/jre/lib/amd64/libverify.so
7f2fbeeb8000-7f2fbeebf000 r-xp 00000000 08:06 660147                     /lib/x86_64-linux-gnu/librt-2.19.so
7f2fbeebf000-7f2fbf0be000 ---p 00007000 08:06 660147                     /lib/x86_64-linux-gnu/librt-2.19.so
7f2fbf0be000-7f2fbf0bf000 r--p 00006000 08:06 660147                     /lib/x86_64-linux-gnu/librt-2.19.so
7f2fbf0bf000-7f2fbf0c0000 rw-p 00007000 08:06 660147                     /lib/x86_64-linux-gnu/librt-2.19.so
7f2fbf0c0000-7f2fbf0d6000 r-xp 00000000 08:06 660918                     /lib/x86_64-linux-gnu/libgcc_s.so.1
7f2fbf0d6000-7f2fbf2d5000 ---p 00016000 08:06 660918                     /lib/x86_64-linux-gnu/libgcc_s.so.1
7f2fbf2d5000-7f2fbf2d6000 rw-p 00015000 08:06 660918                     /lib/x86_64-linux-gnu/libgcc_s.so.1
7f2fbf2d6000-7f2fbf3db000 r-xp 00000000 08:06 660069                     /lib/x86_64-linux-gnu/libm-2.19.so
7f2fbf3db000-7f2fbf5da000 ---p 00105000 08:06 660069                     /lib/x86_64-linux-gnu/libm-2.19.so
7f2fbf5da000-7f2fbf5db000 r--p 00104000 08:06 660069                     /lib/x86_64-linux-gnu/libm-2.19.so
7f2fbf5db000-7f2fbf5dc000 rw-p 00105000 08:06 660069                     /lib/x86_64-linux-gnu/libm-2.19.so
7f2fbf5dc000-7f2fbf6c2000 r-xp 00000000 08:06 268180                     /usr/lib/x86_64-linux-gnu/libstdc++.so.6.0.19
7f2fbf6c2000-7f2fbf8c1000 ---p 000e6000 08:06 268180                     /usr/lib/x86_64-linux-gnu/libstdc++.so.6.0.19
7f2fbf8c1000-7f2fbf8c9000 r--p 000e5000 08:06 268180                     /usr/lib/x86_64-linux-gnu/libstdc++.so.6.0.19
7f2fbf8c9000-7f2fbf8cb000 rw-p 000ed000 08:06 268180                     /usr/lib/x86_64-linux-gnu/libstdc++.so.6.0.19
7f2fbf8cb000-7f2fbf8e0000 rw-p 00000000 00:00 0 
7f2fbf8e0000-7f2fc0404000 r-xp 00000000 08:06 401314                     /usr/lib/jvm/java-7-openjdk-amd64/jre/lib/amd64/server/libjvm.so
7f2fc0404000-7f2fc0604000 ---p 00b24000 08:06 401314                     /usr/lib/jvm/java-7-openjdk-amd64/jre/lib/amd64/server/libjvm.so
7f2fc0604000-7f2fc069e000 r--p 00b24000 08:06 401314                     /usr/lib/jvm/java-7-openjdk-amd64/jre/lib/amd64/server/libjvm.so
7f2fc069e000-7f2fc06c1000 rw-p 00bbe000 08:06 401314                     /usr/lib/jvm/java-7-openjdk-amd64/jre/lib/amd64/server/libjvm.so
7f2fc06c1000-7f2fc06ef000 rw-p 00000000 00:00 0 
7f2fc06ef000-7f2fc0707000 r-xp 00000000 08:06 660180                     /lib/x86_64-linux-gnu/libz.so.1.2.8
7f2fc0707000-7f2fc0906000 ---p 00018000 08:06 660180                     /lib/x86_64-linux-gnu/libz.so.1.2.8
7f2fc0906000-7f2fc0907000 r--p 00017000 08:06 660180                     /lib/x86_64-linux-gnu/libz.so.1.2.8
7f2fc0907000-7f2fc0908000 rw-p 00018000 08:06 660180                     /lib/x86_64-linux-gnu/libz.so.1.2.8
7f2fc0908000-7f2fc0921000 r-xp 00000000 08:06 660139                     /lib/x86_64-linux-gnu/libpthread-2.19.so
7f2fc0921000-7f2fc0b20000 ---p 00019000 08:06 660139                     /lib/x86_64-linux-gnu/libpthread-2.19.so
7f2fc0b20000-7f2fc0b21000 r--p 00018000 08:06 660139                     /lib/x86_64-linux-gnu/libpthread-2.19.so
7f2fc0b21000-7f2fc0b22000 rw-p 00019000 08:06 660139                     /lib/x86_64-linux-gnu/libpthread-2.19.so
7f2fc0b22000-7f2fc0b26000 rw-p 00000000 00:00 0 
7f2fc0b26000-7f2fc0b29000 r-xp 00000000 08:06 660035                     /lib/x86_64-linux-gnu/libdl-2.19.so
7f2fc0b29000-7f2fc0d28000 ---p 00003000 08:06 660035                     /lib/x86_64-linux-gnu/libdl-2.19.so
7f2fc0d28000-7f2fc0d29000 r--p 00002000 08:06 660035                     /lib/x86_64-linux-gnu/libdl-2.19.so
7f2fc0d29000-7f2fc0d2a000 rw-p 00003000 08:06 660035                     /lib/x86_64-linux-gnu/libdl-2.19.so
7f2fc0d2a000-7f2fc0ee5000 r-xp 00000000 08:06 660018                     /lib/x86_64-linux-gnu/libc-2.19.so
7f2fc0ee5000-7f2fc10e4000 ---p 001bb000 08:06 660018                     /lib/x86_64-linux-gnu/libc-2.19.so
7f2fc10e4000-7f2fc10e8000 r--p 001ba000 08:06 660018                     /lib/x86_64-linux-gnu/libc-2.19.so
7f2fc10e8000-7f2fc10ea000 rw-p 001be000 08:06 660018                     /lib/x86_64-linux-gnu/libc-2.19.so
7f2fc10ea000-7f2fc10ef000 rw-p 00000000 00:00 0 
7f2fc10ef000-7f2fc10fc000 r-xp 00000000 08:06 401323                     /usr/lib/jvm/java-7-openjdk-amd64/jre/lib/amd64/jli/libjli.so
7f2fc10fc000-7f2fc12fb000 ---p 0000d000 08:06 401323                     /usr/lib/jvm/java-7-openjdk-amd64/jre/lib/amd64/jli/libjli.so
7f2fc12fb000-7f2fc12fc000 r--p 0000c000 08:06 401323                     /usr/lib/jvm/java-7-openjdk-amd64/jre/lib/amd64/jli/libjli.so
7f2fc12fc000-7f2fc12fd000 rw-p 0000d000 08:06 401323                     /usr/lib/jvm/java-7-openjdk-amd64/jre/lib/amd64/jli/libjli.so
7f2fc12fd000-7f2fc1320000 r-xp 00000000 08:06 659992                     /lib/x86_64-linux-gnu/ld-2.19.so
7f2fc1320000-7f2fc1321000 rw-p 00000000 00:00 0 
7f2fc1321000-7f2fc1323000 r--s 00006000 08:06 799414                     /usr/share/java/java-atk-wrapper.jar
7f2fc1323000-7f2fc1327000 r--s 00085000 08:06 401279                     /usr/lib/jvm/java-7-openjdk-amd64/jre/lib/ext/localedata.jar
7f2fc1327000-7f2fc132a000 r--s 0000f000 08:06 401280                     /usr/lib/jvm/java-7-openjdk-amd64/jre/lib/ext/icedtea-sound.jar
7f2fc132a000-7f2fc132c000 r--s 00012000 08:06 401278                     /usr/lib/jvm/java-7-openjdk-amd64/jre/lib/ext/zipfs.jar
7f2fc132c000-7f2fc1330000 r--s 00034000 08:06 401281                     /usr/lib/jvm/java-7-openjdk-amd64/jre/lib/ext/sunjce_provider.jar
7f2fc1330000-7f2fc1334000 r--s 0003c000 08:06 401282                     /usr/lib/jvm/java-7-openjdk-amd64/jre/lib/ext/sunpkcs11.jar
7f2fc1334000-7f2fc133e000 rw-p 00000000 00:00 0 
7f2fc133e000-7f2fc13f4000 rw-p 00000000 00:00 0 
7f2fc13f4000-7f2fc13f7000 ---p 00000000 00:00 0 
7f2fc13f7000-7f2fc14fa000 rw-p 00000000 00:00 0                          [stack:9060]
7f2fc14fa000-7f2fc14fb000 r--s 00002000 08:06 401283                     /usr/lib/jvm/java-7-openjdk-amd64/jre/lib/ext/dnsns.jar
7f2fc14fb000-7f2fc1513000 rw-p 00000000 00:00 0 
7f2fc1513000-7f2fc151b000 rw-s 00000000 08:06 1448946                    /tmp/hsperfdata_florent/9055
7f2fc151b000-7f2fc151c000 rw-p 00000000 00:00 0 
7f2fc151c000-7f2fc151d000 ---p 00000000 00:00 0 
7f2fc151d000-7f2fc151f000 rw-p 00000000 00:00 0 
7f2fc151f000-7f2fc1520000 r--p 00022000 08:06 659992                     /lib/x86_64-linux-gnu/ld-2.19.so
7f2fc1520000-7f2fc1521000 rw-p 00023000 08:06 659992                     /lib/x86_64-linux-gnu/ld-2.19.so
7f2fc1521000-7f2fc1522000 rw-p 00000000 00:00 0 
7fff2d043000-7fff2d066000 rw-p 00000000 00:00 0                          [stack]
7fff2d089000-7fff2d08b000 r-xp 00000000 00:00 0                          [vdso]
7fff2d08b000-7fff2d08d000 r--p 00000000 00:00 0                          [vvar]
ffffffffff600000-ffffffffff601000 r-xp 00000000 00:00 0                  [vsyscall]

VM Arguments:
jvm_args: -Xmx1024M -Dfile.encoding=UTF-8 -Duser.country=FR -Duser.language=fr -Duser.variant 
java_command: com.android.dx.command.Main --dex --num-threads=4 --output /home/florent/Documents/M2-DL/S9/FHCI/Android/Berbie_DeRoquemaurel_Gayout_ANDROID/MakeAFocalpoint/app/build/intermediates/dex/debug /home/florent/Documents/M2-DL/S9/FHCI/Android/Berbie_DeRoquemaurel_Gayout_ANDROID/MakeAFocalpoint/app/build/intermediates/classes/debug /home/florent/Documents/M2-DL/S9/FHCI/Android/Berbie_DeRoquemaurel_Gayout_ANDROID/MakeAFocalpoint/app/build/intermediates/pre-dexed/debug/support-annotations-23.1.1-16ca20f4683b9945c99f51438ebf77299bebdb65.jar /home/florent/Documents/M2-DL/S9/FHCI/Android/Berbie_DeRoquemaurel_Gayout_ANDROID/MakeAFocalpoint/app/build/intermediates/pre-dexed/debug/classes-72dab6077df1b615fd3cb65f6ad2fa7314e241c4.jar /home/florent/Documents/M2-DL/S9/FHCI/Android/Berbie_DeRoquemaurel_Gayout_ANDROID/MakeAFocalpoint/app/build/intermediates/pre-dexed/debug/internal_impl-22.2.0-c452c19d8544218361b82936d467c9047336b828.jar /home/florent/Documents/M2-DL/S9/FHCI/Android/Berbie_DeRoquemaurel_Gayout_ANDROID/MakeAFocalpoint/app/build/intermediates/pre-dexed/debug/classes-69c83a68850b3ae23ab443f87f0dcb18ec6dfbd5.jar /home/florent/Documents/M2-DL/S9/FHCI/Android/Berbie_DeRoquemaurel_Gayout_ANDROID/MakeAFocalpoint/app/build/intermediates/pre-dexed/debug/classes-aa4038de9d521ee88f2d75c3d88016173b4a602f.jar /home/florent/Documents/M2-DL/S9/FHCI/Android/Berbie_DeRoquemaurel_Gayout_ANDROID/MakeAFocalpoint/app/build/intermediates/pre-dexed/debug/classes-21c145332cddbe49543a9b575438e81e6aa3511b.jar /home/florent/Documents/M2-DL/S9/FHCI/Android/Berbie_DeRoquemaurel_Gayout_ANDROID/MakeAFocalpoint/app/build/intermediates/pre-dexed/debug/classes-8b942dfe0cedc80f8df6f85b8abd19cdb95e5063.jar /home/florent/Documents/M2-DL/S9/FHCI/Android/Berbie_DeRoquemaurel_Gayout_ANDROID/MakeAFocalpoint/app/build/intermediates/pre-dexed/debug/classes-6e5e28afbb6e866f581073bbcbdb98b2f7cdb7c0.jar /home/florent/Documents/M2-DL/S9/FHCI/Android/Berbie_DeRoquemaurel_Gayout_ANDROID/MakeAFocalpoint
Launcher Type: SUN_STANDARD

Environment Variables:
JAVA_HOME=/usr/lib/jvm/java-7-openjdk-amd64
PATH=/home/florent/.sdkman/vertx/current/bin:/home/florent/.sdkman/springboot/current/bin:/home/florent/.sdkman/lazybones/current/bin:/home/florent/.sdkman/jbossforge/current/bin:/home/florent/.sdkman/jbake/current/bin:/home/florent/.sdkman/groovyserv/current/bin:/home/florent/.sdkman/groovy/current/bin:/home/florent/.sdkman/griffon/current/bin:/home/florent/.sdkman/grails/current/bin:/home/florent/.sdkman/gradle/current/bin:/home/florent/.sdkman/glide/current/bin:/home/florent/.sdkman/gaiden/current/bin:/home/florent/.sdkman/crash/current/bin:/home/florent/.sdkman/asciidoctorj/current/bin:/usr/local/sbin:/usr/local/bin:/usr/sbin:/usr/bin:/sbin:/bin:/usr/games:/usr/local/games
USERNAME=florent
LD_LIBRARY_PATH=/home/florent/Documents/Logiciels/android-studio/bin:
SHELL=/bin/zsh
DISPLAY=:0

Signal Handlers:
SIGSEGV: [libjvm.so+0x9548f0], sa_mask[0]=0x7ffbfeff, sa_flags=0x10000004
SIGBUS: [libjvm.so+0x9548f0], sa_mask[0]=0x7ffbfeff, sa_flags=0x10000004
SIGFPE: [libjvm.so+0x7cb0b0], sa_mask[0]=0x7ffbfeff, sa_flags=0x10000004
SIGPIPE: [libjvm.so+0x7cb0b0], sa_mask[0]=0x7ffbfeff, sa_flags=0x10000004
SIGXFSZ: [libjvm.so+0x7cb0b0], sa_mask[0]=0x7ffbfeff, sa_flags=0x10000004
SIGILL: [libjvm.so+0x7cb0b0], sa_mask[0]=0x7ffbfeff, sa_flags=0x10000004
SIGUSR1: SIG_DFL, sa_mask[0]=0x00000000, sa_flags=0x00000000
SIGUSR2: [libjvm.so+0x7caf50], sa_mask[0]=0x00000004, sa_flags=0x10000004
SIGHUP: [libjvm.so+0x7cb130], sa_mask[0]=0x7ffbfeff, sa_flags=0x10000004
SIGINT: [libjvm.so+0x7cb130], sa_mask[0]=0x7ffbfeff, sa_flags=0x10000004
SIGTERM: [libjvm.so+0x7cb130], sa_mask[0]=0x7ffbfeff, sa_flags=0x10000004
SIGQUIT: [libjvm.so+0x7cb130], sa_mask[0]=0x7ffbfeff, sa_flags=0x10000004
SIGTRAP: SIG_DFL, sa_mask[0]=0x00000000, sa_flags=0x00000000


---------------  S Y S T E M  ---------------

OS:LinuxMint 17.3 (rosa)
uname:Linux 3.16.0-38-generic #52~14.04.1-Ubuntu SMP Fri May 8 09:43:57 UTC 2015 x86_64
libc:glibc 2.19 NPTL 2.19 
rlimit: STACK 8192k, CORE 0k, NPROC 15619, NOFILE 4096, AS infinity
load average:0,25 0,42 0,44

/proc/meminfo:
MemTotal:        4029408 kB
MemFree:          130480 kB
MemAvailable:      83420 kB
Buffers:             832 kB
Cached:           155292 kB
SwapCached:            0 kB
Active:          3511240 kB
Inactive:         134692 kB
Active(anon):    3491964 kB
Inactive(anon):   120168 kB
Active(file):      19276 kB
Inactive(file):    14524 kB
Unevictable:         132 kB
Mlocked:             132 kB
SwapTotal:             0 kB
SwapFree:              0 kB
Dirty:                44 kB
Writeback:             0 kB
AnonPages:       3489416 kB
Mapped:           198280 kB
Shmem:            123024 kB
Slab:              83284 kB
SReclaimable:      41008 kB
SUnreclaim:        42276 kB
KernelStack:       12016 kB
PageTables:        48860 kB
NFS_Unstable:          0 kB
Bounce:                0 kB
WritebackTmp:          0 kB
CommitLimit:     2014704 kB
Committed_AS:    8515272 kB
VmallocTotal:   34359738367 kB
VmallocUsed:      115088 kB
VmallocChunk:   34359616508 kB
HardwareCorrupted:     0 kB
AnonHugePages:   1773568 kB
HugePages_Total:       0
HugePages_Free:        0
HugePages_Rsvd:        0
HugePages_Surp:        0
Hugepagesize:       2048 kB
DirectMap4k:      205256 kB
DirectMap2M:     3971072 kB


CPU:total 8 (4 cores per cpu, 2 threads per core) family 6 model 30 stepping 5, cmov, cx8, fxsr, mmx, sse, sse2, sse3, ssse3, sse4.1, sse4.2, popcnt, ht, tsc, tscinvbit

/proc/cpuinfo:
processor	: 0
vendor_id	: GenuineIntel
cpu family	: 6
model		: 30
model name	: Intel(R) Core(TM) i7 CPU       Q 740  @ 1.73GHz
stepping	: 5
microcode	: 0x3
cpu MHz		: 933.000
cache size	: 6144 KB
physical id	: 0
siblings	: 8
core id		: 0
cpu cores	: 4
apicid		: 0
initial apicid	: 0
fpu		: yes
fpu_exception	: yes
cpuid level	: 11
wp		: yes
flags		: fpu vme de pse tsc msr pae mce cx8 apic sep mtrr pge mca cmov pat pse36 clflush dts acpi mmx fxsr sse sse2 ss ht tm pbe syscall nx rdtscp lm constant_tsc arch_perfmon pebs bts rep_good nopl xtopology nonstop_tsc aperfmperf pni dtes64 monitor ds_cpl vmx smx est tm2 ssse3 cx16 xtpr pdcm sse4_1 sse4_2 popcnt lahf_lm ida dtherm tpr_shadow vnmi flexpriority ept vpid
bogomips	: 3457.63
clflush size	: 64
cache_alignment	: 64
address sizes	: 36 bits physical, 48 bits virtual
power management:

processor	: 1
vendor_id	: GenuineIntel
cpu family	: 6
model		: 30
model name	: Intel(R) Core(TM) i7 CPU       Q 740  @ 1.73GHz
stepping	: 5
microcode	: 0x3
cpu MHz		: 933.000
cache size	: 6144 KB
physical id	: 0
siblings	: 8
core id		: 1
cpu cores	: 4
apicid		: 2
initial apicid	: 2
fpu		: yes
fpu_exception	: yes
cpuid level	: 11
wp		: yes
flags		: fpu vme de pse tsc msr pae mce cx8 apic sep mtrr pge mca cmov pat pse36 clflush dts acpi mmx fxsr sse sse2 ss ht tm pbe syscall nx rdtscp lm constant_tsc arch_perfmon pebs bts rep_good nopl xtopology nonstop_tsc aperfmperf pni dtes64 monitor ds_cpl vmx smx est tm2 ssse3 cx16 xtpr pdcm sse4_1 sse4_2 popcnt lahf_lm ida dtherm tpr_shadow vnmi flexpriority ept vpid
bogomips	: 3457.63
clflush size	: 64
cache_alignment	: 64
address sizes	: 36 bits physical, 48 bits virtual
power management:

processor	: 2
vendor_id	: GenuineIntel
cpu family	: 6
model		: 30
model name	: Intel(R) Core(TM) i7 CPU       Q 740  @ 1.73GHz
stepping	: 5
microcode	: 0x3
cpu MHz		: 1066.000
cache size	: 6144 KB
physical id	: 0
siblings	: 8
core id		: 2
cpu cores	: 4
apicid		: 4
initial apicid	: 4
fpu		: yes
fpu_exception	: yes
cpuid level	: 11
wp		: yes
flags		: fpu vme de pse tsc msr pae mce cx8 apic sep mtrr pge mca cmov pat pse36 clflush dts acpi mmx fxsr sse sse2 ss ht tm pbe syscall nx rdtscp lm constant_tsc arch_perfmon pebs bts rep_good nopl xtopology nonstop_tsc aperfmperf pni dtes64 monitor ds_cpl vmx smx est tm2 ssse3 cx16 xtpr pdcm sse4_1 sse4_2 popcnt lahf_lm ida dtherm tpr_shadow vnmi flexpriority ept vpid
bogomips	: 3457.63
clflush size	: 64
cache_alignment	: 64
address sizes	: 36 bits physical, 48 bits virtual
power management:

processor	: 3
vendor_id	: GenuineIntel
cpu family	: 6
model		: 30
model name	: Intel(R) Core(TM) i7 CPU       Q 740  @ 1.73GHz
stepping	: 5
microcode	: 0x3
cpu MHz		: 933.000
cache size	: 6144 KB
physical id	: 0
siblings	: 8
core id		: 3
cpu cores	: 4
apicid		: 6
initial apicid	: 6
fpu		: yes
fpu_exception	: yes
cpuid level	: 11
wp		: yes
flags		: fpu vme de pse tsc msr pae mce cx8 apic sep mtrr pge mca cmov pat pse36 clflush dts acpi mmx fxsr sse sse2 ss ht tm pbe syscall nx rdtscp lm constant_tsc arch_perfmon pebs bts rep_good nopl xtopology nonstop_tsc aperfmperf pni dtes64 monitor ds_cpl vmx smx est tm2 ssse3 cx16 xtpr pdcm sse4_1 sse4_2 popcnt lahf_lm ida dtherm tpr_shadow vnmi flexpriority ept vpid
bogomips	: 3457.63
clflush size	: 64
cache_alignment	: 64
address sizes	: 36 bits physical, 48 bits virtual
power management:

processor	: 4
vendor_id	: GenuineIntel
cpu family	: 6
model		: 30
model name	: Intel(R) Core(TM) i7 CPU       Q 740  @ 1.73GHz
stepping	: 5
microcode	: 0x3
cpu MHz		: 933.000
cache size	: 6144 KB
physical id	: 0
siblings	: 8
core id		: 0
cpu cores	: 4
apicid		: 1
initial apicid	: 1
fpu		: yes
fpu_exception	: yes
cpuid level	: 11
wp		: yes
flags		: fpu vme de pse tsc msr pae mce cx8 apic sep mtrr pge mca cmov pat pse36 clflush dts acpi mmx fxsr sse sse2 ss ht tm pbe syscall nx rdtscp lm constant_tsc arch_perfmon pebs bts rep_good nopl xtopology nonstop_tsc aperfmperf pni dtes64 monitor ds_cpl vmx smx est tm2 ssse3 cx16 xtpr pdcm sse4_1 sse4_2 popcnt lahf_lm ida dtherm tpr_shadow vnmi flexpriority ept vpid
bogomips	: 3457.63
clflush size	: 64
cache_alignment	: 64
address sizes	: 36 bits physical, 48 bits virtual
power management:

processor	: 5
vendor_id	: GenuineIntel
cpu family	: 6
model		: 30
model name	: Intel(R) Core(TM) i7 CPU       Q 740  @ 1.73GHz
stepping	: 5
microcode	: 0x3
cpu MHz		: 1734.000
cache size	: 6144 KB
physical id	: 0
siblings	: 8
core id		: 1
cpu cores	: 4
apicid		: 3
initial apicid	: 3
fpu		: yes
fpu_exception	: yes
cpuid level	: 11
wp		: yes
flags		: fpu vme de pse tsc msr pae mce cx8 apic sep mtrr pge mca cmov pat pse36 clflush dts acpi mmx fxsr sse sse2 ss ht tm pbe syscall nx rdtscp lm constant_tsc arch_perfmon pebs bts rep_good nopl xtopology nonstop_tsc aperfmperf pni dtes64 monitor ds_cpl vmx smx est tm2 ssse3 cx16 xtpr pdcm sse4_1 sse4_2 popcnt lahf_lm ida dtherm tpr_shadow vnmi flexpriority ept vpid
bogomips	: 3457.63
clflush size	: 64
cache_alignment	: 64
address sizes	: 36 bits physical, 48 bits virtual
power management:

processor	: 6
vendor_id	: GenuineIntel
cpu family	: 6
model		: 30
model name	: Intel(R) Core(TM) i7 CPU       Q 740  @ 1.73GHz
stepping	: 5
microcode	: 0x3
cpu MHz		: 1734.000
cache size	: 6144 KB
physical id	: 0
siblings	: 8
core id		: 2
cpu cores	: 4
apicid		: 5
initial apicid	: 5
fpu		: yes
fpu_exception	: yes
cpuid level	: 11
wp		: yes
flags		: fpu vme de pse tsc msr pae mce cx8 apic sep mtrr pge mca cmov pat pse36 clflush dts acpi mmx fxsr sse sse2 ss ht tm pbe syscall nx rdtscp lm constant_tsc arch_perfmon pebs bts rep_good nopl xtopology nonstop_tsc aperfmperf pni dtes64 monitor ds_cpl vmx smx est tm2 ssse3 cx16 xtpr pdcm sse4_1 sse4_2 popcnt lahf_lm ida dtherm tpr_shadow vnmi flexpriority ept vpid
bogomips	: 3457.63
clflush size	: 64
cache_alignment	: 64
address sizes	: 36 bits physical, 48 bits virtual
power management:

processor	: 7
vendor_id	: GenuineIntel
cpu family	: 6
model		: 30
model name	: Intel(R) Core(TM) i7 CPU       Q 740  @ 1.73GHz
stepping	: 5
microcode	: 0x3
cpu MHz		: 1734.000
cache size	: 6144 KB
physical id	: 0
siblings	: 8
core id		: 3
cpu cores	: 4
apicid		: 7
initial apicid	: 7
fpu		: yes
fpu_exception	: yes
cpuid level	: 11
wp		: yes
flags		: fpu vme de pse tsc msr pae mce cx8 apic sep mtrr pge mca cmov pat pse36 clflush dts acpi mmx fxsr sse sse2 ss ht tm pbe syscall nx rdtscp lm constant_tsc arch_perfmon pebs bts rep_good nopl xtopology nonstop_tsc aperfmperf pni dtes64 monitor ds_cpl vmx smx est tm2 ssse3 cx16 xtpr pdcm sse4_1 sse4_2 popcnt lahf_lm ida dtherm tpr_shadow vnmi flexpriority ept vpid
bogomips	: 3457.63
clflush size	: 64
cache_alignment	: 64
address sizes	: 36 bits physical, 48 bits virtual
power management:



Memory: 4k page, physical 4029408k(130860k free), swap 0k(0k free)

vm_info: OpenJDK 64-Bit Server VM (24.91-b01) for linux-amd64 JRE (1.7.0_91-b02), built on Nov 19 2015 06:14:37 by "buildd" with gcc 4.8.2

time: Thu Jan 14 23:44:59 2016
elapsed time: 3 seconds

