#
# There is insufficient memory for the Java Runtime Environment to continue.
# Native memory allocation (malloc) failed to allocate 161480704 bytes for committing reserved memory.
# Possible reasons:
#   The system is out of physical RAM or swap space
#   In 32 bit mode, the process size limit was hit
# Possible solutions:
#   Reduce memory load on the system
#   Increase physical memory or swap space
#   Check if swap backing store is full
#   Use 64 bit Java on a 64 bit OS
#   Decrease Java heap size (-Xmx/-Xms)
#   Decrease number of Java threads
#   Decrease Java thread stack sizes (-Xss)
#   Set larger code cache with -XX:ReservedCodeCacheSize=
# This output file may be truncated or incomplete.
#
#  Out of Memory Error (os_linux.cpp:2827), pid=9100, tid=140061109626624
#
# JRE version: OpenJDK Runtime Environment (7.0_91-b02) (build 1.7.0_91-b02)
# Java VM: OpenJDK 64-Bit Server VM (24.91-b01 mixed mode linux-amd64 compressed oops)
# Derivative: IcedTea 2.6.3
# Distribution: Ubuntu 14.04 LTS, package 7u91-2.6.3-0ubuntu0.14.04.1
# Failed to write core dump. Core dumps have been disabled. To enable core dumping, try "ulimit -c unlimited" before starting Java again
#

---------------  T H R E A D  ---------------

Current thread (0x00007f6288081000):  VMThread [stack: 0x00007f62849fa000,0x00007f6284afb000] [id=9113]

Stack: [0x00007f62849fa000,0x00007f6284afb000],  sp=0x00007f6284af9490,  free space=1021k
Native frames: (J=compiled Java code, j=interpreted, Vv=VM code, C=native code)
V  [libjvm.so+0x953e15]  VMError::report_and_die()+0x175
V  [libjvm.so+0x48fd94]  report_vm_out_of_memory(char const*, int, unsigned long, char const*)+0x74
V  [libjvm.so+0x7cf87b]  os::pd_commit_memory(char*, unsigned long, unsigned long, bool)+0xeb
V  [libjvm.so+0x7ca33f]  os::commit_memory(char*, unsigned long, unsigned long, bool)+0x1f
V  [libjvm.so+0x83dacb]  PSVirtualSpace::expand_by(unsigned long)+0x5b
V  [libjvm.so+0x83e930]  PSYoungGen::resize_generation(unsigned long, unsigned long)+0xb0
V  [libjvm.so+0x83f01b]  PSYoungGen::resize(unsigned long, unsigned long)+0x1b
V  [libjvm.so+0x83b258]  PSScavenge::invoke_no_policy()+0xd68
V  [libjvm.so+0x83bac8]  PSScavenge::invoke()+0x38
V  [libjvm.so+0x7f2083]  ParallelScavengeHeap::failed_mem_allocate(unsigned long)+0x63
V  [libjvm.so+0x955814]  VM_ParallelGCFailedAllocation::doit()+0x84
V  [libjvm.so+0x959917]  VM_Operation::evaluate()+0x47
V  [libjvm.so+0x9583d8]  VMThread::evaluate_operation(VM_Operation*)+0x318
V  [libjvm.so+0x958839]  VMThread::loop()+0x219
V  [libjvm.so+0x958c82]  VMThread::run()+0x72
V  [libjvm.so+0x7cc742]  java_start(Thread*)+0xf2

VM_Operation (0x00007f6291e49190): ParallelGCFailedAllocation, mode: safepoint, requested by thread 0x00007f628800d000


---------------  P R O C E S S  ---------------

Java Threads: ( => current thread )
  0x00007f62880ba000 JavaThread "Service Thread" daemon [_thread_blocked, id=9119, stack(0x00007f6284126000,0x00007f6284227000)]
  0x00007f62880b8000 JavaThread "C2 CompilerThread1" daemon [_thread_blocked, id=9118, stack(0x00007f6284227000,0x00007f6284328000)]
  0x00007f62880b5000 JavaThread "C2 CompilerThread0" daemon [_thread_blocked, id=9117, stack(0x00007f6284328000,0x00007f6284429000)]
  0x00007f62880b3000 JavaThread "Signal Dispatcher" daemon [_thread_blocked, id=9116, stack(0x00007f6284429000,0x00007f628452a000)]
  0x00007f6288087800 JavaThread "Finalizer" daemon [_thread_blocked, id=9115, stack(0x00007f62847f8000,0x00007f62848f9000)]
  0x00007f6288085800 JavaThread "Reference Handler" daemon [_thread_blocked, id=9114, stack(0x00007f62848f9000,0x00007f62849fa000)]
  0x00007f628800d000 JavaThread "main" [_thread_blocked, id=9104, stack(0x00007f6291d4a000,0x00007f6291e4b000)]

Other Threads:
=>0x00007f6288081000 VMThread [stack: 0x00007f62849fa000,0x00007f6284afb000] [id=9113]
  0x00007f62880c4800 WatcherThread [stack: 0x00007f6284025000,0x00007f6284126000] [id=9120]

VM state:at safepoint (normal execution)

VM Mutex/Monitor currently owned by a thread:  ([mutex/lock_event])
[0x00007f6288009510] Threads_lock - owner thread: 0x00007f6288081000
[0x00007f6288009a10] Heap_lock - owner thread: 0x00007f628800d000

Heap
 PSYoungGen      total 66048K, used 2557K [0x00000000eaa80000, 0x00000000eed80000, 0x0000000100000000)
  eden space 63488K, 0% used [0x00000000eaa80000,0x00000000eaa80000,0x00000000ee880000)
  from space 2560K, 99% used [0x00000000ee880000,0x00000000eeaff490,0x00000000eeb00000)
  to   space 2560K, 0% used [0x00000000eeb00000,0x00000000eeb00000,0x00000000eed80000)
 ParOldGen       total 111616K, used 28921K [0x00000000c0000000, 0x00000000c6d00000, 0x00000000eaa80000)
  object space 111616K, 25% used [0x00000000c0000000,0x00000000c1c3e5c8,0x00000000c6d00000)
 PSPermGen       total 21504K, used 7103K [0x00000000b5a00000, 0x00000000b6f00000, 0x00000000c0000000)
  object space 21504K, 33% used [0x00000000b5a00000,0x00000000b60efcd8,0x00000000b6f00000)

Card table byte_map: [0x00007f628e735000,0x00007f628e989000] byte_map_base: 0x00007f628e188000

Polling page: 0x00007f6291e72000

Code Cache  [0x00007f6285000000, 0x00007f6285270000, 0x00007f6288000000)
 total_blobs=964 nmethods=721 adapters=197 free_code_cache=47256Kb largest_free_block=48353024

Compilation events (10 events):
Event: 3,070 Thread 0x00007f62880b5000 nmethod 726 0x00007f62851dc450 code [0x00007f62851dc580, 0x00007f62851dc5d8]
Event: 3,075 Thread 0x00007f62880b5000  727             com.android.dx.io.instructions.OneRegisterDecodedInstruction::getRegisterCount (2 bytes)
Event: 3,075 Thread 0x00007f62880b5000 nmethod 727 0x00007f62851dc250 code [0x00007f62851dc380, 0x00007f62851dc3d8]
Event: 3,089 Thread 0x00007f62880b5000  728             com.android.dx.io.instructions.TwoRegisterDecodedInstruction::getRegisterCount (2 bytes)
Event: 3,090 Thread 0x00007f62880b5000 nmethod 728 0x00007f62851dc050 code [0x00007f62851dc180, 0x00007f62851dc1d8]
Event: 3,096 Thread 0x00007f62880b5000  729             com.android.dx.io.instructions.ZeroRegisterDecodedInstruction::<init> (14 bytes)
Event: 3,098 Thread 0x00007f62880b5000 nmethod 729 0x00007f62851dbb50 code [0x00007f62851dbca0, 0x00007f62851dbe38]
Event: 3,098 Thread 0x00007f62880b5000  730             com.android.dex.Dex::readCode (28 bytes)
Event: 3,129 Thread 0x00007f62880b5000 nmethod 730 0x00007f62851e0b90 code [0x00007f62851e0e00, 0x00007f62851e1b10]
Event: 3,129 Thread 0x00007f62880b5000  731             com.android.dex.Dex$Section::access$900 (5 bytes)

GC Heap History (10 events):
Event: 0,598 GC heap after
Heap after GC invocations=1 (full 0):
 PSYoungGen      total 18432K, used 2546K [0x00000000eaa80000, 0x00000000ece80000, 0x0000000100000000)
  eden space 15872K, 0% used [0x00000000eaa80000,0x00000000eaa80000,0x00000000eba00000)
  from space 2560K, 99% used [0x00000000eba00000,0x00000000ebc7c880,0x00000000ebc80000)
  to   space 2560K, 0% used [0x00000000ecc00000,0x00000000ecc00000,0x00000000ece80000)
 ParOldGen       total 41984K, used 1901K [0x00000000c0000000, 0x00000000c2900000, 0x00000000eaa80000)
  object space 41984K, 4% used [0x00000000c0000000,0x00000000c01db498,0x00000000c2900000)
 PSPermGen       total 21504K, used 5370K [0x00000000b5a00000, 0x00000000b6f00000, 0x00000000c0000000)
  object space 21504K, 24% used [0x00000000b5a00000,0x00000000b5f3ea08,0x00000000b6f00000)
}
Event: 0,830 GC heap before
{Heap before GC invocations=2 (full 0):
 PSYoungGen      total 18432K, used 18418K [0x00000000eaa80000, 0x00000000ece80000, 0x0000000100000000)
  eden space 15872K, 100% used [0x00000000eaa80000,0x00000000eba00000,0x00000000eba00000)
  from space 2560K, 99% used [0x00000000eba00000,0x00000000ebc7c880,0x00000000ebc80000)
  to   space 2560K, 0% used [0x00000000ecc00000,0x00000000ecc00000,0x00000000ece80000)
 ParOldGen       total 41984K, used 1901K [0x00000000c0000000, 0x00000000c2900000, 0x00000000eaa80000)
  object space 41984K, 4% used [0x00000000c0000000,0x00000000c01db498,0x00000000c2900000)
 PSPermGen       total 21504K, used 5459K [0x00000000b5a00000, 0x00000000b6f00000, 0x00000000c0000000)
  object space 21504K, 25% used [0x00000000b5a00000,0x00000000b5f54c08,0x00000000b6f00000)
Event: 0,843 GC heap after
Heap after GC invocations=2 (full 0):
 PSYoungGen      total 34304K, used 2532K [0x00000000eaa80000, 0x00000000ece80000, 0x0000000100000000)
  eden space 31744K, 0% used [0x00000000eaa80000,0x00000000eaa80000,0x00000000ec980000)
  from space 2560K, 98% used [0x00000000ecc00000,0x00000000ece791d0,0x00000000ece80000)
  to   space 2560K, 0% used [0x00000000ec980000,0x00000000ec980000,0x00000000ecc00000)
 ParOldGen       total 41984K, used 5254K [0x00000000c0000000, 0x00000000c2900000, 0x00000000eaa80000)
  object space 41984K, 12% used [0x00000000c0000000,0x00000000c05218d8,0x00000000c2900000)
 PSPermGen       total 21504K, used 5459K [0x00000000b5a00000, 0x00000000b6f00000, 0x00000000c0000000)
  object space 21504K, 25% used [0x00000000b5a00000,0x00000000b5f54c08,0x00000000b6f00000)
}
Event: 1,041 GC heap before
{Heap before GC invocations=3 (full 0):
 PSYoungGen      total 34304K, used 33646K [0x00000000eaa80000, 0x00000000ece80000, 0x0000000100000000)
  eden space 31744K, 98% used [0x00000000eaa80000,0x00000000ec8e28b8,0x00000000ec980000)
  from space 2560K, 98% used [0x00000000ecc00000,0x00000000ece791d0,0x00000000ece80000)
  to   space 2560K, 0% used [0x00000000ec980000,0x00000000ec980000,0x00000000ecc00000)
 ParOldGen       total 41984K, used 5254K [0x00000000c0000000, 0x00000000c2900000, 0x00000000eaa80000)
  object space 41984K, 12% used [0x00000000c0000000,0x00000000c05218d8,0x00000000c2900000)
 PSPermGen       total 21504K, used 5928K [0x00000000b5a00000, 0x00000000b6f00000, 0x00000000c0000000)
  object space 21504K, 27% used [0x00000000b5a00000,0x00000000b5fca100,0x00000000b6f00000)
Event: 1,062 GC heap after
Heap after GC invocations=3 (full 0):
 PSYoungGen      total 34304K, used 2558K [0x00000000eaa80000, 0x00000000eed80000, 0x0000000100000000)
  eden space 31744K, 0% used [0x00000000eaa80000,0x00000000eaa80000,0x00000000ec980000)
  from space 2560K, 99% used [0x00000000ec980000,0x00000000ecbff868,0x00000000ecc00000)
  to   space 2560K, 0% used [0x00000000eeb00000,0x00000000eeb00000,0x00000000eed80000)
 ParOldGen       total 41984K, used 13845K [0x00000000c0000000, 0x00000000c2900000, 0x00000000eaa80000)
  object space 41984K, 32% used [0x00000000c0000000,0x00000000c0d854b8,0x00000000c2900000)
 PSPermGen       total 21504K, used 5928K [0x00000000b5a00000, 0x00000000b6f00000, 0x00000000c0000000)
  object space 21504K, 27% used [0x00000000b5a00000,0x00000000b5fca100,0x00000000b6f00000)
}
Event: 1,934 GC heap before
{Heap before GC invocations=4 (full 0):
 PSYoungGen      total 34304K, used 34302K [0x00000000eaa80000, 0x00000000eed80000, 0x0000000100000000)
  eden space 31744K, 100% used [0x00000000eaa80000,0x00000000ec980000,0x00000000ec980000)
  from space 2560K, 99% used [0x00000000ec980000,0x00000000ecbff868,0x00000000ecc00000)
  to   space 2560K, 0% used [0x00000000eeb00000,0x00000000eeb00000,0x00000000eed80000)
 ParOldGen       total 41984K, used 13845K [0x00000000c0000000, 0x00000000c2900000, 0x00000000eaa80000)
  object space 41984K, 32% used [0x00000000c0000000,0x00000000c0d854b8,0x00000000c2900000)
 PSPermGen       total 21504K, used 6659K [0x00000000b5a00000, 0x00000000b6f00000, 0x00000000c0000000)
  object space 21504K, 30% used [0x00000000b5a00000,0x00000000b6080ce0,0x00000000b6f00000)
Event: 1,997 GC heap after
Heap after GC invocations=4 (full 0):
 PSYoungGen      total 66048K, used 2546K [0x00000000eaa80000, 0x00000000eed80000, 0x0000000100000000)
  eden space 63488K, 0% used [0x00000000eaa80000,0x00000000eaa80000,0x00000000ee880000)
  from space 2560K, 99% used [0x00000000eeb00000,0x00000000eed7cbe8,0x00000000eed80000)
  to   space 2560K, 0% used [0x00000000ee880000,0x00000000ee880000,0x00000000eeb00000)
 ParOldGen       total 85504K, used 84995K [0x00000000c0000000, 0x00000000c5380000, 0x00000000eaa80000)
  object space 85504K, 99% used [0x00000000c0000000,0x00000000c5300e38,0x00000000c5380000)
 PSPermGen       total 21504K, used 6659K [0x00000000b5a00000, 0x00000000b6f00000, 0x00000000c0000000)
  object space 21504K, 30% used [0x00000000b5a00000,0x00000000b6080ce0,0x00000000b6f00000)
}
Event: 1,997 GC heap before
{Heap before GC invocations=5 (full 1):
 PSYoungGen      total 66048K, used 2546K [0x00000000eaa80000, 0x00000000eed80000, 0x0000000100000000)
  eden space 63488K, 0% used [0x00000000eaa80000,0x00000000eaa80000,0x00000000ee880000)
  from space 2560K, 99% used [0x00000000eeb00000,0x00000000eed7cbe8,0x00000000eed80000)
  to   space 2560K, 0% used [0x00000000ee880000,0x00000000ee880000,0x00000000eeb00000)
 ParOldGen       total 85504K, used 84995K [0x00000000c0000000, 0x00000000c5380000, 0x00000000eaa80000)
  object space 85504K, 99% used [0x00000000c0000000,0x00000000c5300e38,0x00000000c5380000)
 PSPermGen       total 21504K, used 6659K [0x00000000b5a00000, 0x00000000b6f00000, 0x00000000c0000000)
  object space 21504K, 30% used [0x00000000b5a00000,0x00000000b6080ce0,0x00000000b6f00000)
Event: 2,061 GC heap after
Heap after GC invocations=5 (full 1):
 PSYoungGen      total 66048K, used 0K [0x00000000eaa80000, 0x00000000eed80000, 0x0000000100000000)
  eden space 63488K, 0% used [0x00000000eaa80000,0x00000000eaa80000,0x00000000ee880000)
  from space 2560K, 0% used [0x00000000eeb00000,0x00000000eeb00000,0x00000000eed80000)
  to   space 2560K, 0% used [0x00000000ee880000,0x00000000ee880000,0x00000000eeb00000)
 ParOldGen       total 111616K, used 27688K [0x00000000c0000000, 0x00000000c6d00000, 0x00000000eaa80000)
  object space 111616K, 24% used [0x00000000c0000000,0x00000000c1b0a098,0x00000000c6d00000)
 PSPermGen       total 21504K, used 6657K [0x00000000b5a00000, 0x00000000b6f00000, 0x00000000c0000000)
  object space 21504K, 30% used [0x00000000b5a00000,0x00000000b60805c0,0x00000000b6f00000)
}
Event: 3,149 GC heap before
{Heap before GC invocations=6 (full 1):
 PSYoungGen      total 66048K, used 63488K [0x00000000eaa80000, 0x00000000eed80000, 0x0000000100000000)
  eden space 63488K, 100% used [0x00000000eaa80000,0x00000000ee880000,0x00000000ee880000)
  from space 2560K, 0% used [0x00000000eeb00000,0x00000000eeb00000,0x00000000eed80000)
  to   space 2560K, 0% used [0x00000000ee880000,0x00000000ee880000,0x00000000eeb00000)
 ParOldGen       total 111616K, used 27688K [0x00000000c0000000, 0x00000000c6d00000, 0x00000000eaa80000)
  object space 111616K, 24% used [0x00000000c0000000,0x00000000c1b0a098,0x00000000c6d00000)
 PSPermGen       total 21504K, used 7103K [0x00000000b5a00000, 0x00000000b6f00000, 0x00000000c0000000)
  object space 21504K, 33% used [0x00000000b5a00000,0x00000000b60efcd8,0x00000000b6f00000)

Deoptimization events (10 events):
Event: 2,540 Thread 0x00007f628800d000 Uncommon trap: reason=class_check action=maybe_recompile pc=0x00007f62851591b4 method=com.android.dx.merge.DexMerger$IdMerger$UnsortedValue.compareTo(Lcom/android/dx/merge/DexMerger$IdMerger$UnsortedValue;)I @ 8
Event: 2,540 Thread 0x00007f628800d000 Uncommon trap: reason=class_check action=maybe_recompile pc=0x00007f62851591b4 method=com.android.dx.merge.DexMerger$IdMerger$UnsortedValue.compareTo(Lcom/android/dx/merge/DexMerger$IdMerger$UnsortedValue;)I @ 8
Event: 2,540 Thread 0x00007f628800d000 Uncommon trap: reason=predicate action=maybe_recompile pc=0x00007f6285162b94 method=java.util.ComparableTimSort.binarySort([Ljava/lang/Object;III)V @ 79
Event: 2,540 Thread 0x00007f628800d000 Uncommon trap: reason=class_check action=maybe_recompile pc=0x00007f62851591b4 method=com.android.dx.merge.DexMerger$IdMerger$UnsortedValue.compareTo(Lcom/android/dx/merge/DexMerger$IdMerger$UnsortedValue;)I @ 8
Event: 2,540 Thread 0x00007f628800d000 Uncommon trap: reason=class_check action=maybe_recompile pc=0x00007f628515c510 method=com.android.dx.merge.DexMerger$IdMerger$UnsortedValue.compareTo(Lcom/android/dx/merge/DexMerger$IdMerger$UnsortedValue;)I @ 8
Event: 2,541 Thread 0x00007f628800d000 Uncommon trap: reason=class_check action=maybe_recompile pc=0x00007f6285169748 method=com.android.dx.merge.DexMerger$IdMerger$UnsortedValue.compareTo(Lcom/android/dx/merge/DexMerger$IdMerger$UnsortedValue;)I @ 8
Event: 2,541 Thread 0x00007f628800d000 Uncommon trap: reason=class_check action=maybe_recompile pc=0x00007f628516eb40 method=com.android.dx.merge.DexMerger$IdMerger$UnsortedValue.compareTo(Lcom/android/dx/merge/DexMerger$IdMerger$UnsortedValue;)I @ 8
Event: 2,678 Thread 0x00007f628800d000 Uncommon trap: reason=unstable_if action=reinterpret pc=0x00007f6285185ed0 method=com.android.dex.EncodedValueCodec.readUnsignedInt(Lcom/android/dex/util/ByteInput;IZ)I @ 3
Event: 2,678 Thread 0x00007f628800d000 Uncommon trap: reason=unloaded action=reinterpret pc=0x00007f6285198710 method=com.android.dx.merge.IndexMap$EncodedValueTransformer.transform(Lcom/android/dex/EncodedValueReader;)V @ 232
Event: 2,796 Thread 0x00007f628800d000 Uncommon trap: reason=unstable_if action=reinterpret pc=0x00007f6285163b84 method=com.android.dx.merge.IndexMap.adjustString(I)I @ 2

Internal exceptions (10 events):
Event: 2,785 Thread 0x00007f628800d000 Threw 0x00000000ed367018 at /build/openjdk-7-zaTxYK/openjdk-7-7u91-2.6.3/build/openjdk/hotspot/src/share/vm/prims/jvm.cpp:1322
Event: 2,785 Thread 0x00007f628800d000 Threw 0x00000000ed36acb0 at /build/openjdk-7-zaTxYK/openjdk-7-7u91-2.6.3/build/openjdk/hotspot/src/share/vm/prims/jvm.cpp:1322
Event: 2,786 Thread 0x00007f628800d000 Threw 0x00000000ed36ea98 at /build/openjdk-7-zaTxYK/openjdk-7-7u91-2.6.3/build/openjdk/hotspot/src/share/vm/prims/jvm.cpp:1322
Event: 2,787 Thread 0x00007f628800d000 Threw 0x00000000ed374a80 at /build/openjdk-7-zaTxYK/openjdk-7-7u91-2.6.3/build/openjdk/hotspot/src/share/vm/prims/jvm.cpp:1322
Event: 2,788 Thread 0x00007f628800d000 Threw 0x00000000ed378598 at /build/openjdk-7-zaTxYK/openjdk-7-7u91-2.6.3/build/openjdk/hotspot/src/share/vm/prims/jvm.cpp:1322
Event: 2,788 Thread 0x00007f628800d000 Threw 0x00000000ed37c2a8 at /build/openjdk-7-zaTxYK/openjdk-7-7u91-2.6.3/build/openjdk/hotspot/src/share/vm/prims/jvm.cpp:1322
Event: 2,789 Thread 0x00007f628800d000 Threw 0x00000000ed37fd28 at /build/openjdk-7-zaTxYK/openjdk-7-7u91-2.6.3/build/openjdk/hotspot/src/share/vm/prims/jvm.cpp:1322
Event: 2,792 Thread 0x00007f628800d000 Threw 0x00000000ed3c7508 at /build/openjdk-7-zaTxYK/openjdk-7-7u91-2.6.3/build/openjdk/hotspot/src/share/vm/prims/jvm.cpp:1322
Event: 2,793 Thread 0x00007f628800d000 Threw 0x00000000ed3ca0c8 at /build/openjdk-7-zaTxYK/openjdk-7-7u91-2.6.3/build/openjdk/hotspot/src/share/vm/prims/jvm.cpp:1322
Event: 2,916 Thread 0x00007f628800d000 Threw 0x00000000ed730250 at /build/openjdk-7-zaTxYK/openjdk-7-7u91-2.6.3/build/openjdk/hotspot/src/share/vm/prims/jvm.cpp:1322

Events (10 events):
Event: 2,792 loading class 0x00007f62881f72b0
Event: 2,792 loading class 0x00007f62881f72b0 done
Event: 2,793 loading class 0x00007f62881f6cc0
Event: 2,793 loading class 0x00007f62881f6cc0 done
Event: 2,796 Thread 0x00007f628800d000 Uncommon trap: trap_request=0xffffff75 fr.pc=0x00007f6285163b84
Event: 2,796 Thread 0x00007f628800d000 DEOPT PACKING pc=0x00007f6285163b84 sp=0x00007f6291e49300
Event: 2,796 Thread 0x00007f628800d000 DEOPT UNPACKING pc=0x00007f6285039045 sp=0x00007f6291e492c0 mode 2
Event: 2,916 loading class 0x00007f62881e2900
Event: 2,916 loading class 0x00007f62881e2900 done
Event: 3,149 Executing VM operation: ParallelGCFailedAllocation


Dynamic libraries:
00400000-00401000 r-xp 00000000 08:06 401267                             /usr/lib/jvm/java-7-openjdk-amd64/jre/bin/java
00600000-00601000 r--p 00000000 08:06 401267                             /usr/lib/jvm/java-7-openjdk-amd64/jre/bin/java
00601000-00602000 rw-p 00001000 08:06 401267                             /usr/lib/jvm/java-7-openjdk-amd64/jre/bin/java
011bb000-011dc000 rw-p 00000000 00:00 0                                  [heap]
b5a00000-b6f00000 rw-p 00000000 00:00 0 
b6f00000-c0000000 rw-p 00000000 00:00 0 
c0000000-c6d00000 rw-p 00000000 00:00 0 
c6d00000-eaa80000 rw-p 00000000 00:00 0 
eaa80000-eed80000 rw-p 00000000 00:00 0 
f8780000-100000000 rw-p 00000000 00:00 0 
7f6228000000-7f6228037000 rw-p 00000000 00:00 0 
7f6228037000-7f622c000000 ---p 00000000 00:00 0 
7f622fc61000-7f622fdc2000 rw-p 00000000 00:00 0 
7f622fdc2000-7f622fdff000 r-xp 00000000 08:06 660072                     /lib/x86_64-linux-gnu/libpcre.so.3.13.1
7f622fdff000-7f622fffe000 ---p 0003d000 08:06 660072                     /lib/x86_64-linux-gnu/libpcre.so.3.13.1
7f622fffe000-7f622ffff000 r--p 0003c000 08:06 660072                     /lib/x86_64-linux-gnu/libpcre.so.3.13.1
7f622ffff000-7f6230000000 rw-p 0003d000 08:06 660072                     /lib/x86_64-linux-gnu/libpcre.so.3.13.1
7f6230000000-7f6230021000 rw-p 00000000 00:00 0 
7f6230021000-7f6234000000 ---p 00000000 00:00 0 
7f6234000000-7f6234021000 rw-p 00000000 00:00 0 
7f6234021000-7f6238000000 ---p 00000000 00:00 0 
7f6238000000-7f6238057000 rw-p 00000000 00:00 0 
7f6238057000-7f623c000000 ---p 00000000 00:00 0 
7f623c000000-7f623c021000 rw-p 00000000 00:00 0 
7f623c021000-7f6240000000 ---p 00000000 00:00 0 
7f6240000000-7f6240021000 rw-p 00000000 00:00 0 
7f6240021000-7f6244000000 ---p 00000000 00:00 0 
7f6244000000-7f6244021000 rw-p 00000000 00:00 0 
7f6244021000-7f6248000000 ---p 00000000 00:00 0 
7f6248000000-7f62487d8000 rw-p 00000000 00:00 0 
7f62487d8000-7f624c000000 ---p 00000000 00:00 0 
7f624c000000-7f624c8de000 rw-p 00000000 00:00 0 
7f624c8de000-7f6250000000 ---p 00000000 00:00 0 
7f6250000000-7f6250021000 rw-p 00000000 00:00 0 
7f6250021000-7f6254000000 ---p 00000000 00:00 0 
7f6254000000-7f6254021000 rw-p 00000000 00:00 0 
7f6254021000-7f6258000000 ---p 00000000 00:00 0 
7f6258000000-7f62580e4000 rw-p 00000000 00:00 0 
7f62580e4000-7f625c000000 ---p 00000000 00:00 0 
7f625c000000-7f625c021000 rw-p 00000000 00:00 0 
7f625c021000-7f6260000000 ---p 00000000 00:00 0 
7f6260000000-7f6260021000 rw-p 00000000 00:00 0 
7f6260021000-7f6264000000 ---p 00000000 00:00 0 
7f6264000000-7f6264021000 rw-p 00000000 00:00 0 
7f6264021000-7f6268000000 ---p 00000000 00:00 0 
7f6268000000-7f6268021000 rw-p 00000000 00:00 0 
7f6268021000-7f626c000000 ---p 00000000 00:00 0 
7f626c08b000-7f626c092000 r-xp 00000000 08:06 287713                     /usr/lib/x86_64-linux-gnu/libffi.so.6.0.1
7f626c092000-7f626c291000 ---p 00007000 08:06 287713                     /usr/lib/x86_64-linux-gnu/libffi.so.6.0.1
7f626c291000-7f626c292000 r--p 00006000 08:06 287713                     /usr/lib/x86_64-linux-gnu/libffi.so.6.0.1
7f626c292000-7f626c293000 rw-p 00007000 08:06 287713                     /usr/lib/x86_64-linux-gnu/libffi.so.6.0.1
7f626c293000-7f626c2aa000 r-xp 00000000 08:06 660145                     /lib/x86_64-linux-gnu/libresolv-2.19.so
7f626c2aa000-7f626c4aa000 ---p 00017000 08:06 660145                     /lib/x86_64-linux-gnu/libresolv-2.19.so
7f626c4aa000-7f626c4ab000 r--p 00017000 08:06 660145                     /lib/x86_64-linux-gnu/libresolv-2.19.so
7f626c4ab000-7f626c4ac000 rw-p 00018000 08:06 660145                     /lib/x86_64-linux-gnu/libresolv-2.19.so
7f626c4ac000-7f626c4ae000 rw-p 00000000 00:00 0 
7f626c4ae000-7f626c4ce000 r-xp 00000000 08:06 660149                     /lib/x86_64-linux-gnu/libselinux.so.1
7f626c4ce000-7f626c6cd000 ---p 00020000 08:06 660149                     /lib/x86_64-linux-gnu/libselinux.so.1
7f626c6cd000-7f626c6ce000 r--p 0001f000 08:06 660149                     /lib/x86_64-linux-gnu/libselinux.so.1
7f626c6ce000-7f626c6cf000 rw-p 00020000 08:06 660149                     /lib/x86_64-linux-gnu/libselinux.so.1
7f626c6cf000-7f626c6d1000 rw-p 00000000 00:00 0 
7f626c6d1000-7f626c6d4000 r-xp 00000000 08:06 273921                     /usr/lib/x86_64-linux-gnu/libgmodule-2.0.so.0.4002.0
7f626c6d4000-7f626c8d3000 ---p 00003000 08:06 273921                     /usr/lib/x86_64-linux-gnu/libgmodule-2.0.so.0.4002.0
7f626c8d3000-7f626c8d4000 r--p 00002000 08:06 273921                     /usr/lib/x86_64-linux-gnu/libgmodule-2.0.so.0.4002.0
7f626c8d4000-7f626c8d5000 rw-p 00003000 08:06 273921                     /usr/lib/x86_64-linux-gnu/libgmodule-2.0.so.0.4002.0
7f626c8d5000-7f626c9db000 r-xp 00000000 08:06 660049                     /lib/x86_64-linux-gnu/libglib-2.0.so.0.4002.0
7f626c9db000-7f626cbda000 ---p 00106000 08:06 660049                     /lib/x86_64-linux-gnu/libglib-2.0.so.0.4002.0
7f626cbda000-7f626cbdb000 r--p 00105000 08:06 660049                     /lib/x86_64-linux-gnu/libglib-2.0.so.0.4002.0
7f626cbdb000-7f626cbdc000 rw-p 00106000 08:06 660049                     /lib/x86_64-linux-gnu/libglib-2.0.so.0.4002.0
7f626cbdc000-7f626cbdd000 rw-p 00000000 00:00 0 
7f626cbdd000-7f626cc2c000 r-xp 00000000 08:06 273945                     /usr/lib/x86_64-linux-gnu/libgobject-2.0.so.0.4002.0
7f626cc2c000-7f626ce2c000 ---p 0004f000 08:06 273945                     /usr/lib/x86_64-linux-gnu/libgobject-2.0.so.0.4002.0
7f626ce2c000-7f626ce2d000 r--p 0004f000 08:06 273945                     /usr/lib/x86_64-linux-gnu/libgobject-2.0.so.0.4002.0
7f626ce2d000-7f626ce2e000 rw-p 00050000 08:06 273945                     /usr/lib/x86_64-linux-gnu/libgobject-2.0.so.0.4002.0
7f626ce2e000-7f626cf9a000 r-xp 00000000 08:06 273905                     /usr/lib/x86_64-linux-gnu/libgio-2.0.so.0.4002.0
7f626cf9a000-7f626d199000 ---p 0016c000 08:06 273905                     /usr/lib/x86_64-linux-gnu/libgio-2.0.so.0.4002.0
7f626d199000-7f626d19d000 r--p 0016b000 08:06 273905                     /usr/lib/x86_64-linux-gnu/libgio-2.0.so.0.4002.0
7f626d19d000-7f626d19f000 rw-p 0016f000 08:06 273905                     /usr/lib/x86_64-linux-gnu/libgio-2.0.so.0.4002.0
7f626d19f000-7f626d1a1000 rw-p 00000000 00:00 0 
7f626d1a1000-7f626d1b8000 r-xp 00000000 08:06 401326                     /usr/lib/jvm/java-7-openjdk-amd64/jre/lib/amd64/libnet.so
7f626d1b8000-7f626d3b7000 ---p 00017000 08:06 401326                     /usr/lib/jvm/java-7-openjdk-amd64/jre/lib/amd64/libnet.so
7f626d3b7000-7f626d3b8000 r--p 00016000 08:06 401326                     /usr/lib/jvm/java-7-openjdk-amd64/jre/lib/amd64/libnet.so
7f626d3b8000-7f626d3b9000 rw-p 00017000 08:06 401326                     /usr/lib/jvm/java-7-openjdk-amd64/jre/lib/amd64/libnet.so
7f626d3b9000-7f626d3c9000 r-xp 00000000 08:06 401292                     /usr/lib/jvm/java-7-openjdk-amd64/jre/lib/amd64/libnio.so
7f626d3c9000-7f626d5c9000 ---p 00010000 08:06 401292                     /usr/lib/jvm/java-7-openjdk-amd64/jre/lib/amd64/libnio.so
7f626d5c9000-7f626d5ca000 r--p 00010000 08:06 401292                     /usr/lib/jvm/java-7-openjdk-amd64/jre/lib/amd64/libnio.so
7f626d5ca000-7f626d5cb000 rw-p 00011000 08:06 401292                     /usr/lib/jvm/java-7-openjdk-amd64/jre/lib/amd64/libnio.so
7f626d5cb000-7f626d5ce000 ---p 00000000 00:00 0 
7f626d5ce000-7f626d6cc000 rw-p 00000000 00:00 0 
7f626d6cc000-7f626d6cf000 ---p 00000000 00:00 0 
7f626d6cf000-7f626d7cd000 rw-p 00000000 00:00 0 
7f626d7cd000-7f626d7d0000 ---p 00000000 00:00 0 
7f626d7d0000-7f626d8ce000 rw-p 00000000 00:00 0 
7f626d8ce000-7f626d8d1000 ---p 00000000 00:00 0 
7f626d8d1000-7f626d9cf000 rw-p 00000000 00:00 0 
7f626d9cf000-7f626d9d2000 ---p 00000000 00:00 0 
7f626d9d2000-7f6270000000 rw-p 00000000 00:00 0 
7f6270000000-7f6270021000 rw-p 00000000 00:00 0 
7f6270021000-7f6274000000 ---p 00000000 00:00 0 
7f6274000000-7f6274021000 rw-p 00000000 00:00 0 
7f6274021000-7f6278000000 ---p 00000000 00:00 0 
7f6278000000-7f6278021000 rw-p 00000000 00:00 0 
7f6278021000-7f627c000000 ---p 00000000 00:00 0 
7f627c000000-7f627c021000 rw-p 00000000 00:00 0 
7f627c021000-7f6280000000 ---p 00000000 00:00 0 
7f6280000000-7f6280021000 rw-p 00000000 00:00 0 
7f6280021000-7f6284000000 ---p 00000000 00:00 0 
7f6284025000-7f6284026000 ---p 00000000 00:00 0 
7f6284026000-7f6284126000 rw-p 00000000 00:00 0                          [stack:9120]
7f6284126000-7f6284129000 ---p 00000000 00:00 0 
7f6284129000-7f6284227000 rw-p 00000000 00:00 0                          [stack:9119]
7f6284227000-7f628422a000 ---p 00000000 00:00 0 
7f628422a000-7f6284328000 rw-p 00000000 00:00 0                          [stack:9118]
7f6284328000-7f628432b000 ---p 00000000 00:00 0 
7f628432b000-7f6284429000 rw-p 00000000 00:00 0                          [stack:9117]
7f6284429000-7f628442c000 ---p 00000000 00:00 0 
7f628442c000-7f628452a000 rw-p 00000000 00:00 0                          [stack:9116]
7f628452a000-7f62847f8000 r--p 00000000 08:06 271328                     /usr/lib/locale/locale-archive
7f62847f8000-7f62847fb000 ---p 00000000 00:00 0 
7f62847fb000-7f62848f9000 rw-p 00000000 00:00 0                          [stack:9115]
7f62848f9000-7f62848fc000 ---p 00000000 00:00 0 
7f62848fc000-7f62849fa000 rw-p 00000000 00:00 0                          [stack:9114]
7f62849fa000-7f62849fb000 ---p 00000000 00:00 0 
7f62849fb000-7f6285000000 rw-p 00000000 00:00 0                          [stack:9113]
7f6285000000-7f6285270000 rwxp 00000000 00:00 0 
7f6285270000-7f6288209000 rw-p 00000000 00:00 0 
7f6288209000-7f628c000000 ---p 00000000 00:00 0 
7f628c0bd000-7f628c0c4000 r--s 00000000 08:06 533820                     /usr/lib/x86_64-linux-gnu/gconv/gconv-modules.cache
7f628c0c4000-7f628c0ea000 r--p 00000000 08:06 804047                     /usr/share/locale-langpack/fr/LC_MESSAGES/libc.mo
7f628c0ea000-7f628c0ef000 r--s 0004e000 08:06 401337                     /usr/lib/jvm/java-7-openjdk-amd64/jre/lib/jsse.jar
7f628c0ef000-7f628c0fe000 r--s 000df000 08:05 3150221                    /home/florent/Android/Sdk/build-tools/23.0.2/lib/dx.jar
7f628c0fe000-7f628d886000 rw-p 00000000 00:00 0 
7f628d886000-7f628da38000 r--s 01d2e000 08:06 401286                     /usr/lib/jvm/java-7-openjdk-amd64/jre/lib/rt.jar
7f628da38000-7f628dd84000 rw-p 00000000 00:00 0 
7f628dd84000-7f628dd85000 ---p 00000000 00:00 0 
7f628dd85000-7f628de85000 rw-p 00000000 00:00 0                          [stack:9112]
7f628de85000-7f628de86000 ---p 00000000 00:00 0 
7f628de86000-7f628df86000 rw-p 00000000 00:00 0                          [stack:9111]
7f628df86000-7f628df87000 ---p 00000000 00:00 0 
7f628df87000-7f628e087000 rw-p 00000000 00:00 0                          [stack:9110]
7f628e087000-7f628e088000 ---p 00000000 00:00 0 
7f628e088000-7f628e188000 rw-p 00000000 00:00 0                          [stack:9109]
7f628e188000-7f628e189000 ---p 00000000 00:00 0 
7f628e189000-7f628e289000 rw-p 00000000 00:00 0                          [stack:9108]
7f628e289000-7f628e28a000 ---p 00000000 00:00 0 
7f628e28a000-7f628e38a000 rw-p 00000000 00:00 0                          [stack:9107]
7f628e38a000-7f628e38b000 ---p 00000000 00:00 0 
7f628e38b000-7f628e48b000 rw-p 00000000 00:00 0                          [stack:9106]
7f628e48b000-7f628e48c000 ---p 00000000 00:00 0 
7f628e48c000-7f628e597000 rw-p 00000000 00:00 0                          [stack:9105]
7f628e597000-7f628e5df000 rw-p 00000000 00:00 0 
7f628e5df000-7f628e616000 rw-p 00000000 00:00 0 
7f628e616000-7f628e735000 rw-p 00000000 00:00 0 
7f628e735000-7f628e740000 rw-p 00000000 00:00 0 
7f628e740000-7f628e788000 rw-p 00000000 00:00 0 
7f628e788000-7f628e7bf000 rw-p 00000000 00:00 0 
7f628e7bf000-7f628e8dd000 rw-p 00000000 00:00 0 
7f628e8dd000-7f628e8ff000 rw-p 00000000 00:00 0 
7f628e8ff000-7f628e988000 rw-p 00000000 00:00 0 
7f628e988000-7f628e989000 rw-p 00000000 00:00 0 
7f628e989000-7f628e991000 r-xp 00000000 08:06 401296                     /usr/lib/jvm/java-7-openjdk-amd64/jre/lib/amd64/libzip.so
7f628e991000-7f628eb90000 ---p 00008000 08:06 401296                     /usr/lib/jvm/java-7-openjdk-amd64/jre/lib/amd64/libzip.so
7f628eb90000-7f628eb91000 r--p 00007000 08:06 401296                     /usr/lib/jvm/java-7-openjdk-amd64/jre/lib/amd64/libzip.so
7f628eb91000-7f628eb92000 rw-p 00008000 08:06 401296                     /usr/lib/jvm/java-7-openjdk-amd64/jre/lib/amd64/libzip.so
7f628eb92000-7f628eb9d000 r-xp 00000000 08:06 660094                     /lib/x86_64-linux-gnu/libnss_files-2.19.so
7f628eb9d000-7f628ed9c000 ---p 0000b000 08:06 660094                     /lib/x86_64-linux-gnu/libnss_files-2.19.so
7f628ed9c000-7f628ed9d000 r--p 0000a000 08:06 660094                     /lib/x86_64-linux-gnu/libnss_files-2.19.so
7f628ed9d000-7f628ed9e000 rw-p 0000b000 08:06 660094                     /lib/x86_64-linux-gnu/libnss_files-2.19.so
7f628ed9e000-7f628eda9000 r-xp 00000000 08:06 660104                     /lib/x86_64-linux-gnu/libnss_nis-2.19.so
7f628eda9000-7f628efa8000 ---p 0000b000 08:06 660104                     /lib/x86_64-linux-gnu/libnss_nis-2.19.so
7f628efa8000-7f628efa9000 r--p 0000a000 08:06 660104                     /lib/x86_64-linux-gnu/libnss_nis-2.19.so
7f628efa9000-7f628efaa000 rw-p 0000b000 08:06 660104                     /lib/x86_64-linux-gnu/libnss_nis-2.19.so
7f628efaa000-7f628efc1000 r-xp 00000000 08:06 660088                     /lib/x86_64-linux-gnu/libnsl-2.19.so
7f628efc1000-7f628f1c0000 ---p 00017000 08:06 660088                     /lib/x86_64-linux-gnu/libnsl-2.19.so
7f628f1c0000-7f628f1c1000 r--p 00016000 08:06 660088                     /lib/x86_64-linux-gnu/libnsl-2.19.so
7f628f1c1000-7f628f1c2000 rw-p 00017000 08:06 660088                     /lib/x86_64-linux-gnu/libnsl-2.19.so
7f628f1c2000-7f628f1c4000 rw-p 00000000 00:00 0 
7f628f1c4000-7f628f1cd000 r-xp 00000000 08:06 660090                     /lib/x86_64-linux-gnu/libnss_compat-2.19.so
7f628f1cd000-7f628f3cc000 ---p 00009000 08:06 660090                     /lib/x86_64-linux-gnu/libnss_compat-2.19.so
7f628f3cc000-7f628f3cd000 r--p 00008000 08:06 660090                     /lib/x86_64-linux-gnu/libnss_compat-2.19.so
7f628f3cd000-7f628f3ce000 rw-p 00009000 08:06 660090                     /lib/x86_64-linux-gnu/libnss_compat-2.19.so
7f628f3ce000-7f628f3f9000 r-xp 00000000 08:06 401308                     /usr/lib/jvm/java-7-openjdk-amd64/jre/lib/amd64/libjava.so
7f628f3f9000-7f628f5f9000 ---p 0002b000 08:06 401308                     /usr/lib/jvm/java-7-openjdk-amd64/jre/lib/amd64/libjava.so
7f628f5f9000-7f628f5fa000 r--p 0002b000 08:06 401308                     /usr/lib/jvm/java-7-openjdk-amd64/jre/lib/amd64/libjava.so
7f628f5fa000-7f628f5fc000 rw-p 0002c000 08:06 401308                     /usr/lib/jvm/java-7-openjdk-amd64/jre/lib/amd64/libjava.so
7f628f5fc000-7f628f60c000 r-xp 00000000 08:06 401322                     /usr/lib/jvm/java-7-openjdk-amd64/jre/lib/amd64/libverify.so
7f628f60c000-7f628f80b000 ---p 00010000 08:06 401322                     /usr/lib/jvm/java-7-openjdk-amd64/jre/lib/amd64/libverify.so
7f628f80b000-7f628f80d000 r--p 0000f000 08:06 401322                     /usr/lib/jvm/java-7-openjdk-amd64/jre/lib/amd64/libverify.so
7f628f80d000-7f628f80e000 rw-p 00011000 08:06 401322                     /usr/lib/jvm/java-7-openjdk-amd64/jre/lib/amd64/libverify.so
7f628f80e000-7f628f815000 r-xp 00000000 08:06 660147                     /lib/x86_64-linux-gnu/librt-2.19.so
7f628f815000-7f628fa14000 ---p 00007000 08:06 660147                     /lib/x86_64-linux-gnu/librt-2.19.so
7f628fa14000-7f628fa15000 r--p 00006000 08:06 660147                     /lib/x86_64-linux-gnu/librt-2.19.so
7f628fa15000-7f628fa16000 rw-p 00007000 08:06 660147                     /lib/x86_64-linux-gnu/librt-2.19.so
7f628fa16000-7f628fa2c000 r-xp 00000000 08:06 660918                     /lib/x86_64-linux-gnu/libgcc_s.so.1
7f628fa2c000-7f628fc2b000 ---p 00016000 08:06 660918                     /lib/x86_64-linux-gnu/libgcc_s.so.1
7f628fc2b000-7f628fc2c000 rw-p 00015000 08:06 660918                     /lib/x86_64-linux-gnu/libgcc_s.so.1
7f628fc2c000-7f628fd31000 r-xp 00000000 08:06 660069                     /lib/x86_64-linux-gnu/libm-2.19.so
7f628fd31000-7f628ff30000 ---p 00105000 08:06 660069                     /lib/x86_64-linux-gnu/libm-2.19.so
7f628ff30000-7f628ff31000 r--p 00104000 08:06 660069                     /lib/x86_64-linux-gnu/libm-2.19.so
7f628ff31000-7f628ff32000 rw-p 00105000 08:06 660069                     /lib/x86_64-linux-gnu/libm-2.19.so
7f628ff32000-7f6290018000 r-xp 00000000 08:06 268180                     /usr/lib/x86_64-linux-gnu/libstdc++.so.6.0.19
7f6290018000-7f6290217000 ---p 000e6000 08:06 268180                     /usr/lib/x86_64-linux-gnu/libstdc++.so.6.0.19
7f6290217000-7f629021f000 r--p 000e5000 08:06 268180                     /usr/lib/x86_64-linux-gnu/libstdc++.so.6.0.19
7f629021f000-7f6290221000 rw-p 000ed000 08:06 268180                     /usr/lib/x86_64-linux-gnu/libstdc++.so.6.0.19
7f6290221000-7f6290236000 rw-p 00000000 00:00 0 
7f6290236000-7f6290d5a000 r-xp 00000000 08:06 401314                     /usr/lib/jvm/java-7-openjdk-amd64/jre/lib/amd64/server/libjvm.so
7f6290d5a000-7f6290f5a000 ---p 00b24000 08:06 401314                     /usr/lib/jvm/java-7-openjdk-amd64/jre/lib/amd64/server/libjvm.so
7f6290f5a000-7f6290ff4000 r--p 00b24000 08:06 401314                     /usr/lib/jvm/java-7-openjdk-amd64/jre/lib/amd64/server/libjvm.so
7f6290ff4000-7f6291017000 rw-p 00bbe000 08:06 401314                     /usr/lib/jvm/java-7-openjdk-amd64/jre/lib/amd64/server/libjvm.so
7f6291017000-7f6291045000 rw-p 00000000 00:00 0 
7f6291045000-7f629105d000 r-xp 00000000 08:06 660180                     /lib/x86_64-linux-gnu/libz.so.1.2.8
7f629105d000-7f629125c000 ---p 00018000 08:06 660180                     /lib/x86_64-linux-gnu/libz.so.1.2.8
7f629125c000-7f629125d000 r--p 00017000 08:06 660180                     /lib/x86_64-linux-gnu/libz.so.1.2.8
7f629125d000-7f629125e000 rw-p 00018000 08:06 660180                     /lib/x86_64-linux-gnu/libz.so.1.2.8
7f629125e000-7f6291277000 r-xp 00000000 08:06 660139                     /lib/x86_64-linux-gnu/libpthread-2.19.so
7f6291277000-7f6291476000 ---p 00019000 08:06 660139                     /lib/x86_64-linux-gnu/libpthread-2.19.so
7f6291476000-7f6291477000 r--p 00018000 08:06 660139                     /lib/x86_64-linux-gnu/libpthread-2.19.so
7f6291477000-7f6291478000 rw-p 00019000 08:06 660139                     /lib/x86_64-linux-gnu/libpthread-2.19.so
7f6291478000-7f629147c000 rw-p 00000000 00:00 0 
7f629147c000-7f629147f000 r-xp 00000000 08:06 660035                     /lib/x86_64-linux-gnu/libdl-2.19.so
7f629147f000-7f629167e000 ---p 00003000 08:06 660035                     /lib/x86_64-linux-gnu/libdl-2.19.so
7f629167e000-7f629167f000 r--p 00002000 08:06 660035                     /lib/x86_64-linux-gnu/libdl-2.19.so
7f629167f000-7f6291680000 rw-p 00003000 08:06 660035                     /lib/x86_64-linux-gnu/libdl-2.19.so
7f6291680000-7f629183b000 r-xp 00000000 08:06 660018                     /lib/x86_64-linux-gnu/libc-2.19.so
7f629183b000-7f6291a3a000 ---p 001bb000 08:06 660018                     /lib/x86_64-linux-gnu/libc-2.19.so
7f6291a3a000-7f6291a3e000 r--p 001ba000 08:06 660018                     /lib/x86_64-linux-gnu/libc-2.19.so
7f6291a3e000-7f6291a40000 rw-p 001be000 08:06 660018                     /lib/x86_64-linux-gnu/libc-2.19.so
7f6291a40000-7f6291a45000 rw-p 00000000 00:00 0 
7f6291a45000-7f6291a52000 r-xp 00000000 08:06 401323                     /usr/lib/jvm/java-7-openjdk-amd64/jre/lib/amd64/jli/libjli.so
7f6291a52000-7f6291c51000 ---p 0000d000 08:06 401323                     /usr/lib/jvm/java-7-openjdk-amd64/jre/lib/amd64/jli/libjli.so
7f6291c51000-7f6291c52000 r--p 0000c000 08:06 401323                     /usr/lib/jvm/java-7-openjdk-amd64/jre/lib/amd64/jli/libjli.so
7f6291c52000-7f6291c53000 rw-p 0000d000 08:06 401323                     /usr/lib/jvm/java-7-openjdk-amd64/jre/lib/amd64/jli/libjli.so
7f6291c53000-7f6291c76000 r-xp 00000000 08:06 659992                     /lib/x86_64-linux-gnu/ld-2.19.so
7f6291c76000-7f6291c77000 rw-p 00000000 00:00 0 
7f6291c77000-7f6291c79000 r--s 00006000 08:06 799414                     /usr/share/java/java-atk-wrapper.jar
7f6291c79000-7f6291c7d000 r--s 00085000 08:06 401279                     /usr/lib/jvm/java-7-openjdk-amd64/jre/lib/ext/localedata.jar
7f6291c7d000-7f6291c80000 r--s 0000f000 08:06 401280                     /usr/lib/jvm/java-7-openjdk-amd64/jre/lib/ext/icedtea-sound.jar
7f6291c80000-7f6291c82000 r--s 00012000 08:06 401278                     /usr/lib/jvm/java-7-openjdk-amd64/jre/lib/ext/zipfs.jar
7f6291c82000-7f6291c86000 r--s 00034000 08:06 401281                     /usr/lib/jvm/java-7-openjdk-amd64/jre/lib/ext/sunjce_provider.jar
7f6291c86000-7f6291c8a000 r--s 0003c000 08:06 401282                     /usr/lib/jvm/java-7-openjdk-amd64/jre/lib/ext/sunpkcs11.jar
7f6291c8a000-7f6291c94000 rw-p 00000000 00:00 0 
7f6291c94000-7f6291d4a000 rw-p 00000000 00:00 0 
7f6291d4a000-7f6291d4d000 ---p 00000000 00:00 0 
7f6291d4d000-7f6291e50000 rw-p 00000000 00:00 0                          [stack:9104]
7f6291e50000-7f6291e51000 r--s 00002000 08:06 401283                     /usr/lib/jvm/java-7-openjdk-amd64/jre/lib/ext/dnsns.jar
7f6291e51000-7f6291e69000 rw-p 00000000 00:00 0 
7f6291e69000-7f6291e71000 rw-s 00000000 08:06 1448947                    /tmp/hsperfdata_florent/9100
7f6291e71000-7f6291e72000 rw-p 00000000 00:00 0 
7f6291e72000-7f6291e73000 ---p 00000000 00:00 0 
7f6291e73000-7f6291e75000 rw-p 00000000 00:00 0 
7f6291e75000-7f6291e76000 r--p 00022000 08:06 659992                     /lib/x86_64-linux-gnu/ld-2.19.so
7f6291e76000-7f6291e77000 rw-p 00023000 08:06 659992                     /lib/x86_64-linux-gnu/ld-2.19.so
7f6291e77000-7f6291e78000 rw-p 00000000 00:00 0 
7ffef8fcd000-7ffef8ff0000 rw-p 00000000 00:00 0                          [stack]
7ffef8ff4000-7ffef8ff6000 r-xp 00000000 00:00 0                          [vdso]
7ffef8ff6000-7ffef8ff8000 r--p 00000000 00:00 0                          [vvar]
ffffffffff600000-ffffffffff601000 r-xp 00000000 00:00 0                  [vsyscall]

VM Arguments:
jvm_args: -Xmx1024M -Dfile.encoding=UTF-8 -Duser.country=FR -Duser.language=fr -Duser.variant 
java_command: com.android.dx.command.Main --dex --num-threads=4 --output /home/florent/Documents/M2-DL/S9/FHCI/Android/Berbie_DeRoquemaurel_Gayout_ANDROID/MakeAFocalpoint/app/build/intermediates/dex/debug /home/florent/Documents/M2-DL/S9/FHCI/Android/Berbie_DeRoquemaurel_Gayout_ANDROID/MakeAFocalpoint/app/build/intermediates/classes/debug /home/florent/Documents/M2-DL/S9/FHCI/Android/Berbie_DeRoquemaurel_Gayout_ANDROID/MakeAFocalpoint/app/build/intermediates/pre-dexed/debug/support-annotations-23.1.1-16ca20f4683b9945c99f51438ebf77299bebdb65.jar /home/florent/Documents/M2-DL/S9/FHCI/Android/Berbie_DeRoquemaurel_Gayout_ANDROID/MakeAFocalpoint/app/build/intermediates/pre-dexed/debug/classes-72dab6077df1b615fd3cb65f6ad2fa7314e241c4.jar /home/florent/Documents/M2-DL/S9/FHCI/Android/Berbie_DeRoquemaurel_Gayout_ANDROID/MakeAFocalpoint/app/build/intermediates/pre-dexed/debug/internal_impl-22.2.0-c452c19d8544218361b82936d467c9047336b828.jar /home/florent/Documents/M2-DL/S9/FHCI/Android/Berbie_DeRoquemaurel_Gayout_ANDROID/MakeAFocalpoint/app/build/intermediates/pre-dexed/debug/classes-69c83a68850b3ae23ab443f87f0dcb18ec6dfbd5.jar /home/florent/Documents/M2-DL/S9/FHCI/Android/Berbie_DeRoquemaurel_Gayout_ANDROID/MakeAFocalpoint/app/build/intermediates/pre-dexed/debug/classes-aa4038de9d521ee88f2d75c3d88016173b4a602f.jar /home/florent/Documents/M2-DL/S9/FHCI/Android/Berbie_DeRoquemaurel_Gayout_ANDROID/MakeAFocalpoint/app/build/intermediates/pre-dexed/debug/classes-21c145332cddbe49543a9b575438e81e6aa3511b.jar /home/florent/Documents/M2-DL/S9/FHCI/Android/Berbie_DeRoquemaurel_Gayout_ANDROID/MakeAFocalpoint/app/build/intermediates/pre-dexed/debug/classes-8b942dfe0cedc80f8df6f85b8abd19cdb95e5063.jar /home/florent/Documents/M2-DL/S9/FHCI/Android/Berbie_DeRoquemaurel_Gayout_ANDROID/MakeAFocalpoint/app/build/intermediates/pre-dexed/debug/classes-6e5e28afbb6e866f581073bbcbdb98b2f7cdb7c0.jar /home/florent/Documents/M2-DL/S9/FHCI/Android/Berbie_DeRoquemaurel_Gayout_ANDROID/MakeAFocalpoint
Launcher Type: SUN_STANDARD

Environment Variables:
JAVA_HOME=/usr/lib/jvm/java-7-openjdk-amd64
PATH=/home/florent/.sdkman/vertx/current/bin:/home/florent/.sdkman/springboot/current/bin:/home/florent/.sdkman/lazybones/current/bin:/home/florent/.sdkman/jbossforge/current/bin:/home/florent/.sdkman/jbake/current/bin:/home/florent/.sdkman/groovyserv/current/bin:/home/florent/.sdkman/groovy/current/bin:/home/florent/.sdkman/griffon/current/bin:/home/florent/.sdkman/grails/current/bin:/home/florent/.sdkman/gradle/current/bin:/home/florent/.sdkman/glide/current/bin:/home/florent/.sdkman/gaiden/current/bin:/home/florent/.sdkman/crash/current/bin:/home/florent/.sdkman/asciidoctorj/current/bin:/usr/local/sbin:/usr/local/bin:/usr/sbin:/usr/bin:/sbin:/bin:/usr/games:/usr/local/games
USERNAME=florent
LD_LIBRARY_PATH=/home/florent/Documents/Logiciels/android-studio/bin:
SHELL=/bin/zsh
DISPLAY=:0

Signal Handlers:
SIGSEGV: [libjvm.so+0x9548f0], sa_mask[0]=0x7ffbfeff, sa_flags=0x10000004
SIGBUS: [libjvm.so+0x9548f0], sa_mask[0]=0x7ffbfeff, sa_flags=0x10000004
SIGFPE: [libjvm.so+0x7cb0b0], sa_mask[0]=0x7ffbfeff, sa_flags=0x10000004
SIGPIPE: [libjvm.so+0x7cb0b0], sa_mask[0]=0x7ffbfeff, sa_flags=0x10000004
SIGXFSZ: [libjvm.so+0x7cb0b0], sa_mask[0]=0x7ffbfeff, sa_flags=0x10000004
SIGILL: [libjvm.so+0x7cb0b0], sa_mask[0]=0x7ffbfeff, sa_flags=0x10000004
SIGUSR1: SIG_DFL, sa_mask[0]=0x00000000, sa_flags=0x00000000
SIGUSR2: [libjvm.so+0x7caf50], sa_mask[0]=0x00000004, sa_flags=0x10000004
SIGHUP: [libjvm.so+0x7cb130], sa_mask[0]=0x7ffbfeff, sa_flags=0x10000004
SIGINT: [libjvm.so+0x7cb130], sa_mask[0]=0x7ffbfeff, sa_flags=0x10000004
SIGTERM: [libjvm.so+0x7cb130], sa_mask[0]=0x7ffbfeff, sa_flags=0x10000004
SIGQUIT: [libjvm.so+0x7cb130], sa_mask[0]=0x7ffbfeff, sa_flags=0x10000004
SIGTRAP: SIG_DFL, sa_mask[0]=0x00000000, sa_flags=0x00000000


---------------  S Y S T E M  ---------------

OS:LinuxMint 17.3 (rosa)
uname:Linux 3.16.0-38-generic #52~14.04.1-Ubuntu SMP Fri May 8 09:43:57 UTC 2015 x86_64
libc:glibc 2.19 NPTL 2.19 
rlimit: STACK 8192k, CORE 0k, NPROC 15619, NOFILE 4096, AS infinity
load average:0,74 0,52 0,47

/proc/meminfo:
MemTotal:        4029408 kB
MemFree:          132904 kB
MemAvailable:      83804 kB
Buffers:            1032 kB
Cached:           151888 kB
SwapCached:            0 kB
Active:          3505828 kB
Inactive:         138428 kB
Active(anon):    3494228 kB
Inactive(anon):   120172 kB
Active(file):      11600 kB
Inactive(file):    18256 kB
Unevictable:         132 kB
Mlocked:             132 kB
SwapTotal:             0 kB
SwapFree:              0 kB
Dirty:                44 kB
Writeback:             0 kB
AnonPages:       3491596 kB
Mapped:           193640 kB
Shmem:            123028 kB
Slab:              83056 kB
SReclaimable:      40868 kB
SUnreclaim:        42188 kB
KernelStack:       12016 kB
PageTables:        48904 kB
NFS_Unstable:          0 kB
Bounce:                0 kB
WritebackTmp:          0 kB
CommitLimit:     2014704 kB
Committed_AS:    8512052 kB
VmallocTotal:   34359738367 kB
VmallocUsed:      115088 kB
VmallocChunk:   34359616508 kB
HardwareCorrupted:     0 kB
AnonHugePages:   1785856 kB
HugePages_Total:       0
HugePages_Free:        0
HugePages_Rsvd:        0
HugePages_Surp:        0
Hugepagesize:       2048 kB
DirectMap4k:      205256 kB
DirectMap2M:     3971072 kB


CPU:total 8 (4 cores per cpu, 2 threads per core) family 6 model 30 stepping 5, cmov, cx8, fxsr, mmx, sse, sse2, sse3, ssse3, sse4.1, sse4.2, popcnt, ht, tsc, tscinvbit

/proc/cpuinfo:
processor	: 0
vendor_id	: GenuineIntel
cpu family	: 6
model		: 30
model name	: Intel(R) Core(TM) i7 CPU       Q 740  @ 1.73GHz
stepping	: 5
microcode	: 0x3
cpu MHz		: 933.000
cache size	: 6144 KB
physical id	: 0
siblings	: 8
core id		: 0
cpu cores	: 4
apicid		: 0
initial apicid	: 0
fpu		: yes
fpu_exception	: yes
cpuid level	: 11
wp		: yes
flags		: fpu vme de pse tsc msr pae mce cx8 apic sep mtrr pge mca cmov pat pse36 clflush dts acpi mmx fxsr sse sse2 ss ht tm pbe syscall nx rdtscp lm constant_tsc arch_perfmon pebs bts rep_good nopl xtopology nonstop_tsc aperfmperf pni dtes64 monitor ds_cpl vmx smx est tm2 ssse3 cx16 xtpr pdcm sse4_1 sse4_2 popcnt lahf_lm ida dtherm tpr_shadow vnmi flexpriority ept vpid
bogomips	: 3457.63
clflush size	: 64
cache_alignment	: 64
address sizes	: 36 bits physical, 48 bits virtual
power management:

processor	: 1
vendor_id	: GenuineIntel
cpu family	: 6
model		: 30
model name	: Intel(R) Core(TM) i7 CPU       Q 740  @ 1.73GHz
stepping	: 5
microcode	: 0x3
cpu MHz		: 933.000
cache size	: 6144 KB
physical id	: 0
siblings	: 8
core id		: 1
cpu cores	: 4
apicid		: 2
initial apicid	: 2
fpu		: yes
fpu_exception	: yes
cpuid level	: 11
wp		: yes
flags		: fpu vme de pse tsc msr pae mce cx8 apic sep mtrr pge mca cmov pat pse36 clflush dts acpi mmx fxsr sse sse2 ss ht tm pbe syscall nx rdtscp lm constant_tsc arch_perfmon pebs bts rep_good nopl xtopology nonstop_tsc aperfmperf pni dtes64 monitor ds_cpl vmx smx est tm2 ssse3 cx16 xtpr pdcm sse4_1 sse4_2 popcnt lahf_lm ida dtherm tpr_shadow vnmi flexpriority ept vpid
bogomips	: 3457.63
clflush size	: 64
cache_alignment	: 64
address sizes	: 36 bits physical, 48 bits virtual
power management:

processor	: 2
vendor_id	: GenuineIntel
cpu family	: 6
model		: 30
model name	: Intel(R) Core(TM) i7 CPU       Q 740  @ 1.73GHz
stepping	: 5
microcode	: 0x3
cpu MHz		: 933.000
cache size	: 6144 KB
physical id	: 0
siblings	: 8
core id		: 2
cpu cores	: 4
apicid		: 4
initial apicid	: 4
fpu		: yes
fpu_exception	: yes
cpuid level	: 11
wp		: yes
flags		: fpu vme de pse tsc msr pae mce cx8 apic sep mtrr pge mca cmov pat pse36 clflush dts acpi mmx fxsr sse sse2 ss ht tm pbe syscall nx rdtscp lm constant_tsc arch_perfmon pebs bts rep_good nopl xtopology nonstop_tsc aperfmperf pni dtes64 monitor ds_cpl vmx smx est tm2 ssse3 cx16 xtpr pdcm sse4_1 sse4_2 popcnt lahf_lm ida dtherm tpr_shadow vnmi flexpriority ept vpid
bogomips	: 3457.63
clflush size	: 64
cache_alignment	: 64
address sizes	: 36 bits physical, 48 bits virtual
power management:

processor	: 3
vendor_id	: GenuineIntel
cpu family	: 6
model		: 30
model name	: Intel(R) Core(TM) i7 CPU       Q 740  @ 1.73GHz
stepping	: 5
microcode	: 0x3
cpu MHz		: 933.000
cache size	: 6144 KB
physical id	: 0
siblings	: 8
core id		: 3
cpu cores	: 4
apicid		: 6
initial apicid	: 6
fpu		: yes
fpu_exception	: yes
cpuid level	: 11
wp		: yes
flags		: fpu vme de pse tsc msr pae mce cx8 apic sep mtrr pge mca cmov pat pse36 clflush dts acpi mmx fxsr sse sse2 ss ht tm pbe syscall nx rdtscp lm constant_tsc arch_perfmon pebs bts rep_good nopl xtopology nonstop_tsc aperfmperf pni dtes64 monitor ds_cpl vmx smx est tm2 ssse3 cx16 xtpr pdcm sse4_1 sse4_2 popcnt lahf_lm ida dtherm tpr_shadow vnmi flexpriority ept vpid
bogomips	: 3457.63
clflush size	: 64
cache_alignment	: 64
address sizes	: 36 bits physical, 48 bits virtual
power management:

processor	: 4
vendor_id	: GenuineIntel
cpu family	: 6
model		: 30
model name	: Intel(R) Core(TM) i7 CPU       Q 740  @ 1.73GHz
stepping	: 5
microcode	: 0x3
cpu MHz		: 1734.000
cache size	: 6144 KB
physical id	: 0
siblings	: 8
core id		: 0
cpu cores	: 4
apicid		: 1
initial apicid	: 1
fpu		: yes
fpu_exception	: yes
cpuid level	: 11
wp		: yes
flags		: fpu vme de pse tsc msr pae mce cx8 apic sep mtrr pge mca cmov pat pse36 clflush dts acpi mmx fxsr sse sse2 ss ht tm pbe syscall nx rdtscp lm constant_tsc arch_perfmon pebs bts rep_good nopl xtopology nonstop_tsc aperfmperf pni dtes64 monitor ds_cpl vmx smx est tm2 ssse3 cx16 xtpr pdcm sse4_1 sse4_2 popcnt lahf_lm ida dtherm tpr_shadow vnmi flexpriority ept vpid
bogomips	: 3457.63
clflush size	: 64
cache_alignment	: 64
address sizes	: 36 bits physical, 48 bits virtual
power management:

processor	: 5
vendor_id	: GenuineIntel
cpu family	: 6
model		: 30
model name	: Intel(R) Core(TM) i7 CPU       Q 740  @ 1.73GHz
stepping	: 5
microcode	: 0x3
cpu MHz		: 1734.000
cache size	: 6144 KB
physical id	: 0
siblings	: 8
core id		: 1
cpu cores	: 4
apicid		: 3
initial apicid	: 3
fpu		: yes
fpu_exception	: yes
cpuid level	: 11
wp		: yes
flags		: fpu vme de pse tsc msr pae mce cx8 apic sep mtrr pge mca cmov pat pse36 clflush dts acpi mmx fxsr sse sse2 ss ht tm pbe syscall nx rdtscp lm constant_tsc arch_perfmon pebs bts rep_good nopl xtopology nonstop_tsc aperfmperf pni dtes64 monitor ds_cpl vmx smx est tm2 ssse3 cx16 xtpr pdcm sse4_1 sse4_2 popcnt lahf_lm ida dtherm tpr_shadow vnmi flexpriority ept vpid
bogomips	: 3457.63
clflush size	: 64
cache_alignment	: 64
address sizes	: 36 bits physical, 48 bits virtual
power management:

processor	: 6
vendor_id	: GenuineIntel
cpu family	: 6
model		: 30
model name	: Intel(R) Core(TM) i7 CPU       Q 740  @ 1.73GHz
stepping	: 5
microcode	: 0x3
cpu MHz		: 933.000
cache size	: 6144 KB
physical id	: 0
siblings	: 8
core id		: 2
cpu cores	: 4
apicid		: 5
initial apicid	: 5
fpu		: yes
fpu_exception	: yes
cpuid level	: 11
wp		: yes
flags		: fpu vme de pse tsc msr pae mce cx8 apic sep mtrr pge mca cmov pat pse36 clflush dts acpi mmx fxsr sse sse2 ss ht tm pbe syscall nx rdtscp lm constant_tsc arch_perfmon pebs bts rep_good nopl xtopology nonstop_tsc aperfmperf pni dtes64 monitor ds_cpl vmx smx est tm2 ssse3 cx16 xtpr pdcm sse4_1 sse4_2 popcnt lahf_lm ida dtherm tpr_shadow vnmi flexpriority ept vpid
bogomips	: 3457.63
clflush size	: 64
cache_alignment	: 64
address sizes	: 36 bits physical, 48 bits virtual
power management:

processor	: 7
vendor_id	: GenuineIntel
cpu family	: 6
model		: 30
model name	: Intel(R) Core(TM) i7 CPU       Q 740  @ 1.73GHz
stepping	: 5
microcode	: 0x3
cpu MHz		: 933.000
cache size	: 6144 KB
physical id	: 0
siblings	: 8
core id		: 3
cpu cores	: 4
apicid		: 7
initial apicid	: 7
fpu		: yes
fpu_exception	: yes
cpuid level	: 11
wp		: yes
flags		: fpu vme de pse tsc msr pae mce cx8 apic sep mtrr pge mca cmov pat pse36 clflush dts acpi mmx fxsr sse sse2 ss ht tm pbe syscall nx rdtscp lm constant_tsc arch_perfmon pebs bts rep_good nopl xtopology nonstop_tsc aperfmperf pni dtes64 monitor ds_cpl vmx smx est tm2 ssse3 cx16 xtpr pdcm sse4_1 sse4_2 popcnt lahf_lm ida dtherm tpr_shadow vnmi flexpriority ept vpid
bogomips	: 3457.63
clflush size	: 64
cache_alignment	: 64
address sizes	: 36 bits physical, 48 bits virtual
power management:



Memory: 4k page, physical 4029408k(132904k free), swap 0k(0k free)

vm_info: OpenJDK 64-Bit Server VM (24.91-b01) for linux-amd64 JRE (1.7.0_91-b02), built on Nov 19 2015 06:14:37 by "buildd" with gcc 4.8.2

time: Thu Jan 14 23:45:22 2016
elapsed time: 3 seconds

