#
# There is insufficient memory for the Java Runtime Environment to continue.
# Native memory allocation (malloc) failed to allocate 173539328 bytes for committing reserved memory.
# Possible reasons:
#   The system is out of physical RAM or swap space
#   In 32 bit mode, the process size limit was hit
# Possible solutions:
#   Reduce memory load on the system
#   Increase physical memory or swap space
#   Check if swap backing store is full
#   Use 64 bit Java on a 64 bit OS
#   Decrease Java heap size (-Xmx/-Xms)
#   Decrease number of Java threads
#   Decrease Java thread stack sizes (-Xss)
#   Set larger code cache with -XX:ReservedCodeCacheSize=
# This output file may be truncated or incomplete.
#
#  Out of Memory Error (os_linux.cpp:2827), pid=12234, tid=140679596254976
#
# JRE version: OpenJDK Runtime Environment (7.0_91-b02) (build 1.7.0_91-b02)
# Java VM: OpenJDK 64-Bit Server VM (24.91-b01 mixed mode linux-amd64 compressed oops)
# Derivative: IcedTea 2.6.3
# Distribution: Ubuntu 14.04 LTS, package 7u91-2.6.3-0ubuntu0.14.04.1
# Failed to write core dump. Core dumps have been disabled. To enable core dumping, try "ulimit -c unlimited" before starting Java again
#

---------------  T H R E A D  ---------------

Current thread (0x00007ff2a8081000):  VMThread [stack: 0x00007ff2854ca000,0x00007ff2855cb000] [id=12248]

Stack: [0x00007ff2854ca000,0x00007ff2855cb000],  sp=0x00007ff2855c9490,  free space=1021k
Native frames: (J=compiled Java code, j=interpreted, Vv=VM code, C=native code)
V  [libjvm.so+0x953e15]  VMError::report_and_die()+0x175
V  [libjvm.so+0x48fd94]  report_vm_out_of_memory(char const*, int, unsigned long, char const*)+0x74
V  [libjvm.so+0x7cf87b]  os::pd_commit_memory(char*, unsigned long, unsigned long, bool)+0xeb
V  [libjvm.so+0x7ca33f]  os::commit_memory(char*, unsigned long, unsigned long, bool)+0x1f
V  [libjvm.so+0x83dacb]  PSVirtualSpace::expand_by(unsigned long)+0x5b
V  [libjvm.so+0x83e930]  PSYoungGen::resize_generation(unsigned long, unsigned long)+0xb0
V  [libjvm.so+0x83f01b]  PSYoungGen::resize(unsigned long, unsigned long)+0x1b
V  [libjvm.so+0x83b258]  PSScavenge::invoke_no_policy()+0xd68
V  [libjvm.so+0x83bac8]  PSScavenge::invoke()+0x38
V  [libjvm.so+0x7f2083]  ParallelScavengeHeap::failed_mem_allocate(unsigned long)+0x63
V  [libjvm.so+0x955814]  VM_ParallelGCFailedAllocation::doit()+0x84
V  [libjvm.so+0x959917]  VM_Operation::evaluate()+0x47
V  [libjvm.so+0x9583d8]  VMThread::evaluate_operation(VM_Operation*)+0x318
V  [libjvm.so+0x958839]  VMThread::loop()+0x219
V  [libjvm.so+0x958c82]  VMThread::run()+0x72
V  [libjvm.so+0x7cc742]  java_start(Thread*)+0xf2

VM_Operation (0x00007ff2b0e3e120): ParallelGCFailedAllocation, mode: safepoint, requested by thread 0x00007ff2a800d000


---------------  P R O C E S S  ---------------

Java Threads: ( => current thread )
  0x00007ff2a80ba000 JavaThread "Service Thread" daemon [_thread_blocked, id=12254, stack(0x00007ff284bf6000,0x00007ff284cf7000)]
  0x00007ff2a80b8000 JavaThread "C2 CompilerThread1" daemon [_thread_blocked, id=12253, stack(0x00007ff284cf7000,0x00007ff284df8000)]
  0x00007ff2a80b5000 JavaThread "C2 CompilerThread0" daemon [_thread_blocked, id=12252, stack(0x00007ff284df8000,0x00007ff284ef9000)]
  0x00007ff2a80b3000 JavaThread "Signal Dispatcher" daemon [_thread_blocked, id=12251, stack(0x00007ff284ef9000,0x00007ff284ffa000)]
  0x00007ff2a8087800 JavaThread "Finalizer" daemon [_thread_blocked, id=12250, stack(0x00007ff2852c8000,0x00007ff2853c9000)]
  0x00007ff2a8085800 JavaThread "Reference Handler" daemon [_thread_blocked, id=12249, stack(0x00007ff2853c9000,0x00007ff2854ca000)]
  0x00007ff2a800d000 JavaThread "main" [_thread_blocked, id=12239, stack(0x00007ff2b0d3f000,0x00007ff2b0e40000)]

Other Threads:
=>0x00007ff2a8081000 VMThread [stack: 0x00007ff2854ca000,0x00007ff2855cb000] [id=12248]
  0x00007ff2a80c5000 WatcherThread [stack: 0x00007ff284af5000,0x00007ff284bf6000] [id=12255]

VM state:at safepoint (normal execution)

VM Mutex/Monitor currently owned by a thread:  ([mutex/lock_event])
[0x00007ff2a80096d0] Threads_lock - owner thread: 0x00007ff2a8081000
[0x00007ff2a8009bd0] Heap_lock - owner thread: 0x00007ff2a800d000

Heap
 PSYoungGen      total 66048K, used 2558K [0x00000000eaa80000, 0x00000000eed80000, 0x0000000100000000)
  eden space 63488K, 0% used [0x00000000eaa80000,0x00000000eaa80000,0x00000000ee880000)
  from space 2560K, 99% used [0x00000000ee880000,0x00000000eeaff9a0,0x00000000eeb00000)
  to   space 2560K, 0% used [0x00000000eeb00000,0x00000000eeb00000,0x00000000eed80000)
 ParOldGen       total 120320K, used 31705K [0x00000000c0000000, 0x00000000c7580000, 0x00000000eaa80000)
  object space 120320K, 26% used [0x00000000c0000000,0x00000000c1ef6538,0x00000000c7580000)
 PSPermGen       total 21504K, used 7202K [0x00000000b5a00000, 0x00000000b6f00000, 0x00000000c0000000)
  object space 21504K, 33% used [0x00000000b5a00000,0x00000000b6108840,0x00000000b6f00000)

Card table byte_map: [0x00007ff2ad72d000,0x00007ff2ad981000] byte_map_base: 0x00007ff2ad180000

Polling page: 0x00007ff2b0e6a000

Code Cache  [0x00007ff2a5000000, 0x00007ff2a5270000, 0x00007ff2a8000000)
 total_blobs=983 nmethods=740 adapters=197 free_code_cache=47018Kb largest_free_block=48102464

Compilation events (10 events):
Event: 4,035 Thread 0x00007ff2a80b5000 nmethod 764 0x00007ff2a520a710 code [0x00007ff2a520a840, 0x00007ff2a520a8d8]
Event: 4,041 Thread 0x00007ff2a80b5000  766             com.android.dx.io.instructions.ShortArrayCodeOutput::write (11 bytes)
Event: 4,042 Thread 0x00007ff2a80b8000 nmethod 765 0x00007ff2a521d890 code [0x00007ff2a521da40, 0x00007ff2a521dff8]
Event: 4,042 Thread 0x00007ff2a80b5000 nmethod 766 0x00007ff2a520a3d0 code [0x00007ff2a520a520, 0x00007ff2a520a5f8]
Event: 4,043 Thread 0x00007ff2a80b8000  767             com.android.dx.merge.IndexMap::adjustField (10 bytes)
Event: 4,043 Thread 0x00007ff2a80b8000 nmethod 767 0x00007ff2a521d610 code [0x00007ff2a521d760, 0x00007ff2a521d7f8]
Event: 4,057 Thread 0x00007ff2a80b8000  769             com.android.dx.io.instructions.TwoRegisterDecodedInstruction::getB (5 bytes)
Event: 4,057 Thread 0x00007ff2a80b5000  768             com.android.dx.io.instructions.TwoRegisterDecodedInstruction::getA (5 bytes)
Event: 4,057 Thread 0x00007ff2a80b5000 nmethod 768 0x00007ff2a5219690 code [0x00007ff2a52197c0, 0x00007ff2a5219818]
Event: 4,057 Thread 0x00007ff2a80b8000 nmethod 769 0x00007ff2a521d410 code [0x00007ff2a521d540, 0x00007ff2a521d598]

GC Heap History (10 events):
Event: 0,702 GC heap after
Heap after GC invocations=1 (full 0):
 PSYoungGen      total 18432K, used 2549K [0x00000000eaa80000, 0x00000000ece80000, 0x0000000100000000)
  eden space 15872K, 0% used [0x00000000eaa80000,0x00000000eaa80000,0x00000000eba00000)
  from space 2560K, 99% used [0x00000000eba00000,0x00000000ebc7d7c8,0x00000000ebc80000)
  to   space 2560K, 0% used [0x00000000ecc00000,0x00000000ecc00000,0x00000000ece80000)
 ParOldGen       total 41984K, used 2081K [0x00000000c0000000, 0x00000000c2900000, 0x00000000eaa80000)
  object space 41984K, 4% used [0x00000000c0000000,0x00000000c0208540,0x00000000c2900000)
 PSPermGen       total 21504K, used 5367K [0x00000000b5a00000, 0x00000000b6f00000, 0x00000000c0000000)
  object space 21504K, 24% used [0x00000000b5a00000,0x00000000b5f3dd70,0x00000000b6f00000)
}
Event: 0,996 GC heap before
{Heap before GC invocations=2 (full 0):
 PSYoungGen      total 18432K, used 18421K [0x00000000eaa80000, 0x00000000ece80000, 0x0000000100000000)
  eden space 15872K, 100% used [0x00000000eaa80000,0x00000000eba00000,0x00000000eba00000)
  from space 2560K, 99% used [0x00000000eba00000,0x00000000ebc7d7c8,0x00000000ebc80000)
  to   space 2560K, 0% used [0x00000000ecc00000,0x00000000ecc00000,0x00000000ece80000)
 ParOldGen       total 41984K, used 2081K [0x00000000c0000000, 0x00000000c2900000, 0x00000000eaa80000)
  object space 41984K, 4% used [0x00000000c0000000,0x00000000c0208540,0x00000000c2900000)
 PSPermGen       total 21504K, used 5458K [0x00000000b5a00000, 0x00000000b6f00000, 0x00000000c0000000)
  object space 21504K, 25% used [0x00000000b5a00000,0x00000000b5f54a68,0x00000000b6f00000)
Event: 1,007 GC heap after
Heap after GC invocations=2 (full 0):
 PSYoungGen      total 34304K, used 2549K [0x00000000eaa80000, 0x00000000ece80000, 0x0000000100000000)
  eden space 31744K, 0% used [0x00000000eaa80000,0x00000000eaa80000,0x00000000ec980000)
  from space 2560K, 99% used [0x00000000ecc00000,0x00000000ece7d510,0x00000000ece80000)
  to   space 2560K, 0% used [0x00000000ec980000,0x00000000ec980000,0x00000000ecc00000)
 ParOldGen       total 41984K, used 5274K [0x00000000c0000000, 0x00000000c2900000, 0x00000000eaa80000)
  object space 41984K, 12% used [0x00000000c0000000,0x00000000c05268a0,0x00000000c2900000)
 PSPermGen       total 21504K, used 5458K [0x00000000b5a00000, 0x00000000b6f00000, 0x00000000c0000000)
  object space 21504K, 25% used [0x00000000b5a00000,0x00000000b5f54a68,0x00000000b6f00000)
}
Event: 1,322 GC heap before
{Heap before GC invocations=3 (full 0):
 PSYoungGen      total 34304K, used 34283K [0x00000000eaa80000, 0x00000000ece80000, 0x0000000100000000)
  eden space 31744K, 99% used [0x00000000eaa80000,0x00000000ec97d738,0x00000000ec980000)
  from space 2560K, 99% used [0x00000000ecc00000,0x00000000ece7d510,0x00000000ece80000)
  to   space 2560K, 0% used [0x00000000ec980000,0x00000000ec980000,0x00000000ecc00000)
 ParOldGen       total 41984K, used 5274K [0x00000000c0000000, 0x00000000c2900000, 0x00000000eaa80000)
  object space 41984K, 12% used [0x00000000c0000000,0x00000000c05268a0,0x00000000c2900000)
 PSPermGen       total 21504K, used 6026K [0x00000000b5a00000, 0x00000000b6f00000, 0x00000000c0000000)
  object space 21504K, 28% used [0x00000000b5a00000,0x00000000b5fe2908,0x00000000b6f00000)
Event: 1,349 GC heap after
Heap after GC invocations=3 (full 0):
 PSYoungGen      total 34304K, used 2538K [0x00000000eaa80000, 0x00000000eed80000, 0x0000000100000000)
  eden space 31744K, 0% used [0x00000000eaa80000,0x00000000eaa80000,0x00000000ec980000)
  from space 2560K, 99% used [0x00000000ec980000,0x00000000ecbfa960,0x00000000ecc00000)
  to   space 2560K, 0% used [0x00000000eeb00000,0x00000000eeb00000,0x00000000eed80000)
 ParOldGen       total 41984K, used 12934K [0x00000000c0000000, 0x00000000c2900000, 0x00000000eaa80000)
  object space 41984K, 30% used [0x00000000c0000000,0x00000000c0ca1880,0x00000000c2900000)
 PSPermGen       total 21504K, used 6026K [0x00000000b5a00000, 0x00000000b6f00000, 0x00000000c0000000)
  object space 21504K, 28% used [0x00000000b5a00000,0x00000000b5fe2908,0x00000000b6f00000)
}
Event: 2,895 GC heap before
{Heap before GC invocations=4 (full 0):
 PSYoungGen      total 34304K, used 34282K [0x00000000eaa80000, 0x00000000eed80000, 0x0000000100000000)
  eden space 31744K, 100% used [0x00000000eaa80000,0x00000000ec980000,0x00000000ec980000)
  from space 2560K, 99% used [0x00000000ec980000,0x00000000ecbfa960,0x00000000ecc00000)
  to   space 2560K, 0% used [0x00000000eeb00000,0x00000000eeb00000,0x00000000eed80000)
 ParOldGen       total 41984K, used 12934K [0x00000000c0000000, 0x00000000c2900000, 0x00000000eaa80000)
  object space 41984K, 30% used [0x00000000c0000000,0x00000000c0ca1880,0x00000000c2900000)
 PSPermGen       total 21504K, used 6774K [0x00000000b5a00000, 0x00000000b6f00000, 0x00000000c0000000)
  object space 21504K, 31% used [0x00000000b5a00000,0x00000000b609da20,0x00000000b6f00000)
Event: 2,967 GC heap after
Heap after GC invocations=4 (full 0):
 PSYoungGen      total 66048K, used 2549K [0x00000000eaa80000, 0x00000000eed80000, 0x0000000100000000)
  eden space 63488K, 0% used [0x00000000eaa80000,0x00000000eaa80000,0x00000000ee880000)
  from space 2560K, 99% used [0x00000000eeb00000,0x00000000eed7d640,0x00000000eed80000)
  to   space 2560K, 0% used [0x00000000ee880000,0x00000000ee880000,0x00000000eeb00000)
 ParOldGen       total 97280K, used 92153K [0x00000000c0000000, 0x00000000c5f00000, 0x00000000eaa80000)
  object space 97280K, 94% used [0x00000000c0000000,0x00000000c59fe6d8,0x00000000c5f00000)
 PSPermGen       total 21504K, used 6774K [0x00000000b5a00000, 0x00000000b6f00000, 0x00000000c0000000)
  object space 21504K, 31% used [0x00000000b5a00000,0x00000000b609da20,0x00000000b6f00000)
}
Event: 2,967 GC heap before
{Heap before GC invocations=5 (full 1):
 PSYoungGen      total 66048K, used 2549K [0x00000000eaa80000, 0x00000000eed80000, 0x0000000100000000)
  eden space 63488K, 0% used [0x00000000eaa80000,0x00000000eaa80000,0x00000000ee880000)
  from space 2560K, 99% used [0x00000000eeb00000,0x00000000eed7d640,0x00000000eed80000)
  to   space 2560K, 0% used [0x00000000ee880000,0x00000000ee880000,0x00000000eeb00000)
 ParOldGen       total 97280K, used 92153K [0x00000000c0000000, 0x00000000c5f00000, 0x00000000eaa80000)
  object space 97280K, 94% used [0x00000000c0000000,0x00000000c59fe6d8,0x00000000c5f00000)
 PSPermGen       total 21504K, used 6774K [0x00000000b5a00000, 0x00000000b6f00000, 0x00000000c0000000)
  object space 21504K, 31% used [0x00000000b5a00000,0x00000000b609da20,0x00000000b6f00000)
Event: 3,035 GC heap after
Heap after GC invocations=5 (full 1):
 PSYoungGen      total 66048K, used 0K [0x00000000eaa80000, 0x00000000eed80000, 0x0000000100000000)
  eden space 63488K, 0% used [0x00000000eaa80000,0x00000000eaa80000,0x00000000ee880000)
  from space 2560K, 0% used [0x00000000eeb00000,0x00000000eeb00000,0x00000000eed80000)
  to   space 2560K, 0% used [0x00000000ee880000,0x00000000ee880000,0x00000000eeb00000)
 ParOldGen       total 120320K, used 30299K [0x00000000c0000000, 0x00000000c7580000, 0x00000000eaa80000)
  object space 120320K, 25% used [0x00000000c0000000,0x00000000c1d96fc8,0x00000000c7580000)
 PSPermGen       total 21504K, used 6772K [0x00000000b5a00000, 0x00000000b6f00000, 0x00000000c0000000)
  object space 21504K, 31% used [0x00000000b5a00000,0x00000000b609d260,0x00000000b6f00000)
}
Event: 4,060 GC heap before
{Heap before GC invocations=6 (full 1):
 PSYoungGen      total 66048K, used 63488K [0x00000000eaa80000, 0x00000000eed80000, 0x0000000100000000)
  eden space 63488K, 100% used [0x00000000eaa80000,0x00000000ee880000,0x00000000ee880000)
  from space 2560K, 0% used [0x00000000eeb00000,0x00000000eeb00000,0x00000000eed80000)
  to   space 2560K, 0% used [0x00000000ee880000,0x00000000ee880000,0x00000000eeb00000)
 ParOldGen       total 120320K, used 30299K [0x00000000c0000000, 0x00000000c7580000, 0x00000000eaa80000)
  object space 120320K, 25% used [0x00000000c0000000,0x00000000c1d96fc8,0x00000000c7580000)
 PSPermGen       total 21504K, used 7202K [0x00000000b5a00000, 0x00000000b6f00000, 0x00000000c0000000)
  object space 21504K, 33% used [0x00000000b5a00000,0x00000000b6108840,0x00000000b6f00000)

Deoptimization events (10 events):
Event: 3,643 Thread 0x00007ff2a800d000 Uncommon trap: reason=class_check action=maybe_recompile pc=0x00007ff2a5089634 method=com.android.dx.merge.DexMerger$IdMerger$UnsortedValue.compareTo(Lcom/android/dx/merge/DexMerger$IdMerger$UnsortedValue;)I @ 8
Event: 3,643 Thread 0x00007ff2a800d000 Uncommon trap: reason=class_check action=maybe_recompile pc=0x00007ff2a5089634 method=com.android.dx.merge.DexMerger$IdMerger$UnsortedValue.compareTo(Lcom/android/dx/merge/DexMerger$IdMerger$UnsortedValue;)I @ 8
Event: 3,643 Thread 0x00007ff2a800d000 Uncommon trap: reason=class_check action=maybe_recompile pc=0x00007ff2a5089634 method=com.android.dx.merge.DexMerger$IdMerger$UnsortedValue.compareTo(Lcom/android/dx/merge/DexMerger$IdMerger$UnsortedValue;)I @ 8
Event: 3,643 Thread 0x00007ff2a800d000 Uncommon trap: reason=predicate action=maybe_recompile pc=0x00007ff2a51bab10 method=java.util.ComparableTimSort.binarySort([Ljava/lang/Object;III)V @ 79
Event: 3,643 Thread 0x00007ff2a800d000 Uncommon trap: reason=class_check action=maybe_recompile pc=0x00007ff2a5089634 method=com.android.dx.merge.DexMerger$IdMerger$UnsortedValue.compareTo(Lcom/android/dx/merge/DexMerger$IdMerger$UnsortedValue;)I @ 8
Event: 3,643 Thread 0x00007ff2a800d000 Uncommon trap: reason=class_check action=maybe_recompile pc=0x00007ff2a51ba110 method=com.android.dx.merge.DexMerger$IdMerger$UnsortedValue.compareTo(Lcom/android/dx/merge/DexMerger$IdMerger$UnsortedValue;)I @ 8
Event: 3,643 Thread 0x00007ff2a800d000 Uncommon trap: reason=class_check action=maybe_recompile pc=0x00007ff2a509a074 method=com.android.dx.merge.DexMerger$IdMerger$UnsortedValue.compareTo(Lcom/android/dx/merge/DexMerger$IdMerger$UnsortedValue;)I @ 8
Event: 3,644 Thread 0x00007ff2a800d000 Uncommon trap: reason=class_check action=maybe_recompile pc=0x00007ff2a51c1864 method=com.android.dx.merge.DexMerger$IdMerger$UnsortedValue.compareTo(Lcom/android/dx/merge/DexMerger$IdMerger$UnsortedValue;)I @ 8
Event: 3,789 Thread 0x00007ff2a800d000 Uncommon trap: reason=unstable_if action=reinterpret pc=0x00007ff2a51db6c8 method=com.android.dex.EncodedValueCodec.readUnsignedInt(Lcom/android/dex/util/ByteInput;IZ)I @ 3
Event: 3,901 Thread 0x00007ff2a800d000 Uncommon trap: reason=unstable_if action=reinterpret pc=0x00007ff2a509c604 method=com.android.dx.merge.IndexMap.adjustString(I)I @ 2

Internal exceptions (10 events):
Event: 3,891 Thread 0x00007ff2a800d000 Threw 0x00000000ee3759d8 at /build/openjdk-7-zaTxYK/openjdk-7-7u91-2.6.3/build/openjdk/hotspot/src/share/vm/prims/jvm.cpp:1322
Event: 3,892 Thread 0x00007ff2a800d000 Threw 0x00000000ee379670 at /build/openjdk-7-zaTxYK/openjdk-7-7u91-2.6.3/build/openjdk/hotspot/src/share/vm/prims/jvm.cpp:1322
Event: 3,892 Thread 0x00007ff2a800d000 Threw 0x00000000ee37d458 at /build/openjdk-7-zaTxYK/openjdk-7-7u91-2.6.3/build/openjdk/hotspot/src/share/vm/prims/jvm.cpp:1322
Event: 3,893 Thread 0x00007ff2a800d000 Threw 0x00000000ee383440 at /build/openjdk-7-zaTxYK/openjdk-7-7u91-2.6.3/build/openjdk/hotspot/src/share/vm/prims/jvm.cpp:1322
Event: 3,894 Thread 0x00007ff2a800d000 Threw 0x00000000ee386f58 at /build/openjdk-7-zaTxYK/openjdk-7-7u91-2.6.3/build/openjdk/hotspot/src/share/vm/prims/jvm.cpp:1322
Event: 3,894 Thread 0x00007ff2a800d000 Threw 0x00000000ee38ac68 at /build/openjdk-7-zaTxYK/openjdk-7-7u91-2.6.3/build/openjdk/hotspot/src/share/vm/prims/jvm.cpp:1322
Event: 3,894 Thread 0x00007ff2a800d000 Threw 0x00000000ee38e6e8 at /build/openjdk-7-zaTxYK/openjdk-7-7u91-2.6.3/build/openjdk/hotspot/src/share/vm/prims/jvm.cpp:1322
Event: 3,897 Thread 0x00007ff2a800d000 Threw 0x00000000ee3d61f0 at /build/openjdk-7-zaTxYK/openjdk-7-7u91-2.6.3/build/openjdk/hotspot/src/share/vm/prims/jvm.cpp:1322
Event: 3,897 Thread 0x00007ff2a800d000 Threw 0x00000000ee3d8db0 at /build/openjdk-7-zaTxYK/openjdk-7-7u91-2.6.3/build/openjdk/hotspot/src/share/vm/prims/jvm.cpp:1322
Event: 4,030 Thread 0x00007ff2a800d000 Threw 0x00000000ee74c2a8 at /build/openjdk-7-zaTxYK/openjdk-7-7u91-2.6.3/build/openjdk/hotspot/src/share/vm/prims/jvm.cpp:1322

Events (10 events):
Event: 3,897 loading class 0x00007ff2a823c9c0
Event: 3,897 loading class 0x00007ff2a823c9c0 done
Event: 3,897 loading class 0x00007ff2a823c3d0
Event: 3,897 loading class 0x00007ff2a823c3d0 done
Event: 3,901 Thread 0x00007ff2a800d000 Uncommon trap: trap_request=0xffffff75 fr.pc=0x00007ff2a509c604
Event: 3,901 Thread 0x00007ff2a800d000 DEOPT PACKING pc=0x00007ff2a509c604 sp=0x00007ff2b0e3e300
Event: 3,901 Thread 0x00007ff2a800d000 DEOPT UNPACKING pc=0x00007ff2a5039045 sp=0x00007ff2b0e3e2c0 mode 2
Event: 4,030 loading class 0x00007ff2a815cbe0
Event: 4,030 loading class 0x00007ff2a815cbe0 done
Event: 4,060 Executing VM operation: ParallelGCFailedAllocation


Dynamic libraries:
00400000-00401000 r-xp 00000000 08:06 401267                             /usr/lib/jvm/java-7-openjdk-amd64/jre/bin/java
00600000-00601000 r--p 00000000 08:06 401267                             /usr/lib/jvm/java-7-openjdk-amd64/jre/bin/java
00601000-00602000 rw-p 00001000 08:06 401267                             /usr/lib/jvm/java-7-openjdk-amd64/jre/bin/java
013cb000-013ec000 rw-p 00000000 00:00 0                                  [heap]
b5a00000-b6f00000 rw-p 00000000 00:00 0 
b6f00000-c0000000 rw-p 00000000 00:00 0 
c0000000-c7580000 rw-p 00000000 00:00 0 
c7580000-eaa80000 rw-p 00000000 00:00 0 
eaa80000-eed80000 rw-p 00000000 00:00 0 
f9300000-100000000 rw-p 00000000 00:00 0 
7ff248000000-7ff248029000 rw-p 00000000 00:00 0 
7ff248029000-7ff24c000000 ---p 00000000 00:00 0 
7ff24ecac000-7ff24ece9000 r-xp 00000000 08:06 660072                     /lib/x86_64-linux-gnu/libpcre.so.3.13.1
7ff24ece9000-7ff24eee8000 ---p 0003d000 08:06 660072                     /lib/x86_64-linux-gnu/libpcre.so.3.13.1
7ff24eee8000-7ff24eee9000 r--p 0003c000 08:06 660072                     /lib/x86_64-linux-gnu/libpcre.so.3.13.1
7ff24eee9000-7ff24eeea000 rw-p 0003d000 08:06 660072                     /lib/x86_64-linux-gnu/libpcre.so.3.13.1
7ff24eeea000-7ff24eef1000 r-xp 00000000 08:06 287713                     /usr/lib/x86_64-linux-gnu/libffi.so.6.0.1
7ff24eef1000-7ff24f0f0000 ---p 00007000 08:06 287713                     /usr/lib/x86_64-linux-gnu/libffi.so.6.0.1
7ff24f0f0000-7ff24f0f1000 r--p 00006000 08:06 287713                     /usr/lib/x86_64-linux-gnu/libffi.so.6.0.1
7ff24f0f1000-7ff24f0f2000 rw-p 00007000 08:06 287713                     /usr/lib/x86_64-linux-gnu/libffi.so.6.0.1
7ff24f0f2000-7ff24f109000 r-xp 00000000 08:06 660145                     /lib/x86_64-linux-gnu/libresolv-2.19.so
7ff24f109000-7ff24f309000 ---p 00017000 08:06 660145                     /lib/x86_64-linux-gnu/libresolv-2.19.so
7ff24f309000-7ff24f30a000 r--p 00017000 08:06 660145                     /lib/x86_64-linux-gnu/libresolv-2.19.so
7ff24f30a000-7ff24f30b000 rw-p 00018000 08:06 660145                     /lib/x86_64-linux-gnu/libresolv-2.19.so
7ff24f30b000-7ff24f30d000 rw-p 00000000 00:00 0 
7ff24f30d000-7ff24f32d000 r-xp 00000000 08:06 660149                     /lib/x86_64-linux-gnu/libselinux.so.1
7ff24f32d000-7ff24f52c000 ---p 00020000 08:06 660149                     /lib/x86_64-linux-gnu/libselinux.so.1
7ff24f52c000-7ff24f52d000 r--p 0001f000 08:06 660149                     /lib/x86_64-linux-gnu/libselinux.so.1
7ff24f52d000-7ff24f52e000 rw-p 00020000 08:06 660149                     /lib/x86_64-linux-gnu/libselinux.so.1
7ff24f52e000-7ff24f530000 rw-p 00000000 00:00 0 
7ff24f530000-7ff24f533000 r-xp 00000000 08:06 273921                     /usr/lib/x86_64-linux-gnu/libgmodule-2.0.so.0.4002.0
7ff24f533000-7ff24f732000 ---p 00003000 08:06 273921                     /usr/lib/x86_64-linux-gnu/libgmodule-2.0.so.0.4002.0
7ff24f732000-7ff24f733000 r--p 00002000 08:06 273921                     /usr/lib/x86_64-linux-gnu/libgmodule-2.0.so.0.4002.0
7ff24f733000-7ff24f734000 rw-p 00003000 08:06 273921                     /usr/lib/x86_64-linux-gnu/libgmodule-2.0.so.0.4002.0
7ff24f734000-7ff24f83a000 r-xp 00000000 08:06 660049                     /lib/x86_64-linux-gnu/libglib-2.0.so.0.4002.0
7ff24f83a000-7ff24fa39000 ---p 00106000 08:06 660049                     /lib/x86_64-linux-gnu/libglib-2.0.so.0.4002.0
7ff24fa39000-7ff24fa3a000 r--p 00105000 08:06 660049                     /lib/x86_64-linux-gnu/libglib-2.0.so.0.4002.0
7ff24fa3a000-7ff24fa3b000 rw-p 00106000 08:06 660049                     /lib/x86_64-linux-gnu/libglib-2.0.so.0.4002.0
7ff24fa3b000-7ff24fa3c000 rw-p 00000000 00:00 0 
7ff24fa3c000-7ff24fa8b000 r-xp 00000000 08:06 273945                     /usr/lib/x86_64-linux-gnu/libgobject-2.0.so.0.4002.0
7ff24fa8b000-7ff24fc8b000 ---p 0004f000 08:06 273945                     /usr/lib/x86_64-linux-gnu/libgobject-2.0.so.0.4002.0
7ff24fc8b000-7ff24fc8c000 r--p 0004f000 08:06 273945                     /usr/lib/x86_64-linux-gnu/libgobject-2.0.so.0.4002.0
7ff24fc8c000-7ff24fc8d000 rw-p 00050000 08:06 273945                     /usr/lib/x86_64-linux-gnu/libgobject-2.0.so.0.4002.0
7ff24fc8d000-7ff24fdf9000 r-xp 00000000 08:06 273905                     /usr/lib/x86_64-linux-gnu/libgio-2.0.so.0.4002.0
7ff24fdf9000-7ff24fff8000 ---p 0016c000 08:06 273905                     /usr/lib/x86_64-linux-gnu/libgio-2.0.so.0.4002.0
7ff24fff8000-7ff24fffc000 r--p 0016b000 08:06 273905                     /usr/lib/x86_64-linux-gnu/libgio-2.0.so.0.4002.0
7ff24fffc000-7ff24fffe000 rw-p 0016f000 08:06 273905                     /usr/lib/x86_64-linux-gnu/libgio-2.0.so.0.4002.0
7ff24fffe000-7ff250000000 rw-p 00000000 00:00 0 
7ff250000000-7ff250034000 rw-p 00000000 00:00 0 
7ff250034000-7ff254000000 ---p 00000000 00:00 0 
7ff254000000-7ff254037000 rw-p 00000000 00:00 0 
7ff254037000-7ff258000000 ---p 00000000 00:00 0 
7ff258000000-7ff258048000 rw-p 00000000 00:00 0 
7ff258048000-7ff25c000000 ---p 00000000 00:00 0 
7ff25c000000-7ff25c021000 rw-p 00000000 00:00 0 
7ff25c021000-7ff260000000 ---p 00000000 00:00 0 
7ff260000000-7ff260021000 rw-p 00000000 00:00 0 
7ff260021000-7ff264000000 ---p 00000000 00:00 0 
7ff264000000-7ff264021000 rw-p 00000000 00:00 0 
7ff264021000-7ff268000000 ---p 00000000 00:00 0 
7ff268000000-7ff2688a4000 rw-p 00000000 00:00 0 
7ff2688a4000-7ff26c000000 ---p 00000000 00:00 0 
7ff26c000000-7ff26c7b6000 rw-p 00000000 00:00 0 
7ff26c7b6000-7ff270000000 ---p 00000000 00:00 0 
7ff270000000-7ff270021000 rw-p 00000000 00:00 0 
7ff270021000-7ff274000000 ---p 00000000 00:00 0 
7ff274000000-7ff274021000 rw-p 00000000 00:00 0 
7ff274021000-7ff278000000 ---p 00000000 00:00 0 
7ff278000000-7ff2780e4000 rw-p 00000000 00:00 0 
7ff2780e4000-7ff27c000000 ---p 00000000 00:00 0 
7ff27c000000-7ff27c021000 rw-p 00000000 00:00 0 
7ff27c021000-7ff280000000 ---p 00000000 00:00 0 
7ff280000000-7ff280021000 rw-p 00000000 00:00 0 
7ff280021000-7ff284000000 ---p 00000000 00:00 0 
7ff284065000-7ff2841c6000 rw-p 00000000 00:00 0 
7ff2841c6000-7ff2841dd000 r-xp 00000000 08:06 401326                     /usr/lib/jvm/java-7-openjdk-amd64/jre/lib/amd64/libnet.so
7ff2841dd000-7ff2843dc000 ---p 00017000 08:06 401326                     /usr/lib/jvm/java-7-openjdk-amd64/jre/lib/amd64/libnet.so
7ff2843dc000-7ff2843dd000 r--p 00016000 08:06 401326                     /usr/lib/jvm/java-7-openjdk-amd64/jre/lib/amd64/libnet.so
7ff2843dd000-7ff2843de000 rw-p 00017000 08:06 401326                     /usr/lib/jvm/java-7-openjdk-amd64/jre/lib/amd64/libnet.so
7ff2843de000-7ff2843ee000 r-xp 00000000 08:06 401292                     /usr/lib/jvm/java-7-openjdk-amd64/jre/lib/amd64/libnio.so
7ff2843ee000-7ff2845ee000 ---p 00010000 08:06 401292                     /usr/lib/jvm/java-7-openjdk-amd64/jre/lib/amd64/libnio.so
7ff2845ee000-7ff2845ef000 r--p 00010000 08:06 401292                     /usr/lib/jvm/java-7-openjdk-amd64/jre/lib/amd64/libnio.so
7ff2845ef000-7ff2845f0000 rw-p 00011000 08:06 401292                     /usr/lib/jvm/java-7-openjdk-amd64/jre/lib/amd64/libnio.so
7ff2845f0000-7ff2845f3000 ---p 00000000 00:00 0 
7ff2845f3000-7ff2846f1000 rw-p 00000000 00:00 0 
7ff2846f1000-7ff2846f4000 ---p 00000000 00:00 0 
7ff2846f4000-7ff2847f2000 rw-p 00000000 00:00 0 
7ff2847f2000-7ff2847f5000 ---p 00000000 00:00 0 
7ff2847f5000-7ff2848f3000 rw-p 00000000 00:00 0 
7ff2848f3000-7ff2848f6000 ---p 00000000 00:00 0 
7ff2848f6000-7ff2849f4000 rw-p 00000000 00:00 0 
7ff2849f4000-7ff2849f7000 ---p 00000000 00:00 0 
7ff2849f7000-7ff284af5000 rw-p 00000000 00:00 0 
7ff284af5000-7ff284af6000 ---p 00000000 00:00 0 
7ff284af6000-7ff284bf6000 rw-p 00000000 00:00 0                          [stack:12255]
7ff284bf6000-7ff284bf9000 ---p 00000000 00:00 0 
7ff284bf9000-7ff284cf7000 rw-p 00000000 00:00 0                          [stack:12254]
7ff284cf7000-7ff284cfa000 ---p 00000000 00:00 0 
7ff284cfa000-7ff284df8000 rw-p 00000000 00:00 0                          [stack:12253]
7ff284df8000-7ff284dfb000 ---p 00000000 00:00 0 
7ff284dfb000-7ff284ef9000 rw-p 00000000 00:00 0                          [stack:12252]
7ff284ef9000-7ff284efc000 ---p 00000000 00:00 0 
7ff284efc000-7ff284ffa000 rw-p 00000000 00:00 0                          [stack:12251]
7ff284ffa000-7ff2852c8000 r--p 00000000 08:06 271328                     /usr/lib/locale/locale-archive
7ff2852c8000-7ff2852cb000 ---p 00000000 00:00 0 
7ff2852cb000-7ff2853c9000 rw-p 00000000 00:00 0                          [stack:12250]
7ff2853c9000-7ff2853cc000 ---p 00000000 00:00 0 
7ff2853cc000-7ff2854ca000 rw-p 00000000 00:00 0                          [stack:12249]
7ff2854ca000-7ff2854cb000 ---p 00000000 00:00 0 
7ff2854cb000-7ff288000000 rw-p 00000000 00:00 0                          [stack:12248]
7ff288000000-7ff288021000 rw-p 00000000 00:00 0 
7ff288021000-7ff28c000000 ---p 00000000 00:00 0 
7ff28c000000-7ff28c021000 rw-p 00000000 00:00 0 
7ff28c021000-7ff290000000 ---p 00000000 00:00 0 
7ff290000000-7ff290021000 rw-p 00000000 00:00 0 
7ff290021000-7ff294000000 ---p 00000000 00:00 0 
7ff294000000-7ff294021000 rw-p 00000000 00:00 0 
7ff294021000-7ff298000000 ---p 00000000 00:00 0 
7ff298000000-7ff298021000 rw-p 00000000 00:00 0 
7ff298021000-7ff29c000000 ---p 00000000 00:00 0 
7ff29c000000-7ff29c021000 rw-p 00000000 00:00 0 
7ff29c021000-7ff2a0000000 ---p 00000000 00:00 0 
7ff2a0000000-7ff2a0021000 rw-p 00000000 00:00 0 
7ff2a0021000-7ff2a4000000 ---p 00000000 00:00 0 
7ff2a40b5000-7ff2a40db000 r--p 00000000 08:06 804047                     /usr/share/locale-langpack/fr/LC_MESSAGES/libc.mo
7ff2a40db000-7ff2a40ea000 r--s 000df000 08:05 3150221                    /home/florent/Android/Sdk/build-tools/23.0.2/lib/dx.jar
7ff2a40ea000-7ff2a5000000 rw-p 00000000 00:00 0 
7ff2a5000000-7ff2a5270000 rwxp 00000000 00:00 0 
7ff2a5270000-7ff2a8250000 rw-p 00000000 00:00 0 
7ff2a8250000-7ff2ac000000 ---p 00000000 00:00 0 
7ff2ac000000-7ff2ac007000 r--s 00000000 08:06 533820                     /usr/lib/x86_64-linux-gnu/gconv/gconv-modules.cache
7ff2ac007000-7ff2ac00c000 r--s 0004e000 08:06 401337                     /usr/lib/jvm/java-7-openjdk-amd64/jre/lib/jsse.jar
7ff2ac00c000-7ff2ac87e000 rw-p 00000000 00:00 0 
7ff2ac87e000-7ff2aca30000 r--s 01d2e000 08:06 401286                     /usr/lib/jvm/java-7-openjdk-amd64/jre/lib/rt.jar
7ff2aca30000-7ff2acd7c000 rw-p 00000000 00:00 0 
7ff2acd7c000-7ff2acd7d000 ---p 00000000 00:00 0 
7ff2acd7d000-7ff2ace7d000 rw-p 00000000 00:00 0                          [stack:12247]
7ff2ace7d000-7ff2ace7e000 ---p 00000000 00:00 0 
7ff2ace7e000-7ff2acf7e000 rw-p 00000000 00:00 0                          [stack:12246]
7ff2acf7e000-7ff2acf7f000 ---p 00000000 00:00 0 
7ff2acf7f000-7ff2ad07f000 rw-p 00000000 00:00 0                          [stack:12245]
7ff2ad07f000-7ff2ad080000 ---p 00000000 00:00 0 
7ff2ad080000-7ff2ad180000 rw-p 00000000 00:00 0                          [stack:12244]
7ff2ad180000-7ff2ad181000 ---p 00000000 00:00 0 
7ff2ad181000-7ff2ad281000 rw-p 00000000 00:00 0                          [stack:12243]
7ff2ad281000-7ff2ad282000 ---p 00000000 00:00 0 
7ff2ad282000-7ff2ad382000 rw-p 00000000 00:00 0                          [stack:12242]
7ff2ad382000-7ff2ad383000 ---p 00000000 00:00 0 
7ff2ad383000-7ff2ad483000 rw-p 00000000 00:00 0                          [stack:12241]
7ff2ad483000-7ff2ad484000 ---p 00000000 00:00 0 
7ff2ad484000-7ff2ad58f000 rw-p 00000000 00:00 0                          [stack:12240]
7ff2ad58f000-7ff2ad5d7000 rw-p 00000000 00:00 0 
7ff2ad5d7000-7ff2ad612000 rw-p 00000000 00:00 0 
7ff2ad612000-7ff2ad72d000 rw-p 00000000 00:00 0 
7ff2ad72d000-7ff2ad738000 rw-p 00000000 00:00 0 
7ff2ad738000-7ff2ad780000 rw-p 00000000 00:00 0 
7ff2ad780000-7ff2ad7bb000 rw-p 00000000 00:00 0 
7ff2ad7bb000-7ff2ad8d5000 rw-p 00000000 00:00 0 
7ff2ad8d5000-7ff2ad8f7000 rw-p 00000000 00:00 0 
7ff2ad8f7000-7ff2ad980000 rw-p 00000000 00:00 0 
7ff2ad980000-7ff2ad981000 rw-p 00000000 00:00 0 
7ff2ad981000-7ff2ad989000 r-xp 00000000 08:06 401296                     /usr/lib/jvm/java-7-openjdk-amd64/jre/lib/amd64/libzip.so
7ff2ad989000-7ff2adb88000 ---p 00008000 08:06 401296                     /usr/lib/jvm/java-7-openjdk-amd64/jre/lib/amd64/libzip.so
7ff2adb88000-7ff2adb89000 r--p 00007000 08:06 401296                     /usr/lib/jvm/java-7-openjdk-amd64/jre/lib/amd64/libzip.so
7ff2adb89000-7ff2adb8a000 rw-p 00008000 08:06 401296                     /usr/lib/jvm/java-7-openjdk-amd64/jre/lib/amd64/libzip.so
7ff2adb8a000-7ff2adb95000 r-xp 00000000 08:06 660094                     /lib/x86_64-linux-gnu/libnss_files-2.19.so
7ff2adb95000-7ff2add94000 ---p 0000b000 08:06 660094                     /lib/x86_64-linux-gnu/libnss_files-2.19.so
7ff2add94000-7ff2add95000 r--p 0000a000 08:06 660094                     /lib/x86_64-linux-gnu/libnss_files-2.19.so
7ff2add95000-7ff2add96000 rw-p 0000b000 08:06 660094                     /lib/x86_64-linux-gnu/libnss_files-2.19.so
7ff2add96000-7ff2adda1000 r-xp 00000000 08:06 660104                     /lib/x86_64-linux-gnu/libnss_nis-2.19.so
7ff2adda1000-7ff2adfa0000 ---p 0000b000 08:06 660104                     /lib/x86_64-linux-gnu/libnss_nis-2.19.so
7ff2adfa0000-7ff2adfa1000 r--p 0000a000 08:06 660104                     /lib/x86_64-linux-gnu/libnss_nis-2.19.so
7ff2adfa1000-7ff2adfa2000 rw-p 0000b000 08:06 660104                     /lib/x86_64-linux-gnu/libnss_nis-2.19.so
7ff2adfa2000-7ff2adfb9000 r-xp 00000000 08:06 660088                     /lib/x86_64-linux-gnu/libnsl-2.19.so
7ff2adfb9000-7ff2ae1b8000 ---p 00017000 08:06 660088                     /lib/x86_64-linux-gnu/libnsl-2.19.so
7ff2ae1b8000-7ff2ae1b9000 r--p 00016000 08:06 660088                     /lib/x86_64-linux-gnu/libnsl-2.19.so
7ff2ae1b9000-7ff2ae1ba000 rw-p 00017000 08:06 660088                     /lib/x86_64-linux-gnu/libnsl-2.19.so
7ff2ae1ba000-7ff2ae1bc000 rw-p 00000000 00:00 0 
7ff2ae1bc000-7ff2ae1c5000 r-xp 00000000 08:06 660090                     /lib/x86_64-linux-gnu/libnss_compat-2.19.so
7ff2ae1c5000-7ff2ae3c4000 ---p 00009000 08:06 660090                     /lib/x86_64-linux-gnu/libnss_compat-2.19.so
7ff2ae3c4000-7ff2ae3c5000 r--p 00008000 08:06 660090                     /lib/x86_64-linux-gnu/libnss_compat-2.19.so
7ff2ae3c5000-7ff2ae3c6000 rw-p 00009000 08:06 660090                     /lib/x86_64-linux-gnu/libnss_compat-2.19.so
7ff2ae3c6000-7ff2ae3f1000 r-xp 00000000 08:06 401308                     /usr/lib/jvm/java-7-openjdk-amd64/jre/lib/amd64/libjava.so
7ff2ae3f1000-7ff2ae5f1000 ---p 0002b000 08:06 401308                     /usr/lib/jvm/java-7-openjdk-amd64/jre/lib/amd64/libjava.so
7ff2ae5f1000-7ff2ae5f2000 r--p 0002b000 08:06 401308                     /usr/lib/jvm/java-7-openjdk-amd64/jre/lib/amd64/libjava.so
7ff2ae5f2000-7ff2ae5f4000 rw-p 0002c000 08:06 401308                     /usr/lib/jvm/java-7-openjdk-amd64/jre/lib/amd64/libjava.so
7ff2ae5f4000-7ff2ae604000 r-xp 00000000 08:06 401322                     /usr/lib/jvm/java-7-openjdk-amd64/jre/lib/amd64/libverify.so
7ff2ae604000-7ff2ae803000 ---p 00010000 08:06 401322                     /usr/lib/jvm/java-7-openjdk-amd64/jre/lib/amd64/libverify.so
7ff2ae803000-7ff2ae805000 r--p 0000f000 08:06 401322                     /usr/lib/jvm/java-7-openjdk-amd64/jre/lib/amd64/libverify.so
7ff2ae805000-7ff2ae806000 rw-p 00011000 08:06 401322                     /usr/lib/jvm/java-7-openjdk-amd64/jre/lib/amd64/libverify.so
7ff2ae806000-7ff2ae80d000 r-xp 00000000 08:06 660147                     /lib/x86_64-linux-gnu/librt-2.19.so
7ff2ae80d000-7ff2aea0c000 ---p 00007000 08:06 660147                     /lib/x86_64-linux-gnu/librt-2.19.so
7ff2aea0c000-7ff2aea0d000 r--p 00006000 08:06 660147                     /lib/x86_64-linux-gnu/librt-2.19.so
7ff2aea0d000-7ff2aea0e000 rw-p 00007000 08:06 660147                     /lib/x86_64-linux-gnu/librt-2.19.so
7ff2aea0e000-7ff2aea24000 r-xp 00000000 08:06 660918                     /lib/x86_64-linux-gnu/libgcc_s.so.1
7ff2aea24000-7ff2aec23000 ---p 00016000 08:06 660918                     /lib/x86_64-linux-gnu/libgcc_s.so.1
7ff2aec23000-7ff2aec24000 rw-p 00015000 08:06 660918                     /lib/x86_64-linux-gnu/libgcc_s.so.1
7ff2aec24000-7ff2aed29000 r-xp 00000000 08:06 660069                     /lib/x86_64-linux-gnu/libm-2.19.so
7ff2aed29000-7ff2aef28000 ---p 00105000 08:06 660069                     /lib/x86_64-linux-gnu/libm-2.19.so
7ff2aef28000-7ff2aef29000 r--p 00104000 08:06 660069                     /lib/x86_64-linux-gnu/libm-2.19.so
7ff2aef29000-7ff2aef2a000 rw-p 00105000 08:06 660069                     /lib/x86_64-linux-gnu/libm-2.19.so
7ff2aef2a000-7ff2af010000 r-xp 00000000 08:06 268180                     /usr/lib/x86_64-linux-gnu/libstdc++.so.6.0.19
7ff2af010000-7ff2af20f000 ---p 000e6000 08:06 268180                     /usr/lib/x86_64-linux-gnu/libstdc++.so.6.0.19
7ff2af20f000-7ff2af217000 r--p 000e5000 08:06 268180                     /usr/lib/x86_64-linux-gnu/libstdc++.so.6.0.19
7ff2af217000-7ff2af219000 rw-p 000ed000 08:06 268180                     /usr/lib/x86_64-linux-gnu/libstdc++.so.6.0.19
7ff2af219000-7ff2af22e000 rw-p 00000000 00:00 0 
7ff2af22e000-7ff2afd52000 r-xp 00000000 08:06 401314                     /usr/lib/jvm/java-7-openjdk-amd64/jre/lib/amd64/server/libjvm.so
7ff2afd52000-7ff2aff52000 ---p 00b24000 08:06 401314                     /usr/lib/jvm/java-7-openjdk-amd64/jre/lib/amd64/server/libjvm.so
7ff2aff52000-7ff2affec000 r--p 00b24000 08:06 401314                     /usr/lib/jvm/java-7-openjdk-amd64/jre/lib/amd64/server/libjvm.so
7ff2affec000-7ff2b000f000 rw-p 00bbe000 08:06 401314                     /usr/lib/jvm/java-7-openjdk-amd64/jre/lib/amd64/server/libjvm.so
7ff2b000f000-7ff2b003d000 rw-p 00000000 00:00 0 
7ff2b003d000-7ff2b0055000 r-xp 00000000 08:06 660180                     /lib/x86_64-linux-gnu/libz.so.1.2.8
7ff2b0055000-7ff2b0254000 ---p 00018000 08:06 660180                     /lib/x86_64-linux-gnu/libz.so.1.2.8
7ff2b0254000-7ff2b0255000 r--p 00017000 08:06 660180                     /lib/x86_64-linux-gnu/libz.so.1.2.8
7ff2b0255000-7ff2b0256000 rw-p 00018000 08:06 660180                     /lib/x86_64-linux-gnu/libz.so.1.2.8
7ff2b0256000-7ff2b026f000 r-xp 00000000 08:06 660139                     /lib/x86_64-linux-gnu/libpthread-2.19.so
7ff2b026f000-7ff2b046e000 ---p 00019000 08:06 660139                     /lib/x86_64-linux-gnu/libpthread-2.19.so
7ff2b046e000-7ff2b046f000 r--p 00018000 08:06 660139                     /lib/x86_64-linux-gnu/libpthread-2.19.so
7ff2b046f000-7ff2b0470000 rw-p 00019000 08:06 660139                     /lib/x86_64-linux-gnu/libpthread-2.19.so
7ff2b0470000-7ff2b0474000 rw-p 00000000 00:00 0 
7ff2b0474000-7ff2b0477000 r-xp 00000000 08:06 660035                     /lib/x86_64-linux-gnu/libdl-2.19.so
7ff2b0477000-7ff2b0676000 ---p 00003000 08:06 660035                     /lib/x86_64-linux-gnu/libdl-2.19.so
7ff2b0676000-7ff2b0677000 r--p 00002000 08:06 660035                     /lib/x86_64-linux-gnu/libdl-2.19.so
7ff2b0677000-7ff2b0678000 rw-p 00003000 08:06 660035                     /lib/x86_64-linux-gnu/libdl-2.19.so
7ff2b0678000-7ff2b0833000 r-xp 00000000 08:06 660018                     /lib/x86_64-linux-gnu/libc-2.19.so
7ff2b0833000-7ff2b0a32000 ---p 001bb000 08:06 660018                     /lib/x86_64-linux-gnu/libc-2.19.so
7ff2b0a32000-7ff2b0a36000 r--p 001ba000 08:06 660018                     /lib/x86_64-linux-gnu/libc-2.19.so
7ff2b0a36000-7ff2b0a38000 rw-p 001be000 08:06 660018                     /lib/x86_64-linux-gnu/libc-2.19.so
7ff2b0a38000-7ff2b0a3d000 rw-p 00000000 00:00 0 
7ff2b0a3d000-7ff2b0a4a000 r-xp 00000000 08:06 401323                     /usr/lib/jvm/java-7-openjdk-amd64/jre/lib/amd64/jli/libjli.so
7ff2b0a4a000-7ff2b0c49000 ---p 0000d000 08:06 401323                     /usr/lib/jvm/java-7-openjdk-amd64/jre/lib/amd64/jli/libjli.so
7ff2b0c49000-7ff2b0c4a000 r--p 0000c000 08:06 401323                     /usr/lib/jvm/java-7-openjdk-amd64/jre/lib/amd64/jli/libjli.so
7ff2b0c4a000-7ff2b0c4b000 rw-p 0000d000 08:06 401323                     /usr/lib/jvm/java-7-openjdk-amd64/jre/lib/amd64/jli/libjli.so
7ff2b0c4b000-7ff2b0c6e000 r-xp 00000000 08:06 659992                     /lib/x86_64-linux-gnu/ld-2.19.so
7ff2b0c6e000-7ff2b0c6f000 rw-p 00000000 00:00 0 
7ff2b0c6f000-7ff2b0c71000 r--s 00006000 08:06 799414                     /usr/share/java/java-atk-wrapper.jar
7ff2b0c71000-7ff2b0c75000 r--s 00085000 08:06 401279                     /usr/lib/jvm/java-7-openjdk-amd64/jre/lib/ext/localedata.jar
7ff2b0c75000-7ff2b0c78000 r--s 0000f000 08:06 401280                     /usr/lib/jvm/java-7-openjdk-amd64/jre/lib/ext/icedtea-sound.jar
7ff2b0c78000-7ff2b0c79000 r--s 00002000 08:06 401283                     /usr/lib/jvm/java-7-openjdk-amd64/jre/lib/ext/dnsns.jar
7ff2b0c79000-7ff2b0c7b000 r--s 00012000 08:06 401278                     /usr/lib/jvm/java-7-openjdk-amd64/jre/lib/ext/zipfs.jar
7ff2b0c7b000-7ff2b0c7f000 r--s 00034000 08:06 401281                     /usr/lib/jvm/java-7-openjdk-amd64/jre/lib/ext/sunjce_provider.jar
7ff2b0c7f000-7ff2b0c89000 rw-p 00000000 00:00 0 
7ff2b0c89000-7ff2b0d3f000 rw-p 00000000 00:00 0 
7ff2b0d3f000-7ff2b0d42000 ---p 00000000 00:00 0 
7ff2b0d42000-7ff2b0e45000 rw-p 00000000 00:00 0                          [stack:12239]
7ff2b0e45000-7ff2b0e49000 r--s 0003c000 08:06 401282                     /usr/lib/jvm/java-7-openjdk-amd64/jre/lib/ext/sunpkcs11.jar
7ff2b0e49000-7ff2b0e61000 rw-p 00000000 00:00 0 
7ff2b0e61000-7ff2b0e69000 rw-s 00000000 08:06 1484122                    /tmp/hsperfdata_florent/12234
7ff2b0e69000-7ff2b0e6a000 rw-p 00000000 00:00 0 
7ff2b0e6a000-7ff2b0e6b000 ---p 00000000 00:00 0 
7ff2b0e6b000-7ff2b0e6d000 rw-p 00000000 00:00 0 
7ff2b0e6d000-7ff2b0e6e000 r--p 00022000 08:06 659992                     /lib/x86_64-linux-gnu/ld-2.19.so
7ff2b0e6e000-7ff2b0e6f000 rw-p 00023000 08:06 659992                     /lib/x86_64-linux-gnu/ld-2.19.so
7ff2b0e6f000-7ff2b0e70000 rw-p 00000000 00:00 0 
7ffd46c7a000-7ffd46c9d000 rw-p 00000000 00:00 0                          [stack]
7ffd46ddf000-7ffd46de1000 r-xp 00000000 00:00 0                          [vdso]
7ffd46de1000-7ffd46de3000 r--p 00000000 00:00 0                          [vvar]
ffffffffff600000-ffffffffff601000 r-xp 00000000 00:00 0                  [vsyscall]

VM Arguments:
jvm_args: -Xmx1024M -Dfile.encoding=UTF-8 -Duser.country=FR -Duser.language=fr -Duser.variant 
java_command: com.android.dx.command.Main --dex --num-threads=4 --output /home/florent/Documents/M2-DL/S9/FHCI/Android/Berbie_DeRoquemaurel_Gayout_ANDROID/MakeAFocal/app/build/intermediates/dex/debug /home/florent/Documents/M2-DL/S9/FHCI/Android/Berbie_DeRoquemaurel_Gayout_ANDROID/MakeAFocal/app/build/intermediates/classes/debug /home/florent/Documents/M2-DL/S9/FHCI/Android/Berbie_DeRoquemaurel_Gayout_ANDROID/MakeAFocal/app/build/intermediates/pre-dexed/debug/support-annotations-23.1.1-16ca20f4683b9945c99f51438ebf77299bebdb65.jar /home/florent/Documents/M2-DL/S9/FHCI/Android/Berbie_DeRoquemaurel_Gayout_ANDROID/MakeAFocal/app/build/intermediates/pre-dexed/debug/classes-523a6378758489ce92341569c7eba9f3fbc7420c.jar /home/florent/Documents/M2-DL/S9/FHCI/Android/Berbie_DeRoquemaurel_Gayout_ANDROID/MakeAFocal/app/build/intermediates/pre-dexed/debug/internal_impl-22.2.0-956c1b4b12cb2394f5bc1181d0edad87dc47a815.jar /home/florent/Documents/M2-DL/S9/FHCI/Android/Berbie_DeRoquemaurel_Gayout_ANDROID/MakeAFocal/app/build/intermediates/pre-dexed/debug/classes-bf7bf58913a02d3d3c20219aa02ec69760c4e5ca.jar /home/florent/Documents/M2-DL/S9/FHCI/Android/Berbie_DeRoquemaurel_Gayout_ANDROID/MakeAFocal/app/build/intermediates/pre-dexed/debug/classes-279529b2ec3e83819cb9a57ae5b1863d996425da.jar /home/florent/Documents/M2-DL/S9/FHCI/Android/Berbie_DeRoquemaurel_Gayout_ANDROID/MakeAFocal/app/build/intermediates/pre-dexed/debug/classes-504f2ad5c70296d8550834c844fa196982d102eb.jar /home/florent/Documents/M2-DL/S9/FHCI/Android/Berbie_DeRoquemaurel_Gayout_ANDROID/MakeAFocal/app/build/intermediates/pre-dexed/debug/classes-803c706d9d5093fd5b3e88ca63899a46fcf644a7.jar /home/florent/Documents/M2-DL/S9/FHCI/Android/Berbie_DeRoquemaurel_Gayout_ANDROID/MakeAFocal/app/build/intermediates/pre-dexed/debug/classes-34921c461e8f37ceef5318678e0057b395237209.jar /home/florent/Documents/M2-DL/S9/FHCI/Android/Berbie_DeRoquemaurel_Gayout_ANDROID/MakeAFocal/app/build/intermediates/pre-dexed/debug/classes-356c53
Launcher Type: SUN_STANDARD

Environment Variables:
JAVA_HOME=/usr/lib/jvm/java-7-openjdk-amd64
PATH=/home/florent/.sdkman/vertx/current/bin:/home/florent/.sdkman/springboot/current/bin:/home/florent/.sdkman/lazybones/current/bin:/home/florent/.sdkman/jbossforge/current/bin:/home/florent/.sdkman/jbake/current/bin:/home/florent/.sdkman/groovyserv/current/bin:/home/florent/.sdkman/groovy/current/bin:/home/florent/.sdkman/griffon/current/bin:/home/florent/.sdkman/grails/current/bin:/home/florent/.sdkman/gradle/current/bin:/home/florent/.sdkman/glide/current/bin:/home/florent/.sdkman/gaiden/current/bin:/home/florent/.sdkman/crash/current/bin:/home/florent/.sdkman/asciidoctorj/current/bin:/usr/local/sbin:/usr/local/bin:/usr/sbin:/usr/bin:/sbin:/bin:/usr/games:/usr/local/games
USERNAME=florent
LD_LIBRARY_PATH=/home/florent/Documents/Logiciels/android-studio/bin:
SHELL=/bin/zsh
DISPLAY=:0

Signal Handlers:
SIGSEGV: [libjvm.so+0x9548f0], sa_mask[0]=0x7ffbfeff, sa_flags=0x10000004
SIGBUS: [libjvm.so+0x9548f0], sa_mask[0]=0x7ffbfeff, sa_flags=0x10000004
SIGFPE: [libjvm.so+0x7cb0b0], sa_mask[0]=0x7ffbfeff, sa_flags=0x10000004
SIGPIPE: [libjvm.so+0x7cb0b0], sa_mask[0]=0x7ffbfeff, sa_flags=0x10000004
SIGXFSZ: [libjvm.so+0x7cb0b0], sa_mask[0]=0x7ffbfeff, sa_flags=0x10000004
SIGILL: [libjvm.so+0x7cb0b0], sa_mask[0]=0x7ffbfeff, sa_flags=0x10000004
SIGUSR1: SIG_DFL, sa_mask[0]=0x00000000, sa_flags=0x00000000
SIGUSR2: [libjvm.so+0x7caf50], sa_mask[0]=0x00000004, sa_flags=0x10000004
SIGHUP: [libjvm.so+0x7cb130], sa_mask[0]=0x7ffbfeff, sa_flags=0x10000004
SIGINT: [libjvm.so+0x7cb130], sa_mask[0]=0x7ffbfeff, sa_flags=0x10000004
SIGTERM: [libjvm.so+0x7cb130], sa_mask[0]=0x7ffbfeff, sa_flags=0x10000004
SIGQUIT: [libjvm.so+0x7cb130], sa_mask[0]=0x7ffbfeff, sa_flags=0x10000004
SIGTRAP: SIG_DFL, sa_mask[0]=0x00000000, sa_flags=0x00000000


---------------  S Y S T E M  ---------------

OS:LinuxMint 17.3 (rosa)
uname:Linux 3.16.0-38-generic #52~14.04.1-Ubuntu SMP Fri May 8 09:43:57 UTC 2015 x86_64
libc:glibc 2.19 NPTL 2.19 
rlimit: STACK 8192k, CORE 0k, NPROC 15619, NOFILE 4096, AS infinity
load average:1,17 0,68 0,60

/proc/meminfo:
MemTotal:        4029408 kB
MemFree:          104148 kB
MemAvailable:      83252 kB
Buffers:            5136 kB
Cached:           109652 kB
SwapCached:            0 kB
Active:          3616768 kB
Inactive:          71108 kB
Active(anon):    3574612 kB
Inactive(anon):    27416 kB
Active(file):      42156 kB
Inactive(file):    43692 kB
Unevictable:         152 kB
Mlocked:             152 kB
SwapTotal:             0 kB
SwapFree:              0 kB
Dirty:               512 kB
Writeback:             0 kB
AnonPages:       3573420 kB
Mapped:           143308 kB
Shmem:             29008 kB
Slab:              81524 kB
SReclaimable:      41284 kB
SUnreclaim:        40240 kB
KernelStack:       11776 kB
PageTables:        44128 kB
NFS_Unstable:          0 kB
Bounce:                0 kB
WritebackTmp:          0 kB
CommitLimit:     2014704 kB
Committed_AS:    7863956 kB
VmallocTotal:   34359738367 kB
VmallocUsed:      115056 kB
VmallocChunk:   34359617020 kB
HardwareCorrupted:     0 kB
AnonHugePages:   2244608 kB
HugePages_Total:       0
HugePages_Free:        0
HugePages_Rsvd:        0
HugePages_Surp:        0
Hugepagesize:       2048 kB
DirectMap4k:      205256 kB
DirectMap2M:     3971072 kB


CPU:total 8 (4 cores per cpu, 2 threads per core) family 6 model 30 stepping 5, cmov, cx8, fxsr, mmx, sse, sse2, sse3, ssse3, sse4.1, sse4.2, popcnt, ht, tsc, tscinvbit

/proc/cpuinfo:
processor	: 0
vendor_id	: GenuineIntel
cpu family	: 6
model		: 30
model name	: Intel(R) Core(TM) i7 CPU       Q 740  @ 1.73GHz
stepping	: 5
microcode	: 0x3
cpu MHz		: 933.000
cache size	: 6144 KB
physical id	: 0
siblings	: 8
core id		: 0
cpu cores	: 4
apicid		: 0
initial apicid	: 0
fpu		: yes
fpu_exception	: yes
cpuid level	: 11
wp		: yes
flags		: fpu vme de pse tsc msr pae mce cx8 apic sep mtrr pge mca cmov pat pse36 clflush dts acpi mmx fxsr sse sse2 ss ht tm pbe syscall nx rdtscp lm constant_tsc arch_perfmon pebs bts rep_good nopl xtopology nonstop_tsc aperfmperf pni dtes64 monitor ds_cpl vmx smx est tm2 ssse3 cx16 xtpr pdcm sse4_1 sse4_2 popcnt lahf_lm ida dtherm tpr_shadow vnmi flexpriority ept vpid
bogomips	: 3457.76
clflush size	: 64
cache_alignment	: 64
address sizes	: 36 bits physical, 48 bits virtual
power management:

processor	: 1
vendor_id	: GenuineIntel
cpu family	: 6
model		: 30
model name	: Intel(R) Core(TM) i7 CPU       Q 740  @ 1.73GHz
stepping	: 5
microcode	: 0x3
cpu MHz		: 933.000
cache size	: 6144 KB
physical id	: 0
siblings	: 8
core id		: 1
cpu cores	: 4
apicid		: 2
initial apicid	: 2
fpu		: yes
fpu_exception	: yes
cpuid level	: 11
wp		: yes
flags		: fpu vme de pse tsc msr pae mce cx8 apic sep mtrr pge mca cmov pat pse36 clflush dts acpi mmx fxsr sse sse2 ss ht tm pbe syscall nx rdtscp lm constant_tsc arch_perfmon pebs bts rep_good nopl xtopology nonstop_tsc aperfmperf pni dtes64 monitor ds_cpl vmx smx est tm2 ssse3 cx16 xtpr pdcm sse4_1 sse4_2 popcnt lahf_lm ida dtherm tpr_shadow vnmi flexpriority ept vpid
bogomips	: 3457.76
clflush size	: 64
cache_alignment	: 64
address sizes	: 36 bits physical, 48 bits virtual
power management:

processor	: 2
vendor_id	: GenuineIntel
cpu family	: 6
model		: 30
model name	: Intel(R) Core(TM) i7 CPU       Q 740  @ 1.73GHz
stepping	: 5
microcode	: 0x3
cpu MHz		: 1199.000
cache size	: 6144 KB
physical id	: 0
siblings	: 8
core id		: 2
cpu cores	: 4
apicid		: 4
initial apicid	: 4
fpu		: yes
fpu_exception	: yes
cpuid level	: 11
wp		: yes
flags		: fpu vme de pse tsc msr pae mce cx8 apic sep mtrr pge mca cmov pat pse36 clflush dts acpi mmx fxsr sse sse2 ss ht tm pbe syscall nx rdtscp lm constant_tsc arch_perfmon pebs bts rep_good nopl xtopology nonstop_tsc aperfmperf pni dtes64 monitor ds_cpl vmx smx est tm2 ssse3 cx16 xtpr pdcm sse4_1 sse4_2 popcnt lahf_lm ida dtherm tpr_shadow vnmi flexpriority ept vpid
bogomips	: 3457.76
clflush size	: 64
cache_alignment	: 64
address sizes	: 36 bits physical, 48 bits virtual
power management:

processor	: 3
vendor_id	: GenuineIntel
cpu family	: 6
model		: 30
model name	: Intel(R) Core(TM) i7 CPU       Q 740  @ 1.73GHz
stepping	: 5
microcode	: 0x3
cpu MHz		: 1734.000
cache size	: 6144 KB
physical id	: 0
siblings	: 8
core id		: 3
cpu cores	: 4
apicid		: 6
initial apicid	: 6
fpu		: yes
fpu_exception	: yes
cpuid level	: 11
wp		: yes
flags		: fpu vme de pse tsc msr pae mce cx8 apic sep mtrr pge mca cmov pat pse36 clflush dts acpi mmx fxsr sse sse2 ss ht tm pbe syscall nx rdtscp lm constant_tsc arch_perfmon pebs bts rep_good nopl xtopology nonstop_tsc aperfmperf pni dtes64 monitor ds_cpl vmx smx est tm2 ssse3 cx16 xtpr pdcm sse4_1 sse4_2 popcnt lahf_lm ida dtherm tpr_shadow vnmi flexpriority ept vpid
bogomips	: 3457.76
clflush size	: 64
cache_alignment	: 64
address sizes	: 36 bits physical, 48 bits virtual
power management:

processor	: 4
vendor_id	: GenuineIntel
cpu family	: 6
model		: 30
model name	: Intel(R) Core(TM) i7 CPU       Q 740  @ 1.73GHz
stepping	: 5
microcode	: 0x3
cpu MHz		: 1734.000
cache size	: 6144 KB
physical id	: 0
siblings	: 8
core id		: 0
cpu cores	: 4
apicid		: 1
initial apicid	: 1
fpu		: yes
fpu_exception	: yes
cpuid level	: 11
wp		: yes
flags		: fpu vme de pse tsc msr pae mce cx8 apic sep mtrr pge mca cmov pat pse36 clflush dts acpi mmx fxsr sse sse2 ss ht tm pbe syscall nx rdtscp lm constant_tsc arch_perfmon pebs bts rep_good nopl xtopology nonstop_tsc aperfmperf pni dtes64 monitor ds_cpl vmx smx est tm2 ssse3 cx16 xtpr pdcm sse4_1 sse4_2 popcnt lahf_lm ida dtherm tpr_shadow vnmi flexpriority ept vpid
bogomips	: 3457.76
clflush size	: 64
cache_alignment	: 64
address sizes	: 36 bits physical, 48 bits virtual
power management:

processor	: 5
vendor_id	: GenuineIntel
cpu family	: 6
model		: 30
model name	: Intel(R) Core(TM) i7 CPU       Q 740  @ 1.73GHz
stepping	: 5
microcode	: 0x3
cpu MHz		: 933.000
cache size	: 6144 KB
physical id	: 0
siblings	: 8
core id		: 1
cpu cores	: 4
apicid		: 3
initial apicid	: 3
fpu		: yes
fpu_exception	: yes
cpuid level	: 11
wp		: yes
flags		: fpu vme de pse tsc msr pae mce cx8 apic sep mtrr pge mca cmov pat pse36 clflush dts acpi mmx fxsr sse sse2 ss ht tm pbe syscall nx rdtscp lm constant_tsc arch_perfmon pebs bts rep_good nopl xtopology nonstop_tsc aperfmperf pni dtes64 monitor ds_cpl vmx smx est tm2 ssse3 cx16 xtpr pdcm sse4_1 sse4_2 popcnt lahf_lm ida dtherm tpr_shadow vnmi flexpriority ept vpid
bogomips	: 3457.76
clflush size	: 64
cache_alignment	: 64
address sizes	: 36 bits physical, 48 bits virtual
power management:

processor	: 6
vendor_id	: GenuineIntel
cpu family	: 6
model		: 30
model name	: Intel(R) Core(TM) i7 CPU       Q 740  @ 1.73GHz
stepping	: 5
microcode	: 0x3
cpu MHz		: 933.000
cache size	: 6144 KB
physical id	: 0
siblings	: 8
core id		: 2
cpu cores	: 4
apicid		: 5
initial apicid	: 5
fpu		: yes
fpu_exception	: yes
cpuid level	: 11
wp		: yes
flags		: fpu vme de pse tsc msr pae mce cx8 apic sep mtrr pge mca cmov pat pse36 clflush dts acpi mmx fxsr sse sse2 ss ht tm pbe syscall nx rdtscp lm constant_tsc arch_perfmon pebs bts rep_good nopl xtopology nonstop_tsc aperfmperf pni dtes64 monitor ds_cpl vmx smx est tm2 ssse3 cx16 xtpr pdcm sse4_1 sse4_2 popcnt lahf_lm ida dtherm tpr_shadow vnmi flexpriority ept vpid
bogomips	: 3457.76
clflush size	: 64
cache_alignment	: 64
address sizes	: 36 bits physical, 48 bits virtual
power management:

processor	: 7
vendor_id	: GenuineIntel
cpu family	: 6
model		: 30
model name	: Intel(R) Core(TM) i7 CPU       Q 740  @ 1.73GHz
stepping	: 5
microcode	: 0x3
cpu MHz		: 933.000
cache size	: 6144 KB
physical id	: 0
siblings	: 8
core id		: 3
cpu cores	: 4
apicid		: 7
initial apicid	: 7
fpu		: yes
fpu_exception	: yes
cpuid level	: 11
wp		: yes
flags		: fpu vme de pse tsc msr pae mce cx8 apic sep mtrr pge mca cmov pat pse36 clflush dts acpi mmx fxsr sse sse2 ss ht tm pbe syscall nx rdtscp lm constant_tsc arch_perfmon pebs bts rep_good nopl xtopology nonstop_tsc aperfmperf pni dtes64 monitor ds_cpl vmx smx est tm2 ssse3 cx16 xtpr pdcm sse4_1 sse4_2 popcnt lahf_lm ida dtherm tpr_shadow vnmi flexpriority ept vpid
bogomips	: 3457.76
clflush size	: 64
cache_alignment	: 64
address sizes	: 36 bits physical, 48 bits virtual
power management:



Memory: 4k page, physical 4029408k(103900k free), swap 0k(0k free)

vm_info: OpenJDK 64-Bit Server VM (24.91-b01) for linux-amd64 JRE (1.7.0_91-b02), built on Nov 19 2015 06:14:37 by "buildd" with gcc 4.8.2

time: Thu Jan 21 17:04:53 2016
elapsed time: 4 seconds

