#
# There is insufficient memory for the Java Runtime Environment to continue.
# Native memory allocation (malloc) failed to allocate 174063616 bytes for committing reserved memory.
# Possible reasons:
#   The system is out of physical RAM or swap space
#   In 32 bit mode, the process size limit was hit
# Possible solutions:
#   Reduce memory load on the system
#   Increase physical memory or swap space
#   Check if swap backing store is full
#   Use 64 bit Java on a 64 bit OS
#   Decrease Java heap size (-Xmx/-Xms)
#   Decrease number of Java threads
#   Decrease Java thread stack sizes (-Xss)
#   Set larger code cache with -XX:ReservedCodeCacheSize=
# This output file may be truncated or incomplete.
#
#  Out of Memory Error (os_linux.cpp:2827), pid=11202, tid=140636562872064
#
# JRE version: OpenJDK Runtime Environment (7.0_91-b02) (build 1.7.0_91-b02)
# Java VM: OpenJDK 64-Bit Server VM (24.91-b01 mixed mode linux-amd64 compressed oops)
# Derivative: IcedTea 2.6.3
# Distribution: Ubuntu 14.04 LTS, package 7u91-2.6.3-0ubuntu0.14.04.1
# Failed to write core dump. Core dumps have been disabled. To enable core dumping, try "ulimit -c unlimited" before starting Java again
#

---------------  T H R E A D  ---------------

Current thread (0x00007fe884081000):  VMThread [stack: 0x00007fe8804f5000,0x00007fe8805f6000] [id=11215]

Stack: [0x00007fe8804f5000,0x00007fe8805f6000],  sp=0x00007fe8805f4490,  free space=1021k
Native frames: (J=compiled Java code, j=interpreted, Vv=VM code, C=native code)
V  [libjvm.so+0x953e15]  VMError::report_and_die()+0x175
V  [libjvm.so+0x48fd94]  report_vm_out_of_memory(char const*, int, unsigned long, char const*)+0x74
V  [libjvm.so+0x7cf87b]  os::pd_commit_memory(char*, unsigned long, unsigned long, bool)+0xeb
V  [libjvm.so+0x7ca33f]  os::commit_memory(char*, unsigned long, unsigned long, bool)+0x1f
V  [libjvm.so+0x83dacb]  PSVirtualSpace::expand_by(unsigned long)+0x5b
V  [libjvm.so+0x83e930]  PSYoungGen::resize_generation(unsigned long, unsigned long)+0xb0
V  [libjvm.so+0x83f01b]  PSYoungGen::resize(unsigned long, unsigned long)+0x1b
V  [libjvm.so+0x83b258]  PSScavenge::invoke_no_policy()+0xd68
V  [libjvm.so+0x83bac8]  PSScavenge::invoke()+0x38
V  [libjvm.so+0x7f2083]  ParallelScavengeHeap::failed_mem_allocate(unsigned long)+0x63
V  [libjvm.so+0x955814]  VM_ParallelGCFailedAllocation::doit()+0x84
V  [libjvm.so+0x959917]  VM_Operation::evaluate()+0x47
V  [libjvm.so+0x9583d8]  VMThread::evaluate_operation(VM_Operation*)+0x318
V  [libjvm.so+0x958839]  VMThread::loop()+0x219
V  [libjvm.so+0x958c82]  VMThread::run()+0x72
V  [libjvm.so+0x7cc742]  java_start(Thread*)+0xf2

VM_Operation (0x00007fe88d8fe120): ParallelGCFailedAllocation, mode: safepoint, requested by thread 0x00007fe88400d000


---------------  P R O C E S S  ---------------

Java Threads: ( => current thread )
  0x00007fe8840ba000 JavaThread "Service Thread" daemon [_thread_blocked, id=11221, stack(0x00007fe85d6cc000,0x00007fe85d7cd000)]
  0x00007fe8840b8000 JavaThread "C2 CompilerThread1" daemon [_thread_blocked, id=11220, stack(0x00007fe85d7cd000,0x00007fe85d8ce000)]
  0x00007fe8840b5000 JavaThread "C2 CompilerThread0" daemon [_thread_blocked, id=11219, stack(0x00007fe85d8ce000,0x00007fe85d9cf000)]
  0x00007fe8840b3000 JavaThread "Signal Dispatcher" daemon [_thread_blocked, id=11218, stack(0x00007fe85d9cf000,0x00007fe85dad0000)]
  0x00007fe884087800 JavaThread "Finalizer" daemon [_thread_blocked, id=11217, stack(0x00007fe8802f3000,0x00007fe8803f4000)]
  0x00007fe884085800 JavaThread "Reference Handler" daemon [_thread_blocked, id=11216, stack(0x00007fe8803f4000,0x00007fe8804f5000)]
  0x00007fe88400d000 JavaThread "main" [_thread_blocked, id=11206, stack(0x00007fe88d7ff000,0x00007fe88d900000)]

Other Threads:
=>0x00007fe884081000 VMThread [stack: 0x00007fe8804f5000,0x00007fe8805f6000] [id=11215]
  0x00007fe8840c5000 WatcherThread [stack: 0x00007fe85d5cb000,0x00007fe85d6cc000] [id=11222]

VM state:at safepoint (normal execution)

VM Mutex/Monitor currently owned by a thread:  ([mutex/lock_event])
[0x00007fe8840096d0] Threads_lock - owner thread: 0x00007fe884081000
[0x00007fe884009bd0] Heap_lock - owner thread: 0x00007fe88400d000

Heap
 PSYoungGen      total 66048K, used 2558K [0x00000000eaa80000, 0x00000000eed80000, 0x0000000100000000)
  eden space 63488K, 0% used [0x00000000eaa80000,0x00000000eaa80000,0x00000000ee880000)
  from space 2560K, 99% used [0x00000000ee880000,0x00000000eeaff9c8,0x00000000eeb00000)
  to   space 2560K, 0% used [0x00000000eeb00000,0x00000000eeb00000,0x00000000eed80000)
 ParOldGen       total 120320K, used 31768K [0x00000000c0000000, 0x00000000c7580000, 0x00000000eaa80000)
  object space 120320K, 26% used [0x00000000c0000000,0x00000000c1f062f8,0x00000000c7580000)
 PSPermGen       total 21504K, used 7261K [0x00000000b5a00000, 0x00000000b6f00000, 0x00000000c0000000)
  object space 21504K, 33% used [0x00000000b5a00000,0x00000000b6117780,0x00000000b6f00000)

Card table byte_map: [0x00007fe88a1ed000,0x00007fe88a441000] byte_map_base: 0x00007fe889c40000

Polling page: 0x00007fe88d92a000

Code Cache  [0x00007fe881000000, 0x00007fe881270000, 0x00007fe884000000)
 total_blobs=997 nmethods=754 adapters=197 free_code_cache=46904Kb largest_free_block=47986432

Compilation events (10 events):
Event: 4,043 Thread 0x00007fe8840b8000 nmethod 781 0x00007fe881238310 code [0x00007fe881238440, 0x00007fe881238498]
Event: 4,043 Thread 0x00007fe8840b5000 nmethod 782 0x00007fe881237dd0 code [0x00007fe881237f00, 0x00007fe881237f58]
Event: 4,059 Thread 0x00007fe8840b8000  783             com.android.dx.io.instructions.InstructionCodec::access$300 (5 bytes)
Event: 4,059 Thread 0x00007fe8840b5000  784             com.android.dx.io.instructions.InstructionCodec::access$400 (5 bytes)
Event: 4,060 Thread 0x00007fe8840b8000 nmethod 783 0x00007fe881203a90 code [0x00007fe881203bc0, 0x00007fe881203bf8]
Event: 4,060 Thread 0x00007fe8840b5000 nmethod 784 0x00007fe881209a50 code [0x00007fe881209b80, 0x00007fe881209bb8]
Event: 4,060 Thread 0x00007fe8840b8000  785             com.android.dx.io.instructions.InstructionCodec::access$500 (6 bytes)
Event: 4,061 Thread 0x00007fe8840b8000 nmethod 785 0x00007fe881236cd0 code [0x00007fe881236e00, 0x00007fe881236e98]
Event: 4,068 Thread 0x00007fe8840b5000  786             com.android.dx.io.instructions.TwoRegisterDecodedInstruction::withIndex (37 bytes)
Event: 4,072 Thread 0x00007fe8840b5000 nmethod 786 0x00007fe881236610 code [0x00007fe881236760, 0x00007fe881236a18]

GC Heap History (10 events):
Event: 0,568 GC heap after
Heap after GC invocations=1 (full 0):
 PSYoungGen      total 18432K, used 2529K [0x00000000eaa80000, 0x00000000ece80000, 0x0000000100000000)
  eden space 15872K, 0% used [0x00000000eaa80000,0x00000000eaa80000,0x00000000eba00000)
  from space 2560K, 98% used [0x00000000eba00000,0x00000000ebc78590,0x00000000ebc80000)
  to   space 2560K, 0% used [0x00000000ecc00000,0x00000000ecc00000,0x00000000ece80000)
 ParOldGen       total 41984K, used 2151K [0x00000000c0000000, 0x00000000c2900000, 0x00000000eaa80000)
  object space 41984K, 5% used [0x00000000c0000000,0x00000000c0219e88,0x00000000c2900000)
 PSPermGen       total 21504K, used 5368K [0x00000000b5a00000, 0x00000000b6f00000, 0x00000000c0000000)
  object space 21504K, 24% used [0x00000000b5a00000,0x00000000b5f3e068,0x00000000b6f00000)
}
Event: 0,785 GC heap before
{Heap before GC invocations=2 (full 0):
 PSYoungGen      total 18432K, used 18401K [0x00000000eaa80000, 0x00000000ece80000, 0x0000000100000000)
  eden space 15872K, 100% used [0x00000000eaa80000,0x00000000eba00000,0x00000000eba00000)
  from space 2560K, 98% used [0x00000000eba00000,0x00000000ebc78590,0x00000000ebc80000)
  to   space 2560K, 0% used [0x00000000ecc00000,0x00000000ecc00000,0x00000000ece80000)
 ParOldGen       total 41984K, used 2151K [0x00000000c0000000, 0x00000000c2900000, 0x00000000eaa80000)
  object space 41984K, 5% used [0x00000000c0000000,0x00000000c0219e88,0x00000000c2900000)
 PSPermGen       total 21504K, used 5460K [0x00000000b5a00000, 0x00000000b6f00000, 0x00000000c0000000)
  object space 21504K, 25% used [0x00000000b5a00000,0x00000000b5f551f8,0x00000000b6f00000)
Event: 0,804 GC heap after
Heap after GC invocations=2 (full 0):
 PSYoungGen      total 34304K, used 2531K [0x00000000eaa80000, 0x00000000ece80000, 0x0000000100000000)
  eden space 31744K, 0% used [0x00000000eaa80000,0x00000000eaa80000,0x00000000ec980000)
  from space 2560K, 98% used [0x00000000ecc00000,0x00000000ece78dc8,0x00000000ece80000)
  to   space 2560K, 0% used [0x00000000ec980000,0x00000000ec980000,0x00000000ecc00000)
 ParOldGen       total 41984K, used 5426K [0x00000000c0000000, 0x00000000c2900000, 0x00000000eaa80000)
  object space 41984K, 12% used [0x00000000c0000000,0x00000000c054cb10,0x00000000c2900000)
 PSPermGen       total 21504K, used 5460K [0x00000000b5a00000, 0x00000000b6f00000, 0x00000000c0000000)
  object space 21504K, 25% used [0x00000000b5a00000,0x00000000b5f551f8,0x00000000b6f00000)
}
Event: 1,119 GC heap before
{Heap before GC invocations=3 (full 0):
 PSYoungGen      total 34304K, used 34275K [0x00000000eaa80000, 0x00000000ece80000, 0x0000000100000000)
  eden space 31744K, 100% used [0x00000000eaa80000,0x00000000ec980000,0x00000000ec980000)
  from space 2560K, 98% used [0x00000000ecc00000,0x00000000ece78dc8,0x00000000ece80000)
  to   space 2560K, 0% used [0x00000000ec980000,0x00000000ec980000,0x00000000ecc00000)
 ParOldGen       total 41984K, used 5426K [0x00000000c0000000, 0x00000000c2900000, 0x00000000eaa80000)
  object space 41984K, 12% used [0x00000000c0000000,0x00000000c054cb10,0x00000000c2900000)
 PSPermGen       total 21504K, used 6075K [0x00000000b5a00000, 0x00000000b6f00000, 0x00000000c0000000)
  object space 21504K, 28% used [0x00000000b5a00000,0x00000000b5feeeb0,0x00000000b6f00000)
Event: 1,134 GC heap after
Heap after GC invocations=3 (full 0):
 PSYoungGen      total 34304K, used 2534K [0x00000000eaa80000, 0x00000000eed80000, 0x0000000100000000)
  eden space 31744K, 0% used [0x00000000eaa80000,0x00000000eaa80000,0x00000000ec980000)
  from space 2560K, 98% used [0x00000000ec980000,0x00000000ecbf98b0,0x00000000ecc00000)
  to   space 2560K, 0% used [0x00000000eeb00000,0x00000000eeb00000,0x00000000eed80000)
 ParOldGen       total 41984K, used 12635K [0x00000000c0000000, 0x00000000c2900000, 0x00000000eaa80000)
  object space 41984K, 30% used [0x00000000c0000000,0x00000000c0c56ef8,0x00000000c2900000)
 PSPermGen       total 21504K, used 6075K [0x00000000b5a00000, 0x00000000b6f00000, 0x00000000c0000000)
  object space 21504K, 28% used [0x00000000b5a00000,0x00000000b5feeeb0,0x00000000b6f00000)
}
Event: 2,312 GC heap before
{Heap before GC invocations=4 (full 0):
 PSYoungGen      total 34304K, used 34278K [0x00000000eaa80000, 0x00000000eed80000, 0x0000000100000000)
  eden space 31744K, 100% used [0x00000000eaa80000,0x00000000ec980000,0x00000000ec980000)
  from space 2560K, 98% used [0x00000000ec980000,0x00000000ecbf98b0,0x00000000ecc00000)
  to   space 2560K, 0% used [0x00000000eeb00000,0x00000000eeb00000,0x00000000eed80000)
 ParOldGen       total 41984K, used 12635K [0x00000000c0000000, 0x00000000c2900000, 0x00000000eaa80000)
  object space 41984K, 30% used [0x00000000c0000000,0x00000000c0c56ef8,0x00000000c2900000)
 PSPermGen       total 21504K, used 6816K [0x00000000b5a00000, 0x00000000b6f00000, 0x00000000c0000000)
  object space 21504K, 31% used [0x00000000b5a00000,0x00000000b60a83c8,0x00000000b6f00000)
Event: 2,381 GC heap after
Heap after GC invocations=4 (full 0):
 PSYoungGen      total 66048K, used 2549K [0x00000000eaa80000, 0x00000000eed80000, 0x0000000100000000)
  eden space 63488K, 0% used [0x00000000eaa80000,0x00000000eaa80000,0x00000000ee880000)
  from space 2560K, 99% used [0x00000000eeb00000,0x00000000eed7d4d8,0x00000000eed80000)
  to   space 2560K, 0% used [0x00000000ee880000,0x00000000ee880000,0x00000000eeb00000)
 ParOldGen       total 97280K, used 92281K [0x00000000c0000000, 0x00000000c5f00000, 0x00000000eaa80000)
  object space 97280K, 94% used [0x00000000c0000000,0x00000000c5a1e518,0x00000000c5f00000)
 PSPermGen       total 21504K, used 6816K [0x00000000b5a00000, 0x00000000b6f00000, 0x00000000c0000000)
  object space 21504K, 31% used [0x00000000b5a00000,0x00000000b60a83c8,0x00000000b6f00000)
}
Event: 2,381 GC heap before
{Heap before GC invocations=5 (full 1):
 PSYoungGen      total 66048K, used 2549K [0x00000000eaa80000, 0x00000000eed80000, 0x0000000100000000)
  eden space 63488K, 0% used [0x00000000eaa80000,0x00000000eaa80000,0x00000000ee880000)
  from space 2560K, 99% used [0x00000000eeb00000,0x00000000eed7d4d8,0x00000000eed80000)
  to   space 2560K, 0% used [0x00000000ee880000,0x00000000ee880000,0x00000000eeb00000)
 ParOldGen       total 97280K, used 92281K [0x00000000c0000000, 0x00000000c5f00000, 0x00000000eaa80000)
  object space 97280K, 94% used [0x00000000c0000000,0x00000000c5a1e518,0x00000000c5f00000)
 PSPermGen       total 21504K, used 6816K [0x00000000b5a00000, 0x00000000b6f00000, 0x00000000c0000000)
  object space 21504K, 31% used [0x00000000b5a00000,0x00000000b60a83c8,0x00000000b6f00000)
Event: 2,441 GC heap after
Heap after GC invocations=5 (full 1):
 PSYoungGen      total 66048K, used 0K [0x00000000eaa80000, 0x00000000eed80000, 0x0000000100000000)
  eden space 63488K, 0% used [0x00000000eaa80000,0x00000000eaa80000,0x00000000ee880000)
  from space 2560K, 0% used [0x00000000eeb00000,0x00000000eeb00000,0x00000000eed80000)
  to   space 2560K, 0% used [0x00000000ee880000,0x00000000ee880000,0x00000000eeb00000)
 ParOldGen       total 120320K, used 30321K [0x00000000c0000000, 0x00000000c7580000, 0x00000000eaa80000)
  object space 120320K, 25% used [0x00000000c0000000,0x00000000c1d9c6b0,0x00000000c7580000)
 PSPermGen       total 21504K, used 6815K [0x00000000b5a00000, 0x00000000b6f00000, 0x00000000c0000000)
  object space 21504K, 31% used [0x00000000b5a00000,0x00000000b60a7d08,0x00000000b6f00000)
}
Event: 4,073 GC heap before
{Heap before GC invocations=6 (full 1):
 PSYoungGen      total 66048K, used 63488K [0x00000000eaa80000, 0x00000000eed80000, 0x0000000100000000)
  eden space 63488K, 100% used [0x00000000eaa80000,0x00000000ee880000,0x00000000ee880000)
  from space 2560K, 0% used [0x00000000eeb00000,0x00000000eeb00000,0x00000000eed80000)
  to   space 2560K, 0% used [0x00000000ee880000,0x00000000ee880000,0x00000000eeb00000)
 ParOldGen       total 120320K, used 30321K [0x00000000c0000000, 0x00000000c7580000, 0x00000000eaa80000)
  object space 120320K, 25% used [0x00000000c0000000,0x00000000c1d9c6b0,0x00000000c7580000)
 PSPermGen       total 21504K, used 7261K [0x00000000b5a00000, 0x00000000b6f00000, 0x00000000c0000000)
  object space 21504K, 33% used [0x00000000b5a00000,0x00000000b6117780,0x00000000b6f00000)

Deoptimization events (10 events):
Event: 3,633 Thread 0x00007fe88400d000 Uncommon trap: reason=class_check action=maybe_recompile pc=0x00007fe88107cc74 method=com.android.dx.merge.DexMerger$IdMerger$UnsortedValue.compareTo(Lcom/android/dx/merge/DexMerger$IdMerger$UnsortedValue;)I @ 8
Event: 3,633 Thread 0x00007fe88400d000 Uncommon trap: reason=class_check action=maybe_recompile pc=0x00007fe88107cc74 method=com.android.dx.merge.DexMerger$IdMerger$UnsortedValue.compareTo(Lcom/android/dx/merge/DexMerger$IdMerger$UnsortedValue;)I @ 8
Event: 3,633 Thread 0x00007fe88400d000 Uncommon trap: reason=class_check action=maybe_recompile pc=0x00007fe88107cc74 method=com.android.dx.merge.DexMerger$IdMerger$UnsortedValue.compareTo(Lcom/android/dx/merge/DexMerger$IdMerger$UnsortedValue;)I @ 8
Event: 3,633 Thread 0x00007fe88400d000 Uncommon trap: reason=predicate action=maybe_recompile pc=0x00007fe881095d14 method=java.util.ComparableTimSort.binarySort([Ljava/lang/Object;III)V @ 79
Event: 3,633 Thread 0x00007fe88400d000 Uncommon trap: reason=class_check action=maybe_recompile pc=0x00007fe88107cc74 method=com.android.dx.merge.DexMerger$IdMerger$UnsortedValue.compareTo(Lcom/android/dx/merge/DexMerger$IdMerger$UnsortedValue;)I @ 8
Event: 3,633 Thread 0x00007fe88400d000 Uncommon trap: reason=class_check action=maybe_recompile pc=0x00007fe88109d690 method=com.android.dx.merge.DexMerger$IdMerger$UnsortedValue.compareTo(Lcom/android/dx/merge/DexMerger$IdMerger$UnsortedValue;)I @ 8
Event: 3,634 Thread 0x00007fe88400d000 Uncommon trap: reason=class_check action=maybe_recompile pc=0x00007fe8811d776c method=com.android.dx.merge.DexMerger$IdMerger$UnsortedValue.compareTo(Lcom/android/dx/merge/DexMerger$IdMerger$UnsortedValue;)I @ 8
Event: 3,634 Thread 0x00007fe88400d000 Uncommon trap: reason=class_check action=maybe_recompile pc=0x00007fe8811d42b4 method=com.android.dx.merge.DexMerger$IdMerger$UnsortedValue.compareTo(Lcom/android/dx/merge/DexMerger$IdMerger$UnsortedValue;)I @ 8
Event: 3,773 Thread 0x00007fe88400d000 Uncommon trap: reason=unstable_if action=reinterpret pc=0x00007fe8811fa3c8 method=com.android.dex.EncodedValueCodec.readUnsignedInt(Lcom/android/dex/util/ByteInput;IZ)I @ 3
Event: 3,896 Thread 0x00007fe88400d000 Uncommon trap: reason=unstable_if action=reinterpret pc=0x00007fe8810abfc4 method=com.android.dx.merge.IndexMap.adjustString(I)I @ 2

Internal exceptions (10 events):
Event: 3,886 Thread 0x00007fe88400d000 Threw 0x00000000ee210e78 at /build/openjdk-7-zaTxYK/openjdk-7-7u91-2.6.3/build/openjdk/hotspot/src/share/vm/prims/jvm.cpp:1322
Event: 3,886 Thread 0x00007fe88400d000 Threw 0x00000000ee214b40 at /build/openjdk-7-zaTxYK/openjdk-7-7u91-2.6.3/build/openjdk/hotspot/src/share/vm/prims/jvm.cpp:1322
Event: 3,887 Thread 0x00007fe88400d000 Threw 0x00000000ee218928 at /build/openjdk-7-zaTxYK/openjdk-7-7u91-2.6.3/build/openjdk/hotspot/src/share/vm/prims/jvm.cpp:1322
Event: 3,888 Thread 0x00007fe88400d000 Threw 0x00000000ee21e910 at /build/openjdk-7-zaTxYK/openjdk-7-7u91-2.6.3/build/openjdk/hotspot/src/share/vm/prims/jvm.cpp:1322
Event: 3,889 Thread 0x00007fe88400d000 Threw 0x00000000ee222428 at /build/openjdk-7-zaTxYK/openjdk-7-7u91-2.6.3/build/openjdk/hotspot/src/share/vm/prims/jvm.cpp:1322
Event: 3,889 Thread 0x00007fe88400d000 Threw 0x00000000ee226138 at /build/openjdk-7-zaTxYK/openjdk-7-7u91-2.6.3/build/openjdk/hotspot/src/share/vm/prims/jvm.cpp:1322
Event: 3,889 Thread 0x00007fe88400d000 Threw 0x00000000ee229bb8 at /build/openjdk-7-zaTxYK/openjdk-7-7u91-2.6.3/build/openjdk/hotspot/src/share/vm/prims/jvm.cpp:1322
Event: 3,892 Thread 0x00007fe88400d000 Threw 0x00000000ee2716c0 at /build/openjdk-7-zaTxYK/openjdk-7-7u91-2.6.3/build/openjdk/hotspot/src/share/vm/prims/jvm.cpp:1322
Event: 3,892 Thread 0x00007fe88400d000 Threw 0x00000000ee274280 at /build/openjdk-7-zaTxYK/openjdk-7-7u91-2.6.3/build/openjdk/hotspot/src/share/vm/prims/jvm.cpp:1322
Event: 4,019 Thread 0x00007fe88400d000 Threw 0x00000000ee5e7178 at /build/openjdk-7-zaTxYK/openjdk-7-7u91-2.6.3/build/openjdk/hotspot/src/share/vm/prims/jvm.cpp:1322

Events (10 events):
Event: 3,892 loading class 0x00007fe8841f1f00
Event: 3,892 loading class 0x00007fe8841f1f00 done
Event: 3,892 loading class 0x00007fe8841f1910
Event: 3,892 loading class 0x00007fe8841f1910 done
Event: 3,896 Thread 0x00007fe88400d000 Uncommon trap: trap_request=0xffffff75 fr.pc=0x00007fe8810abfc4
Event: 3,896 Thread 0x00007fe88400d000 DEOPT PACKING pc=0x00007fe8810abfc4 sp=0x00007fe88d8fe300
Event: 3,896 Thread 0x00007fe88400d000 DEOPT UNPACKING pc=0x00007fe881039045 sp=0x00007fe88d8fe2c0 mode 2
Event: 4,019 loading class 0x00007fe8841e45a0
Event: 4,019 loading class 0x00007fe8841e45a0 done
Event: 4,073 Executing VM operation: ParallelGCFailedAllocation


Dynamic libraries:
00400000-00401000 r-xp 00000000 08:06 401267                             /usr/lib/jvm/java-7-openjdk-amd64/jre/bin/java
00600000-00601000 r--p 00000000 08:06 401267                             /usr/lib/jvm/java-7-openjdk-amd64/jre/bin/java
00601000-00602000 rw-p 00001000 08:06 401267                             /usr/lib/jvm/java-7-openjdk-amd64/jre/bin/java
00fc9000-00fea000 rw-p 00000000 00:00 0                                  [heap]
b5a00000-b6f00000 rw-p 00000000 00:00 0 
b6f00000-c0000000 rw-p 00000000 00:00 0 
c0000000-c7580000 rw-p 00000000 00:00 0 
c7580000-eaa80000 rw-p 00000000 00:00 0 
eaa80000-eed80000 rw-p 00000000 00:00 0 
f9380000-100000000 rw-p 00000000 00:00 0 
7fe82777c000-7fe8277b9000 r-xp 00000000 08:06 660072                     /lib/x86_64-linux-gnu/libpcre.so.3.13.1
7fe8277b9000-7fe8279b8000 ---p 0003d000 08:06 660072                     /lib/x86_64-linux-gnu/libpcre.so.3.13.1
7fe8279b8000-7fe8279b9000 r--p 0003c000 08:06 660072                     /lib/x86_64-linux-gnu/libpcre.so.3.13.1
7fe8279b9000-7fe8279ba000 rw-p 0003d000 08:06 660072                     /lib/x86_64-linux-gnu/libpcre.so.3.13.1
7fe8279ba000-7fe8279c1000 r-xp 00000000 08:06 287713                     /usr/lib/x86_64-linux-gnu/libffi.so.6.0.1
7fe8279c1000-7fe827bc0000 ---p 00007000 08:06 287713                     /usr/lib/x86_64-linux-gnu/libffi.so.6.0.1
7fe827bc0000-7fe827bc1000 r--p 00006000 08:06 287713                     /usr/lib/x86_64-linux-gnu/libffi.so.6.0.1
7fe827bc1000-7fe827bc2000 rw-p 00007000 08:06 287713                     /usr/lib/x86_64-linux-gnu/libffi.so.6.0.1
7fe827bc2000-7fe827bd9000 r-xp 00000000 08:06 660145                     /lib/x86_64-linux-gnu/libresolv-2.19.so
7fe827bd9000-7fe827dd9000 ---p 00017000 08:06 660145                     /lib/x86_64-linux-gnu/libresolv-2.19.so
7fe827dd9000-7fe827dda000 r--p 00017000 08:06 660145                     /lib/x86_64-linux-gnu/libresolv-2.19.so
7fe827dda000-7fe827ddb000 rw-p 00018000 08:06 660145                     /lib/x86_64-linux-gnu/libresolv-2.19.so
7fe827ddb000-7fe827ddd000 rw-p 00000000 00:00 0 
7fe827ddd000-7fe827dfd000 r-xp 00000000 08:06 660149                     /lib/x86_64-linux-gnu/libselinux.so.1
7fe827dfd000-7fe827ffc000 ---p 00020000 08:06 660149                     /lib/x86_64-linux-gnu/libselinux.so.1
7fe827ffc000-7fe827ffd000 r--p 0001f000 08:06 660149                     /lib/x86_64-linux-gnu/libselinux.so.1
7fe827ffd000-7fe827ffe000 rw-p 00020000 08:06 660149                     /lib/x86_64-linux-gnu/libselinux.so.1
7fe827ffe000-7fe828000000 rw-p 00000000 00:00 0 
7fe828000000-7fe82802f000 rw-p 00000000 00:00 0 
7fe82802f000-7fe82c000000 ---p 00000000 00:00 0 
7fe82c000000-7fe82c05b000 rw-p 00000000 00:00 0 
7fe82c05b000-7fe830000000 ---p 00000000 00:00 0 
7fe830000000-7fe830021000 rw-p 00000000 00:00 0 
7fe830021000-7fe834000000 ---p 00000000 00:00 0 
7fe834000000-7fe834021000 rw-p 00000000 00:00 0 
7fe834021000-7fe838000000 ---p 00000000 00:00 0 
7fe838000000-7fe838021000 rw-p 00000000 00:00 0 
7fe838021000-7fe83c000000 ---p 00000000 00:00 0 
7fe83c000000-7fe83c040000 rw-p 00000000 00:00 0 
7fe83c040000-7fe840000000 ---p 00000000 00:00 0 
7fe840000000-7fe840812000 rw-p 00000000 00:00 0 
7fe840812000-7fe844000000 ---p 00000000 00:00 0 
7fe844000000-7fe844021000 rw-p 00000000 00:00 0 
7fe844021000-7fe848000000 ---p 00000000 00:00 0 
7fe848000000-7fe848021000 rw-p 00000000 00:00 0 
7fe848021000-7fe84c000000 ---p 00000000 00:00 0 
7fe84c000000-7fe84ca9c000 rw-p 00000000 00:00 0 
7fe84ca9c000-7fe850000000 ---p 00000000 00:00 0 
7fe850000000-7fe850021000 rw-p 00000000 00:00 0 
7fe850021000-7fe854000000 ---p 00000000 00:00 0 
7fe854000000-7fe854021000 rw-p 00000000 00:00 0 
7fe854021000-7fe858000000 ---p 00000000 00:00 0 
7fe858000000-7fe8580ec000 rw-p 00000000 00:00 0 
7fe8580ec000-7fe85c000000 ---p 00000000 00:00 0 
7fe85c06b000-7fe85c1cc000 rw-p 00000000 00:00 0 
7fe85c1cc000-7fe85c1cf000 r-xp 00000000 08:06 273921                     /usr/lib/x86_64-linux-gnu/libgmodule-2.0.so.0.4002.0
7fe85c1cf000-7fe85c3ce000 ---p 00003000 08:06 273921                     /usr/lib/x86_64-linux-gnu/libgmodule-2.0.so.0.4002.0
7fe85c3ce000-7fe85c3cf000 r--p 00002000 08:06 273921                     /usr/lib/x86_64-linux-gnu/libgmodule-2.0.so.0.4002.0
7fe85c3cf000-7fe85c3d0000 rw-p 00003000 08:06 273921                     /usr/lib/x86_64-linux-gnu/libgmodule-2.0.so.0.4002.0
7fe85c3d0000-7fe85c4d6000 r-xp 00000000 08:06 660049                     /lib/x86_64-linux-gnu/libglib-2.0.so.0.4002.0
7fe85c4d6000-7fe85c6d5000 ---p 00106000 08:06 660049                     /lib/x86_64-linux-gnu/libglib-2.0.so.0.4002.0
7fe85c6d5000-7fe85c6d6000 r--p 00105000 08:06 660049                     /lib/x86_64-linux-gnu/libglib-2.0.so.0.4002.0
7fe85c6d6000-7fe85c6d7000 rw-p 00106000 08:06 660049                     /lib/x86_64-linux-gnu/libglib-2.0.so.0.4002.0
7fe85c6d7000-7fe85c6d8000 rw-p 00000000 00:00 0 
7fe85c6d8000-7fe85c727000 r-xp 00000000 08:06 273945                     /usr/lib/x86_64-linux-gnu/libgobject-2.0.so.0.4002.0
7fe85c727000-7fe85c927000 ---p 0004f000 08:06 273945                     /usr/lib/x86_64-linux-gnu/libgobject-2.0.so.0.4002.0
7fe85c927000-7fe85c928000 r--p 0004f000 08:06 273945                     /usr/lib/x86_64-linux-gnu/libgobject-2.0.so.0.4002.0
7fe85c928000-7fe85c929000 rw-p 00050000 08:06 273945                     /usr/lib/x86_64-linux-gnu/libgobject-2.0.so.0.4002.0
7fe85c929000-7fe85ca95000 r-xp 00000000 08:06 273905                     /usr/lib/x86_64-linux-gnu/libgio-2.0.so.0.4002.0
7fe85ca95000-7fe85cc94000 ---p 0016c000 08:06 273905                     /usr/lib/x86_64-linux-gnu/libgio-2.0.so.0.4002.0
7fe85cc94000-7fe85cc98000 r--p 0016b000 08:06 273905                     /usr/lib/x86_64-linux-gnu/libgio-2.0.so.0.4002.0
7fe85cc98000-7fe85cc9a000 rw-p 0016f000 08:06 273905                     /usr/lib/x86_64-linux-gnu/libgio-2.0.so.0.4002.0
7fe85cc9a000-7fe85cc9c000 rw-p 00000000 00:00 0 
7fe85cc9c000-7fe85ccb3000 r-xp 00000000 08:06 401326                     /usr/lib/jvm/java-7-openjdk-amd64/jre/lib/amd64/libnet.so
7fe85ccb3000-7fe85ceb2000 ---p 00017000 08:06 401326                     /usr/lib/jvm/java-7-openjdk-amd64/jre/lib/amd64/libnet.so
7fe85ceb2000-7fe85ceb3000 r--p 00016000 08:06 401326                     /usr/lib/jvm/java-7-openjdk-amd64/jre/lib/amd64/libnet.so
7fe85ceb3000-7fe85ceb4000 rw-p 00017000 08:06 401326                     /usr/lib/jvm/java-7-openjdk-amd64/jre/lib/amd64/libnet.so
7fe85ceb4000-7fe85cec4000 r-xp 00000000 08:06 401292                     /usr/lib/jvm/java-7-openjdk-amd64/jre/lib/amd64/libnio.so
7fe85cec4000-7fe85d0c4000 ---p 00010000 08:06 401292                     /usr/lib/jvm/java-7-openjdk-amd64/jre/lib/amd64/libnio.so
7fe85d0c4000-7fe85d0c5000 r--p 00010000 08:06 401292                     /usr/lib/jvm/java-7-openjdk-amd64/jre/lib/amd64/libnio.so
7fe85d0c5000-7fe85d0c6000 rw-p 00011000 08:06 401292                     /usr/lib/jvm/java-7-openjdk-amd64/jre/lib/amd64/libnio.so
7fe85d0c6000-7fe85d0c9000 ---p 00000000 00:00 0 
7fe85d0c9000-7fe85d1c7000 rw-p 00000000 00:00 0 
7fe85d1c7000-7fe85d1ca000 ---p 00000000 00:00 0 
7fe85d1ca000-7fe85d2c8000 rw-p 00000000 00:00 0 
7fe85d2c8000-7fe85d2cb000 ---p 00000000 00:00 0 
7fe85d2cb000-7fe85d3c9000 rw-p 00000000 00:00 0 
7fe85d3c9000-7fe85d3cc000 ---p 00000000 00:00 0 
7fe85d3cc000-7fe85d4ca000 rw-p 00000000 00:00 0 
7fe85d4ca000-7fe85d4cd000 ---p 00000000 00:00 0 
7fe85d4cd000-7fe85d5cb000 rw-p 00000000 00:00 0 
7fe85d5cb000-7fe85d5cc000 ---p 00000000 00:00 0 
7fe85d5cc000-7fe85d6cc000 rw-p 00000000 00:00 0                          [stack:11222]
7fe85d6cc000-7fe85d6cf000 ---p 00000000 00:00 0 
7fe85d6cf000-7fe85d7cd000 rw-p 00000000 00:00 0                          [stack:11221]
7fe85d7cd000-7fe85d7d0000 ---p 00000000 00:00 0 
7fe85d7d0000-7fe85d8ce000 rw-p 00000000 00:00 0                          [stack:11220]
7fe85d8ce000-7fe85d8d1000 ---p 00000000 00:00 0 
7fe85d8d1000-7fe85d9cf000 rw-p 00000000 00:00 0                          [stack:11219]
7fe85d9cf000-7fe85d9d2000 ---p 00000000 00:00 0 
7fe85d9d2000-7fe860000000 rw-p 00000000 00:00 0                          [stack:11218]
7fe860000000-7fe860021000 rw-p 00000000 00:00 0 
7fe860021000-7fe864000000 ---p 00000000 00:00 0 
7fe864000000-7fe864021000 rw-p 00000000 00:00 0 
7fe864021000-7fe868000000 ---p 00000000 00:00 0 
7fe868000000-7fe868021000 rw-p 00000000 00:00 0 
7fe868021000-7fe86c000000 ---p 00000000 00:00 0 
7fe86c000000-7fe86c021000 rw-p 00000000 00:00 0 
7fe86c021000-7fe870000000 ---p 00000000 00:00 0 
7fe870000000-7fe870021000 rw-p 00000000 00:00 0 
7fe870021000-7fe874000000 ---p 00000000 00:00 0 
7fe874000000-7fe874021000 rw-p 00000000 00:00 0 
7fe874021000-7fe878000000 ---p 00000000 00:00 0 
7fe878000000-7fe878021000 rw-p 00000000 00:00 0 
7fe878021000-7fe87c000000 ---p 00000000 00:00 0 
7fe87c000000-7fe87c021000 rw-p 00000000 00:00 0 
7fe87c021000-7fe880000000 ---p 00000000 00:00 0 
7fe880025000-7fe8802f3000 r--p 00000000 08:06 271328                     /usr/lib/locale/locale-archive
7fe8802f3000-7fe8802f6000 ---p 00000000 00:00 0 
7fe8802f6000-7fe8803f4000 rw-p 00000000 00:00 0                          [stack:11217]
7fe8803f4000-7fe8803f7000 ---p 00000000 00:00 0 
7fe8803f7000-7fe8804f5000 rw-p 00000000 00:00 0                          [stack:11216]
7fe8804f5000-7fe8804f6000 ---p 00000000 00:00 0 
7fe8804f6000-7fe881000000 rw-p 00000000 00:00 0                          [stack:11215]
7fe881000000-7fe881270000 rwxp 00000000 00:00 0 
7fe881270000-7fe884206000 rw-p 00000000 00:00 0 
7fe884206000-7fe888000000 ---p 00000000 00:00 0 
7fe88807a000-7fe888081000 r--s 00000000 08:06 533820                     /usr/lib/x86_64-linux-gnu/gconv/gconv-modules.cache
7fe888081000-7fe8880a7000 r--p 00000000 08:06 804047                     /usr/share/locale-langpack/fr/LC_MESSAGES/libc.mo
7fe8880a7000-7fe8880ac000 r--s 0004e000 08:06 401337                     /usr/lib/jvm/java-7-openjdk-amd64/jre/lib/jsse.jar
7fe8880ac000-7fe8880bb000 r--s 000df000 08:05 3150221                    /home/florent/Android/Sdk/build-tools/23.0.2/lib/dx.jar
7fe8880bb000-7fe88933e000 rw-p 00000000 00:00 0 
7fe88933e000-7fe8894f0000 r--s 01d2e000 08:06 401286                     /usr/lib/jvm/java-7-openjdk-amd64/jre/lib/rt.jar
7fe8894f0000-7fe88983c000 rw-p 00000000 00:00 0 
7fe88983c000-7fe88983d000 ---p 00000000 00:00 0 
7fe88983d000-7fe88993d000 rw-p 00000000 00:00 0                          [stack:11214]
7fe88993d000-7fe88993e000 ---p 00000000 00:00 0 
7fe88993e000-7fe889a3e000 rw-p 00000000 00:00 0                          [stack:11213]
7fe889a3e000-7fe889a3f000 ---p 00000000 00:00 0 
7fe889a3f000-7fe889b3f000 rw-p 00000000 00:00 0                          [stack:11212]
7fe889b3f000-7fe889b40000 ---p 00000000 00:00 0 
7fe889b40000-7fe889c40000 rw-p 00000000 00:00 0                          [stack:11211]
7fe889c40000-7fe889c41000 ---p 00000000 00:00 0 
7fe889c41000-7fe889d41000 rw-p 00000000 00:00 0                          [stack:11210]
7fe889d41000-7fe889d42000 ---p 00000000 00:00 0 
7fe889d42000-7fe889e42000 rw-p 00000000 00:00 0                          [stack:11209]
7fe889e42000-7fe889e43000 ---p 00000000 00:00 0 
7fe889e43000-7fe889f43000 rw-p 00000000 00:00 0                          [stack:11208]
7fe889f43000-7fe889f44000 ---p 00000000 00:00 0 
7fe889f44000-7fe88a04f000 rw-p 00000000 00:00 0                          [stack:11207]
7fe88a04f000-7fe88a097000 rw-p 00000000 00:00 0 
7fe88a097000-7fe88a0d2000 rw-p 00000000 00:00 0 
7fe88a0d2000-7fe88a1ed000 rw-p 00000000 00:00 0 
7fe88a1ed000-7fe88a1f8000 rw-p 00000000 00:00 0 
7fe88a1f8000-7fe88a240000 rw-p 00000000 00:00 0 
7fe88a240000-7fe88a27b000 rw-p 00000000 00:00 0 
7fe88a27b000-7fe88a395000 rw-p 00000000 00:00 0 
7fe88a395000-7fe88a3b7000 rw-p 00000000 00:00 0 
7fe88a3b7000-7fe88a440000 rw-p 00000000 00:00 0 
7fe88a440000-7fe88a441000 rw-p 00000000 00:00 0 
7fe88a441000-7fe88a449000 r-xp 00000000 08:06 401296                     /usr/lib/jvm/java-7-openjdk-amd64/jre/lib/amd64/libzip.so
7fe88a449000-7fe88a648000 ---p 00008000 08:06 401296                     /usr/lib/jvm/java-7-openjdk-amd64/jre/lib/amd64/libzip.so
7fe88a648000-7fe88a649000 r--p 00007000 08:06 401296                     /usr/lib/jvm/java-7-openjdk-amd64/jre/lib/amd64/libzip.so
7fe88a649000-7fe88a64a000 rw-p 00008000 08:06 401296                     /usr/lib/jvm/java-7-openjdk-amd64/jre/lib/amd64/libzip.so
7fe88a64a000-7fe88a655000 r-xp 00000000 08:06 660094                     /lib/x86_64-linux-gnu/libnss_files-2.19.so
7fe88a655000-7fe88a854000 ---p 0000b000 08:06 660094                     /lib/x86_64-linux-gnu/libnss_files-2.19.so
7fe88a854000-7fe88a855000 r--p 0000a000 08:06 660094                     /lib/x86_64-linux-gnu/libnss_files-2.19.so
7fe88a855000-7fe88a856000 rw-p 0000b000 08:06 660094                     /lib/x86_64-linux-gnu/libnss_files-2.19.so
7fe88a856000-7fe88a861000 r-xp 00000000 08:06 660104                     /lib/x86_64-linux-gnu/libnss_nis-2.19.so
7fe88a861000-7fe88aa60000 ---p 0000b000 08:06 660104                     /lib/x86_64-linux-gnu/libnss_nis-2.19.so
7fe88aa60000-7fe88aa61000 r--p 0000a000 08:06 660104                     /lib/x86_64-linux-gnu/libnss_nis-2.19.so
7fe88aa61000-7fe88aa62000 rw-p 0000b000 08:06 660104                     /lib/x86_64-linux-gnu/libnss_nis-2.19.so
7fe88aa62000-7fe88aa79000 r-xp 00000000 08:06 660088                     /lib/x86_64-linux-gnu/libnsl-2.19.so
7fe88aa79000-7fe88ac78000 ---p 00017000 08:06 660088                     /lib/x86_64-linux-gnu/libnsl-2.19.so
7fe88ac78000-7fe88ac79000 r--p 00016000 08:06 660088                     /lib/x86_64-linux-gnu/libnsl-2.19.so
7fe88ac79000-7fe88ac7a000 rw-p 00017000 08:06 660088                     /lib/x86_64-linux-gnu/libnsl-2.19.so
7fe88ac7a000-7fe88ac7c000 rw-p 00000000 00:00 0 
7fe88ac7c000-7fe88ac85000 r-xp 00000000 08:06 660090                     /lib/x86_64-linux-gnu/libnss_compat-2.19.so
7fe88ac85000-7fe88ae84000 ---p 00009000 08:06 660090                     /lib/x86_64-linux-gnu/libnss_compat-2.19.so
7fe88ae84000-7fe88ae85000 r--p 00008000 08:06 660090                     /lib/x86_64-linux-gnu/libnss_compat-2.19.so
7fe88ae85000-7fe88ae86000 rw-p 00009000 08:06 660090                     /lib/x86_64-linux-gnu/libnss_compat-2.19.so
7fe88ae86000-7fe88aeb1000 r-xp 00000000 08:06 401308                     /usr/lib/jvm/java-7-openjdk-amd64/jre/lib/amd64/libjava.so
7fe88aeb1000-7fe88b0b1000 ---p 0002b000 08:06 401308                     /usr/lib/jvm/java-7-openjdk-amd64/jre/lib/amd64/libjava.so
7fe88b0b1000-7fe88b0b2000 r--p 0002b000 08:06 401308                     /usr/lib/jvm/java-7-openjdk-amd64/jre/lib/amd64/libjava.so
7fe88b0b2000-7fe88b0b4000 rw-p 0002c000 08:06 401308                     /usr/lib/jvm/java-7-openjdk-amd64/jre/lib/amd64/libjava.so
7fe88b0b4000-7fe88b0c4000 r-xp 00000000 08:06 401322                     /usr/lib/jvm/java-7-openjdk-amd64/jre/lib/amd64/libverify.so
7fe88b0c4000-7fe88b2c3000 ---p 00010000 08:06 401322                     /usr/lib/jvm/java-7-openjdk-amd64/jre/lib/amd64/libverify.so
7fe88b2c3000-7fe88b2c5000 r--p 0000f000 08:06 401322                     /usr/lib/jvm/java-7-openjdk-amd64/jre/lib/amd64/libverify.so
7fe88b2c5000-7fe88b2c6000 rw-p 00011000 08:06 401322                     /usr/lib/jvm/java-7-openjdk-amd64/jre/lib/amd64/libverify.so
7fe88b2c6000-7fe88b2cd000 r-xp 00000000 08:06 660147                     /lib/x86_64-linux-gnu/librt-2.19.so
7fe88b2cd000-7fe88b4cc000 ---p 00007000 08:06 660147                     /lib/x86_64-linux-gnu/librt-2.19.so
7fe88b4cc000-7fe88b4cd000 r--p 00006000 08:06 660147                     /lib/x86_64-linux-gnu/librt-2.19.so
7fe88b4cd000-7fe88b4ce000 rw-p 00007000 08:06 660147                     /lib/x86_64-linux-gnu/librt-2.19.so
7fe88b4ce000-7fe88b4e4000 r-xp 00000000 08:06 660918                     /lib/x86_64-linux-gnu/libgcc_s.so.1
7fe88b4e4000-7fe88b6e3000 ---p 00016000 08:06 660918                     /lib/x86_64-linux-gnu/libgcc_s.so.1
7fe88b6e3000-7fe88b6e4000 rw-p 00015000 08:06 660918                     /lib/x86_64-linux-gnu/libgcc_s.so.1
7fe88b6e4000-7fe88b7e9000 r-xp 00000000 08:06 660069                     /lib/x86_64-linux-gnu/libm-2.19.so
7fe88b7e9000-7fe88b9e8000 ---p 00105000 08:06 660069                     /lib/x86_64-linux-gnu/libm-2.19.so
7fe88b9e8000-7fe88b9e9000 r--p 00104000 08:06 660069                     /lib/x86_64-linux-gnu/libm-2.19.so
7fe88b9e9000-7fe88b9ea000 rw-p 00105000 08:06 660069                     /lib/x86_64-linux-gnu/libm-2.19.so
7fe88b9ea000-7fe88bad0000 r-xp 00000000 08:06 268180                     /usr/lib/x86_64-linux-gnu/libstdc++.so.6.0.19
7fe88bad0000-7fe88bccf000 ---p 000e6000 08:06 268180                     /usr/lib/x86_64-linux-gnu/libstdc++.so.6.0.19
7fe88bccf000-7fe88bcd7000 r--p 000e5000 08:06 268180                     /usr/lib/x86_64-linux-gnu/libstdc++.so.6.0.19
7fe88bcd7000-7fe88bcd9000 rw-p 000ed000 08:06 268180                     /usr/lib/x86_64-linux-gnu/libstdc++.so.6.0.19
7fe88bcd9000-7fe88bcee000 rw-p 00000000 00:00 0 
7fe88bcee000-7fe88c812000 r-xp 00000000 08:06 401314                     /usr/lib/jvm/java-7-openjdk-amd64/jre/lib/amd64/server/libjvm.so
7fe88c812000-7fe88ca12000 ---p 00b24000 08:06 401314                     /usr/lib/jvm/java-7-openjdk-amd64/jre/lib/amd64/server/libjvm.so
7fe88ca12000-7fe88caac000 r--p 00b24000 08:06 401314                     /usr/lib/jvm/java-7-openjdk-amd64/jre/lib/amd64/server/libjvm.so
7fe88caac000-7fe88cacf000 rw-p 00bbe000 08:06 401314                     /usr/lib/jvm/java-7-openjdk-amd64/jre/lib/amd64/server/libjvm.so
7fe88cacf000-7fe88cafd000 rw-p 00000000 00:00 0 
7fe88cafd000-7fe88cb15000 r-xp 00000000 08:06 660180                     /lib/x86_64-linux-gnu/libz.so.1.2.8
7fe88cb15000-7fe88cd14000 ---p 00018000 08:06 660180                     /lib/x86_64-linux-gnu/libz.so.1.2.8
7fe88cd14000-7fe88cd15000 r--p 00017000 08:06 660180                     /lib/x86_64-linux-gnu/libz.so.1.2.8
7fe88cd15000-7fe88cd16000 rw-p 00018000 08:06 660180                     /lib/x86_64-linux-gnu/libz.so.1.2.8
7fe88cd16000-7fe88cd2f000 r-xp 00000000 08:06 660139                     /lib/x86_64-linux-gnu/libpthread-2.19.so
7fe88cd2f000-7fe88cf2e000 ---p 00019000 08:06 660139                     /lib/x86_64-linux-gnu/libpthread-2.19.so
7fe88cf2e000-7fe88cf2f000 r--p 00018000 08:06 660139                     /lib/x86_64-linux-gnu/libpthread-2.19.so
7fe88cf2f000-7fe88cf30000 rw-p 00019000 08:06 660139                     /lib/x86_64-linux-gnu/libpthread-2.19.so
7fe88cf30000-7fe88cf34000 rw-p 00000000 00:00 0 
7fe88cf34000-7fe88cf37000 r-xp 00000000 08:06 660035                     /lib/x86_64-linux-gnu/libdl-2.19.so
7fe88cf37000-7fe88d136000 ---p 00003000 08:06 660035                     /lib/x86_64-linux-gnu/libdl-2.19.so
7fe88d136000-7fe88d137000 r--p 00002000 08:06 660035                     /lib/x86_64-linux-gnu/libdl-2.19.so
7fe88d137000-7fe88d138000 rw-p 00003000 08:06 660035                     /lib/x86_64-linux-gnu/libdl-2.19.so
7fe88d138000-7fe88d2f3000 r-xp 00000000 08:06 660018                     /lib/x86_64-linux-gnu/libc-2.19.so
7fe88d2f3000-7fe88d4f2000 ---p 001bb000 08:06 660018                     /lib/x86_64-linux-gnu/libc-2.19.so
7fe88d4f2000-7fe88d4f6000 r--p 001ba000 08:06 660018                     /lib/x86_64-linux-gnu/libc-2.19.so
7fe88d4f6000-7fe88d4f8000 rw-p 001be000 08:06 660018                     /lib/x86_64-linux-gnu/libc-2.19.so
7fe88d4f8000-7fe88d4fd000 rw-p 00000000 00:00 0 
7fe88d4fd000-7fe88d50a000 r-xp 00000000 08:06 401323                     /usr/lib/jvm/java-7-openjdk-amd64/jre/lib/amd64/jli/libjli.so
7fe88d50a000-7fe88d709000 ---p 0000d000 08:06 401323                     /usr/lib/jvm/java-7-openjdk-amd64/jre/lib/amd64/jli/libjli.so
7fe88d709000-7fe88d70a000 r--p 0000c000 08:06 401323                     /usr/lib/jvm/java-7-openjdk-amd64/jre/lib/amd64/jli/libjli.so
7fe88d70a000-7fe88d70b000 rw-p 0000d000 08:06 401323                     /usr/lib/jvm/java-7-openjdk-amd64/jre/lib/amd64/jli/libjli.so
7fe88d70b000-7fe88d72e000 r-xp 00000000 08:06 659992                     /lib/x86_64-linux-gnu/ld-2.19.so
7fe88d72e000-7fe88d72f000 rw-p 00000000 00:00 0 
7fe88d72f000-7fe88d731000 r--s 00006000 08:06 799414                     /usr/share/java/java-atk-wrapper.jar
7fe88d731000-7fe88d735000 r--s 00085000 08:06 401279                     /usr/lib/jvm/java-7-openjdk-amd64/jre/lib/ext/localedata.jar
7fe88d735000-7fe88d738000 r--s 0000f000 08:06 401280                     /usr/lib/jvm/java-7-openjdk-amd64/jre/lib/ext/icedtea-sound.jar
7fe88d738000-7fe88d739000 r--s 00002000 08:06 401283                     /usr/lib/jvm/java-7-openjdk-amd64/jre/lib/ext/dnsns.jar
7fe88d739000-7fe88d73b000 r--s 00012000 08:06 401278                     /usr/lib/jvm/java-7-openjdk-amd64/jre/lib/ext/zipfs.jar
7fe88d73b000-7fe88d73f000 r--s 00034000 08:06 401281                     /usr/lib/jvm/java-7-openjdk-amd64/jre/lib/ext/sunjce_provider.jar
7fe88d73f000-7fe88d749000 rw-p 00000000 00:00 0 
7fe88d749000-7fe88d7ff000 rw-p 00000000 00:00 0 
7fe88d7ff000-7fe88d802000 ---p 00000000 00:00 0 
7fe88d802000-7fe88d905000 rw-p 00000000 00:00 0                          [stack:11206]
7fe88d905000-7fe88d909000 r--s 0003c000 08:06 401282                     /usr/lib/jvm/java-7-openjdk-amd64/jre/lib/ext/sunpkcs11.jar
7fe88d909000-7fe88d921000 rw-p 00000000 00:00 0 
7fe88d921000-7fe88d929000 rw-s 00000000 08:06 1484132                    /tmp/hsperfdata_florent/11202
7fe88d929000-7fe88d92a000 rw-p 00000000 00:00 0 
7fe88d92a000-7fe88d92b000 ---p 00000000 00:00 0 
7fe88d92b000-7fe88d92d000 rw-p 00000000 00:00 0 
7fe88d92d000-7fe88d92e000 r--p 00022000 08:06 659992                     /lib/x86_64-linux-gnu/ld-2.19.so
7fe88d92e000-7fe88d92f000 rw-p 00023000 08:06 659992                     /lib/x86_64-linux-gnu/ld-2.19.so
7fe88d92f000-7fe88d930000 rw-p 00000000 00:00 0 
7ffe57978000-7ffe5799b000 rw-p 00000000 00:00 0                          [stack]
7ffe579a7000-7ffe579a9000 r-xp 00000000 00:00 0                          [vdso]
7ffe579a9000-7ffe579ab000 r--p 00000000 00:00 0                          [vvar]
ffffffffff600000-ffffffffff601000 r-xp 00000000 00:00 0                  [vsyscall]

VM Arguments:
jvm_args: -Xmx1024M -Dfile.encoding=UTF-8 -Duser.country=FR -Duser.language=fr -Duser.variant 
java_command: com.android.dx.command.Main --dex --num-threads=4 --output /home/florent/Documents/M2-DL/S9/FHCI/Android/Berbie_DeRoquemaurel_Gayout_ANDROID/MakeAFocal/app/build/intermediates/dex/debug /home/florent/Documents/M2-DL/S9/FHCI/Android/Berbie_DeRoquemaurel_Gayout_ANDROID/MakeAFocal/app/build/intermediates/classes/debug /home/florent/Documents/M2-DL/S9/FHCI/Android/Berbie_DeRoquemaurel_Gayout_ANDROID/MakeAFocal/app/build/intermediates/pre-dexed/debug/support-annotations-23.1.1-16ca20f4683b9945c99f51438ebf77299bebdb65.jar /home/florent/Documents/M2-DL/S9/FHCI/Android/Berbie_DeRoquemaurel_Gayout_ANDROID/MakeAFocal/app/build/intermediates/pre-dexed/debug/classes-523a6378758489ce92341569c7eba9f3fbc7420c.jar /home/florent/Documents/M2-DL/S9/FHCI/Android/Berbie_DeRoquemaurel_Gayout_ANDROID/MakeAFocal/app/build/intermediates/pre-dexed/debug/internal_impl-22.2.0-956c1b4b12cb2394f5bc1181d0edad87dc47a815.jar /home/florent/Documents/M2-DL/S9/FHCI/Android/Berbie_DeRoquemaurel_Gayout_ANDROID/MakeAFocal/app/build/intermediates/pre-dexed/debug/classes-bf7bf58913a02d3d3c20219aa02ec69760c4e5ca.jar /home/florent/Documents/M2-DL/S9/FHCI/Android/Berbie_DeRoquemaurel_Gayout_ANDROID/MakeAFocal/app/build/intermediates/pre-dexed/debug/classes-279529b2ec3e83819cb9a57ae5b1863d996425da.jar /home/florent/Documents/M2-DL/S9/FHCI/Android/Berbie_DeRoquemaurel_Gayout_ANDROID/MakeAFocal/app/build/intermediates/pre-dexed/debug/classes-504f2ad5c70296d8550834c844fa196982d102eb.jar /home/florent/Documents/M2-DL/S9/FHCI/Android/Berbie_DeRoquemaurel_Gayout_ANDROID/MakeAFocal/app/build/intermediates/pre-dexed/debug/classes-803c706d9d5093fd5b3e88ca63899a46fcf644a7.jar /home/florent/Documents/M2-DL/S9/FHCI/Android/Berbie_DeRoquemaurel_Gayout_ANDROID/MakeAFocal/app/build/intermediates/pre-dexed/debug/classes-34921c461e8f37ceef5318678e0057b395237209.jar /home/florent/Documents/M2-DL/S9/FHCI/Android/Berbie_DeRoquemaurel_Gayout_ANDROID/MakeAFocal/app/build/intermediates/pre-dexed/debug/classes-356c53
Launcher Type: SUN_STANDARD

Environment Variables:
JAVA_HOME=/usr/lib/jvm/java-7-openjdk-amd64
PATH=/home/florent/.sdkman/vertx/current/bin:/home/florent/.sdkman/springboot/current/bin:/home/florent/.sdkman/lazybones/current/bin:/home/florent/.sdkman/jbossforge/current/bin:/home/florent/.sdkman/jbake/current/bin:/home/florent/.sdkman/groovyserv/current/bin:/home/florent/.sdkman/groovy/current/bin:/home/florent/.sdkman/griffon/current/bin:/home/florent/.sdkman/grails/current/bin:/home/florent/.sdkman/gradle/current/bin:/home/florent/.sdkman/glide/current/bin:/home/florent/.sdkman/gaiden/current/bin:/home/florent/.sdkman/crash/current/bin:/home/florent/.sdkman/asciidoctorj/current/bin:/usr/local/sbin:/usr/local/bin:/usr/sbin:/usr/bin:/sbin:/bin:/usr/games:/usr/local/games
USERNAME=florent
LD_LIBRARY_PATH=/home/florent/Documents/Logiciels/android-studio/bin:
SHELL=/bin/zsh
DISPLAY=:0

Signal Handlers:
SIGSEGV: [libjvm.so+0x9548f0], sa_mask[0]=0x7ffbfeff, sa_flags=0x10000004
SIGBUS: [libjvm.so+0x9548f0], sa_mask[0]=0x7ffbfeff, sa_flags=0x10000004
SIGFPE: [libjvm.so+0x7cb0b0], sa_mask[0]=0x7ffbfeff, sa_flags=0x10000004
SIGPIPE: [libjvm.so+0x7cb0b0], sa_mask[0]=0x7ffbfeff, sa_flags=0x10000004
SIGXFSZ: [libjvm.so+0x7cb0b0], sa_mask[0]=0x7ffbfeff, sa_flags=0x10000004
SIGILL: [libjvm.so+0x7cb0b0], sa_mask[0]=0x7ffbfeff, sa_flags=0x10000004
SIGUSR1: SIG_DFL, sa_mask[0]=0x00000000, sa_flags=0x00000000
SIGUSR2: [libjvm.so+0x7caf50], sa_mask[0]=0x00000004, sa_flags=0x10000004
SIGHUP: [libjvm.so+0x7cb130], sa_mask[0]=0x7ffbfeff, sa_flags=0x10000004
SIGINT: [libjvm.so+0x7cb130], sa_mask[0]=0x7ffbfeff, sa_flags=0x10000004
SIGTERM: [libjvm.so+0x7cb130], sa_mask[0]=0x7ffbfeff, sa_flags=0x10000004
SIGQUIT: [libjvm.so+0x7cb130], sa_mask[0]=0x7ffbfeff, sa_flags=0x10000004
SIGTRAP: SIG_DFL, sa_mask[0]=0x00000000, sa_flags=0x00000000


---------------  S Y S T E M  ---------------

OS:LinuxMint 17.3 (rosa)
uname:Linux 3.16.0-38-generic #52~14.04.1-Ubuntu SMP Fri May 8 09:43:57 UTC 2015 x86_64
libc:glibc 2.19 NPTL 2.19 
rlimit: STACK 8192k, CORE 0k, NPROC 15619, NOFILE 4096, AS infinity
load average:1,14 0,97 0,77

/proc/meminfo:
MemTotal:        4029408 kB
MemFree:          144324 kB
MemAvailable:     119764 kB
Buffers:            1176 kB
Cached:           103608 kB
SwapCached:            0 kB
Active:          3567600 kB
Inactive:          67124 kB
Active(anon):    3532340 kB
Inactive(anon):    29992 kB
Active(file):      35260 kB
Inactive(file):    37132 kB
Unevictable:         152 kB
Mlocked:             152 kB
SwapTotal:             0 kB
SwapFree:              0 kB
Dirty:              2780 kB
Writeback:             0 kB
AnonPages:       3530812 kB
Mapped:           134240 kB
Shmem:             31676 kB
Slab:              88580 kB
SReclaimable:      47416 kB
SUnreclaim:        41164 kB
KernelStack:       11488 kB
PageTables:        46504 kB
NFS_Unstable:          0 kB
Bounce:                0 kB
WritebackTmp:          0 kB
CommitLimit:     2014704 kB
Committed_AS:    7884108 kB
VmallocTotal:   34359738367 kB
VmallocUsed:      115088 kB
VmallocChunk:   34359617020 kB
HardwareCorrupted:     0 kB
AnonHugePages:   1564672 kB
HugePages_Total:       0
HugePages_Free:        0
HugePages_Rsvd:        0
HugePages_Surp:        0
Hugepagesize:       2048 kB
DirectMap4k:      207304 kB
DirectMap2M:     3969024 kB


CPU:total 8 (4 cores per cpu, 2 threads per core) family 6 model 30 stepping 5, cmov, cx8, fxsr, mmx, sse, sse2, sse3, ssse3, sse4.1, sse4.2, popcnt, ht, tsc, tscinvbit

/proc/cpuinfo:
processor	: 0
vendor_id	: GenuineIntel
cpu family	: 6
model		: 30
model name	: Intel(R) Core(TM) i7 CPU       Q 740  @ 1.73GHz
stepping	: 5
microcode	: 0x3
cpu MHz		: 933.000
cache size	: 6144 KB
physical id	: 0
siblings	: 8
core id		: 0
cpu cores	: 4
apicid		: 0
initial apicid	: 0
fpu		: yes
fpu_exception	: yes
cpuid level	: 11
wp		: yes
flags		: fpu vme de pse tsc msr pae mce cx8 apic sep mtrr pge mca cmov pat pse36 clflush dts acpi mmx fxsr sse sse2 ss ht tm pbe syscall nx rdtscp lm constant_tsc arch_perfmon pebs bts rep_good nopl xtopology nonstop_tsc aperfmperf pni dtes64 monitor ds_cpl vmx smx est tm2 ssse3 cx16 xtpr pdcm sse4_1 sse4_2 popcnt lahf_lm ida dtherm tpr_shadow vnmi flexpriority ept vpid
bogomips	: 3458.23
clflush size	: 64
cache_alignment	: 64
address sizes	: 36 bits physical, 48 bits virtual
power management:

processor	: 1
vendor_id	: GenuineIntel
cpu family	: 6
model		: 30
model name	: Intel(R) Core(TM) i7 CPU       Q 740  @ 1.73GHz
stepping	: 5
microcode	: 0x3
cpu MHz		: 933.000
cache size	: 6144 KB
physical id	: 0
siblings	: 8
core id		: 1
cpu cores	: 4
apicid		: 2
initial apicid	: 2
fpu		: yes
fpu_exception	: yes
cpuid level	: 11
wp		: yes
flags		: fpu vme de pse tsc msr pae mce cx8 apic sep mtrr pge mca cmov pat pse36 clflush dts acpi mmx fxsr sse sse2 ss ht tm pbe syscall nx rdtscp lm constant_tsc arch_perfmon pebs bts rep_good nopl xtopology nonstop_tsc aperfmperf pni dtes64 monitor ds_cpl vmx smx est tm2 ssse3 cx16 xtpr pdcm sse4_1 sse4_2 popcnt lahf_lm ida dtherm tpr_shadow vnmi flexpriority ept vpid
bogomips	: 3458.23
clflush size	: 64
cache_alignment	: 64
address sizes	: 36 bits physical, 48 bits virtual
power management:

processor	: 2
vendor_id	: GenuineIntel
cpu family	: 6
model		: 30
model name	: Intel(R) Core(TM) i7 CPU       Q 740  @ 1.73GHz
stepping	: 5
microcode	: 0x3
cpu MHz		: 933.000
cache size	: 6144 KB
physical id	: 0
siblings	: 8
core id		: 2
cpu cores	: 4
apicid		: 4
initial apicid	: 4
fpu		: yes
fpu_exception	: yes
cpuid level	: 11
wp		: yes
flags		: fpu vme de pse tsc msr pae mce cx8 apic sep mtrr pge mca cmov pat pse36 clflush dts acpi mmx fxsr sse sse2 ss ht tm pbe syscall nx rdtscp lm constant_tsc arch_perfmon pebs bts rep_good nopl xtopology nonstop_tsc aperfmperf pni dtes64 monitor ds_cpl vmx smx est tm2 ssse3 cx16 xtpr pdcm sse4_1 sse4_2 popcnt lahf_lm ida dtherm tpr_shadow vnmi flexpriority ept vpid
bogomips	: 3458.23
clflush size	: 64
cache_alignment	: 64
address sizes	: 36 bits physical, 48 bits virtual
power management:

processor	: 3
vendor_id	: GenuineIntel
cpu family	: 6
model		: 30
model name	: Intel(R) Core(TM) i7 CPU       Q 740  @ 1.73GHz
stepping	: 5
microcode	: 0x3
cpu MHz		: 1734.000
cache size	: 6144 KB
physical id	: 0
siblings	: 8
core id		: 3
cpu cores	: 4
apicid		: 6
initial apicid	: 6
fpu		: yes
fpu_exception	: yes
cpuid level	: 11
wp		: yes
flags		: fpu vme de pse tsc msr pae mce cx8 apic sep mtrr pge mca cmov pat pse36 clflush dts acpi mmx fxsr sse sse2 ss ht tm pbe syscall nx rdtscp lm constant_tsc arch_perfmon pebs bts rep_good nopl xtopology nonstop_tsc aperfmperf pni dtes64 monitor ds_cpl vmx smx est tm2 ssse3 cx16 xtpr pdcm sse4_1 sse4_2 popcnt lahf_lm ida dtherm tpr_shadow vnmi flexpriority ept vpid
bogomips	: 3458.23
clflush size	: 64
cache_alignment	: 64
address sizes	: 36 bits physical, 48 bits virtual
power management:

processor	: 4
vendor_id	: GenuineIntel
cpu family	: 6
model		: 30
model name	: Intel(R) Core(TM) i7 CPU       Q 740  @ 1.73GHz
stepping	: 5
microcode	: 0x3
cpu MHz		: 933.000
cache size	: 6144 KB
physical id	: 0
siblings	: 8
core id		: 0
cpu cores	: 4
apicid		: 1
initial apicid	: 1
fpu		: yes
fpu_exception	: yes
cpuid level	: 11
wp		: yes
flags		: fpu vme de pse tsc msr pae mce cx8 apic sep mtrr pge mca cmov pat pse36 clflush dts acpi mmx fxsr sse sse2 ss ht tm pbe syscall nx rdtscp lm constant_tsc arch_perfmon pebs bts rep_good nopl xtopology nonstop_tsc aperfmperf pni dtes64 monitor ds_cpl vmx smx est tm2 ssse3 cx16 xtpr pdcm sse4_1 sse4_2 popcnt lahf_lm ida dtherm tpr_shadow vnmi flexpriority ept vpid
bogomips	: 3458.23
clflush size	: 64
cache_alignment	: 64
address sizes	: 36 bits physical, 48 bits virtual
power management:

processor	: 5
vendor_id	: GenuineIntel
cpu family	: 6
model		: 30
model name	: Intel(R) Core(TM) i7 CPU       Q 740  @ 1.73GHz
stepping	: 5
microcode	: 0x3
cpu MHz		: 1734.000
cache size	: 6144 KB
physical id	: 0
siblings	: 8
core id		: 1
cpu cores	: 4
apicid		: 3
initial apicid	: 3
fpu		: yes
fpu_exception	: yes
cpuid level	: 11
wp		: yes
flags		: fpu vme de pse tsc msr pae mce cx8 apic sep mtrr pge mca cmov pat pse36 clflush dts acpi mmx fxsr sse sse2 ss ht tm pbe syscall nx rdtscp lm constant_tsc arch_perfmon pebs bts rep_good nopl xtopology nonstop_tsc aperfmperf pni dtes64 monitor ds_cpl vmx smx est tm2 ssse3 cx16 xtpr pdcm sse4_1 sse4_2 popcnt lahf_lm ida dtherm tpr_shadow vnmi flexpriority ept vpid
bogomips	: 3458.23
clflush size	: 64
cache_alignment	: 64
address sizes	: 36 bits physical, 48 bits virtual
power management:

processor	: 6
vendor_id	: GenuineIntel
cpu family	: 6
model		: 30
model name	: Intel(R) Core(TM) i7 CPU       Q 740  @ 1.73GHz
stepping	: 5
microcode	: 0x3
cpu MHz		: 1734.000
cache size	: 6144 KB
physical id	: 0
siblings	: 8
core id		: 2
cpu cores	: 4
apicid		: 5
initial apicid	: 5
fpu		: yes
fpu_exception	: yes
cpuid level	: 11
wp		: yes
flags		: fpu vme de pse tsc msr pae mce cx8 apic sep mtrr pge mca cmov pat pse36 clflush dts acpi mmx fxsr sse sse2 ss ht tm pbe syscall nx rdtscp lm constant_tsc arch_perfmon pebs bts rep_good nopl xtopology nonstop_tsc aperfmperf pni dtes64 monitor ds_cpl vmx smx est tm2 ssse3 cx16 xtpr pdcm sse4_1 sse4_2 popcnt lahf_lm ida dtherm tpr_shadow vnmi flexpriority ept vpid
bogomips	: 3458.23
clflush size	: 64
cache_alignment	: 64
address sizes	: 36 bits physical, 48 bits virtual
power management:

processor	: 7
vendor_id	: GenuineIntel
cpu family	: 6
model		: 30
model name	: Intel(R) Core(TM) i7 CPU       Q 740  @ 1.73GHz
stepping	: 5
microcode	: 0x3
cpu MHz		: 933.000
cache size	: 6144 KB
physical id	: 0
siblings	: 8
core id		: 3
cpu cores	: 4
apicid		: 7
initial apicid	: 7
fpu		: yes
fpu_exception	: yes
cpuid level	: 11
wp		: yes
flags		: fpu vme de pse tsc msr pae mce cx8 apic sep mtrr pge mca cmov pat pse36 clflush dts acpi mmx fxsr sse sse2 ss ht tm pbe syscall nx rdtscp lm constant_tsc arch_perfmon pebs bts rep_good nopl xtopology nonstop_tsc aperfmperf pni dtes64 monitor ds_cpl vmx smx est tm2 ssse3 cx16 xtpr pdcm sse4_1 sse4_2 popcnt lahf_lm ida dtherm tpr_shadow vnmi flexpriority ept vpid
bogomips	: 3458.23
clflush size	: 64
cache_alignment	: 64
address sizes	: 36 bits physical, 48 bits virtual
power management:



Memory: 4k page, physical 4029408k(144324k free), swap 0k(0k free)

vm_info: OpenJDK 64-Bit Server VM (24.91-b01) for linux-amd64 JRE (1.7.0_91-b02), built on Nov 19 2015 06:14:37 by "buildd" with gcc 4.8.2

time: Fri Jan 22 11:39:15 2016
elapsed time: 4 seconds

