#
# There is insufficient memory for the Java Runtime Environment to continue.
# Native memory allocation (malloc) failed to allocate 169345024 bytes for committing reserved memory.
# Possible reasons:
#   The system is out of physical RAM or swap space
#   In 32 bit mode, the process size limit was hit
# Possible solutions:
#   Reduce memory load on the system
#   Increase physical memory or swap space
#   Check if swap backing store is full
#   Use 64 bit Java on a 64 bit OS
#   Decrease Java heap size (-Xmx/-Xms)
#   Decrease number of Java threads
#   Decrease Java thread stack sizes (-Xss)
#   Set larger code cache with -XX:ReservedCodeCacheSize=
# This output file may be truncated or incomplete.
#
#  Out of Memory Error (os_linux.cpp:2827), pid=11310, tid=139935824504576
#
# JRE version: OpenJDK Runtime Environment (7.0_91-b02) (build 1.7.0_91-b02)
# Java VM: OpenJDK 64-Bit Server VM (24.91-b01 mixed mode linux-amd64 compressed oops)
# Derivative: IcedTea 2.6.3
# Distribution: Ubuntu 14.04 LTS, package 7u91-2.6.3-0ubuntu0.14.04.1
# Failed to write core dump. Core dumps have been disabled. To enable core dumping, try "ulimit -c unlimited" before starting Java again
#

---------------  T H R E A D  ---------------

Current thread (0x00007f4564081000):  VMThread [stack: 0x00007f45590c6000,0x00007f45591c7000] [id=11323]

Stack: [0x00007f45590c6000,0x00007f45591c7000],  sp=0x00007f45591c5490,  free space=1021k
Native frames: (J=compiled Java code, j=interpreted, Vv=VM code, C=native code)
V  [libjvm.so+0x953e15]  VMError::report_and_die()+0x175
V  [libjvm.so+0x48fd94]  report_vm_out_of_memory(char const*, int, unsigned long, char const*)+0x74
V  [libjvm.so+0x7cf87b]  os::pd_commit_memory(char*, unsigned long, unsigned long, bool)+0xeb
V  [libjvm.so+0x7ca33f]  os::commit_memory(char*, unsigned long, unsigned long, bool)+0x1f
V  [libjvm.so+0x83dacb]  PSVirtualSpace::expand_by(unsigned long)+0x5b
V  [libjvm.so+0x83e930]  PSYoungGen::resize_generation(unsigned long, unsigned long)+0xb0
V  [libjvm.so+0x83f01b]  PSYoungGen::resize(unsigned long, unsigned long)+0x1b
V  [libjvm.so+0x83b258]  PSScavenge::invoke_no_policy()+0xd68
V  [libjvm.so+0x83bac8]  PSScavenge::invoke()+0x38
V  [libjvm.so+0x7f2083]  ParallelScavengeHeap::failed_mem_allocate(unsigned long)+0x63
V  [libjvm.so+0x955814]  VM_ParallelGCFailedAllocation::doit()+0x84
V  [libjvm.so+0x959917]  VM_Operation::evaluate()+0x47
V  [libjvm.so+0x9583d8]  VMThread::evaluate_operation(VM_Operation*)+0x318
V  [libjvm.so+0x958839]  VMThread::loop()+0x219
V  [libjvm.so+0x958c82]  VMThread::run()+0x72
V  [libjvm.so+0x7cc742]  java_start(Thread*)+0xf2

VM_Operation (0x00007f456c9fa120): ParallelGCFailedAllocation, mode: safepoint, requested by thread 0x00007f456400d000


---------------  P R O C E S S  ---------------

Java Threads: ( => current thread )
  0x00007f45640ba000 JavaThread "Service Thread" daemon [_thread_blocked, id=11329, stack(0x00007f45587f2000,0x00007f45588f3000)]
  0x00007f45640b8000 JavaThread "C2 CompilerThread1" daemon [_thread_blocked, id=11328, stack(0x00007f45588f3000,0x00007f45589f4000)]
  0x00007f45640b5000 JavaThread "C2 CompilerThread0" daemon [_thread_blocked, id=11327, stack(0x00007f45589f4000,0x00007f4558af5000)]
  0x00007f45640b3000 JavaThread "Signal Dispatcher" daemon [_thread_blocked, id=11326, stack(0x00007f4558af5000,0x00007f4558bf6000)]
  0x00007f4564087800 JavaThread "Finalizer" daemon [_thread_blocked, id=11325, stack(0x00007f4558ec4000,0x00007f4558fc5000)]
  0x00007f4564085800 JavaThread "Reference Handler" daemon [_thread_blocked, id=11324, stack(0x00007f4558fc5000,0x00007f45590c6000)]
  0x00007f456400d000 JavaThread "main" [_thread_blocked, id=11314, stack(0x00007f456c8fb000,0x00007f456c9fc000)]

Other Threads:
=>0x00007f4564081000 VMThread [stack: 0x00007f45590c6000,0x00007f45591c7000] [id=11323]
  0x00007f45640c5000 WatcherThread [stack: 0x00007f45586f1000,0x00007f45587f2000] [id=11330]

VM state:at safepoint (normal execution)

VM Mutex/Monitor currently owned by a thread:  ([mutex/lock_event])
[0x00007f45640096d0] Threads_lock - owner thread: 0x00007f4564081000
[0x00007f4564009bd0] Heap_lock - owner thread: 0x00007f456400d000

Heap
 PSYoungGen      total 66048K, used 2558K [0x00000000eaa80000, 0x00000000eed80000, 0x0000000100000000)
  eden space 63488K, 0% used [0x00000000eaa80000,0x00000000eaa80000,0x00000000ee880000)
  from space 2560K, 99% used [0x00000000ee880000,0x00000000eeaff9c8,0x00000000eeb00000)
  to   space 2560K, 0% used [0x00000000eeb00000,0x00000000eeb00000,0x00000000eed80000)
 ParOldGen       total 122880K, used 31729K [0x00000000c0000000, 0x00000000c7800000, 0x00000000eaa80000)
  object space 122880K, 25% used [0x00000000c0000000,0x00000000c1efc4b0,0x00000000c7800000)
 PSPermGen       total 21504K, used 7255K [0x00000000b5a00000, 0x00000000b6f00000, 0x00000000c0000000)
  object space 21504K, 33% used [0x00000000b5a00000,0x00000000b6115e80,0x00000000b6f00000)

Card table byte_map: [0x00007f45692e9000,0x00007f456953d000] byte_map_base: 0x00007f4568d3c000

Polling page: 0x00007f456ca26000

Code Cache  [0x00007f4561000000, 0x00007f4561270000, 0x00007f4564000000)
 total_blobs=992 nmethods=749 adapters=197 free_code_cache=46944Kb largest_free_block=48031296

Compilation events (10 events):
Event: 3,674 Thread 0x00007f45640b5000 nmethod 773 0x00007f4561227f50 code [0x00007f45612280a0, 0x00007f45612282d8]
Event: 3,679 Thread 0x00007f45640b8000 nmethod 776 0x00007f456122cbd0 code [0x00007f456122cd80, 0x00007f456122d338]
Event: 3,679 Thread 0x00007f45640b8000  777             com.android.dx.io.instructions.ShortArrayCodeOutput::write (11 bytes)
Event: 3,680 Thread 0x00007f45640b8000 nmethod 777 0x00007f456122dbd0 code [0x00007f456122dd20, 0x00007f456122ddf8]
Event: 3,680 Thread 0x00007f45640b5000  778             com.android.dx.merge.IndexMap::adjustField (10 bytes)
Event: 3,681 Thread 0x00007f45640b5000 nmethod 778 0x00007f4561227cd0 code [0x00007f4561227e20, 0x00007f4561227eb8]
Event: 3,688 Thread 0x00007f45640b8000  779             com.android.dx.io.instructions.TwoRegisterDecodedInstruction::getA (5 bytes)
Event: 3,688 Thread 0x00007f45640b5000  780             com.android.dx.io.instructions.TwoRegisterDecodedInstruction::getB (5 bytes)
Event: 3,688 Thread 0x00007f45640b8000 nmethod 779 0x00007f4561227ad0 code [0x00007f4561227c00, 0x00007f4561227c58]
Event: 3,689 Thread 0x00007f45640b5000 nmethod 780 0x00007f456122c9d0 code [0x00007f456122cb00, 0x00007f456122cb58]

GC Heap History (10 events):
Event: 0,526 GC heap after
Heap after GC invocations=1 (full 0):
 PSYoungGen      total 18432K, used 2559K [0x00000000eaa80000, 0x00000000ece80000, 0x0000000100000000)
  eden space 15872K, 0% used [0x00000000eaa80000,0x00000000eaa80000,0x00000000eba00000)
  from space 2560K, 99% used [0x00000000eba00000,0x00000000ebc7fc50,0x00000000ebc80000)
  to   space 2560K, 0% used [0x00000000ecc00000,0x00000000ecc00000,0x00000000ece80000)
 ParOldGen       total 41984K, used 1947K [0x00000000c0000000, 0x00000000c2900000, 0x00000000eaa80000)
  object space 41984K, 4% used [0x00000000c0000000,0x00000000c01e6fd0,0x00000000c2900000)
 PSPermGen       total 21504K, used 5367K [0x00000000b5a00000, 0x00000000b6f00000, 0x00000000c0000000)
  object space 21504K, 24% used [0x00000000b5a00000,0x00000000b5f3de58,0x00000000b6f00000)
}
Event: 0,732 GC heap before
{Heap before GC invocations=2 (full 0):
 PSYoungGen      total 18432K, used 18431K [0x00000000eaa80000, 0x00000000ece80000, 0x0000000100000000)
  eden space 15872K, 100% used [0x00000000eaa80000,0x00000000eba00000,0x00000000eba00000)
  from space 2560K, 99% used [0x00000000eba00000,0x00000000ebc7fc50,0x00000000ebc80000)
  to   space 2560K, 0% used [0x00000000ecc00000,0x00000000ecc00000,0x00000000ece80000)
 ParOldGen       total 41984K, used 1947K [0x00000000c0000000, 0x00000000c2900000, 0x00000000eaa80000)
  object space 41984K, 4% used [0x00000000c0000000,0x00000000c01e6fd0,0x00000000c2900000)
 PSPermGen       total 21504K, used 5460K [0x00000000b5a00000, 0x00000000b6f00000, 0x00000000c0000000)
  object space 21504K, 25% used [0x00000000b5a00000,0x00000000b5f55090,0x00000000b6f00000)
Event: 0,742 GC heap after
Heap after GC invocations=2 (full 0):
 PSYoungGen      total 34304K, used 2541K [0x00000000eaa80000, 0x00000000ece80000, 0x0000000100000000)
  eden space 31744K, 0% used [0x00000000eaa80000,0x00000000eaa80000,0x00000000ec980000)
  from space 2560K, 99% used [0x00000000ecc00000,0x00000000ece7b570,0x00000000ece80000)
  to   space 2560K, 0% used [0x00000000ec980000,0x00000000ec980000,0x00000000ecc00000)
 ParOldGen       total 41984K, used 5261K [0x00000000c0000000, 0x00000000c2900000, 0x00000000eaa80000)
  object space 41984K, 12% used [0x00000000c0000000,0x00000000c0523690,0x00000000c2900000)
 PSPermGen       total 21504K, used 5460K [0x00000000b5a00000, 0x00000000b6f00000, 0x00000000c0000000)
  object space 21504K, 25% used [0x00000000b5a00000,0x00000000b5f55090,0x00000000b6f00000)
}
Event: 1,014 GC heap before
{Heap before GC invocations=3 (full 0):
 PSYoungGen      total 34304K, used 34285K [0x00000000eaa80000, 0x00000000ece80000, 0x0000000100000000)
  eden space 31744K, 100% used [0x00000000eaa80000,0x00000000ec980000,0x00000000ec980000)
  from space 2560K, 99% used [0x00000000ecc00000,0x00000000ece7b570,0x00000000ece80000)
  to   space 2560K, 0% used [0x00000000ec980000,0x00000000ec980000,0x00000000ecc00000)
 ParOldGen       total 41984K, used 5261K [0x00000000c0000000, 0x00000000c2900000, 0x00000000eaa80000)
  object space 41984K, 12% used [0x00000000c0000000,0x00000000c05236b0,0x00000000c2900000)
 PSPermGen       total 21504K, used 6074K [0x00000000b5a00000, 0x00000000b6f00000, 0x00000000c0000000)
  object space 21504K, 28% used [0x00000000b5a00000,0x00000000b5feebb0,0x00000000b6f00000)
Event: 1,031 GC heap after
Heap after GC invocations=3 (full 0):
 PSYoungGen      total 34304K, used 2543K [0x00000000eaa80000, 0x00000000eed80000, 0x0000000100000000)
  eden space 31744K, 0% used [0x00000000eaa80000,0x00000000eaa80000,0x00000000ec980000)
  from space 2560K, 99% used [0x00000000ec980000,0x00000000ecbfbcc8,0x00000000ecc00000)
  to   space 2560K, 0% used [0x00000000eeb00000,0x00000000eeb00000,0x00000000eed80000)
 ParOldGen       total 41984K, used 12575K [0x00000000c0000000, 0x00000000c2900000, 0x00000000eaa80000)
  object space 41984K, 29% used [0x00000000c0000000,0x00000000c0c47eb8,0x00000000c2900000)
 PSPermGen       total 21504K, used 6074K [0x00000000b5a00000, 0x00000000b6f00000, 0x00000000c0000000)
  object space 21504K, 28% used [0x00000000b5a00000,0x00000000b5feebb0,0x00000000b6f00000)
}
Event: 2,415 GC heap before
{Heap before GC invocations=4 (full 0):
 PSYoungGen      total 34304K, used 34287K [0x00000000eaa80000, 0x00000000eed80000, 0x0000000100000000)
  eden space 31744K, 100% used [0x00000000eaa80000,0x00000000ec980000,0x00000000ec980000)
  from space 2560K, 99% used [0x00000000ec980000,0x00000000ecbfbcc8,0x00000000ecc00000)
  to   space 2560K, 0% used [0x00000000eeb00000,0x00000000eeb00000,0x00000000eed80000)
 ParOldGen       total 41984K, used 12578K [0x00000000c0000000, 0x00000000c2900000, 0x00000000eaa80000)
  object space 41984K, 29% used [0x00000000c0000000,0x00000000c0c48b88,0x00000000c2900000)
 PSPermGen       total 21504K, used 6816K [0x00000000b5a00000, 0x00000000b6f00000, 0x00000000c0000000)
  object space 21504K, 31% used [0x00000000b5a00000,0x00000000b60a82a8,0x00000000b6f00000)
Event: 2,471 GC heap after
Heap after GC invocations=4 (full 0):
 PSYoungGen      total 66048K, used 2529K [0x00000000eaa80000, 0x00000000eed80000, 0x0000000100000000)
  eden space 63488K, 0% used [0x00000000eaa80000,0x00000000eaa80000,0x00000000ee880000)
  from space 2560K, 98% used [0x00000000eeb00000,0x00000000eed784b8,0x00000000eed80000)
  to   space 2560K, 0% used [0x00000000ee880000,0x00000000ee880000,0x00000000eeb00000)
 ParOldGen       total 97280K, used 93393K [0x00000000c0000000, 0x00000000c5f00000, 0x00000000eaa80000)
  object space 97280K, 96% used [0x00000000c0000000,0x00000000c5b34520,0x00000000c5f00000)
 PSPermGen       total 21504K, used 6816K [0x00000000b5a00000, 0x00000000b6f00000, 0x00000000c0000000)
  object space 21504K, 31% used [0x00000000b5a00000,0x00000000b60a82a8,0x00000000b6f00000)
}
Event: 2,471 GC heap before
{Heap before GC invocations=5 (full 1):
 PSYoungGen      total 66048K, used 2529K [0x00000000eaa80000, 0x00000000eed80000, 0x0000000100000000)
  eden space 63488K, 0% used [0x00000000eaa80000,0x00000000eaa80000,0x00000000ee880000)
  from space 2560K, 98% used [0x00000000eeb00000,0x00000000eed784b8,0x00000000eed80000)
  to   space 2560K, 0% used [0x00000000ee880000,0x00000000ee880000,0x00000000eeb00000)
 ParOldGen       total 97280K, used 93393K [0x00000000c0000000, 0x00000000c5f00000, 0x00000000eaa80000)
  object space 97280K, 96% used [0x00000000c0000000,0x00000000c5b34520,0x00000000c5f00000)
 PSPermGen       total 21504K, used 6816K [0x00000000b5a00000, 0x00000000b6f00000, 0x00000000c0000000)
  object space 21504K, 31% used [0x00000000b5a00000,0x00000000b60a82a8,0x00000000b6f00000)
Event: 2,548 GC heap after
Heap after GC invocations=5 (full 1):
 PSYoungGen      total 66048K, used 0K [0x00000000eaa80000, 0x00000000eed80000, 0x0000000100000000)
  eden space 63488K, 0% used [0x00000000eaa80000,0x00000000eaa80000,0x00000000ee880000)
  from space 2560K, 0% used [0x00000000eeb00000,0x00000000eeb00000,0x00000000eed80000)
  to   space 2560K, 0% used [0x00000000ee880000,0x00000000ee880000,0x00000000eeb00000)
 ParOldGen       total 122880K, used 30310K [0x00000000c0000000, 0x00000000c7800000, 0x00000000eaa80000)
  object space 122880K, 24% used [0x00000000c0000000,0x00000000c1d99868,0x00000000c7800000)
 PSPermGen       total 21504K, used 6814K [0x00000000b5a00000, 0x00000000b6f00000, 0x00000000c0000000)
  object space 21504K, 31% used [0x00000000b5a00000,0x00000000b60a7ae8,0x00000000b6f00000)
}
Event: 3,693 GC heap before
{Heap before GC invocations=6 (full 1):
 PSYoungGen      total 66048K, used 63488K [0x00000000eaa80000, 0x00000000eed80000, 0x0000000100000000)
  eden space 63488K, 100% used [0x00000000eaa80000,0x00000000ee880000,0x00000000ee880000)
  from space 2560K, 0% used [0x00000000eeb00000,0x00000000eeb00000,0x00000000eed80000)
  to   space 2560K, 0% used [0x00000000ee880000,0x00000000ee880000,0x00000000eeb00000)
 ParOldGen       total 122880K, used 30310K [0x00000000c0000000, 0x00000000c7800000, 0x00000000eaa80000)
  object space 122880K, 24% used [0x00000000c0000000,0x00000000c1d99868,0x00000000c7800000)
 PSPermGen       total 21504K, used 7255K [0x00000000b5a00000, 0x00000000b6f00000, 0x00000000c0000000)
  object space 21504K, 33% used [0x00000000b5a00000,0x00000000b6115e80,0x00000000b6f00000)

Deoptimization events (10 events):
Event: 3,290 Thread 0x00007f456400d000 Uncommon trap: reason=class_check action=maybe_recompile pc=0x00007f456109d1f4 method=com.android.dx.merge.DexMerger$IdMerger$UnsortedValue.compareTo(Lcom/android/dx/merge/DexMerger$IdMerger$UnsortedValue;)I @ 8
Event: 3,290 Thread 0x00007f456400d000 Uncommon trap: reason=class_check action=maybe_recompile pc=0x00007f456109d1f4 method=com.android.dx.merge.DexMerger$IdMerger$UnsortedValue.compareTo(Lcom/android/dx/merge/DexMerger$IdMerger$UnsortedValue;)I @ 8
Event: 3,290 Thread 0x00007f456400d000 Uncommon trap: reason=class_check action=maybe_recompile pc=0x00007f456109d1f4 method=com.android.dx.merge.DexMerger$IdMerger$UnsortedValue.compareTo(Lcom/android/dx/merge/DexMerger$IdMerger$UnsortedValue;)I @ 8
Event: 3,290 Thread 0x00007f456400d000 Uncommon trap: reason=predicate action=maybe_recompile pc=0x00007f456109c594 method=java.util.ComparableTimSort.binarySort([Ljava/lang/Object;III)V @ 79
Event: 3,290 Thread 0x00007f456400d000 Uncommon trap: reason=class_check action=maybe_recompile pc=0x00007f456109d1f4 method=com.android.dx.merge.DexMerger$IdMerger$UnsortedValue.compareTo(Lcom/android/dx/merge/DexMerger$IdMerger$UnsortedValue;)I @ 8
Event: 3,291 Thread 0x00007f456400d000 Uncommon trap: reason=class_check action=maybe_recompile pc=0x00007f45611cf5d0 method=com.android.dx.merge.DexMerger$IdMerger$UnsortedValue.compareTo(Lcom/android/dx/merge/DexMerger$IdMerger$UnsortedValue;)I @ 8
Event: 3,291 Thread 0x00007f456400d000 Uncommon trap: reason=class_check action=maybe_recompile pc=0x00007f45610bb27c method=com.android.dx.merge.DexMerger$IdMerger$UnsortedValue.compareTo(Lcom/android/dx/merge/DexMerger$IdMerger$UnsortedValue;)I @ 8
Event: 3,291 Thread 0x00007f456400d000 Uncommon trap: reason=class_check action=maybe_recompile pc=0x00007f45610b8990 method=com.android.dx.merge.DexMerger$IdMerger$UnsortedValue.compareTo(Lcom/android/dx/merge/DexMerger$IdMerger$UnsortedValue;)I @ 8
Event: 3,435 Thread 0x00007f456400d000 Uncommon trap: reason=unstable_if action=reinterpret pc=0x00007f45611efb3c method=com.android.dex.EncodedValueCodec.readUnsignedInt(Lcom/android/dex/util/ByteInput;IZ)I @ 3
Event: 3,551 Thread 0x00007f456400d000 Uncommon trap: reason=unstable_if action=reinterpret pc=0x00007f45610aa844 method=com.android.dx.merge.IndexMap.adjustString(I)I @ 2

Internal exceptions (10 events):
Event: 3,541 Thread 0x00007f456400d000 Threw 0x00000000ee3434a0 at /build/openjdk-7-zaTxYK/openjdk-7-7u91-2.6.3/build/openjdk/hotspot/src/share/vm/prims/jvm.cpp:1322
Event: 3,541 Thread 0x00007f456400d000 Threw 0x00000000ee347138 at /build/openjdk-7-zaTxYK/openjdk-7-7u91-2.6.3/build/openjdk/hotspot/src/share/vm/prims/jvm.cpp:1322
Event: 3,542 Thread 0x00007f456400d000 Threw 0x00000000ee34af20 at /build/openjdk-7-zaTxYK/openjdk-7-7u91-2.6.3/build/openjdk/hotspot/src/share/vm/prims/jvm.cpp:1322
Event: 3,543 Thread 0x00007f456400d000 Threw 0x00000000ee350f08 at /build/openjdk-7-zaTxYK/openjdk-7-7u91-2.6.3/build/openjdk/hotspot/src/share/vm/prims/jvm.cpp:1322
Event: 3,544 Thread 0x00007f456400d000 Threw 0x00000000ee354a20 at /build/openjdk-7-zaTxYK/openjdk-7-7u91-2.6.3/build/openjdk/hotspot/src/share/vm/prims/jvm.cpp:1322
Event: 3,544 Thread 0x00007f456400d000 Threw 0x00000000ee358730 at /build/openjdk-7-zaTxYK/openjdk-7-7u91-2.6.3/build/openjdk/hotspot/src/share/vm/prims/jvm.cpp:1322
Event: 3,544 Thread 0x00007f456400d000 Threw 0x00000000ee35c1b0 at /build/openjdk-7-zaTxYK/openjdk-7-7u91-2.6.3/build/openjdk/hotspot/src/share/vm/prims/jvm.cpp:1322
Event: 3,547 Thread 0x00007f456400d000 Threw 0x00000000ee3a3cb8 at /build/openjdk-7-zaTxYK/openjdk-7-7u91-2.6.3/build/openjdk/hotspot/src/share/vm/prims/jvm.cpp:1322
Event: 3,547 Thread 0x00007f456400d000 Threw 0x00000000ee3a6878 at /build/openjdk-7-zaTxYK/openjdk-7-7u91-2.6.3/build/openjdk/hotspot/src/share/vm/prims/jvm.cpp:1322
Event: 3,669 Thread 0x00007f456400d000 Threw 0x00000000ee7196a0 at /build/openjdk-7-zaTxYK/openjdk-7-7u91-2.6.3/build/openjdk/hotspot/src/share/vm/prims/jvm.cpp:1322

Events (10 events):
Event: 3,547 loading class 0x00007f45642078e0
Event: 3,547 loading class 0x00007f45642078e0 done
Event: 3,547 loading class 0x00007f45642072f0
Event: 3,547 loading class 0x00007f45642072f0 done
Event: 3,551 Thread 0x00007f456400d000 Uncommon trap: trap_request=0xffffff75 fr.pc=0x00007f45610aa844
Event: 3,551 Thread 0x00007f456400d000 DEOPT PACKING pc=0x00007f45610aa844 sp=0x00007f456c9fa300
Event: 3,551 Thread 0x00007f456400d000 DEOPT UNPACKING pc=0x00007f4561039045 sp=0x00007f456c9fa2c0 mode 2
Event: 3,669 loading class 0x00007f4564165aa0
Event: 3,669 loading class 0x00007f4564165aa0 done
Event: 3,693 Executing VM operation: ParallelGCFailedAllocation


Dynamic libraries:
00400000-00401000 r-xp 00000000 08:06 401267                             /usr/lib/jvm/java-7-openjdk-amd64/jre/bin/java
00600000-00601000 r--p 00000000 08:06 401267                             /usr/lib/jvm/java-7-openjdk-amd64/jre/bin/java
00601000-00602000 rw-p 00001000 08:06 401267                             /usr/lib/jvm/java-7-openjdk-amd64/jre/bin/java
00873000-00894000 rw-p 00000000 00:00 0                                  [heap]
b5a00000-b6f00000 rw-p 00000000 00:00 0 
b6f00000-c0000000 rw-p 00000000 00:00 0 
c0000000-c7800000 rw-p 00000000 00:00 0 
c7800000-eaa80000 rw-p 00000000 00:00 0 
eaa80000-eed80000 rw-p 00000000 00:00 0 
f8f00000-100000000 rw-p 00000000 00:00 0 
7f44fc000000-7f44fc021000 rw-p 00000000 00:00 0 
7f44fc021000-7f4500000000 ---p 00000000 00:00 0 
7f4500000000-7f4500021000 rw-p 00000000 00:00 0 
7f4500021000-7f4504000000 ---p 00000000 00:00 0 
7f4504000000-7f4504021000 rw-p 00000000 00:00 0 
7f4504021000-7f4508000000 ---p 00000000 00:00 0 
7f4508000000-7f4508035000 rw-p 00000000 00:00 0 
7f4508035000-7f450c000000 ---p 00000000 00:00 0 
7f450c000000-7f450c021000 rw-p 00000000 00:00 0 
7f450c021000-7f4510000000 ---p 00000000 00:00 0 
7f4510000000-7f451005d000 rw-p 00000000 00:00 0 
7f451005d000-7f4514000000 ---p 00000000 00:00 0 
7f4514000000-7f4514830000 rw-p 00000000 00:00 0 
7f4514830000-7f4518000000 ---p 00000000 00:00 0 
7f4518000000-7f4518021000 rw-p 00000000 00:00 0 
7f4518021000-7f451c000000 ---p 00000000 00:00 0 
7f451c000000-7f451c021000 rw-p 00000000 00:00 0 
7f451c021000-7f4520000000 ---p 00000000 00:00 0 
7f4520000000-7f452083f000 rw-p 00000000 00:00 0 
7f452083f000-7f4524000000 ---p 00000000 00:00 0 
7f4524000000-7f4524021000 rw-p 00000000 00:00 0 
7f4524021000-7f4528000000 ---p 00000000 00:00 0 
7f4528000000-7f4528021000 rw-p 00000000 00:00 0 
7f4528021000-7f452c000000 ---p 00000000 00:00 0 
7f452c000000-7f452c021000 rw-p 00000000 00:00 0 
7f452c021000-7f4530000000 ---p 00000000 00:00 0 
7f4530000000-7f45300e4000 rw-p 00000000 00:00 0 
7f45300e4000-7f4534000000 ---p 00000000 00:00 0 
7f4534000000-7f4534021000 rw-p 00000000 00:00 0 
7f4534021000-7f4538000000 ---p 00000000 00:00 0 
7f453c000000-7f453c021000 rw-p 00000000 00:00 0 
7f453c021000-7f4540000000 ---p 00000000 00:00 0 
7f4540000000-7f4540021000 rw-p 00000000 00:00 0 
7f4540021000-7f4544000000 ---p 00000000 00:00 0 
7f4544000000-7f4544021000 rw-p 00000000 00:00 0 
7f4544021000-7f4548000000 ---p 00000000 00:00 0 
7f454c000000-7f454c021000 rw-p 00000000 00:00 0 
7f454c021000-7f4550000000 ---p 00000000 00:00 0 
7f4552882000-7f45528bf000 r-xp 00000000 08:06 660072                     /lib/x86_64-linux-gnu/libpcre.so.3.13.1
7f45528bf000-7f4552abe000 ---p 0003d000 08:06 660072                     /lib/x86_64-linux-gnu/libpcre.so.3.13.1
7f4552abe000-7f4552abf000 r--p 0003c000 08:06 660072                     /lib/x86_64-linux-gnu/libpcre.so.3.13.1
7f4552abf000-7f4552ac0000 rw-p 0003d000 08:06 660072                     /lib/x86_64-linux-gnu/libpcre.so.3.13.1
7f4552ac0000-7f4552ac7000 r-xp 00000000 08:06 287713                     /usr/lib/x86_64-linux-gnu/libffi.so.6.0.1
7f4552ac7000-7f4552cc6000 ---p 00007000 08:06 287713                     /usr/lib/x86_64-linux-gnu/libffi.so.6.0.1
7f4552cc6000-7f4552cc7000 r--p 00006000 08:06 287713                     /usr/lib/x86_64-linux-gnu/libffi.so.6.0.1
7f4552cc7000-7f4552cc8000 rw-p 00007000 08:06 287713                     /usr/lib/x86_64-linux-gnu/libffi.so.6.0.1
7f4552cc8000-7f4552cdf000 r-xp 00000000 08:06 660145                     /lib/x86_64-linux-gnu/libresolv-2.19.so
7f4552cdf000-7f4552edf000 ---p 00017000 08:06 660145                     /lib/x86_64-linux-gnu/libresolv-2.19.so
7f4552edf000-7f4552ee0000 r--p 00017000 08:06 660145                     /lib/x86_64-linux-gnu/libresolv-2.19.so
7f4552ee0000-7f4552ee1000 rw-p 00018000 08:06 660145                     /lib/x86_64-linux-gnu/libresolv-2.19.so
7f4552ee1000-7f4552ee3000 rw-p 00000000 00:00 0 
7f4552ee3000-7f4552f03000 r-xp 00000000 08:06 660149                     /lib/x86_64-linux-gnu/libselinux.so.1
7f4552f03000-7f4553102000 ---p 00020000 08:06 660149                     /lib/x86_64-linux-gnu/libselinux.so.1
7f4553102000-7f4553103000 r--p 0001f000 08:06 660149                     /lib/x86_64-linux-gnu/libselinux.so.1
7f4553103000-7f4553104000 rw-p 00020000 08:06 660149                     /lib/x86_64-linux-gnu/libselinux.so.1
7f4553104000-7f4553106000 rw-p 00000000 00:00 0 
7f4553106000-7f4553109000 r-xp 00000000 08:06 273921                     /usr/lib/x86_64-linux-gnu/libgmodule-2.0.so.0.4002.0
7f4553109000-7f4553308000 ---p 00003000 08:06 273921                     /usr/lib/x86_64-linux-gnu/libgmodule-2.0.so.0.4002.0
7f4553308000-7f4553309000 r--p 00002000 08:06 273921                     /usr/lib/x86_64-linux-gnu/libgmodule-2.0.so.0.4002.0
7f4553309000-7f455330a000 rw-p 00003000 08:06 273921                     /usr/lib/x86_64-linux-gnu/libgmodule-2.0.so.0.4002.0
7f455330a000-7f4553410000 r-xp 00000000 08:06 660049                     /lib/x86_64-linux-gnu/libglib-2.0.so.0.4002.0
7f4553410000-7f455360f000 ---p 00106000 08:06 660049                     /lib/x86_64-linux-gnu/libglib-2.0.so.0.4002.0
7f455360f000-7f4553610000 r--p 00105000 08:06 660049                     /lib/x86_64-linux-gnu/libglib-2.0.so.0.4002.0
7f4553610000-7f4553611000 rw-p 00106000 08:06 660049                     /lib/x86_64-linux-gnu/libglib-2.0.so.0.4002.0
7f4553611000-7f4553612000 rw-p 00000000 00:00 0 
7f4553612000-7f4553661000 r-xp 00000000 08:06 273945                     /usr/lib/x86_64-linux-gnu/libgobject-2.0.so.0.4002.0
7f4553661000-7f4553861000 ---p 0004f000 08:06 273945                     /usr/lib/x86_64-linux-gnu/libgobject-2.0.so.0.4002.0
7f4553861000-7f4553862000 r--p 0004f000 08:06 273945                     /usr/lib/x86_64-linux-gnu/libgobject-2.0.so.0.4002.0
7f4553862000-7f4553863000 rw-p 00050000 08:06 273945                     /usr/lib/x86_64-linux-gnu/libgobject-2.0.so.0.4002.0
7f4553863000-7f45539cf000 r-xp 00000000 08:06 273905                     /usr/lib/x86_64-linux-gnu/libgio-2.0.so.0.4002.0
7f45539cf000-7f4553bce000 ---p 0016c000 08:06 273905                     /usr/lib/x86_64-linux-gnu/libgio-2.0.so.0.4002.0
7f4553bce000-7f4553bd2000 r--p 0016b000 08:06 273905                     /usr/lib/x86_64-linux-gnu/libgio-2.0.so.0.4002.0
7f4553bd2000-7f4553bd4000 rw-p 0016f000 08:06 273905                     /usr/lib/x86_64-linux-gnu/libgio-2.0.so.0.4002.0
7f4553bd4000-7f4553bd6000 rw-p 00000000 00:00 0 
7f4553bd6000-7f4553bed000 r-xp 00000000 08:06 401326                     /usr/lib/jvm/java-7-openjdk-amd64/jre/lib/amd64/libnet.so
7f4553bed000-7f4553dec000 ---p 00017000 08:06 401326                     /usr/lib/jvm/java-7-openjdk-amd64/jre/lib/amd64/libnet.so
7f4553dec000-7f4553ded000 r--p 00016000 08:06 401326                     /usr/lib/jvm/java-7-openjdk-amd64/jre/lib/amd64/libnet.so
7f4553ded000-7f4553dee000 rw-p 00017000 08:06 401326                     /usr/lib/jvm/java-7-openjdk-amd64/jre/lib/amd64/libnet.so
7f4553dee000-7f4553dfe000 r-xp 00000000 08:06 401292                     /usr/lib/jvm/java-7-openjdk-amd64/jre/lib/amd64/libnio.so
7f4553dfe000-7f4553ffe000 ---p 00010000 08:06 401292                     /usr/lib/jvm/java-7-openjdk-amd64/jre/lib/amd64/libnio.so
7f4553ffe000-7f4553fff000 r--p 00010000 08:06 401292                     /usr/lib/jvm/java-7-openjdk-amd64/jre/lib/amd64/libnio.so
7f4553fff000-7f4554000000 rw-p 00011000 08:06 401292                     /usr/lib/jvm/java-7-openjdk-amd64/jre/lib/amd64/libnio.so
7f4554000000-7f4554021000 rw-p 00000000 00:00 0 
7f4554021000-7f4558000000 ---p 00000000 00:00 0 
7f455808b000-7f45581ec000 rw-p 00000000 00:00 0 
7f45581ec000-7f45581ef000 ---p 00000000 00:00 0 
7f45581ef000-7f45582ed000 rw-p 00000000 00:00 0 
7f45582ed000-7f45582f0000 ---p 00000000 00:00 0 
7f45582f0000-7f45583ee000 rw-p 00000000 00:00 0 
7f45583ee000-7f45583f1000 ---p 00000000 00:00 0 
7f45583f1000-7f45584ef000 rw-p 00000000 00:00 0 
7f45584ef000-7f45584f2000 ---p 00000000 00:00 0 
7f45584f2000-7f45585f0000 rw-p 00000000 00:00 0 
7f45585f0000-7f45585f3000 ---p 00000000 00:00 0 
7f45585f3000-7f45586f1000 rw-p 00000000 00:00 0 
7f45586f1000-7f45586f2000 ---p 00000000 00:00 0 
7f45586f2000-7f45587f2000 rw-p 00000000 00:00 0                          [stack:11330]
7f45587f2000-7f45587f5000 ---p 00000000 00:00 0 
7f45587f5000-7f45588f3000 rw-p 00000000 00:00 0                          [stack:11329]
7f45588f3000-7f45588f6000 ---p 00000000 00:00 0 
7f45588f6000-7f45589f4000 rw-p 00000000 00:00 0                          [stack:11328]
7f45589f4000-7f45589f7000 ---p 00000000 00:00 0 
7f45589f7000-7f4558af5000 rw-p 00000000 00:00 0                          [stack:11327]
7f4558af5000-7f4558af8000 ---p 00000000 00:00 0 
7f4558af8000-7f4558bf6000 rw-p 00000000 00:00 0                          [stack:11326]
7f4558bf6000-7f4558ec4000 r--p 00000000 08:06 271328                     /usr/lib/locale/locale-archive
7f4558ec4000-7f4558ec7000 ---p 00000000 00:00 0 
7f4558ec7000-7f4558fc5000 rw-p 00000000 00:00 0                          [stack:11325]
7f4558fc5000-7f4558fc8000 ---p 00000000 00:00 0 
7f4558fc8000-7f45590c6000 rw-p 00000000 00:00 0                          [stack:11324]
7f45590c6000-7f45590c7000 ---p 00000000 00:00 0 
7f45590c7000-7f455c000000 rw-p 00000000 00:00 0                          [stack:11323]
7f455c000000-7f455c021000 rw-p 00000000 00:00 0 
7f455c021000-7f4560000000 ---p 00000000 00:00 0 
7f4560073000-7f456007a000 r--s 00000000 08:06 533820                     /usr/lib/x86_64-linux-gnu/gconv/gconv-modules.cache
7f456007a000-7f45600a0000 r--p 00000000 08:06 804047                     /usr/share/locale-langpack/fr/LC_MESSAGES/libc.mo
7f45600a0000-7f45600af000 r--s 000df000 08:05 3150221                    /home/florent/Android/Sdk/build-tools/23.0.2/lib/dx.jar
7f45600af000-7f4561000000 rw-p 00000000 00:00 0 
7f4561000000-7f4561270000 rwxp 00000000 00:00 0 
7f4561270000-7f456421b000 rw-p 00000000 00:00 0 
7f456421b000-7f4568000000 ---p 00000000 00:00 0 
7f4568002000-7f4568007000 r--s 0004e000 08:06 401337                     /usr/lib/jvm/java-7-openjdk-amd64/jre/lib/jsse.jar
7f4568007000-7f456843a000 rw-p 00000000 00:00 0 
7f456843a000-7f45685ec000 r--s 01d2e000 08:06 401286                     /usr/lib/jvm/java-7-openjdk-amd64/jre/lib/rt.jar
7f45685ec000-7f4568938000 rw-p 00000000 00:00 0 
7f4568938000-7f4568939000 ---p 00000000 00:00 0 
7f4568939000-7f4568a39000 rw-p 00000000 00:00 0                          [stack:11322]
7f4568a39000-7f4568a3a000 ---p 00000000 00:00 0 
7f4568a3a000-7f4568b3a000 rw-p 00000000 00:00 0                          [stack:11321]
7f4568b3a000-7f4568b3b000 ---p 00000000 00:00 0 
7f4568b3b000-7f4568c3b000 rw-p 00000000 00:00 0                          [stack:11320]
7f4568c3b000-7f4568c3c000 ---p 00000000 00:00 0 
7f4568c3c000-7f4568d3c000 rw-p 00000000 00:00 0                          [stack:11319]
7f4568d3c000-7f4568d3d000 ---p 00000000 00:00 0 
7f4568d3d000-7f4568e3d000 rw-p 00000000 00:00 0                          [stack:11318]
7f4568e3d000-7f4568e3e000 ---p 00000000 00:00 0 
7f4568e3e000-7f4568f3e000 rw-p 00000000 00:00 0                          [stack:11317]
7f4568f3e000-7f4568f3f000 ---p 00000000 00:00 0 
7f4568f3f000-7f456903f000 rw-p 00000000 00:00 0                          [stack:11316]
7f456903f000-7f4569040000 ---p 00000000 00:00 0 
7f4569040000-7f456914b000 rw-p 00000000 00:00 0                          [stack:11315]
7f456914b000-7f4569193000 rw-p 00000000 00:00 0 
7f4569193000-7f45691cf000 rw-p 00000000 00:00 0 
7f45691cf000-7f45692e9000 rw-p 00000000 00:00 0 
7f45692e9000-7f45692f4000 rw-p 00000000 00:00 0 
7f45692f4000-7f456933c000 rw-p 00000000 00:00 0 
7f456933c000-7f4569378000 rw-p 00000000 00:00 0 
7f4569378000-7f4569491000 rw-p 00000000 00:00 0 
7f4569491000-7f45694b3000 rw-p 00000000 00:00 0 
7f45694b3000-7f456953c000 rw-p 00000000 00:00 0 
7f456953c000-7f456953d000 rw-p 00000000 00:00 0 
7f456953d000-7f4569545000 r-xp 00000000 08:06 401296                     /usr/lib/jvm/java-7-openjdk-amd64/jre/lib/amd64/libzip.so
7f4569545000-7f4569744000 ---p 00008000 08:06 401296                     /usr/lib/jvm/java-7-openjdk-amd64/jre/lib/amd64/libzip.so
7f4569744000-7f4569745000 r--p 00007000 08:06 401296                     /usr/lib/jvm/java-7-openjdk-amd64/jre/lib/amd64/libzip.so
7f4569745000-7f4569746000 rw-p 00008000 08:06 401296                     /usr/lib/jvm/java-7-openjdk-amd64/jre/lib/amd64/libzip.so
7f4569746000-7f4569751000 r-xp 00000000 08:06 660094                     /lib/x86_64-linux-gnu/libnss_files-2.19.so
7f4569751000-7f4569950000 ---p 0000b000 08:06 660094                     /lib/x86_64-linux-gnu/libnss_files-2.19.so
7f4569950000-7f4569951000 r--p 0000a000 08:06 660094                     /lib/x86_64-linux-gnu/libnss_files-2.19.so
7f4569951000-7f4569952000 rw-p 0000b000 08:06 660094                     /lib/x86_64-linux-gnu/libnss_files-2.19.so
7f4569952000-7f456995d000 r-xp 00000000 08:06 660104                     /lib/x86_64-linux-gnu/libnss_nis-2.19.so
7f456995d000-7f4569b5c000 ---p 0000b000 08:06 660104                     /lib/x86_64-linux-gnu/libnss_nis-2.19.so
7f4569b5c000-7f4569b5d000 r--p 0000a000 08:06 660104                     /lib/x86_64-linux-gnu/libnss_nis-2.19.so
7f4569b5d000-7f4569b5e000 rw-p 0000b000 08:06 660104                     /lib/x86_64-linux-gnu/libnss_nis-2.19.so
7f4569b5e000-7f4569b75000 r-xp 00000000 08:06 660088                     /lib/x86_64-linux-gnu/libnsl-2.19.so
7f4569b75000-7f4569d74000 ---p 00017000 08:06 660088                     /lib/x86_64-linux-gnu/libnsl-2.19.so
7f4569d74000-7f4569d75000 r--p 00016000 08:06 660088                     /lib/x86_64-linux-gnu/libnsl-2.19.so
7f4569d75000-7f4569d76000 rw-p 00017000 08:06 660088                     /lib/x86_64-linux-gnu/libnsl-2.19.so
7f4569d76000-7f4569d78000 rw-p 00000000 00:00 0 
7f4569d78000-7f4569d81000 r-xp 00000000 08:06 660090                     /lib/x86_64-linux-gnu/libnss_compat-2.19.so
7f4569d81000-7f4569f80000 ---p 00009000 08:06 660090                     /lib/x86_64-linux-gnu/libnss_compat-2.19.so
7f4569f80000-7f4569f81000 r--p 00008000 08:06 660090                     /lib/x86_64-linux-gnu/libnss_compat-2.19.so
7f4569f81000-7f4569f82000 rw-p 00009000 08:06 660090                     /lib/x86_64-linux-gnu/libnss_compat-2.19.so
7f4569f82000-7f4569fad000 r-xp 00000000 08:06 401308                     /usr/lib/jvm/java-7-openjdk-amd64/jre/lib/amd64/libjava.so
7f4569fad000-7f456a1ad000 ---p 0002b000 08:06 401308                     /usr/lib/jvm/java-7-openjdk-amd64/jre/lib/amd64/libjava.so
7f456a1ad000-7f456a1ae000 r--p 0002b000 08:06 401308                     /usr/lib/jvm/java-7-openjdk-amd64/jre/lib/amd64/libjava.so
7f456a1ae000-7f456a1b0000 rw-p 0002c000 08:06 401308                     /usr/lib/jvm/java-7-openjdk-amd64/jre/lib/amd64/libjava.so
7f456a1b0000-7f456a1c0000 r-xp 00000000 08:06 401322                     /usr/lib/jvm/java-7-openjdk-amd64/jre/lib/amd64/libverify.so
7f456a1c0000-7f456a3bf000 ---p 00010000 08:06 401322                     /usr/lib/jvm/java-7-openjdk-amd64/jre/lib/amd64/libverify.so
7f456a3bf000-7f456a3c1000 r--p 0000f000 08:06 401322                     /usr/lib/jvm/java-7-openjdk-amd64/jre/lib/amd64/libverify.so
7f456a3c1000-7f456a3c2000 rw-p 00011000 08:06 401322                     /usr/lib/jvm/java-7-openjdk-amd64/jre/lib/amd64/libverify.so
7f456a3c2000-7f456a3c9000 r-xp 00000000 08:06 660147                     /lib/x86_64-linux-gnu/librt-2.19.so
7f456a3c9000-7f456a5c8000 ---p 00007000 08:06 660147                     /lib/x86_64-linux-gnu/librt-2.19.so
7f456a5c8000-7f456a5c9000 r--p 00006000 08:06 660147                     /lib/x86_64-linux-gnu/librt-2.19.so
7f456a5c9000-7f456a5ca000 rw-p 00007000 08:06 660147                     /lib/x86_64-linux-gnu/librt-2.19.so
7f456a5ca000-7f456a5e0000 r-xp 00000000 08:06 660918                     /lib/x86_64-linux-gnu/libgcc_s.so.1
7f456a5e0000-7f456a7df000 ---p 00016000 08:06 660918                     /lib/x86_64-linux-gnu/libgcc_s.so.1
7f456a7df000-7f456a7e0000 rw-p 00015000 08:06 660918                     /lib/x86_64-linux-gnu/libgcc_s.so.1
7f456a7e0000-7f456a8e5000 r-xp 00000000 08:06 660069                     /lib/x86_64-linux-gnu/libm-2.19.so
7f456a8e5000-7f456aae4000 ---p 00105000 08:06 660069                     /lib/x86_64-linux-gnu/libm-2.19.so
7f456aae4000-7f456aae5000 r--p 00104000 08:06 660069                     /lib/x86_64-linux-gnu/libm-2.19.so
7f456aae5000-7f456aae6000 rw-p 00105000 08:06 660069                     /lib/x86_64-linux-gnu/libm-2.19.so
7f456aae6000-7f456abcc000 r-xp 00000000 08:06 268180                     /usr/lib/x86_64-linux-gnu/libstdc++.so.6.0.19
7f456abcc000-7f456adcb000 ---p 000e6000 08:06 268180                     /usr/lib/x86_64-linux-gnu/libstdc++.so.6.0.19
7f456adcb000-7f456add3000 r--p 000e5000 08:06 268180                     /usr/lib/x86_64-linux-gnu/libstdc++.so.6.0.19
7f456add3000-7f456add5000 rw-p 000ed000 08:06 268180                     /usr/lib/x86_64-linux-gnu/libstdc++.so.6.0.19
7f456add5000-7f456adea000 rw-p 00000000 00:00 0 
7f456adea000-7f456b90e000 r-xp 00000000 08:06 401314                     /usr/lib/jvm/java-7-openjdk-amd64/jre/lib/amd64/server/libjvm.so
7f456b90e000-7f456bb0e000 ---p 00b24000 08:06 401314                     /usr/lib/jvm/java-7-openjdk-amd64/jre/lib/amd64/server/libjvm.so
7f456bb0e000-7f456bba8000 r--p 00b24000 08:06 401314                     /usr/lib/jvm/java-7-openjdk-amd64/jre/lib/amd64/server/libjvm.so
7f456bba8000-7f456bbcb000 rw-p 00bbe000 08:06 401314                     /usr/lib/jvm/java-7-openjdk-amd64/jre/lib/amd64/server/libjvm.so
7f456bbcb000-7f456bbf9000 rw-p 00000000 00:00 0 
7f456bbf9000-7f456bc11000 r-xp 00000000 08:06 660180                     /lib/x86_64-linux-gnu/libz.so.1.2.8
7f456bc11000-7f456be10000 ---p 00018000 08:06 660180                     /lib/x86_64-linux-gnu/libz.so.1.2.8
7f456be10000-7f456be11000 r--p 00017000 08:06 660180                     /lib/x86_64-linux-gnu/libz.so.1.2.8
7f456be11000-7f456be12000 rw-p 00018000 08:06 660180                     /lib/x86_64-linux-gnu/libz.so.1.2.8
7f456be12000-7f456be2b000 r-xp 00000000 08:06 660139                     /lib/x86_64-linux-gnu/libpthread-2.19.so
7f456be2b000-7f456c02a000 ---p 00019000 08:06 660139                     /lib/x86_64-linux-gnu/libpthread-2.19.so
7f456c02a000-7f456c02b000 r--p 00018000 08:06 660139                     /lib/x86_64-linux-gnu/libpthread-2.19.so
7f456c02b000-7f456c02c000 rw-p 00019000 08:06 660139                     /lib/x86_64-linux-gnu/libpthread-2.19.so
7f456c02c000-7f456c030000 rw-p 00000000 00:00 0 
7f456c030000-7f456c033000 r-xp 00000000 08:06 660035                     /lib/x86_64-linux-gnu/libdl-2.19.so
7f456c033000-7f456c232000 ---p 00003000 08:06 660035                     /lib/x86_64-linux-gnu/libdl-2.19.so
7f456c232000-7f456c233000 r--p 00002000 08:06 660035                     /lib/x86_64-linux-gnu/libdl-2.19.so
7f456c233000-7f456c234000 rw-p 00003000 08:06 660035                     /lib/x86_64-linux-gnu/libdl-2.19.so
7f456c234000-7f456c3ef000 r-xp 00000000 08:06 660018                     /lib/x86_64-linux-gnu/libc-2.19.so
7f456c3ef000-7f456c5ee000 ---p 001bb000 08:06 660018                     /lib/x86_64-linux-gnu/libc-2.19.so
7f456c5ee000-7f456c5f2000 r--p 001ba000 08:06 660018                     /lib/x86_64-linux-gnu/libc-2.19.so
7f456c5f2000-7f456c5f4000 rw-p 001be000 08:06 660018                     /lib/x86_64-linux-gnu/libc-2.19.so
7f456c5f4000-7f456c5f9000 rw-p 00000000 00:00 0 
7f456c5f9000-7f456c606000 r-xp 00000000 08:06 401323                     /usr/lib/jvm/java-7-openjdk-amd64/jre/lib/amd64/jli/libjli.so
7f456c606000-7f456c805000 ---p 0000d000 08:06 401323                     /usr/lib/jvm/java-7-openjdk-amd64/jre/lib/amd64/jli/libjli.so
7f456c805000-7f456c806000 r--p 0000c000 08:06 401323                     /usr/lib/jvm/java-7-openjdk-amd64/jre/lib/amd64/jli/libjli.so
7f456c806000-7f456c807000 rw-p 0000d000 08:06 401323                     /usr/lib/jvm/java-7-openjdk-amd64/jre/lib/amd64/jli/libjli.so
7f456c807000-7f456c82a000 r-xp 00000000 08:06 659992                     /lib/x86_64-linux-gnu/ld-2.19.so
7f456c82a000-7f456c82b000 rw-p 00000000 00:00 0 
7f456c82b000-7f456c82d000 r--s 00006000 08:06 799414                     /usr/share/java/java-atk-wrapper.jar
7f456c82d000-7f456c831000 r--s 00085000 08:06 401279                     /usr/lib/jvm/java-7-openjdk-amd64/jre/lib/ext/localedata.jar
7f456c831000-7f456c834000 r--s 0000f000 08:06 401280                     /usr/lib/jvm/java-7-openjdk-amd64/jre/lib/ext/icedtea-sound.jar
7f456c834000-7f456c835000 r--s 00002000 08:06 401283                     /usr/lib/jvm/java-7-openjdk-amd64/jre/lib/ext/dnsns.jar
7f456c835000-7f456c837000 r--s 00012000 08:06 401278                     /usr/lib/jvm/java-7-openjdk-amd64/jre/lib/ext/zipfs.jar
7f456c837000-7f456c83b000 r--s 00034000 08:06 401281                     /usr/lib/jvm/java-7-openjdk-amd64/jre/lib/ext/sunjce_provider.jar
7f456c83b000-7f456c845000 rw-p 00000000 00:00 0 
7f456c845000-7f456c8fb000 rw-p 00000000 00:00 0 
7f456c8fb000-7f456c8fe000 ---p 00000000 00:00 0 
7f456c8fe000-7f456ca01000 rw-p 00000000 00:00 0                          [stack:11314]
7f456ca01000-7f456ca05000 r--s 0003c000 08:06 401282                     /usr/lib/jvm/java-7-openjdk-amd64/jre/lib/ext/sunpkcs11.jar
7f456ca05000-7f456ca1d000 rw-p 00000000 00:00 0 
7f456ca1d000-7f456ca25000 rw-s 00000000 08:06 1484134                    /tmp/hsperfdata_florent/11310
7f456ca25000-7f456ca26000 rw-p 00000000 00:00 0 
7f456ca26000-7f456ca27000 ---p 00000000 00:00 0 
7f456ca27000-7f456ca29000 rw-p 00000000 00:00 0 
7f456ca29000-7f456ca2a000 r--p 00022000 08:06 659992                     /lib/x86_64-linux-gnu/ld-2.19.so
7f456ca2a000-7f456ca2b000 rw-p 00023000 08:06 659992                     /lib/x86_64-linux-gnu/ld-2.19.so
7f456ca2b000-7f456ca2c000 rw-p 00000000 00:00 0 
7ffcebdbb000-7ffcebdde000 rw-p 00000000 00:00 0                          [stack]
7ffcebdfb000-7ffcebdfd000 r-xp 00000000 00:00 0                          [vdso]
7ffcebdfd000-7ffcebdff000 r--p 00000000 00:00 0                          [vvar]
ffffffffff600000-ffffffffff601000 r-xp 00000000 00:00 0                  [vsyscall]

VM Arguments:
jvm_args: -Xmx1024M -Dfile.encoding=UTF-8 -Duser.country=FR -Duser.language=fr -Duser.variant 
java_command: com.android.dx.command.Main --dex --num-threads=4 --output /home/florent/Documents/M2-DL/S9/FHCI/Android/Berbie_DeRoquemaurel_Gayout_ANDROID/MakeAFocal/app/build/intermediates/dex/debug /home/florent/Documents/M2-DL/S9/FHCI/Android/Berbie_DeRoquemaurel_Gayout_ANDROID/MakeAFocal/app/build/intermediates/classes/debug /home/florent/Documents/M2-DL/S9/FHCI/Android/Berbie_DeRoquemaurel_Gayout_ANDROID/MakeAFocal/app/build/intermediates/pre-dexed/debug/support-annotations-23.1.1-16ca20f4683b9945c99f51438ebf77299bebdb65.jar /home/florent/Documents/M2-DL/S9/FHCI/Android/Berbie_DeRoquemaurel_Gayout_ANDROID/MakeAFocal/app/build/intermediates/pre-dexed/debug/classes-523a6378758489ce92341569c7eba9f3fbc7420c.jar /home/florent/Documents/M2-DL/S9/FHCI/Android/Berbie_DeRoquemaurel_Gayout_ANDROID/MakeAFocal/app/build/intermediates/pre-dexed/debug/internal_impl-22.2.0-956c1b4b12cb2394f5bc1181d0edad87dc47a815.jar /home/florent/Documents/M2-DL/S9/FHCI/Android/Berbie_DeRoquemaurel_Gayout_ANDROID/MakeAFocal/app/build/intermediates/pre-dexed/debug/classes-bf7bf58913a02d3d3c20219aa02ec69760c4e5ca.jar /home/florent/Documents/M2-DL/S9/FHCI/Android/Berbie_DeRoquemaurel_Gayout_ANDROID/MakeAFocal/app/build/intermediates/pre-dexed/debug/classes-279529b2ec3e83819cb9a57ae5b1863d996425da.jar /home/florent/Documents/M2-DL/S9/FHCI/Android/Berbie_DeRoquemaurel_Gayout_ANDROID/MakeAFocal/app/build/intermediates/pre-dexed/debug/classes-504f2ad5c70296d8550834c844fa196982d102eb.jar /home/florent/Documents/M2-DL/S9/FHCI/Android/Berbie_DeRoquemaurel_Gayout_ANDROID/MakeAFocal/app/build/intermediates/pre-dexed/debug/classes-803c706d9d5093fd5b3e88ca63899a46fcf644a7.jar /home/florent/Documents/M2-DL/S9/FHCI/Android/Berbie_DeRoquemaurel_Gayout_ANDROID/MakeAFocal/app/build/intermediates/pre-dexed/debug/classes-34921c461e8f37ceef5318678e0057b395237209.jar /home/florent/Documents/M2-DL/S9/FHCI/Android/Berbie_DeRoquemaurel_Gayout_ANDROID/MakeAFocal/app/build/intermediates/pre-dexed/debug/classes-356c53
Launcher Type: SUN_STANDARD

Environment Variables:
JAVA_HOME=/usr/lib/jvm/java-7-openjdk-amd64
PATH=/home/florent/.sdkman/vertx/current/bin:/home/florent/.sdkman/springboot/current/bin:/home/florent/.sdkman/lazybones/current/bin:/home/florent/.sdkman/jbossforge/current/bin:/home/florent/.sdkman/jbake/current/bin:/home/florent/.sdkman/groovyserv/current/bin:/home/florent/.sdkman/groovy/current/bin:/home/florent/.sdkman/griffon/current/bin:/home/florent/.sdkman/grails/current/bin:/home/florent/.sdkman/gradle/current/bin:/home/florent/.sdkman/glide/current/bin:/home/florent/.sdkman/gaiden/current/bin:/home/florent/.sdkman/crash/current/bin:/home/florent/.sdkman/asciidoctorj/current/bin:/usr/local/sbin:/usr/local/bin:/usr/sbin:/usr/bin:/sbin:/bin:/usr/games:/usr/local/games
USERNAME=florent
LD_LIBRARY_PATH=/home/florent/Documents/Logiciels/android-studio/bin:
SHELL=/bin/zsh
DISPLAY=:0

Signal Handlers:
SIGSEGV: [libjvm.so+0x9548f0], sa_mask[0]=0x7ffbfeff, sa_flags=0x10000004
SIGBUS: [libjvm.so+0x9548f0], sa_mask[0]=0x7ffbfeff, sa_flags=0x10000004
SIGFPE: [libjvm.so+0x7cb0b0], sa_mask[0]=0x7ffbfeff, sa_flags=0x10000004
SIGPIPE: [libjvm.so+0x7cb0b0], sa_mask[0]=0x7ffbfeff, sa_flags=0x10000004
SIGXFSZ: [libjvm.so+0x7cb0b0], sa_mask[0]=0x7ffbfeff, sa_flags=0x10000004
SIGILL: [libjvm.so+0x7cb0b0], sa_mask[0]=0x7ffbfeff, sa_flags=0x10000004
SIGUSR1: SIG_DFL, sa_mask[0]=0x00000000, sa_flags=0x00000000
SIGUSR2: [libjvm.so+0x7caf50], sa_mask[0]=0x00000004, sa_flags=0x10000004
SIGHUP: [libjvm.so+0x7cb130], sa_mask[0]=0x7ffbfeff, sa_flags=0x10000004
SIGINT: [libjvm.so+0x7cb130], sa_mask[0]=0x7ffbfeff, sa_flags=0x10000004
SIGTERM: [libjvm.so+0x7cb130], sa_mask[0]=0x7ffbfeff, sa_flags=0x10000004
SIGQUIT: [libjvm.so+0x7cb130], sa_mask[0]=0x7ffbfeff, sa_flags=0x10000004
SIGTRAP: SIG_DFL, sa_mask[0]=0x00000000, sa_flags=0x00000000


---------------  S Y S T E M  ---------------

OS:LinuxMint 17.3 (rosa)
uname:Linux 3.16.0-38-generic #52~14.04.1-Ubuntu SMP Fri May 8 09:43:57 UTC 2015 x86_64
libc:glibc 2.19 NPTL 2.19 
rlimit: STACK 8192k, CORE 0k, NPROC 15619, NOFILE 4096, AS infinity
load average:0,91 0,91 0,77

/proc/meminfo:
MemTotal:        4029408 kB
MemFree:          137016 kB
MemAvailable:     115080 kB
Buffers:            3096 kB
Cached:           107468 kB
SwapCached:            0 kB
Active:          3571736 kB
Inactive:          70208 kB
Active(anon):    3533144 kB
Inactive(anon):    30004 kB
Active(file):      38592 kB
Inactive(file):    40204 kB
Unevictable:         152 kB
Mlocked:             152 kB
SwapTotal:             0 kB
SwapFree:              0 kB
Dirty:                48 kB
Writeback:             0 kB
AnonPages:       3531716 kB
Mapped:           142824 kB
Shmem:             31688 kB
Slab:              87408 kB
SReclaimable:      46256 kB
SUnreclaim:        41152 kB
KernelStack:       11456 kB
PageTables:        46500 kB
NFS_Unstable:          0 kB
Bounce:                0 kB
WritebackTmp:          0 kB
CommitLimit:     2014704 kB
Committed_AS:    7885740 kB
VmallocTotal:   34359738367 kB
VmallocUsed:      115088 kB
VmallocChunk:   34359617020 kB
HardwareCorrupted:     0 kB
AnonHugePages:   1601536 kB
HugePages_Total:       0
HugePages_Free:        0
HugePages_Rsvd:        0
HugePages_Surp:        0
Hugepagesize:       2048 kB
DirectMap4k:      207304 kB
DirectMap2M:     3969024 kB


CPU:total 8 (4 cores per cpu, 2 threads per core) family 6 model 30 stepping 5, cmov, cx8, fxsr, mmx, sse, sse2, sse3, ssse3, sse4.1, sse4.2, popcnt, ht, tsc, tscinvbit

/proc/cpuinfo:
processor	: 0
vendor_id	: GenuineIntel
cpu family	: 6
model		: 30
model name	: Intel(R) Core(TM) i7 CPU       Q 740  @ 1.73GHz
stepping	: 5
microcode	: 0x3
cpu MHz		: 933.000
cache size	: 6144 KB
physical id	: 0
siblings	: 8
core id		: 0
cpu cores	: 4
apicid		: 0
initial apicid	: 0
fpu		: yes
fpu_exception	: yes
cpuid level	: 11
wp		: yes
flags		: fpu vme de pse tsc msr pae mce cx8 apic sep mtrr pge mca cmov pat pse36 clflush dts acpi mmx fxsr sse sse2 ss ht tm pbe syscall nx rdtscp lm constant_tsc arch_perfmon pebs bts rep_good nopl xtopology nonstop_tsc aperfmperf pni dtes64 monitor ds_cpl vmx smx est tm2 ssse3 cx16 xtpr pdcm sse4_1 sse4_2 popcnt lahf_lm ida dtherm tpr_shadow vnmi flexpriority ept vpid
bogomips	: 3458.23
clflush size	: 64
cache_alignment	: 64
address sizes	: 36 bits physical, 48 bits virtual
power management:

processor	: 1
vendor_id	: GenuineIntel
cpu family	: 6
model		: 30
model name	: Intel(R) Core(TM) i7 CPU       Q 740  @ 1.73GHz
stepping	: 5
microcode	: 0x3
cpu MHz		: 1734.000
cache size	: 6144 KB
physical id	: 0
siblings	: 8
core id		: 1
cpu cores	: 4
apicid		: 2
initial apicid	: 2
fpu		: yes
fpu_exception	: yes
cpuid level	: 11
wp		: yes
flags		: fpu vme de pse tsc msr pae mce cx8 apic sep mtrr pge mca cmov pat pse36 clflush dts acpi mmx fxsr sse sse2 ss ht tm pbe syscall nx rdtscp lm constant_tsc arch_perfmon pebs bts rep_good nopl xtopology nonstop_tsc aperfmperf pni dtes64 monitor ds_cpl vmx smx est tm2 ssse3 cx16 xtpr pdcm sse4_1 sse4_2 popcnt lahf_lm ida dtherm tpr_shadow vnmi flexpriority ept vpid
bogomips	: 3458.23
clflush size	: 64
cache_alignment	: 64
address sizes	: 36 bits physical, 48 bits virtual
power management:

processor	: 2
vendor_id	: GenuineIntel
cpu family	: 6
model		: 30
model name	: Intel(R) Core(TM) i7 CPU       Q 740  @ 1.73GHz
stepping	: 5
microcode	: 0x3
cpu MHz		: 1734.000
cache size	: 6144 KB
physical id	: 0
siblings	: 8
core id		: 2
cpu cores	: 4
apicid		: 4
initial apicid	: 4
fpu		: yes
fpu_exception	: yes
cpuid level	: 11
wp		: yes
flags		: fpu vme de pse tsc msr pae mce cx8 apic sep mtrr pge mca cmov pat pse36 clflush dts acpi mmx fxsr sse sse2 ss ht tm pbe syscall nx rdtscp lm constant_tsc arch_perfmon pebs bts rep_good nopl xtopology nonstop_tsc aperfmperf pni dtes64 monitor ds_cpl vmx smx est tm2 ssse3 cx16 xtpr pdcm sse4_1 sse4_2 popcnt lahf_lm ida dtherm tpr_shadow vnmi flexpriority ept vpid
bogomips	: 3458.23
clflush size	: 64
cache_alignment	: 64
address sizes	: 36 bits physical, 48 bits virtual
power management:

processor	: 3
vendor_id	: GenuineIntel
cpu family	: 6
model		: 30
model name	: Intel(R) Core(TM) i7 CPU       Q 740  @ 1.73GHz
stepping	: 5
microcode	: 0x3
cpu MHz		: 933.000
cache size	: 6144 KB
physical id	: 0
siblings	: 8
core id		: 3
cpu cores	: 4
apicid		: 6
initial apicid	: 6
fpu		: yes
fpu_exception	: yes
cpuid level	: 11
wp		: yes
flags		: fpu vme de pse tsc msr pae mce cx8 apic sep mtrr pge mca cmov pat pse36 clflush dts acpi mmx fxsr sse sse2 ss ht tm pbe syscall nx rdtscp lm constant_tsc arch_perfmon pebs bts rep_good nopl xtopology nonstop_tsc aperfmperf pni dtes64 monitor ds_cpl vmx smx est tm2 ssse3 cx16 xtpr pdcm sse4_1 sse4_2 popcnt lahf_lm ida dtherm tpr_shadow vnmi flexpriority ept vpid
bogomips	: 3458.23
clflush size	: 64
cache_alignment	: 64
address sizes	: 36 bits physical, 48 bits virtual
power management:

processor	: 4
vendor_id	: GenuineIntel
cpu family	: 6
model		: 30
model name	: Intel(R) Core(TM) i7 CPU       Q 740  @ 1.73GHz
stepping	: 5
microcode	: 0x3
cpu MHz		: 933.000
cache size	: 6144 KB
physical id	: 0
siblings	: 8
core id		: 0
cpu cores	: 4
apicid		: 1
initial apicid	: 1
fpu		: yes
fpu_exception	: yes
cpuid level	: 11
wp		: yes
flags		: fpu vme de pse tsc msr pae mce cx8 apic sep mtrr pge mca cmov pat pse36 clflush dts acpi mmx fxsr sse sse2 ss ht tm pbe syscall nx rdtscp lm constant_tsc arch_perfmon pebs bts rep_good nopl xtopology nonstop_tsc aperfmperf pni dtes64 monitor ds_cpl vmx smx est tm2 ssse3 cx16 xtpr pdcm sse4_1 sse4_2 popcnt lahf_lm ida dtherm tpr_shadow vnmi flexpriority ept vpid
bogomips	: 3458.23
clflush size	: 64
cache_alignment	: 64
address sizes	: 36 bits physical, 48 bits virtual
power management:

processor	: 5
vendor_id	: GenuineIntel
cpu family	: 6
model		: 30
model name	: Intel(R) Core(TM) i7 CPU       Q 740  @ 1.73GHz
stepping	: 5
microcode	: 0x3
cpu MHz		: 1734.000
cache size	: 6144 KB
physical id	: 0
siblings	: 8
core id		: 1
cpu cores	: 4
apicid		: 3
initial apicid	: 3
fpu		: yes
fpu_exception	: yes
cpuid level	: 11
wp		: yes
flags		: fpu vme de pse tsc msr pae mce cx8 apic sep mtrr pge mca cmov pat pse36 clflush dts acpi mmx fxsr sse sse2 ss ht tm pbe syscall nx rdtscp lm constant_tsc arch_perfmon pebs bts rep_good nopl xtopology nonstop_tsc aperfmperf pni dtes64 monitor ds_cpl vmx smx est tm2 ssse3 cx16 xtpr pdcm sse4_1 sse4_2 popcnt lahf_lm ida dtherm tpr_shadow vnmi flexpriority ept vpid
bogomips	: 3458.23
clflush size	: 64
cache_alignment	: 64
address sizes	: 36 bits physical, 48 bits virtual
power management:

processor	: 6
vendor_id	: GenuineIntel
cpu family	: 6
model		: 30
model name	: Intel(R) Core(TM) i7 CPU       Q 740  @ 1.73GHz
stepping	: 5
microcode	: 0x3
cpu MHz		: 933.000
cache size	: 6144 KB
physical id	: 0
siblings	: 8
core id		: 2
cpu cores	: 4
apicid		: 5
initial apicid	: 5
fpu		: yes
fpu_exception	: yes
cpuid level	: 11
wp		: yes
flags		: fpu vme de pse tsc msr pae mce cx8 apic sep mtrr pge mca cmov pat pse36 clflush dts acpi mmx fxsr sse sse2 ss ht tm pbe syscall nx rdtscp lm constant_tsc arch_perfmon pebs bts rep_good nopl xtopology nonstop_tsc aperfmperf pni dtes64 monitor ds_cpl vmx smx est tm2 ssse3 cx16 xtpr pdcm sse4_1 sse4_2 popcnt lahf_lm ida dtherm tpr_shadow vnmi flexpriority ept vpid
bogomips	: 3458.23
clflush size	: 64
cache_alignment	: 64
address sizes	: 36 bits physical, 48 bits virtual
power management:

processor	: 7
vendor_id	: GenuineIntel
cpu family	: 6
model		: 30
model name	: Intel(R) Core(TM) i7 CPU       Q 740  @ 1.73GHz
stepping	: 5
microcode	: 0x3
cpu MHz		: 933.000
cache size	: 6144 KB
physical id	: 0
siblings	: 8
core id		: 3
cpu cores	: 4
apicid		: 7
initial apicid	: 7
fpu		: yes
fpu_exception	: yes
cpuid level	: 11
wp		: yes
flags		: fpu vme de pse tsc msr pae mce cx8 apic sep mtrr pge mca cmov pat pse36 clflush dts acpi mmx fxsr sse sse2 ss ht tm pbe syscall nx rdtscp lm constant_tsc arch_perfmon pebs bts rep_good nopl xtopology nonstop_tsc aperfmperf pni dtes64 monitor ds_cpl vmx smx est tm2 ssse3 cx16 xtpr pdcm sse4_1 sse4_2 popcnt lahf_lm ida dtherm tpr_shadow vnmi flexpriority ept vpid
bogomips	: 3458.23
clflush size	: 64
cache_alignment	: 64
address sizes	: 36 bits physical, 48 bits virtual
power management:



Memory: 4k page, physical 4029408k(137016k free), swap 0k(0k free)

vm_info: OpenJDK 64-Bit Server VM (24.91-b01) for linux-amd64 JRE (1.7.0_91-b02), built on Nov 19 2015 06:14:37 by "buildd" with gcc 4.8.2

time: Fri Jan 22 11:40:35 2016
elapsed time: 3 seconds

