#
# There is insufficient memory for the Java Runtime Environment to continue.
# Native memory allocation (malloc) failed to allocate 177733632 bytes for committing reserved memory.
# Possible reasons:
#   The system is out of physical RAM or swap space
#   In 32 bit mode, the process size limit was hit
# Possible solutions:
#   Reduce memory load on the system
#   Increase physical memory or swap space
#   Check if swap backing store is full
#   Use 64 bit Java on a 64 bit OS
#   Decrease Java heap size (-Xmx/-Xms)
#   Decrease number of Java threads
#   Decrease Java thread stack sizes (-Xss)
#   Set larger code cache with -XX:ReservedCodeCacheSize=
# This output file may be truncated or incomplete.
#
#  Out of Memory Error (os_linux.cpp:2827), pid=11249, tid=140487997290240
#
# JRE version: OpenJDK Runtime Environment (7.0_91-b02) (build 1.7.0_91-b02)
# Java VM: OpenJDK 64-Bit Server VM (24.91-b01 mixed mode linux-amd64 compressed oops)
# Derivative: IcedTea 2.6.3
# Distribution: Ubuntu 14.04 LTS, package 7u91-2.6.3-0ubuntu0.14.04.1
# Failed to write core dump. Core dumps have been disabled. To enable core dumping, try "ulimit -c unlimited" before starting Java again
#

---------------  T H R E A D  ---------------

Current thread (0x00007fc608081000):  VMThread [stack: 0x00007fc5e91c7000,0x00007fc5e92c8000] [id=11262]

Stack: [0x00007fc5e91c7000,0x00007fc5e92c8000],  sp=0x00007fc5e92c6490,  free space=1021k
Native frames: (J=compiled Java code, j=interpreted, Vv=VM code, C=native code)
V  [libjvm.so+0x953e15]  VMError::report_and_die()+0x175
V  [libjvm.so+0x48fd94]  report_vm_out_of_memory(char const*, int, unsigned long, char const*)+0x74
V  [libjvm.so+0x7cf87b]  os::pd_commit_memory(char*, unsigned long, unsigned long, bool)+0xeb
V  [libjvm.so+0x7ca33f]  os::commit_memory(char*, unsigned long, unsigned long, bool)+0x1f
V  [libjvm.so+0x83dacb]  PSVirtualSpace::expand_by(unsigned long)+0x5b
V  [libjvm.so+0x83e930]  PSYoungGen::resize_generation(unsigned long, unsigned long)+0xb0
V  [libjvm.so+0x83f01b]  PSYoungGen::resize(unsigned long, unsigned long)+0x1b
V  [libjvm.so+0x83b258]  PSScavenge::invoke_no_policy()+0xd68
V  [libjvm.so+0x83bac8]  PSScavenge::invoke()+0x38
V  [libjvm.so+0x7f2083]  ParallelScavengeHeap::failed_mem_allocate(unsigned long)+0x63
V  [libjvm.so+0x955814]  VM_ParallelGCFailedAllocation::doit()+0x84
V  [libjvm.so+0x959917]  VM_Operation::evaluate()+0x47
V  [libjvm.so+0x9583d8]  VMThread::evaluate_operation(VM_Operation*)+0x318
V  [libjvm.so+0x958839]  VMThread::loop()+0x219
V  [libjvm.so+0x958c82]  VMThread::run()+0x72
V  [libjvm.so+0x7cc742]  java_start(Thread*)+0xf2

VM_Operation (0x00007fc610ab2260): ParallelGCFailedAllocation, mode: safepoint, requested by thread 0x00007fc60800d000


---------------  P R O C E S S  ---------------

Java Threads: ( => current thread )
  0x00007fc6080ba000 JavaThread "Service Thread" daemon [_thread_blocked, id=11268, stack(0x00007fc5e88f3000,0x00007fc5e89f4000)]
  0x00007fc6080b8000 JavaThread "C2 CompilerThread1" daemon [_thread_blocked, id=11267, stack(0x00007fc5e89f4000,0x00007fc5e8af5000)]
  0x00007fc6080b5000 JavaThread "C2 CompilerThread0" daemon [_thread_blocked, id=11266, stack(0x00007fc5e8af5000,0x00007fc5e8bf6000)]
  0x00007fc6080b3000 JavaThread "Signal Dispatcher" daemon [_thread_blocked, id=11265, stack(0x00007fc5e8bf6000,0x00007fc5e8cf7000)]
  0x00007fc608087800 JavaThread "Finalizer" daemon [_thread_blocked, id=11264, stack(0x00007fc5e8fc5000,0x00007fc5e90c6000)]
  0x00007fc608085800 JavaThread "Reference Handler" daemon [_thread_blocked, id=11263, stack(0x00007fc5e90c6000,0x00007fc5e91c7000)]
  0x00007fc60800d000 JavaThread "main" [_thread_blocked, id=11253, stack(0x00007fc6109b3000,0x00007fc610ab4000)]

Other Threads:
=>0x00007fc608081000 VMThread [stack: 0x00007fc5e91c7000,0x00007fc5e92c8000] [id=11262]
  0x00007fc6080c5000 WatcherThread [stack: 0x00007fc5e87f2000,0x00007fc5e88f3000] [id=11269]

VM state:at safepoint (normal execution)

VM Mutex/Monitor currently owned by a thread:  ([mutex/lock_event])
[0x00007fc6080096d0] Threads_lock - owner thread: 0x00007fc608081000
[0x00007fc608009bd0] Heap_lock - owner thread: 0x00007fc60800d000

Heap
 PSYoungGen      total 66048K, used 2558K [0x00000000eaa80000, 0x00000000eed80000, 0x0000000100000000)
  eden space 63488K, 0% used [0x00000000eaa80000,0x00000000eaa80000,0x00000000ee880000)
  from space 2560K, 99% used [0x00000000ee880000,0x00000000eeaff9c8,0x00000000eeb00000)
  to   space 2560K, 0% used [0x00000000eeb00000,0x00000000eeb00000,0x00000000eed80000)
 ParOldGen       total 123904K, used 32997K [0x00000000c0000000, 0x00000000c7900000, 0x00000000eaa80000)
  object space 123904K, 26% used [0x00000000c0000000,0x00000000c2039490,0x00000000c7900000)
 PSPermGen       total 21504K, used 7255K [0x00000000b5a00000, 0x00000000b6f00000, 0x00000000c0000000)
  object space 21504K, 33% used [0x00000000b5a00000,0x00000000b6115d50,0x00000000b6f00000)

Card table byte_map: [0x00007fc60d3a1000,0x00007fc60d5f5000] byte_map_base: 0x00007fc60cdf4000

Polling page: 0x00007fc610ade000

Code Cache  [0x00007fc605000000, 0x00007fc605270000, 0x00007fc608000000)
 total_blobs=990 nmethods=747 adapters=197 free_code_cache=46906Kb largest_free_block=47985344

Compilation events (10 events):
Event: 3,707 Thread 0x00007fc6080b8000 nmethod 773 0x00007fc605226ed0 code [0x00007fc605227020, 0x00007fc605227258]
Event: 3,707 Thread 0x00007fc6080b8000  774             com.android.dex.Dex$Section::<init> (8 bytes)
Event: 3,707 Thread 0x00007fc6080b5000 nmethod 771 0x00007fc605226650 code [0x00007fc6052267c0, 0x00007fc605226a98]
Event: 3,707 Thread 0x00007fc6080b5000  775             com.android.dex.Dex$Section::<init> (28 bytes)
Event: 3,707 Thread 0x00007fc6080b8000 nmethod 774 0x00007fc605237150 code [0x00007fc605237280, 0x00007fc605237318]
Event: 3,707 Thread 0x00007fc6080b8000  776             com.android.dex.Dex::open (104 bytes)
Event: 3,708 Thread 0x00007fc6080b5000 nmethod 775 0x00007fc605236f10 code [0x00007fc605237040, 0x00007fc6052370d8]
Event: 3,713 Thread 0x00007fc6080b8000 nmethod 776 0x00007fc605236090 code [0x00007fc605236240, 0x00007fc6052367f8]
Event: 3,728 Thread 0x00007fc6080b5000  777             com.android.dx.io.instructions.ShortArrayCodeOutput::write (11 bytes)
Event: 3,729 Thread 0x00007fc6080b5000 nmethod 777 0x00007fc605235d50 code [0x00007fc605235ea0, 0x00007fc605235f78]

GC Heap History (10 events):
Event: 0,575 GC heap after
Heap after GC invocations=1 (full 0):
 PSYoungGen      total 18432K, used 2546K [0x00000000eaa80000, 0x00000000ece80000, 0x0000000100000000)
  eden space 15872K, 0% used [0x00000000eaa80000,0x00000000eaa80000,0x00000000eba00000)
  from space 2560K, 99% used [0x00000000eba00000,0x00000000ebc7c9d0,0x00000000ebc80000)
  to   space 2560K, 0% used [0x00000000ecc00000,0x00000000ecc00000,0x00000000ece80000)
 ParOldGen       total 41984K, used 2240K [0x00000000c0000000, 0x00000000c2900000, 0x00000000eaa80000)
  object space 41984K, 5% used [0x00000000c0000000,0x00000000c0230078,0x00000000c2900000)
 PSPermGen       total 21504K, used 5366K [0x00000000b5a00000, 0x00000000b6f00000, 0x00000000c0000000)
  object space 21504K, 24% used [0x00000000b5a00000,0x00000000b5f3db60,0x00000000b6f00000)
}
Event: 0,788 GC heap before
{Heap before GC invocations=2 (full 0):
 PSYoungGen      total 18432K, used 18418K [0x00000000eaa80000, 0x00000000ece80000, 0x0000000100000000)
  eden space 15872K, 100% used [0x00000000eaa80000,0x00000000eba00000,0x00000000eba00000)
  from space 2560K, 99% used [0x00000000eba00000,0x00000000ebc7c9d0,0x00000000ebc80000)
  to   space 2560K, 0% used [0x00000000ecc00000,0x00000000ecc00000,0x00000000ece80000)
 ParOldGen       total 41984K, used 2240K [0x00000000c0000000, 0x00000000c2900000, 0x00000000eaa80000)
  object space 41984K, 5% used [0x00000000c0000000,0x00000000c0230078,0x00000000c2900000)
 PSPermGen       total 21504K, used 5461K [0x00000000b5a00000, 0x00000000b6f00000, 0x00000000c0000000)
  object space 21504K, 25% used [0x00000000b5a00000,0x00000000b5f555f0,0x00000000b6f00000)
Event: 0,797 GC heap after
Heap after GC invocations=2 (full 0):
 PSYoungGen      total 34304K, used 2528K [0x00000000eaa80000, 0x00000000ece80000, 0x0000000100000000)
  eden space 31744K, 0% used [0x00000000eaa80000,0x00000000eaa80000,0x00000000ec980000)
  from space 2560K, 98% used [0x00000000ecc00000,0x00000000ece78208,0x00000000ece80000)
  to   space 2560K, 0% used [0x00000000ec980000,0x00000000ec980000,0x00000000ecc00000)
 ParOldGen       total 41984K, used 5589K [0x00000000c0000000, 0x00000000c2900000, 0x00000000eaa80000)
  object space 41984K, 13% used [0x00000000c0000000,0x00000000c0575690,0x00000000c2900000)
 PSPermGen       total 21504K, used 5461K [0x00000000b5a00000, 0x00000000b6f00000, 0x00000000c0000000)
  object space 21504K, 25% used [0x00000000b5a00000,0x00000000b5f555f0,0x00000000b6f00000)
}
Event: 1,054 GC heap before
{Heap before GC invocations=3 (full 0):
 PSYoungGen      total 34304K, used 34272K [0x00000000eaa80000, 0x00000000ece80000, 0x0000000100000000)
  eden space 31744K, 100% used [0x00000000eaa80000,0x00000000ec980000,0x00000000ec980000)
  from space 2560K, 98% used [0x00000000ecc00000,0x00000000ece78208,0x00000000ece80000)
  to   space 2560K, 0% used [0x00000000ec980000,0x00000000ec980000,0x00000000ecc00000)
 ParOldGen       total 41984K, used 5589K [0x00000000c0000000, 0x00000000c2900000, 0x00000000eaa80000)
  object space 41984K, 13% used [0x00000000c0000000,0x00000000c0575690,0x00000000c2900000)
 PSPermGen       total 21504K, used 6075K [0x00000000b5a00000, 0x00000000b6f00000, 0x00000000c0000000)
  object space 21504K, 28% used [0x00000000b5a00000,0x00000000b5feef40,0x00000000b6f00000)
Event: 1,071 GC heap after
Heap after GC invocations=3 (full 0):
 PSYoungGen      total 34304K, used 2543K [0x00000000eaa80000, 0x00000000eed80000, 0x0000000100000000)
  eden space 31744K, 0% used [0x00000000eaa80000,0x00000000eaa80000,0x00000000ec980000)
  from space 2560K, 99% used [0x00000000ec980000,0x00000000ecbfbf10,0x00000000ecc00000)
  to   space 2560K, 0% used [0x00000000eeb00000,0x00000000eeb00000,0x00000000eed80000)
 ParOldGen       total 41984K, used 12898K [0x00000000c0000000, 0x00000000c2900000, 0x00000000eaa80000)
  object space 41984K, 30% used [0x00000000c0000000,0x00000000c0c98890,0x00000000c2900000)
 PSPermGen       total 21504K, used 6075K [0x00000000b5a00000, 0x00000000b6f00000, 0x00000000c0000000)
  object space 21504K, 28% used [0x00000000b5a00000,0x00000000b5feef40,0x00000000b6f00000)
}
Event: 2,502 GC heap before
{Heap before GC invocations=4 (full 0):
 PSYoungGen      total 34304K, used 34287K [0x00000000eaa80000, 0x00000000eed80000, 0x0000000100000000)
  eden space 31744K, 100% used [0x00000000eaa80000,0x00000000ec980000,0x00000000ec980000)
  from space 2560K, 99% used [0x00000000ec980000,0x00000000ecbfbf10,0x00000000ecc00000)
  to   space 2560K, 0% used [0x00000000eeb00000,0x00000000eeb00000,0x00000000eed80000)
 ParOldGen       total 41984K, used 12898K [0x00000000c0000000, 0x00000000c2900000, 0x00000000eaa80000)
  object space 41984K, 30% used [0x00000000c0000000,0x00000000c0c98890,0x00000000c2900000)
 PSPermGen       total 21504K, used 6825K [0x00000000b5a00000, 0x00000000b6f00000, 0x00000000c0000000)
  object space 21504K, 31% used [0x00000000b5a00000,0x00000000b60aa6f8,0x00000000b6f00000)
Event: 2,567 GC heap after
Heap after GC invocations=4 (full 0):
 PSYoungGen      total 66048K, used 2552K [0x00000000eaa80000, 0x00000000eed80000, 0x0000000100000000)
  eden space 63488K, 0% used [0x00000000eaa80000,0x00000000eaa80000,0x00000000ee880000)
  from space 2560K, 99% used [0x00000000eeb00000,0x00000000eed7e378,0x00000000eed80000)
  to   space 2560K, 0% used [0x00000000ee880000,0x00000000ee880000,0x00000000eeb00000)
 ParOldGen       total 97280K, used 95301K [0x00000000c0000000, 0x00000000c5f00000, 0x00000000eaa80000)
  object space 97280K, 97% used [0x00000000c0000000,0x00000000c5d117e8,0x00000000c5f00000)
 PSPermGen       total 21504K, used 6825K [0x00000000b5a00000, 0x00000000b6f00000, 0x00000000c0000000)
  object space 21504K, 31% used [0x00000000b5a00000,0x00000000b60aa6f8,0x00000000b6f00000)
}
Event: 2,567 GC heap before
{Heap before GC invocations=5 (full 1):
 PSYoungGen      total 66048K, used 2552K [0x00000000eaa80000, 0x00000000eed80000, 0x0000000100000000)
  eden space 63488K, 0% used [0x00000000eaa80000,0x00000000eaa80000,0x00000000ee880000)
  from space 2560K, 99% used [0x00000000eeb00000,0x00000000eed7e378,0x00000000eed80000)
  to   space 2560K, 0% used [0x00000000ee880000,0x00000000ee880000,0x00000000eeb00000)
 ParOldGen       total 97280K, used 95301K [0x00000000c0000000, 0x00000000c5f00000, 0x00000000eaa80000)
  object space 97280K, 97% used [0x00000000c0000000,0x00000000c5d117e8,0x00000000c5f00000)
 PSPermGen       total 21504K, used 6825K [0x00000000b5a00000, 0x00000000b6f00000, 0x00000000c0000000)
  object space 21504K, 31% used [0x00000000b5a00000,0x00000000b60aa6f8,0x00000000b6f00000)
Event: 2,621 GC heap after
Heap after GC invocations=5 (full 1):
 PSYoungGen      total 66048K, used 0K [0x00000000eaa80000, 0x00000000eed80000, 0x0000000100000000)
  eden space 63488K, 0% used [0x00000000eaa80000,0x00000000eaa80000,0x00000000ee880000)
  from space 2560K, 0% used [0x00000000eeb00000,0x00000000eeb00000,0x00000000eed80000)
  to   space 2560K, 0% used [0x00000000ee880000,0x00000000ee880000,0x00000000eeb00000)
 ParOldGen       total 123904K, used 31551K [0x00000000c0000000, 0x00000000c7900000, 0x00000000eaa80000)
  object space 123904K, 25% used [0x00000000c0000000,0x00000000c1ecff10,0x00000000c7900000)
 PSPermGen       total 21504K, used 6823K [0x00000000b5a00000, 0x00000000b6f00000, 0x00000000c0000000)
  object space 21504K, 31% used [0x00000000b5a00000,0x00000000b60a9fb8,0x00000000b6f00000)
}
Event: 3,729 GC heap before
{Heap before GC invocations=6 (full 1):
 PSYoungGen      total 66048K, used 63488K [0x00000000eaa80000, 0x00000000eed80000, 0x0000000100000000)
  eden space 63488K, 100% used [0x00000000eaa80000,0x00000000ee880000,0x00000000ee880000)
  from space 2560K, 0% used [0x00000000eeb00000,0x00000000eeb00000,0x00000000eed80000)
  to   space 2560K, 0% used [0x00000000ee880000,0x00000000ee880000,0x00000000eeb00000)
 ParOldGen       total 123904K, used 31551K [0x00000000c0000000, 0x00000000c7900000, 0x00000000eaa80000)
  object space 123904K, 25% used [0x00000000c0000000,0x00000000c1ecff10,0x00000000c7900000)
 PSPermGen       total 21504K, used 7255K [0x00000000b5a00000, 0x00000000b6f00000, 0x00000000c0000000)
  object space 21504K, 33% used [0x00000000b5a00000,0x00000000b6115d50,0x00000000b6f00000)

Deoptimization events (10 events):
Event: 3,338 Thread 0x00007fc60800d000 Uncommon trap: reason=class_check action=maybe_recompile pc=0x00007fc6050b26b4 method=com.android.dx.merge.DexMerger$IdMerger$UnsortedValue.compareTo(Lcom/android/dx/merge/DexMerger$IdMerger$UnsortedValue;)I @ 8
Event: 3,338 Thread 0x00007fc60800d000 Uncommon trap: reason=class_check action=maybe_recompile pc=0x00007fc6050b26b4 method=com.android.dx.merge.DexMerger$IdMerger$UnsortedValue.compareTo(Lcom/android/dx/merge/DexMerger$IdMerger$UnsortedValue;)I @ 8
Event: 3,338 Thread 0x00007fc60800d000 Uncommon trap: reason=class_check action=maybe_recompile pc=0x00007fc6050b26b4 method=com.android.dx.merge.DexMerger$IdMerger$UnsortedValue.compareTo(Lcom/android/dx/merge/DexMerger$IdMerger$UnsortedValue;)I @ 8
Event: 3,338 Thread 0x00007fc60800d000 Uncommon trap: reason=predicate action=maybe_recompile pc=0x00007fc60507fa94 method=java.util.ComparableTimSort.binarySort([Ljava/lang/Object;III)V @ 79
Event: 3,338 Thread 0x00007fc60800d000 Uncommon trap: reason=class_check action=maybe_recompile pc=0x00007fc6050b26b4 method=com.android.dx.merge.DexMerger$IdMerger$UnsortedValue.compareTo(Lcom/android/dx/merge/DexMerger$IdMerger$UnsortedValue;)I @ 8
Event: 3,338 Thread 0x00007fc60800d000 Uncommon trap: reason=class_check action=maybe_recompile pc=0x00007fc605082110 method=com.android.dx.merge.DexMerger$IdMerger$UnsortedValue.compareTo(Lcom/android/dx/merge/DexMerger$IdMerger$UnsortedValue;)I @ 8
Event: 3,339 Thread 0x00007fc60800d000 Uncommon trap: reason=class_check action=maybe_recompile pc=0x00007fc60509978c method=com.android.dx.merge.DexMerger$IdMerger$UnsortedValue.compareTo(Lcom/android/dx/merge/DexMerger$IdMerger$UnsortedValue;)I @ 8
Event: 3,339 Thread 0x00007fc60800d000 Uncommon trap: reason=class_check action=maybe_recompile pc=0x00007fc6051dd234 method=com.android.dx.merge.DexMerger$IdMerger$UnsortedValue.compareTo(Lcom/android/dx/merge/DexMerger$IdMerger$UnsortedValue;)I @ 8
Event: 3,468 Thread 0x00007fc60800d000 Uncommon trap: reason=unstable_if action=reinterpret pc=0x00007fc6051f4788 method=com.android.dex.EncodedValueCodec.readUnsignedInt(Lcom/android/dex/util/ByteInput;IZ)I @ 3
Event: 3,586 Thread 0x00007fc60800d000 Uncommon trap: reason=unstable_if action=reinterpret pc=0x00007fc605091484 method=com.android.dx.merge.IndexMap.adjustString(I)I @ 2

Internal exceptions (10 events):
Event: 3,577 Thread 0x00007fc60800d000 Threw 0x00000000ee421f28 at /build/openjdk-7-zaTxYK/openjdk-7-7u91-2.6.3/build/openjdk/hotspot/src/share/vm/prims/jvm.cpp:1322
Event: 3,577 Thread 0x00007fc60800d000 Threw 0x00000000ee425bc0 at /build/openjdk-7-zaTxYK/openjdk-7-7u91-2.6.3/build/openjdk/hotspot/src/share/vm/prims/jvm.cpp:1322
Event: 3,577 Thread 0x00007fc60800d000 Threw 0x00000000ee4299a8 at /build/openjdk-7-zaTxYK/openjdk-7-7u91-2.6.3/build/openjdk/hotspot/src/share/vm/prims/jvm.cpp:1322
Event: 3,578 Thread 0x00007fc60800d000 Threw 0x00000000ee42f990 at /build/openjdk-7-zaTxYK/openjdk-7-7u91-2.6.3/build/openjdk/hotspot/src/share/vm/prims/jvm.cpp:1322
Event: 3,579 Thread 0x00007fc60800d000 Threw 0x00000000ee4334a8 at /build/openjdk-7-zaTxYK/openjdk-7-7u91-2.6.3/build/openjdk/hotspot/src/share/vm/prims/jvm.cpp:1322
Event: 3,579 Thread 0x00007fc60800d000 Threw 0x00000000ee4371b8 at /build/openjdk-7-zaTxYK/openjdk-7-7u91-2.6.3/build/openjdk/hotspot/src/share/vm/prims/jvm.cpp:1322
Event: 3,579 Thread 0x00007fc60800d000 Threw 0x00000000ee43ac38 at /build/openjdk-7-zaTxYK/openjdk-7-7u91-2.6.3/build/openjdk/hotspot/src/share/vm/prims/jvm.cpp:1322
Event: 3,582 Thread 0x00007fc60800d000 Threw 0x00000000ee482740 at /build/openjdk-7-zaTxYK/openjdk-7-7u91-2.6.3/build/openjdk/hotspot/src/share/vm/prims/jvm.cpp:1322
Event: 3,582 Thread 0x00007fc60800d000 Threw 0x00000000ee485320 at /build/openjdk-7-zaTxYK/openjdk-7-7u91-2.6.3/build/openjdk/hotspot/src/share/vm/prims/jvm.cpp:1322
Event: 3,702 Thread 0x00007fc60800d000 Threw 0x00000000ee7f8238 at /build/openjdk-7-zaTxYK/openjdk-7-7u91-2.6.3/build/openjdk/hotspot/src/share/vm/prims/jvm.cpp:1322

Events (10 events):
Event: 3,582 loading class 0x00007fc6081f9000
Event: 3,582 loading class 0x00007fc6081f9000 done
Event: 3,582 loading class 0x00007fc6081f8a10
Event: 3,582 loading class 0x00007fc6081f8a10 done
Event: 3,586 Thread 0x00007fc60800d000 Uncommon trap: trap_request=0xffffff75 fr.pc=0x00007fc605091484
Event: 3,586 Thread 0x00007fc60800d000 DEOPT PACKING pc=0x00007fc605091484 sp=0x00007fc610ab2300
Event: 3,586 Thread 0x00007fc60800d000 DEOPT UNPACKING pc=0x00007fc605039045 sp=0x00007fc610ab22c0 mode 2
Event: 3,702 loading class 0x00007fc6081647e0
Event: 3,702 loading class 0x00007fc6081647e0 done
Event: 3,729 Executing VM operation: ParallelGCFailedAllocation


Dynamic libraries:
00400000-00401000 r-xp 00000000 08:06 401267                             /usr/lib/jvm/java-7-openjdk-amd64/jre/bin/java
00600000-00601000 r--p 00000000 08:06 401267                             /usr/lib/jvm/java-7-openjdk-amd64/jre/bin/java
00601000-00602000 rw-p 00001000 08:06 401267                             /usr/lib/jvm/java-7-openjdk-amd64/jre/bin/java
00d9c000-00dbd000 rw-p 00000000 00:00 0                                  [heap]
b5a00000-b6f00000 rw-p 00000000 00:00 0 
b6f00000-c0000000 rw-p 00000000 00:00 0 
c0000000-c7900000 rw-p 00000000 00:00 0 
c7900000-eaa80000 rw-p 00000000 00:00 0 
eaa80000-eed80000 rw-p 00000000 00:00 0 
f9700000-100000000 rw-p 00000000 00:00 0 
7fc5aa933000-7fc5aaa94000 rw-p 00000000 00:00 0 
7fc5aaa94000-7fc5aaad1000 r-xp 00000000 08:06 660072                     /lib/x86_64-linux-gnu/libpcre.so.3.13.1
7fc5aaad1000-7fc5aacd0000 ---p 0003d000 08:06 660072                     /lib/x86_64-linux-gnu/libpcre.so.3.13.1
7fc5aacd0000-7fc5aacd1000 r--p 0003c000 08:06 660072                     /lib/x86_64-linux-gnu/libpcre.so.3.13.1
7fc5aacd1000-7fc5aacd2000 rw-p 0003d000 08:06 660072                     /lib/x86_64-linux-gnu/libpcre.so.3.13.1
7fc5aacd2000-7fc5aacd9000 r-xp 00000000 08:06 287713                     /usr/lib/x86_64-linux-gnu/libffi.so.6.0.1
7fc5aacd9000-7fc5aaed8000 ---p 00007000 08:06 287713                     /usr/lib/x86_64-linux-gnu/libffi.so.6.0.1
7fc5aaed8000-7fc5aaed9000 r--p 00006000 08:06 287713                     /usr/lib/x86_64-linux-gnu/libffi.so.6.0.1
7fc5aaed9000-7fc5aaeda000 rw-p 00007000 08:06 287713                     /usr/lib/x86_64-linux-gnu/libffi.so.6.0.1
7fc5aaeda000-7fc5aaef1000 r-xp 00000000 08:06 660145                     /lib/x86_64-linux-gnu/libresolv-2.19.so
7fc5aaef1000-7fc5ab0f1000 ---p 00017000 08:06 660145                     /lib/x86_64-linux-gnu/libresolv-2.19.so
7fc5ab0f1000-7fc5ab0f2000 r--p 00017000 08:06 660145                     /lib/x86_64-linux-gnu/libresolv-2.19.so
7fc5ab0f2000-7fc5ab0f3000 rw-p 00018000 08:06 660145                     /lib/x86_64-linux-gnu/libresolv-2.19.so
7fc5ab0f3000-7fc5ab0f5000 rw-p 00000000 00:00 0 
7fc5ab0f5000-7fc5ab115000 r-xp 00000000 08:06 660149                     /lib/x86_64-linux-gnu/libselinux.so.1
7fc5ab115000-7fc5ab314000 ---p 00020000 08:06 660149                     /lib/x86_64-linux-gnu/libselinux.so.1
7fc5ab314000-7fc5ab315000 r--p 0001f000 08:06 660149                     /lib/x86_64-linux-gnu/libselinux.so.1
7fc5ab315000-7fc5ab316000 rw-p 00020000 08:06 660149                     /lib/x86_64-linux-gnu/libselinux.so.1
7fc5ab316000-7fc5ab318000 rw-p 00000000 00:00 0 
7fc5ab318000-7fc5ab31b000 r-xp 00000000 08:06 273921                     /usr/lib/x86_64-linux-gnu/libgmodule-2.0.so.0.4002.0
7fc5ab31b000-7fc5ab51a000 ---p 00003000 08:06 273921                     /usr/lib/x86_64-linux-gnu/libgmodule-2.0.so.0.4002.0
7fc5ab51a000-7fc5ab51b000 r--p 00002000 08:06 273921                     /usr/lib/x86_64-linux-gnu/libgmodule-2.0.so.0.4002.0
7fc5ab51b000-7fc5ab51c000 rw-p 00003000 08:06 273921                     /usr/lib/x86_64-linux-gnu/libgmodule-2.0.so.0.4002.0
7fc5ab51c000-7fc5ab622000 r-xp 00000000 08:06 660049                     /lib/x86_64-linux-gnu/libglib-2.0.so.0.4002.0
7fc5ab622000-7fc5ab821000 ---p 00106000 08:06 660049                     /lib/x86_64-linux-gnu/libglib-2.0.so.0.4002.0
7fc5ab821000-7fc5ab822000 r--p 00105000 08:06 660049                     /lib/x86_64-linux-gnu/libglib-2.0.so.0.4002.0
7fc5ab822000-7fc5ab823000 rw-p 00106000 08:06 660049                     /lib/x86_64-linux-gnu/libglib-2.0.so.0.4002.0
7fc5ab823000-7fc5ab824000 rw-p 00000000 00:00 0 
7fc5ab824000-7fc5ab873000 r-xp 00000000 08:06 273945                     /usr/lib/x86_64-linux-gnu/libgobject-2.0.so.0.4002.0
7fc5ab873000-7fc5aba73000 ---p 0004f000 08:06 273945                     /usr/lib/x86_64-linux-gnu/libgobject-2.0.so.0.4002.0
7fc5aba73000-7fc5aba74000 r--p 0004f000 08:06 273945                     /usr/lib/x86_64-linux-gnu/libgobject-2.0.so.0.4002.0
7fc5aba74000-7fc5aba75000 rw-p 00050000 08:06 273945                     /usr/lib/x86_64-linux-gnu/libgobject-2.0.so.0.4002.0
7fc5aba75000-7fc5abbe1000 r-xp 00000000 08:06 273905                     /usr/lib/x86_64-linux-gnu/libgio-2.0.so.0.4002.0
7fc5abbe1000-7fc5abde0000 ---p 0016c000 08:06 273905                     /usr/lib/x86_64-linux-gnu/libgio-2.0.so.0.4002.0
7fc5abde0000-7fc5abde4000 r--p 0016b000 08:06 273905                     /usr/lib/x86_64-linux-gnu/libgio-2.0.so.0.4002.0
7fc5abde4000-7fc5abde6000 rw-p 0016f000 08:06 273905                     /usr/lib/x86_64-linux-gnu/libgio-2.0.so.0.4002.0
7fc5abde6000-7fc5abde8000 rw-p 00000000 00:00 0 
7fc5abde8000-7fc5abdff000 r-xp 00000000 08:06 401326                     /usr/lib/jvm/java-7-openjdk-amd64/jre/lib/amd64/libnet.so
7fc5abdff000-7fc5abffe000 ---p 00017000 08:06 401326                     /usr/lib/jvm/java-7-openjdk-amd64/jre/lib/amd64/libnet.so
7fc5abffe000-7fc5abfff000 r--p 00016000 08:06 401326                     /usr/lib/jvm/java-7-openjdk-amd64/jre/lib/amd64/libnet.so
7fc5abfff000-7fc5ac000000 rw-p 00017000 08:06 401326                     /usr/lib/jvm/java-7-openjdk-amd64/jre/lib/amd64/libnet.so
7fc5ac000000-7fc5ac027000 rw-p 00000000 00:00 0 
7fc5ac027000-7fc5b0000000 ---p 00000000 00:00 0 
7fc5b0000000-7fc5b0033000 rw-p 00000000 00:00 0 
7fc5b0033000-7fc5b4000000 ---p 00000000 00:00 0 
7fc5b4000000-7fc5b4021000 rw-p 00000000 00:00 0 
7fc5b4021000-7fc5b8000000 ---p 00000000 00:00 0 
7fc5b8000000-7fc5b8034000 rw-p 00000000 00:00 0 
7fc5b8034000-7fc5bc000000 ---p 00000000 00:00 0 
7fc5bc000000-7fc5bc021000 rw-p 00000000 00:00 0 
7fc5bc021000-7fc5c0000000 ---p 00000000 00:00 0 
7fc5c0000000-7fc5c0064000 rw-p 00000000 00:00 0 
7fc5c0064000-7fc5c4000000 ---p 00000000 00:00 0 
7fc5c4000000-7fc5c48c8000 rw-p 00000000 00:00 0 
7fc5c48c8000-7fc5c8000000 ---p 00000000 00:00 0 
7fc5c8000000-7fc5c8021000 rw-p 00000000 00:00 0 
7fc5c8021000-7fc5cc000000 ---p 00000000 00:00 0 
7fc5cc000000-7fc5cc021000 rw-p 00000000 00:00 0 
7fc5cc021000-7fc5d0000000 ---p 00000000 00:00 0 
7fc5d0000000-7fc5d0842000 rw-p 00000000 00:00 0 
7fc5d0842000-7fc5d4000000 ---p 00000000 00:00 0 
7fc5d4000000-7fc5d4021000 rw-p 00000000 00:00 0 
7fc5d4021000-7fc5d8000000 ---p 00000000 00:00 0 
7fc5d8000000-7fc5d8021000 rw-p 00000000 00:00 0 
7fc5d8021000-7fc5dc000000 ---p 00000000 00:00 0 
7fc5dc000000-7fc5dc021000 rw-p 00000000 00:00 0 
7fc5dc021000-7fc5e0000000 ---p 00000000 00:00 0 
7fc5e0000000-7fc5e00e4000 rw-p 00000000 00:00 0 
7fc5e00e4000-7fc5e4000000 ---p 00000000 00:00 0 
7fc5e4000000-7fc5e4021000 rw-p 00000000 00:00 0 
7fc5e4021000-7fc5e8000000 ---p 00000000 00:00 0 
7fc5e80db000-7fc5e80eb000 r-xp 00000000 08:06 401292                     /usr/lib/jvm/java-7-openjdk-amd64/jre/lib/amd64/libnio.so
7fc5e80eb000-7fc5e82eb000 ---p 00010000 08:06 401292                     /usr/lib/jvm/java-7-openjdk-amd64/jre/lib/amd64/libnio.so
7fc5e82eb000-7fc5e82ec000 r--p 00010000 08:06 401292                     /usr/lib/jvm/java-7-openjdk-amd64/jre/lib/amd64/libnio.so
7fc5e82ec000-7fc5e82ed000 rw-p 00011000 08:06 401292                     /usr/lib/jvm/java-7-openjdk-amd64/jre/lib/amd64/libnio.so
7fc5e82ed000-7fc5e82f0000 ---p 00000000 00:00 0 
7fc5e82f0000-7fc5e83ee000 rw-p 00000000 00:00 0 
7fc5e83ee000-7fc5e83f1000 ---p 00000000 00:00 0 
7fc5e83f1000-7fc5e84ef000 rw-p 00000000 00:00 0 
7fc5e84ef000-7fc5e84f2000 ---p 00000000 00:00 0 
7fc5e84f2000-7fc5e85f0000 rw-p 00000000 00:00 0 
7fc5e85f0000-7fc5e85f3000 ---p 00000000 00:00 0 
7fc5e85f3000-7fc5e86f1000 rw-p 00000000 00:00 0 
7fc5e86f1000-7fc5e86f4000 ---p 00000000 00:00 0 
7fc5e86f4000-7fc5e87f2000 rw-p 00000000 00:00 0 
7fc5e87f2000-7fc5e87f3000 ---p 00000000 00:00 0 
7fc5e87f3000-7fc5e88f3000 rw-p 00000000 00:00 0                          [stack:11269]
7fc5e88f3000-7fc5e88f6000 ---p 00000000 00:00 0 
7fc5e88f6000-7fc5e89f4000 rw-p 00000000 00:00 0                          [stack:11268]
7fc5e89f4000-7fc5e89f7000 ---p 00000000 00:00 0 
7fc5e89f7000-7fc5e8af5000 rw-p 00000000 00:00 0                          [stack:11267]
7fc5e8af5000-7fc5e8af8000 ---p 00000000 00:00 0 
7fc5e8af8000-7fc5e8bf6000 rw-p 00000000 00:00 0                          [stack:11266]
7fc5e8bf6000-7fc5e8bf9000 ---p 00000000 00:00 0 
7fc5e8bf9000-7fc5e8cf7000 rw-p 00000000 00:00 0                          [stack:11265]
7fc5e8cf7000-7fc5e8fc5000 r--p 00000000 08:06 271328                     /usr/lib/locale/locale-archive
7fc5e8fc5000-7fc5e8fc8000 ---p 00000000 00:00 0 
7fc5e8fc8000-7fc5e90c6000 rw-p 00000000 00:00 0                          [stack:11264]
7fc5e90c6000-7fc5e90c9000 ---p 00000000 00:00 0 
7fc5e90c9000-7fc5e91c7000 rw-p 00000000 00:00 0                          [stack:11263]
7fc5e91c7000-7fc5e91c8000 ---p 00000000 00:00 0 
7fc5e91c8000-7fc5ec000000 rw-p 00000000 00:00 0                          [stack:11262]
7fc5ec000000-7fc5ec021000 rw-p 00000000 00:00 0 
7fc5ec021000-7fc5f0000000 ---p 00000000 00:00 0 
7fc5f0000000-7fc5f0021000 rw-p 00000000 00:00 0 
7fc5f0021000-7fc5f4000000 ---p 00000000 00:00 0 
7fc5f4000000-7fc5f4021000 rw-p 00000000 00:00 0 
7fc5f4021000-7fc5f8000000 ---p 00000000 00:00 0 
7fc5f8000000-7fc5f8021000 rw-p 00000000 00:00 0 
7fc5f8021000-7fc5fc000000 ---p 00000000 00:00 0 
7fc5fc000000-7fc5fc021000 rw-p 00000000 00:00 0 
7fc5fc021000-7fc600000000 ---p 00000000 00:00 0 
7fc600000000-7fc600021000 rw-p 00000000 00:00 0 
7fc600021000-7fc604000000 ---p 00000000 00:00 0 
7fc60402c000-7fc604033000 r--s 00000000 08:06 533820                     /usr/lib/x86_64-linux-gnu/gconv/gconv-modules.cache
7fc604033000-7fc604059000 r--p 00000000 08:06 804047                     /usr/share/locale-langpack/fr/LC_MESSAGES/libc.mo
7fc604059000-7fc60405e000 r--s 0004e000 08:06 401337                     /usr/lib/jvm/java-7-openjdk-amd64/jre/lib/jsse.jar
7fc60405e000-7fc60406d000 r--s 000df000 08:05 3150221                    /home/florent/Android/Sdk/build-tools/23.0.2/lib/dx.jar
7fc60406d000-7fc605000000 rw-p 00000000 00:00 0 
7fc605000000-7fc605270000 rwxp 00000000 00:00 0 
7fc605270000-7fc60820d000 rw-p 00000000 00:00 0 
7fc60820d000-7fc60c000000 ---p 00000000 00:00 0 
7fc60c000000-7fc60c4f2000 rw-p 00000000 00:00 0 
7fc60c4f2000-7fc60c6a4000 r--s 01d2e000 08:06 401286                     /usr/lib/jvm/java-7-openjdk-amd64/jre/lib/rt.jar
7fc60c6a4000-7fc60c9f0000 rw-p 00000000 00:00 0 
7fc60c9f0000-7fc60c9f1000 ---p 00000000 00:00 0 
7fc60c9f1000-7fc60caf1000 rw-p 00000000 00:00 0                          [stack:11261]
7fc60caf1000-7fc60caf2000 ---p 00000000 00:00 0 
7fc60caf2000-7fc60cbf2000 rw-p 00000000 00:00 0                          [stack:11260]
7fc60cbf2000-7fc60cbf3000 ---p 00000000 00:00 0 
7fc60cbf3000-7fc60ccf3000 rw-p 00000000 00:00 0                          [stack:11259]
7fc60ccf3000-7fc60ccf4000 ---p 00000000 00:00 0 
7fc60ccf4000-7fc60cdf4000 rw-p 00000000 00:00 0                          [stack:11258]
7fc60cdf4000-7fc60cdf5000 ---p 00000000 00:00 0 
7fc60cdf5000-7fc60cef5000 rw-p 00000000 00:00 0                          [stack:11257]
7fc60cef5000-7fc60cef6000 ---p 00000000 00:00 0 
7fc60cef6000-7fc60cff6000 rw-p 00000000 00:00 0                          [stack:11256]
7fc60cff6000-7fc60cff7000 ---p 00000000 00:00 0 
7fc60cff7000-7fc60d0f7000 rw-p 00000000 00:00 0                          [stack:11255]
7fc60d0f7000-7fc60d0f8000 ---p 00000000 00:00 0 
7fc60d0f8000-7fc60d203000 rw-p 00000000 00:00 0                          [stack:11254]
7fc60d203000-7fc60d24b000 rw-p 00000000 00:00 0 
7fc60d24b000-7fc60d288000 rw-p 00000000 00:00 0 
7fc60d288000-7fc60d3a1000 rw-p 00000000 00:00 0 
7fc60d3a1000-7fc60d3ac000 rw-p 00000000 00:00 0 
7fc60d3ac000-7fc60d3f4000 rw-p 00000000 00:00 0 
7fc60d3f4000-7fc60d431000 rw-p 00000000 00:00 0 
7fc60d431000-7fc60d549000 rw-p 00000000 00:00 0 
7fc60d549000-7fc60d56b000 rw-p 00000000 00:00 0 
7fc60d56b000-7fc60d5f4000 rw-p 00000000 00:00 0 
7fc60d5f4000-7fc60d5f5000 rw-p 00000000 00:00 0 
7fc60d5f5000-7fc60d5fd000 r-xp 00000000 08:06 401296                     /usr/lib/jvm/java-7-openjdk-amd64/jre/lib/amd64/libzip.so
7fc60d5fd000-7fc60d7fc000 ---p 00008000 08:06 401296                     /usr/lib/jvm/java-7-openjdk-amd64/jre/lib/amd64/libzip.so
7fc60d7fc000-7fc60d7fd000 r--p 00007000 08:06 401296                     /usr/lib/jvm/java-7-openjdk-amd64/jre/lib/amd64/libzip.so
7fc60d7fd000-7fc60d7fe000 rw-p 00008000 08:06 401296                     /usr/lib/jvm/java-7-openjdk-amd64/jre/lib/amd64/libzip.so
7fc60d7fe000-7fc60d809000 r-xp 00000000 08:06 660094                     /lib/x86_64-linux-gnu/libnss_files-2.19.so
7fc60d809000-7fc60da08000 ---p 0000b000 08:06 660094                     /lib/x86_64-linux-gnu/libnss_files-2.19.so
7fc60da08000-7fc60da09000 r--p 0000a000 08:06 660094                     /lib/x86_64-linux-gnu/libnss_files-2.19.so
7fc60da09000-7fc60da0a000 rw-p 0000b000 08:06 660094                     /lib/x86_64-linux-gnu/libnss_files-2.19.so
7fc60da0a000-7fc60da15000 r-xp 00000000 08:06 660104                     /lib/x86_64-linux-gnu/libnss_nis-2.19.so
7fc60da15000-7fc60dc14000 ---p 0000b000 08:06 660104                     /lib/x86_64-linux-gnu/libnss_nis-2.19.so
7fc60dc14000-7fc60dc15000 r--p 0000a000 08:06 660104                     /lib/x86_64-linux-gnu/libnss_nis-2.19.so
7fc60dc15000-7fc60dc16000 rw-p 0000b000 08:06 660104                     /lib/x86_64-linux-gnu/libnss_nis-2.19.so
7fc60dc16000-7fc60dc2d000 r-xp 00000000 08:06 660088                     /lib/x86_64-linux-gnu/libnsl-2.19.so
7fc60dc2d000-7fc60de2c000 ---p 00017000 08:06 660088                     /lib/x86_64-linux-gnu/libnsl-2.19.so
7fc60de2c000-7fc60de2d000 r--p 00016000 08:06 660088                     /lib/x86_64-linux-gnu/libnsl-2.19.so
7fc60de2d000-7fc60de2e000 rw-p 00017000 08:06 660088                     /lib/x86_64-linux-gnu/libnsl-2.19.so
7fc60de2e000-7fc60de30000 rw-p 00000000 00:00 0 
7fc60de30000-7fc60de39000 r-xp 00000000 08:06 660090                     /lib/x86_64-linux-gnu/libnss_compat-2.19.so
7fc60de39000-7fc60e038000 ---p 00009000 08:06 660090                     /lib/x86_64-linux-gnu/libnss_compat-2.19.so
7fc60e038000-7fc60e039000 r--p 00008000 08:06 660090                     /lib/x86_64-linux-gnu/libnss_compat-2.19.so
7fc60e039000-7fc60e03a000 rw-p 00009000 08:06 660090                     /lib/x86_64-linux-gnu/libnss_compat-2.19.so
7fc60e03a000-7fc60e065000 r-xp 00000000 08:06 401308                     /usr/lib/jvm/java-7-openjdk-amd64/jre/lib/amd64/libjava.so
7fc60e065000-7fc60e265000 ---p 0002b000 08:06 401308                     /usr/lib/jvm/java-7-openjdk-amd64/jre/lib/amd64/libjava.so
7fc60e265000-7fc60e266000 r--p 0002b000 08:06 401308                     /usr/lib/jvm/java-7-openjdk-amd64/jre/lib/amd64/libjava.so
7fc60e266000-7fc60e268000 rw-p 0002c000 08:06 401308                     /usr/lib/jvm/java-7-openjdk-amd64/jre/lib/amd64/libjava.so
7fc60e268000-7fc60e278000 r-xp 00000000 08:06 401322                     /usr/lib/jvm/java-7-openjdk-amd64/jre/lib/amd64/libverify.so
7fc60e278000-7fc60e477000 ---p 00010000 08:06 401322                     /usr/lib/jvm/java-7-openjdk-amd64/jre/lib/amd64/libverify.so
7fc60e477000-7fc60e479000 r--p 0000f000 08:06 401322                     /usr/lib/jvm/java-7-openjdk-amd64/jre/lib/amd64/libverify.so
7fc60e479000-7fc60e47a000 rw-p 00011000 08:06 401322                     /usr/lib/jvm/java-7-openjdk-amd64/jre/lib/amd64/libverify.so
7fc60e47a000-7fc60e481000 r-xp 00000000 08:06 660147                     /lib/x86_64-linux-gnu/librt-2.19.so
7fc60e481000-7fc60e680000 ---p 00007000 08:06 660147                     /lib/x86_64-linux-gnu/librt-2.19.so
7fc60e680000-7fc60e681000 r--p 00006000 08:06 660147                     /lib/x86_64-linux-gnu/librt-2.19.so
7fc60e681000-7fc60e682000 rw-p 00007000 08:06 660147                     /lib/x86_64-linux-gnu/librt-2.19.so
7fc60e682000-7fc60e698000 r-xp 00000000 08:06 660918                     /lib/x86_64-linux-gnu/libgcc_s.so.1
7fc60e698000-7fc60e897000 ---p 00016000 08:06 660918                     /lib/x86_64-linux-gnu/libgcc_s.so.1
7fc60e897000-7fc60e898000 rw-p 00015000 08:06 660918                     /lib/x86_64-linux-gnu/libgcc_s.so.1
7fc60e898000-7fc60e99d000 r-xp 00000000 08:06 660069                     /lib/x86_64-linux-gnu/libm-2.19.so
7fc60e99d000-7fc60eb9c000 ---p 00105000 08:06 660069                     /lib/x86_64-linux-gnu/libm-2.19.so
7fc60eb9c000-7fc60eb9d000 r--p 00104000 08:06 660069                     /lib/x86_64-linux-gnu/libm-2.19.so
7fc60eb9d000-7fc60eb9e000 rw-p 00105000 08:06 660069                     /lib/x86_64-linux-gnu/libm-2.19.so
7fc60eb9e000-7fc60ec84000 r-xp 00000000 08:06 268180                     /usr/lib/x86_64-linux-gnu/libstdc++.so.6.0.19
7fc60ec84000-7fc60ee83000 ---p 000e6000 08:06 268180                     /usr/lib/x86_64-linux-gnu/libstdc++.so.6.0.19
7fc60ee83000-7fc60ee8b000 r--p 000e5000 08:06 268180                     /usr/lib/x86_64-linux-gnu/libstdc++.so.6.0.19
7fc60ee8b000-7fc60ee8d000 rw-p 000ed000 08:06 268180                     /usr/lib/x86_64-linux-gnu/libstdc++.so.6.0.19
7fc60ee8d000-7fc60eea2000 rw-p 00000000 00:00 0 
7fc60eea2000-7fc60f9c6000 r-xp 00000000 08:06 401314                     /usr/lib/jvm/java-7-openjdk-amd64/jre/lib/amd64/server/libjvm.so
7fc60f9c6000-7fc60fbc6000 ---p 00b24000 08:06 401314                     /usr/lib/jvm/java-7-openjdk-amd64/jre/lib/amd64/server/libjvm.so
7fc60fbc6000-7fc60fc60000 r--p 00b24000 08:06 401314                     /usr/lib/jvm/java-7-openjdk-amd64/jre/lib/amd64/server/libjvm.so
7fc60fc60000-7fc60fc83000 rw-p 00bbe000 08:06 401314                     /usr/lib/jvm/java-7-openjdk-amd64/jre/lib/amd64/server/libjvm.so
7fc60fc83000-7fc60fcb1000 rw-p 00000000 00:00 0 
7fc60fcb1000-7fc60fcc9000 r-xp 00000000 08:06 660180                     /lib/x86_64-linux-gnu/libz.so.1.2.8
7fc60fcc9000-7fc60fec8000 ---p 00018000 08:06 660180                     /lib/x86_64-linux-gnu/libz.so.1.2.8
7fc60fec8000-7fc60fec9000 r--p 00017000 08:06 660180                     /lib/x86_64-linux-gnu/libz.so.1.2.8
7fc60fec9000-7fc60feca000 rw-p 00018000 08:06 660180                     /lib/x86_64-linux-gnu/libz.so.1.2.8
7fc60feca000-7fc60fee3000 r-xp 00000000 08:06 660139                     /lib/x86_64-linux-gnu/libpthread-2.19.so
7fc60fee3000-7fc6100e2000 ---p 00019000 08:06 660139                     /lib/x86_64-linux-gnu/libpthread-2.19.so
7fc6100e2000-7fc6100e3000 r--p 00018000 08:06 660139                     /lib/x86_64-linux-gnu/libpthread-2.19.so
7fc6100e3000-7fc6100e4000 rw-p 00019000 08:06 660139                     /lib/x86_64-linux-gnu/libpthread-2.19.so
7fc6100e4000-7fc6100e8000 rw-p 00000000 00:00 0 
7fc6100e8000-7fc6100eb000 r-xp 00000000 08:06 660035                     /lib/x86_64-linux-gnu/libdl-2.19.so
7fc6100eb000-7fc6102ea000 ---p 00003000 08:06 660035                     /lib/x86_64-linux-gnu/libdl-2.19.so
7fc6102ea000-7fc6102eb000 r--p 00002000 08:06 660035                     /lib/x86_64-linux-gnu/libdl-2.19.so
7fc6102eb000-7fc6102ec000 rw-p 00003000 08:06 660035                     /lib/x86_64-linux-gnu/libdl-2.19.so
7fc6102ec000-7fc6104a7000 r-xp 00000000 08:06 660018                     /lib/x86_64-linux-gnu/libc-2.19.so
7fc6104a7000-7fc6106a6000 ---p 001bb000 08:06 660018                     /lib/x86_64-linux-gnu/libc-2.19.so
7fc6106a6000-7fc6106aa000 r--p 001ba000 08:06 660018                     /lib/x86_64-linux-gnu/libc-2.19.so
7fc6106aa000-7fc6106ac000 rw-p 001be000 08:06 660018                     /lib/x86_64-linux-gnu/libc-2.19.so
7fc6106ac000-7fc6106b1000 rw-p 00000000 00:00 0 
7fc6106b1000-7fc6106be000 r-xp 00000000 08:06 401323                     /usr/lib/jvm/java-7-openjdk-amd64/jre/lib/amd64/jli/libjli.so
7fc6106be000-7fc6108bd000 ---p 0000d000 08:06 401323                     /usr/lib/jvm/java-7-openjdk-amd64/jre/lib/amd64/jli/libjli.so
7fc6108bd000-7fc6108be000 r--p 0000c000 08:06 401323                     /usr/lib/jvm/java-7-openjdk-amd64/jre/lib/amd64/jli/libjli.so
7fc6108be000-7fc6108bf000 rw-p 0000d000 08:06 401323                     /usr/lib/jvm/java-7-openjdk-amd64/jre/lib/amd64/jli/libjli.so
7fc6108bf000-7fc6108e2000 r-xp 00000000 08:06 659992                     /lib/x86_64-linux-gnu/ld-2.19.so
7fc6108e2000-7fc6108e3000 rw-p 00000000 00:00 0 
7fc6108e3000-7fc6108e5000 r--s 00006000 08:06 799414                     /usr/share/java/java-atk-wrapper.jar
7fc6108e5000-7fc6108e9000 r--s 00085000 08:06 401279                     /usr/lib/jvm/java-7-openjdk-amd64/jre/lib/ext/localedata.jar
7fc6108e9000-7fc6108ec000 r--s 0000f000 08:06 401280                     /usr/lib/jvm/java-7-openjdk-amd64/jre/lib/ext/icedtea-sound.jar
7fc6108ec000-7fc6108ed000 r--s 00002000 08:06 401283                     /usr/lib/jvm/java-7-openjdk-amd64/jre/lib/ext/dnsns.jar
7fc6108ed000-7fc6108ef000 r--s 00012000 08:06 401278                     /usr/lib/jvm/java-7-openjdk-amd64/jre/lib/ext/zipfs.jar
7fc6108ef000-7fc6108f3000 r--s 00034000 08:06 401281                     /usr/lib/jvm/java-7-openjdk-amd64/jre/lib/ext/sunjce_provider.jar
7fc6108f3000-7fc6108fd000 rw-p 00000000 00:00 0 
7fc6108fd000-7fc6109b3000 rw-p 00000000 00:00 0 
7fc6109b3000-7fc6109b6000 ---p 00000000 00:00 0 
7fc6109b6000-7fc610ab9000 rw-p 00000000 00:00 0                          [stack:11253]
7fc610ab9000-7fc610abd000 r--s 0003c000 08:06 401282                     /usr/lib/jvm/java-7-openjdk-amd64/jre/lib/ext/sunpkcs11.jar
7fc610abd000-7fc610ad5000 rw-p 00000000 00:00 0 
7fc610ad5000-7fc610add000 rw-s 00000000 08:06 1484133                    /tmp/hsperfdata_florent/11249
7fc610add000-7fc610ade000 rw-p 00000000 00:00 0 
7fc610ade000-7fc610adf000 ---p 00000000 00:00 0 
7fc610adf000-7fc610ae1000 rw-p 00000000 00:00 0 
7fc610ae1000-7fc610ae2000 r--p 00022000 08:06 659992                     /lib/x86_64-linux-gnu/ld-2.19.so
7fc610ae2000-7fc610ae3000 rw-p 00023000 08:06 659992                     /lib/x86_64-linux-gnu/ld-2.19.so
7fc610ae3000-7fc610ae4000 rw-p 00000000 00:00 0 
7ffcbd4ea000-7ffcbd50d000 rw-p 00000000 00:00 0                          [stack]
7ffcbd5b7000-7ffcbd5b9000 r-xp 00000000 00:00 0                          [vdso]
7ffcbd5b9000-7ffcbd5bb000 r--p 00000000 00:00 0                          [vvar]
ffffffffff600000-ffffffffff601000 r-xp 00000000 00:00 0                  [vsyscall]

VM Arguments:
jvm_args: -Xmx1024M -Dfile.encoding=UTF-8 -Duser.country=FR -Duser.language=fr -Duser.variant 
java_command: com.android.dx.command.Main --dex --num-threads=4 --output /home/florent/Documents/M2-DL/S9/FHCI/Android/Berbie_DeRoquemaurel_Gayout_ANDROID/MakeAFocal/app/build/intermediates/dex/debug /home/florent/Documents/M2-DL/S9/FHCI/Android/Berbie_DeRoquemaurel_Gayout_ANDROID/MakeAFocal/app/build/intermediates/classes/debug /home/florent/Documents/M2-DL/S9/FHCI/Android/Berbie_DeRoquemaurel_Gayout_ANDROID/MakeAFocal/app/build/intermediates/pre-dexed/debug/support-annotations-23.1.1-16ca20f4683b9945c99f51438ebf77299bebdb65.jar /home/florent/Documents/M2-DL/S9/FHCI/Android/Berbie_DeRoquemaurel_Gayout_ANDROID/MakeAFocal/app/build/intermediates/pre-dexed/debug/classes-523a6378758489ce92341569c7eba9f3fbc7420c.jar /home/florent/Documents/M2-DL/S9/FHCI/Android/Berbie_DeRoquemaurel_Gayout_ANDROID/MakeAFocal/app/build/intermediates/pre-dexed/debug/internal_impl-22.2.0-956c1b4b12cb2394f5bc1181d0edad87dc47a815.jar /home/florent/Documents/M2-DL/S9/FHCI/Android/Berbie_DeRoquemaurel_Gayout_ANDROID/MakeAFocal/app/build/intermediates/pre-dexed/debug/classes-bf7bf58913a02d3d3c20219aa02ec69760c4e5ca.jar /home/florent/Documents/M2-DL/S9/FHCI/Android/Berbie_DeRoquemaurel_Gayout_ANDROID/MakeAFocal/app/build/intermediates/pre-dexed/debug/classes-279529b2ec3e83819cb9a57ae5b1863d996425da.jar /home/florent/Documents/M2-DL/S9/FHCI/Android/Berbie_DeRoquemaurel_Gayout_ANDROID/MakeAFocal/app/build/intermediates/pre-dexed/debug/classes-504f2ad5c70296d8550834c844fa196982d102eb.jar /home/florent/Documents/M2-DL/S9/FHCI/Android/Berbie_DeRoquemaurel_Gayout_ANDROID/MakeAFocal/app/build/intermediates/pre-dexed/debug/classes-803c706d9d5093fd5b3e88ca63899a46fcf644a7.jar /home/florent/Documents/M2-DL/S9/FHCI/Android/Berbie_DeRoquemaurel_Gayout_ANDROID/MakeAFocal/app/build/intermediates/pre-dexed/debug/classes-34921c461e8f37ceef5318678e0057b395237209.jar /home/florent/Documents/M2-DL/S9/FHCI/Android/Berbie_DeRoquemaurel_Gayout_ANDROID/MakeAFocal/app/build/intermediates/pre-dexed/debug/classes-356c53
Launcher Type: SUN_STANDARD

Environment Variables:
JAVA_HOME=/usr/lib/jvm/java-7-openjdk-amd64
PATH=/home/florent/.sdkman/vertx/current/bin:/home/florent/.sdkman/springboot/current/bin:/home/florent/.sdkman/lazybones/current/bin:/home/florent/.sdkman/jbossforge/current/bin:/home/florent/.sdkman/jbake/current/bin:/home/florent/.sdkman/groovyserv/current/bin:/home/florent/.sdkman/groovy/current/bin:/home/florent/.sdkman/griffon/current/bin:/home/florent/.sdkman/grails/current/bin:/home/florent/.sdkman/gradle/current/bin:/home/florent/.sdkman/glide/current/bin:/home/florent/.sdkman/gaiden/current/bin:/home/florent/.sdkman/crash/current/bin:/home/florent/.sdkman/asciidoctorj/current/bin:/usr/local/sbin:/usr/local/bin:/usr/sbin:/usr/bin:/sbin:/bin:/usr/games:/usr/local/games
USERNAME=florent
LD_LIBRARY_PATH=/home/florent/Documents/Logiciels/android-studio/bin:
SHELL=/bin/zsh
DISPLAY=:0

Signal Handlers:
SIGSEGV: [libjvm.so+0x9548f0], sa_mask[0]=0x7ffbfeff, sa_flags=0x10000004
SIGBUS: [libjvm.so+0x9548f0], sa_mask[0]=0x7ffbfeff, sa_flags=0x10000004
SIGFPE: [libjvm.so+0x7cb0b0], sa_mask[0]=0x7ffbfeff, sa_flags=0x10000004
SIGPIPE: [libjvm.so+0x7cb0b0], sa_mask[0]=0x7ffbfeff, sa_flags=0x10000004
SIGXFSZ: [libjvm.so+0x7cb0b0], sa_mask[0]=0x7ffbfeff, sa_flags=0x10000004
SIGILL: [libjvm.so+0x7cb0b0], sa_mask[0]=0x7ffbfeff, sa_flags=0x10000004
SIGUSR1: SIG_DFL, sa_mask[0]=0x00000000, sa_flags=0x00000000
SIGUSR2: [libjvm.so+0x7caf50], sa_mask[0]=0x00000004, sa_flags=0x10000004
SIGHUP: [libjvm.so+0x7cb130], sa_mask[0]=0x7ffbfeff, sa_flags=0x10000004
SIGINT: [libjvm.so+0x7cb130], sa_mask[0]=0x7ffbfeff, sa_flags=0x10000004
SIGTERM: [libjvm.so+0x7cb130], sa_mask[0]=0x7ffbfeff, sa_flags=0x10000004
SIGQUIT: [libjvm.so+0x7cb130], sa_mask[0]=0x7ffbfeff, sa_flags=0x10000004
SIGTRAP: SIG_DFL, sa_mask[0]=0x00000000, sa_flags=0x00000000


---------------  S Y S T E M  ---------------

OS:LinuxMint 17.3 (rosa)
uname:Linux 3.16.0-38-generic #52~14.04.1-Ubuntu SMP Fri May 8 09:43:57 UTC 2015 x86_64
libc:glibc 2.19 NPTL 2.19 
rlimit: STACK 8192k, CORE 0k, NPROC 15619, NOFILE 4096, AS infinity
load average:0,89 0,92 0,77

/proc/meminfo:
MemTotal:        4029408 kB
MemFree:          143704 kB
MemAvailable:     119040 kB
Buffers:            5388 kB
Cached:            99608 kB
SwapCached:            0 kB
Active:          3566928 kB
Inactive:          67352 kB
Active(anon):    3531676 kB
Inactive(anon):    29996 kB
Active(file):      35252 kB
Inactive(file):    37356 kB
Unevictable:         152 kB
Mlocked:             152 kB
SwapTotal:             0 kB
SwapFree:              0 kB
Dirty:               168 kB
Writeback:             0 kB
AnonPages:       3530072 kB
Mapped:           136552 kB
Shmem:             31680 kB
Slab:              88244 kB
SReclaimable:      46988 kB
SUnreclaim:        41256 kB
KernelStack:       11456 kB
PageTables:        46448 kB
NFS_Unstable:          0 kB
Bounce:                0 kB
WritebackTmp:          0 kB
CommitLimit:     2014704 kB
Committed_AS:    7885720 kB
VmallocTotal:   34359738367 kB
VmallocUsed:      115088 kB
VmallocChunk:   34359617020 kB
HardwareCorrupted:     0 kB
AnonHugePages:   1574912 kB
HugePages_Total:       0
HugePages_Free:        0
HugePages_Rsvd:        0
HugePages_Surp:        0
Hugepagesize:       2048 kB
DirectMap4k:      207304 kB
DirectMap2M:     3969024 kB


CPU:total 8 (4 cores per cpu, 2 threads per core) family 6 model 30 stepping 5, cmov, cx8, fxsr, mmx, sse, sse2, sse3, ssse3, sse4.1, sse4.2, popcnt, ht, tsc, tscinvbit

/proc/cpuinfo:
processor	: 0
vendor_id	: GenuineIntel
cpu family	: 6
model		: 30
model name	: Intel(R) Core(TM) i7 CPU       Q 740  @ 1.73GHz
stepping	: 5
microcode	: 0x3
cpu MHz		: 933.000
cache size	: 6144 KB
physical id	: 0
siblings	: 8
core id		: 0
cpu cores	: 4
apicid		: 0
initial apicid	: 0
fpu		: yes
fpu_exception	: yes
cpuid level	: 11
wp		: yes
flags		: fpu vme de pse tsc msr pae mce cx8 apic sep mtrr pge mca cmov pat pse36 clflush dts acpi mmx fxsr sse sse2 ss ht tm pbe syscall nx rdtscp lm constant_tsc arch_perfmon pebs bts rep_good nopl xtopology nonstop_tsc aperfmperf pni dtes64 monitor ds_cpl vmx smx est tm2 ssse3 cx16 xtpr pdcm sse4_1 sse4_2 popcnt lahf_lm ida dtherm tpr_shadow vnmi flexpriority ept vpid
bogomips	: 3458.23
clflush size	: 64
cache_alignment	: 64
address sizes	: 36 bits physical, 48 bits virtual
power management:

processor	: 1
vendor_id	: GenuineIntel
cpu family	: 6
model		: 30
model name	: Intel(R) Core(TM) i7 CPU       Q 740  @ 1.73GHz
stepping	: 5
microcode	: 0x3
cpu MHz		: 933.000
cache size	: 6144 KB
physical id	: 0
siblings	: 8
core id		: 1
cpu cores	: 4
apicid		: 2
initial apicid	: 2
fpu		: yes
fpu_exception	: yes
cpuid level	: 11
wp		: yes
flags		: fpu vme de pse tsc msr pae mce cx8 apic sep mtrr pge mca cmov pat pse36 clflush dts acpi mmx fxsr sse sse2 ss ht tm pbe syscall nx rdtscp lm constant_tsc arch_perfmon pebs bts rep_good nopl xtopology nonstop_tsc aperfmperf pni dtes64 monitor ds_cpl vmx smx est tm2 ssse3 cx16 xtpr pdcm sse4_1 sse4_2 popcnt lahf_lm ida dtherm tpr_shadow vnmi flexpriority ept vpid
bogomips	: 3458.23
clflush size	: 64
cache_alignment	: 64
address sizes	: 36 bits physical, 48 bits virtual
power management:

processor	: 2
vendor_id	: GenuineIntel
cpu family	: 6
model		: 30
model name	: Intel(R) Core(TM) i7 CPU       Q 740  @ 1.73GHz
stepping	: 5
microcode	: 0x3
cpu MHz		: 933.000
cache size	: 6144 KB
physical id	: 0
siblings	: 8
core id		: 2
cpu cores	: 4
apicid		: 4
initial apicid	: 4
fpu		: yes
fpu_exception	: yes
cpuid level	: 11
wp		: yes
flags		: fpu vme de pse tsc msr pae mce cx8 apic sep mtrr pge mca cmov pat pse36 clflush dts acpi mmx fxsr sse sse2 ss ht tm pbe syscall nx rdtscp lm constant_tsc arch_perfmon pebs bts rep_good nopl xtopology nonstop_tsc aperfmperf pni dtes64 monitor ds_cpl vmx smx est tm2 ssse3 cx16 xtpr pdcm sse4_1 sse4_2 popcnt lahf_lm ida dtherm tpr_shadow vnmi flexpriority ept vpid
bogomips	: 3458.23
clflush size	: 64
cache_alignment	: 64
address sizes	: 36 bits physical, 48 bits virtual
power management:

processor	: 3
vendor_id	: GenuineIntel
cpu family	: 6
model		: 30
model name	: Intel(R) Core(TM) i7 CPU       Q 740  @ 1.73GHz
stepping	: 5
microcode	: 0x3
cpu MHz		: 933.000
cache size	: 6144 KB
physical id	: 0
siblings	: 8
core id		: 3
cpu cores	: 4
apicid		: 6
initial apicid	: 6
fpu		: yes
fpu_exception	: yes
cpuid level	: 11
wp		: yes
flags		: fpu vme de pse tsc msr pae mce cx8 apic sep mtrr pge mca cmov pat pse36 clflush dts acpi mmx fxsr sse sse2 ss ht tm pbe syscall nx rdtscp lm constant_tsc arch_perfmon pebs bts rep_good nopl xtopology nonstop_tsc aperfmperf pni dtes64 monitor ds_cpl vmx smx est tm2 ssse3 cx16 xtpr pdcm sse4_1 sse4_2 popcnt lahf_lm ida dtherm tpr_shadow vnmi flexpriority ept vpid
bogomips	: 3458.23
clflush size	: 64
cache_alignment	: 64
address sizes	: 36 bits physical, 48 bits virtual
power management:

processor	: 4
vendor_id	: GenuineIntel
cpu family	: 6
model		: 30
model name	: Intel(R) Core(TM) i7 CPU       Q 740  @ 1.73GHz
stepping	: 5
microcode	: 0x3
cpu MHz		: 933.000
cache size	: 6144 KB
physical id	: 0
siblings	: 8
core id		: 0
cpu cores	: 4
apicid		: 1
initial apicid	: 1
fpu		: yes
fpu_exception	: yes
cpuid level	: 11
wp		: yes
flags		: fpu vme de pse tsc msr pae mce cx8 apic sep mtrr pge mca cmov pat pse36 clflush dts acpi mmx fxsr sse sse2 ss ht tm pbe syscall nx rdtscp lm constant_tsc arch_perfmon pebs bts rep_good nopl xtopology nonstop_tsc aperfmperf pni dtes64 monitor ds_cpl vmx smx est tm2 ssse3 cx16 xtpr pdcm sse4_1 sse4_2 popcnt lahf_lm ida dtherm tpr_shadow vnmi flexpriority ept vpid
bogomips	: 3458.23
clflush size	: 64
cache_alignment	: 64
address sizes	: 36 bits physical, 48 bits virtual
power management:

processor	: 5
vendor_id	: GenuineIntel
cpu family	: 6
model		: 30
model name	: Intel(R) Core(TM) i7 CPU       Q 740  @ 1.73GHz
stepping	: 5
microcode	: 0x3
cpu MHz		: 1734.000
cache size	: 6144 KB
physical id	: 0
siblings	: 8
core id		: 1
cpu cores	: 4
apicid		: 3
initial apicid	: 3
fpu		: yes
fpu_exception	: yes
cpuid level	: 11
wp		: yes
flags		: fpu vme de pse tsc msr pae mce cx8 apic sep mtrr pge mca cmov pat pse36 clflush dts acpi mmx fxsr sse sse2 ss ht tm pbe syscall nx rdtscp lm constant_tsc arch_perfmon pebs bts rep_good nopl xtopology nonstop_tsc aperfmperf pni dtes64 monitor ds_cpl vmx smx est tm2 ssse3 cx16 xtpr pdcm sse4_1 sse4_2 popcnt lahf_lm ida dtherm tpr_shadow vnmi flexpriority ept vpid
bogomips	: 3458.23
clflush size	: 64
cache_alignment	: 64
address sizes	: 36 bits physical, 48 bits virtual
power management:

processor	: 6
vendor_id	: GenuineIntel
cpu family	: 6
model		: 30
model name	: Intel(R) Core(TM) i7 CPU       Q 740  @ 1.73GHz
stepping	: 5
microcode	: 0x3
cpu MHz		: 933.000
cache size	: 6144 KB
physical id	: 0
siblings	: 8
core id		: 2
cpu cores	: 4
apicid		: 5
initial apicid	: 5
fpu		: yes
fpu_exception	: yes
cpuid level	: 11
wp		: yes
flags		: fpu vme de pse tsc msr pae mce cx8 apic sep mtrr pge mca cmov pat pse36 clflush dts acpi mmx fxsr sse sse2 ss ht tm pbe syscall nx rdtscp lm constant_tsc arch_perfmon pebs bts rep_good nopl xtopology nonstop_tsc aperfmperf pni dtes64 monitor ds_cpl vmx smx est tm2 ssse3 cx16 xtpr pdcm sse4_1 sse4_2 popcnt lahf_lm ida dtherm tpr_shadow vnmi flexpriority ept vpid
bogomips	: 3458.23
clflush size	: 64
cache_alignment	: 64
address sizes	: 36 bits physical, 48 bits virtual
power management:

processor	: 7
vendor_id	: GenuineIntel
cpu family	: 6
model		: 30
model name	: Intel(R) Core(TM) i7 CPU       Q 740  @ 1.73GHz
stepping	: 5
microcode	: 0x3
cpu MHz		: 933.000
cache size	: 6144 KB
physical id	: 0
siblings	: 8
core id		: 3
cpu cores	: 4
apicid		: 7
initial apicid	: 7
fpu		: yes
fpu_exception	: yes
cpuid level	: 11
wp		: yes
flags		: fpu vme de pse tsc msr pae mce cx8 apic sep mtrr pge mca cmov pat pse36 clflush dts acpi mmx fxsr sse sse2 ss ht tm pbe syscall nx rdtscp lm constant_tsc arch_perfmon pebs bts rep_good nopl xtopology nonstop_tsc aperfmperf pni dtes64 monitor ds_cpl vmx smx est tm2 ssse3 cx16 xtpr pdcm sse4_1 sse4_2 popcnt lahf_lm ida dtherm tpr_shadow vnmi flexpriority ept vpid
bogomips	: 3458.23
clflush size	: 64
cache_alignment	: 64
address sizes	: 36 bits physical, 48 bits virtual
power management:



Memory: 4k page, physical 4029408k(143704k free), swap 0k(0k free)

vm_info: OpenJDK 64-Bit Server VM (24.91-b01) for linux-amd64 JRE (1.7.0_91-b02), built on Nov 19 2015 06:14:37 by "buildd" with gcc 4.8.2

time: Fri Jan 22 11:39:38 2016
elapsed time: 3 seconds

